<?xml version="1.0" encoding="UTF-8"?>
<testsuite xmlns:xsi="http://www.w3.org/2001/XMLSchema-instance" xsi:noNamespaceSchemaLocation="https://maven.apache.org/surefire/maven-surefire-plugin/xsd/surefire-test-report.xsd" name="org.apache.bookkeeper.bookie.CompactionByEntriesTest" time="90.396" tests="15" errors="0" skipped="0" failures="0">
  <properties>
    <property name="sun.desktop" value="gnome"/>
    <property name="awt.toolkit" value="sun.awt.X11.XToolkit"/>
    <property name="java.specification.version" value="11"/>
    <property name="sun.cpu.isalist" value=""/>
    <property name="sun.jnu.encoding" value="UTF-8"/>
    <property name="java.class.path" value="/home/cecbazinga/Desktop/Deangelis/bookkeeper1/bookkeeper-server/target/test-classes:/home/cecbazinga/Desktop/Deangelis/bookkeeper1/bookkeeper-server/target/classes:/home/cecbazinga/Desktop/Deangelis/bookkeeper1/bookkeeper-common/target/bookkeeper-common-4.12.0-SNAPSHOT.jar:/home/cecbazinga/Desktop/Deangelis/bookkeeper1/bookkeeper-stats/target/bookkeeper-stats-api-4.12.0-SNAPSHOT.jar:/home/cecbazinga/Desktop/Deangelis/bookkeeper1/cpu-affinity/target/cpu-affinity-4.12.0-SNAPSHOT.jar:/home/cecbazinga/.m2/repository/com/google/guava/guava/21.0/guava-21.0.jar:/home/cecbazinga/.m2/repository/io/netty/netty-common/4.1.32.Final/netty-common-4.1.32.Final.jar:/home/cecbazinga/.m2/repository/com/fasterxml/jackson/core/jackson-core/2.11.0/jackson-core-2.11.0.jar:/home/cecbazinga/.m2/repository/com/fasterxml/jackson/core/jackson-databind/2.11.0/jackson-databind-2.11.0.jar:/home/cecbazinga/.m2/repository/com/fasterxml/jackson/core/jackson-annotations/2.11.0/jackson-annotations-2.11.0.jar:/home/cecbazinga/.m2/repository/org/jctools/jctools-core/2.1.2/jctools-core-2.1.2.jar:/home/cecbazinga/Desktop/Deangelis/bookkeeper1/bookkeeper-common-allocator/target/bookkeeper-common-allocator-4.12.0-SNAPSHOT.jar:/home/cecbazinga/.m2/repository/io/netty/netty-buffer/4.1.32.Final/netty-buffer-4.1.32.Final.jar:/home/cecbazinga/Desktop/Deangelis/bookkeeper1/bookkeeper-proto/target/bookkeeper-proto-4.12.0-SNAPSHOT.jar:/home/cecbazinga/.m2/repository/com/google/protobuf/protobuf-java/3.5.1/protobuf-java-3.5.1.jar:/home/cecbazinga/Desktop/Deangelis/bookkeeper1/tools/framework/target/bookkeeper-tools-framework-4.12.0-SNAPSHOT.jar:/home/cecbazinga/.m2/repository/org/rocksdb/rocksdbjni/5.13.1/rocksdbjni-5.13.1.jar:/home/cecbazinga/.m2/repository/org/slf4j/slf4j-log4j12/1.7.25/slf4j-log4j12-1.7.25.jar:/home/cecbazinga/.m2/repository/log4j/log4j/1.2.17/log4j-1.2.17.jar:/home/cecbazinga/.m2/repository/org/apache/zookeeper/zookeeper/3.5.7/zookeeper-3.5.7.jar:/home/cecbazinga/.m2/repository/org/apache/zookeeper/zookeeper-jute/3.5.7/zookeeper-jute-3.5.7.jar:/home/cecbazinga/.m2/repository/org/apache/yetus/audience-annotations/0.5.0/audience-annotations-0.5.0.jar:/home/cecbazinga/.m2/repository/io/netty/netty-handler/4.1.32.Final/netty-handler-4.1.32.Final.jar:/home/cecbazinga/.m2/repository/io/netty/netty-transport/4.1.32.Final/netty-transport-4.1.32.Final.jar:/home/cecbazinga/.m2/repository/io/netty/netty-resolver/4.1.32.Final/netty-resolver-4.1.32.Final.jar:/home/cecbazinga/.m2/repository/io/netty/netty-codec/4.1.32.Final/netty-codec-4.1.32.Final.jar:/home/cecbazinga/.m2/repository/io/netty/netty-transport-native-epoll/4.1.32.Final/netty-transport-native-epoll-4.1.32.Final-linux-x86_64.jar:/home/cecbazinga/.m2/repository/io/netty/netty-transport-native-unix-common/4.1.32.Final/netty-transport-native-unix-common-4.1.32.Final.jar:/home/cecbazinga/.m2/repository/io/netty/netty-tcnative-boringssl-static/2.0.20.Final/netty-tcnative-boringssl-static-2.0.20.Final.jar:/home/cecbazinga/Desktop/Deangelis/bookkeeper1/bookkeeper-http/http-server/target/http-server-4.12.0-SNAPSHOT.jar:/home/cecbazinga/Desktop/Deangelis/bookkeeper1/circe-checksum/target/circe-checksum-4.12.0-SNAPSHOT.jar:/home/cecbazinga/.m2/repository/commons-cli/commons-cli/1.2/commons-cli-1.2.jar:/home/cecbazinga/.m2/repository/commons-codec/commons-codec/1.6/commons-codec-1.6.jar:/home/cecbazinga/.m2/repository/commons-io/commons-io/2.4/commons-io-2.4.jar:/home/cecbazinga/.m2/repository/org/apache/commons/commons-lang3/3.6/commons-lang3-3.6.jar:/home/cecbazinga/.m2/repository/org/apache/commons/commons-collections4/4.1/commons-collections4-4.1.jar:/home/cecbazinga/.m2/repository/org/bouncycastle/bcpkix-jdk15on/1.60/bcpkix-jdk15on-1.60.jar:/home/cecbazinga/.m2/repository/org/bouncycastle/bcprov-jdk15on/1.60/bcprov-jdk15on-1.60.jar:/home/cecbazinga/.m2/repository/org/bouncycastle/bcprov-ext-jdk15on/1.60/bcprov-ext-jdk15on-1.60.jar:/home/cecbazinga/.m2/repository/com/beust/jcommander/1.48/jcommander-1.48.jar:/home/cecbazinga/.m2/repository/net/java/dev/jna/jna/3.2.7/jna-3.2.7.jar:/home/cecbazinga/.m2/repository/org/apache/httpcomponents/httpclient/4.5.5/httpclient-4.5.5.jar:/home/cecbazinga/.m2/repository/org/apache/httpcomponents/httpcore/4.4.9/httpcore-4.4.9.jar:/home/cecbazinga/.m2/repository/commons-logging/commons-logging/1.2/commons-logging-1.2.jar:/home/cecbazinga/Desktop/Deangelis/bookkeeper1/bookkeeper-common/target/bookkeeper-common-4.12.0-SNAPSHOT-tests.jar:/home/cecbazinga/.m2/repository/org/apache/kerby/kerby-config/1.1.1/kerby-config-1.1.1.jar:/home/cecbazinga/.m2/repository/org/apache/kerby/kerb-simplekdc/1.1.1/kerb-simplekdc-1.1.1.jar:/home/cecbazinga/.m2/repository/org/apache/kerby/kerb-client/1.1.1/kerb-client-1.1.1.jar:/home/cecbazinga/.m2/repository/org/apache/kerby/kerb-core/1.1.1/kerb-core-1.1.1.jar:/home/cecbazinga/.m2/repository/org/apache/kerby/kerby-pkix/1.1.1/kerby-pkix-1.1.1.jar:/home/cecbazinga/.m2/repository/org/apache/kerby/kerby-asn1/1.1.1/kerby-asn1-1.1.1.jar:/home/cecbazinga/.m2/repository/org/apache/kerby/kerby-util/1.1.1/kerby-util-1.1.1.jar:/home/cecbazinga/.m2/repository/org/apache/kerby/kerb-common/1.1.1/kerb-common-1.1.1.jar:/home/cecbazinga/.m2/repository/org/apache/kerby/kerb-crypto/1.1.1/kerb-crypto-1.1.1.jar:/home/cecbazinga/.m2/repository/org/apache/kerby/kerb-util/1.1.1/kerb-util-1.1.1.jar:/home/cecbazinga/.m2/repository/org/apache/kerby/token-provider/1.1.1/token-provider-1.1.1.jar:/home/cecbazinga/.m2/repository/com/nimbusds/nimbus-jose-jwt/4.41.2/nimbus-jose-jwt-4.41.2.jar:/home/cecbazinga/.m2/repository/com/github/stephenc/jcip/jcip-annotations/1.0-1/jcip-annotations-1.0-1.jar:/home/cecbazinga/.m2/repository/net/minidev/json-smart/2.3/json-smart-2.3.jar:/home/cecbazinga/.m2/repository/net/minidev/accessors-smart/1.2/accessors-smart-1.2.jar:/home/cecbazinga/.m2/repository/org/ow2/asm/asm/5.0.4/asm-5.0.4.jar:/home/cecbazinga/.m2/repository/org/apache/kerby/kerb-admin/1.1.1/kerb-admin-1.1.1.jar:/home/cecbazinga/.m2/repository/org/apache/kerby/kerb-server/1.1.1/kerb-server-1.1.1.jar:/home/cecbazinga/.m2/repository/org/apache/kerby/kerb-identity/1.1.1/kerb-identity-1.1.1.jar:/home/cecbazinga/.m2/repository/org/apache/kerby/kerby-xdr/1.1.1/kerby-xdr-1.1.1.jar:/home/cecbazinga/.m2/repository/org/apache/zookeeper/zookeeper/3.5.7/zookeeper-3.5.7-tests.jar:/home/cecbazinga/Desktop/Deangelis/bookkeeper1/bookkeeper-stats-providers/prometheus-metrics-provider/target/prometheus-metrics-provider-4.12.0-SNAPSHOT.jar:/home/cecbazinga/.m2/repository/io/prometheus/simpleclient/0.8.1/simpleclient-0.8.1.jar:/home/cecbazinga/.m2/repository/io/prometheus/simpleclient_hotspot/0.8.1/simpleclient_hotspot-0.8.1.jar:/home/cecbazinga/.m2/repository/io/prometheus/simpleclient_servlet/0.8.1/simpleclient_servlet-0.8.1.jar:/home/cecbazinga/.m2/repository/io/prometheus/simpleclient_common/0.8.1/simpleclient_common-0.8.1.jar:/home/cecbazinga/.m2/repository/org/eclipse/jetty/jetty-servlet/9.4.5.v20170502/jetty-servlet-9.4.5.v20170502.jar:/home/cecbazinga/.m2/repository/org/eclipse/jetty/jetty-security/9.4.5.v20170502/jetty-security-9.4.5.v20170502.jar:/home/cecbazinga/.m2/repository/org/eclipse/jetty/jetty-server/9.4.5.v20170502/jetty-server-9.4.5.v20170502.jar:/home/cecbazinga/.m2/repository/javax/servlet/javax.servlet-api/3.1.0/javax.servlet-api-3.1.0.jar:/home/cecbazinga/.m2/repository/org/eclipse/jetty/jetty-http/9.4.5.v20170502/jetty-http-9.4.5.v20170502.jar:/home/cecbazinga/.m2/repository/org/eclipse/jetty/jetty-util/9.4.5.v20170502/jetty-util-9.4.5.v20170502.jar:/home/cecbazinga/.m2/repository/org/eclipse/jetty/jetty-io/9.4.5.v20170502/jetty-io-9.4.5.v20170502.jar:/home/cecbazinga/.m2/repository/com/yahoo/datasketches/sketches-core/0.8.3/sketches-core-0.8.3.jar:/home/cecbazinga/.m2/repository/com/yahoo/datasketches/memory/0.8.3/memory-0.8.3.jar:/home/cecbazinga/Desktop/Deangelis/bookkeeper1/bookkeeper-http/vertx-http-server/target/vertx-http-server-4.12.0-SNAPSHOT.jar:/home/cecbazinga/.m2/repository/io/vertx/vertx-core/3.4.1/vertx-core-3.4.1.jar:/home/cecbazinga/.m2/repository/io/netty/netty-handler-proxy/4.1.32.Final/netty-handler-proxy-4.1.32.Final.jar:/home/cecbazinga/.m2/repository/io/netty/netty-codec-socks/4.1.32.Final/netty-codec-socks-4.1.32.Final.jar:/home/cecbazinga/.m2/repository/io/netty/netty-codec-http/4.1.32.Final/netty-codec-http-4.1.32.Final.jar:/home/cecbazinga/.m2/repository/io/netty/netty-codec-http2/4.1.32.Final/netty-codec-http2-4.1.32.Final.jar:/home/cecbazinga/.m2/repository/io/netty/netty-resolver-dns/4.1.32.Final/netty-resolver-dns-4.1.32.Final.jar:/home/cecbazinga/.m2/repository/io/netty/netty-codec-dns/4.1.32.Final/netty-codec-dns-4.1.32.Final.jar:/home/cecbazinga/.m2/repository/io/vertx/vertx-web/3.4.1/vertx-web-3.4.1.jar:/home/cecbazinga/.m2/repository/io/vertx/vertx-auth-common/3.4.1/vertx-auth-common-3.4.1.jar:/home/cecbazinga/.m2/repository/org/projectlombok/lombok/1.18.10/lombok-1.18.10.jar:/home/cecbazinga/.m2/repository/com/github/spotbugs/spotbugs-annotations/3.1.8/spotbugs-annotations-3.1.8.jar:/home/cecbazinga/.m2/repository/com/google/code/findbugs/jsr305/3.0.2/jsr305-3.0.2.jar:/home/cecbazinga/.m2/repository/org/slf4j/slf4j-api/1.7.25/slf4j-api-1.7.25.jar:/home/cecbazinga/.m2/repository/commons-configuration/commons-configuration/1.10/commons-configuration-1.10.jar:/home/cecbazinga/.m2/repository/commons-lang/commons-lang/2.6/commons-lang-2.6.jar:/home/cecbazinga/.m2/repository/junit/junit/4.12/junit-4.12.jar:/home/cecbazinga/.m2/repository/org/hamcrest/hamcrest-core/1.3/hamcrest-core-1.3.jar:/home/cecbazinga/.m2/repository/org/hamcrest/hamcrest-all/1.3/hamcrest-all-1.3.jar:/home/cecbazinga/.m2/repository/org/mockito/mockito-core/3.0.0/mockito-core-3.0.0.jar:/home/cecbazinga/.m2/repository/net/bytebuddy/byte-buddy/1.9.10/byte-buddy-1.9.10.jar:/home/cecbazinga/.m2/repository/net/bytebuddy/byte-buddy-agent/1.9.10/byte-buddy-agent-1.9.10.jar:/home/cecbazinga/.m2/repository/org/objenesis/objenesis/2.6/objenesis-2.6.jar:/home/cecbazinga/.m2/repository/org/powermock/powermock-api-mockito2/2.0.2/powermock-api-mockito2-2.0.2.jar:/home/cecbazinga/.m2/repository/org/powermock/powermock-api-support/2.0.2/powermock-api-support-2.0.2.jar:/home/cecbazinga/.m2/repository/org/powermock/powermock-reflect/2.0.2/powermock-reflect-2.0.2.jar:/home/cecbazinga/.m2/repository/org/powermock/powermock-core/2.0.2/powermock-core-2.0.2.jar:/home/cecbazinga/.m2/repository/org/javassist/javassist/3.24.0-GA/javassist-3.24.0-GA.jar:/home/cecbazinga/.m2/repository/org/powermock/powermock-module-junit4/2.0.2/powermock-module-junit4-2.0.2.jar:/home/cecbazinga/.m2/repository/org/powermock/powermock-module-junit4-common/2.0.2/powermock-module-junit4-common-2.0.2.jar:"/>
    <property name="java.vm.vendor" value="Ubuntu"/>
    <property name="sun.arch.data.model" value="64"/>
    <property name="java.vendor.url" value="https://ubuntu.com/"/>
    <property name="user.timezone" value=""/>
    <property name="io.netty.leakDetection.level" value="paranoid"/>
    <property name="java.vm.specification.version" value="11"/>
    <property name="os.name" value="Linux"/>
    <property name="sun.java.launcher" value="SUN_STANDARD"/>
    <property name="user.country" value="US"/>
    <property name="sun.boot.library.path" value="/usr/lib/jvm/java-11-openjdk-amd64/lib"/>
    <property name="sun.java.command" value="/home/cecbazinga/Desktop/Deangelis/bookkeeper1/bookkeeper-server/target/surefire/surefirebooter10593345716164008915.jar /home/cecbazinga/Desktop/Deangelis/bookkeeper1/bookkeeper-server/target/surefire 2020-08-10T23-15-42_690-jvmRun1 surefire12977468443155706662tmp surefire_1001580547159210285393tmp"/>
    <property name="jdk.debug" value="release"/>
    <property name="surefire.test.class.path" value="/home/cecbazinga/Desktop/Deangelis/bookkeeper1/bookkeeper-server/target/test-classes:/home/cecbazinga/Desktop/Deangelis/bookkeeper1/bookkeeper-server/target/classes:/home/cecbazinga/Desktop/Deangelis/bookkeeper1/bookkeeper-common/target/bookkeeper-common-4.12.0-SNAPSHOT.jar:/home/cecbazinga/Desktop/Deangelis/bookkeeper1/bookkeeper-stats/target/bookkeeper-stats-api-4.12.0-SNAPSHOT.jar:/home/cecbazinga/Desktop/Deangelis/bookkeeper1/cpu-affinity/target/cpu-affinity-4.12.0-SNAPSHOT.jar:/home/cecbazinga/.m2/repository/com/google/guava/guava/21.0/guava-21.0.jar:/home/cecbazinga/.m2/repository/io/netty/netty-common/4.1.32.Final/netty-common-4.1.32.Final.jar:/home/cecbazinga/.m2/repository/com/fasterxml/jackson/core/jackson-core/2.11.0/jackson-core-2.11.0.jar:/home/cecbazinga/.m2/repository/com/fasterxml/jackson/core/jackson-databind/2.11.0/jackson-databind-2.11.0.jar:/home/cecbazinga/.m2/repository/com/fasterxml/jackson/core/jackson-annotations/2.11.0/jackson-annotations-2.11.0.jar:/home/cecbazinga/.m2/repository/org/jctools/jctools-core/2.1.2/jctools-core-2.1.2.jar:/home/cecbazinga/Desktop/Deangelis/bookkeeper1/bookkeeper-common-allocator/target/bookkeeper-common-allocator-4.12.0-SNAPSHOT.jar:/home/cecbazinga/.m2/repository/io/netty/netty-buffer/4.1.32.Final/netty-buffer-4.1.32.Final.jar:/home/cecbazinga/Desktop/Deangelis/bookkeeper1/bookkeeper-proto/target/bookkeeper-proto-4.12.0-SNAPSHOT.jar:/home/cecbazinga/.m2/repository/com/google/protobuf/protobuf-java/3.5.1/protobuf-java-3.5.1.jar:/home/cecbazinga/Desktop/Deangelis/bookkeeper1/tools/framework/target/bookkeeper-tools-framework-4.12.0-SNAPSHOT.jar:/home/cecbazinga/.m2/repository/org/rocksdb/rocksdbjni/5.13.1/rocksdbjni-5.13.1.jar:/home/cecbazinga/.m2/repository/org/slf4j/slf4j-log4j12/1.7.25/slf4j-log4j12-1.7.25.jar:/home/cecbazinga/.m2/repository/log4j/log4j/1.2.17/log4j-1.2.17.jar:/home/cecbazinga/.m2/repository/org/apache/zookeeper/zookeeper/3.5.7/zookeeper-3.5.7.jar:/home/cecbazinga/.m2/repository/org/apache/zookeeper/zookeeper-jute/3.5.7/zookeeper-jute-3.5.7.jar:/home/cecbazinga/.m2/repository/org/apache/yetus/audience-annotations/0.5.0/audience-annotations-0.5.0.jar:/home/cecbazinga/.m2/repository/io/netty/netty-handler/4.1.32.Final/netty-handler-4.1.32.Final.jar:/home/cecbazinga/.m2/repository/io/netty/netty-transport/4.1.32.Final/netty-transport-4.1.32.Final.jar:/home/cecbazinga/.m2/repository/io/netty/netty-resolver/4.1.32.Final/netty-resolver-4.1.32.Final.jar:/home/cecbazinga/.m2/repository/io/netty/netty-codec/4.1.32.Final/netty-codec-4.1.32.Final.jar:/home/cecbazinga/.m2/repository/io/netty/netty-transport-native-epoll/4.1.32.Final/netty-transport-native-epoll-4.1.32.Final-linux-x86_64.jar:/home/cecbazinga/.m2/repository/io/netty/netty-transport-native-unix-common/4.1.32.Final/netty-transport-native-unix-common-4.1.32.Final.jar:/home/cecbazinga/.m2/repository/io/netty/netty-tcnative-boringssl-static/2.0.20.Final/netty-tcnative-boringssl-static-2.0.20.Final.jar:/home/cecbazinga/Desktop/Deangelis/bookkeeper1/bookkeeper-http/http-server/target/http-server-4.12.0-SNAPSHOT.jar:/home/cecbazinga/Desktop/Deangelis/bookkeeper1/circe-checksum/target/circe-checksum-4.12.0-SNAPSHOT.jar:/home/cecbazinga/.m2/repository/commons-cli/commons-cli/1.2/commons-cli-1.2.jar:/home/cecbazinga/.m2/repository/commons-codec/commons-codec/1.6/commons-codec-1.6.jar:/home/cecbazinga/.m2/repository/commons-io/commons-io/2.4/commons-io-2.4.jar:/home/cecbazinga/.m2/repository/org/apache/commons/commons-lang3/3.6/commons-lang3-3.6.jar:/home/cecbazinga/.m2/repository/org/apache/commons/commons-collections4/4.1/commons-collections4-4.1.jar:/home/cecbazinga/.m2/repository/org/bouncycastle/bcpkix-jdk15on/1.60/bcpkix-jdk15on-1.60.jar:/home/cecbazinga/.m2/repository/org/bouncycastle/bcprov-jdk15on/1.60/bcprov-jdk15on-1.60.jar:/home/cecbazinga/.m2/repository/org/bouncycastle/bcprov-ext-jdk15on/1.60/bcprov-ext-jdk15on-1.60.jar:/home/cecbazinga/.m2/repository/com/beust/jcommander/1.48/jcommander-1.48.jar:/home/cecbazinga/.m2/repository/net/java/dev/jna/jna/3.2.7/jna-3.2.7.jar:/home/cecbazinga/.m2/repository/org/apache/httpcomponents/httpclient/4.5.5/httpclient-4.5.5.jar:/home/cecbazinga/.m2/repository/org/apache/httpcomponents/httpcore/4.4.9/httpcore-4.4.9.jar:/home/cecbazinga/.m2/repository/commons-logging/commons-logging/1.2/commons-logging-1.2.jar:/home/cecbazinga/Desktop/Deangelis/bookkeeper1/bookkeeper-common/target/bookkeeper-common-4.12.0-SNAPSHOT-tests.jar:/home/cecbazinga/.m2/repository/org/apache/kerby/kerby-config/1.1.1/kerby-config-1.1.1.jar:/home/cecbazinga/.m2/repository/org/apache/kerby/kerb-simplekdc/1.1.1/kerb-simplekdc-1.1.1.jar:/home/cecbazinga/.m2/repository/org/apache/kerby/kerb-client/1.1.1/kerb-client-1.1.1.jar:/home/cecbazinga/.m2/repository/org/apache/kerby/kerb-core/1.1.1/kerb-core-1.1.1.jar:/home/cecbazinga/.m2/repository/org/apache/kerby/kerby-pkix/1.1.1/kerby-pkix-1.1.1.jar:/home/cecbazinga/.m2/repository/org/apache/kerby/kerby-asn1/1.1.1/kerby-asn1-1.1.1.jar:/home/cecbazinga/.m2/repository/org/apache/kerby/kerby-util/1.1.1/kerby-util-1.1.1.jar:/home/cecbazinga/.m2/repository/org/apache/kerby/kerb-common/1.1.1/kerb-common-1.1.1.jar:/home/cecbazinga/.m2/repository/org/apache/kerby/kerb-crypto/1.1.1/kerb-crypto-1.1.1.jar:/home/cecbazinga/.m2/repository/org/apache/kerby/kerb-util/1.1.1/kerb-util-1.1.1.jar:/home/cecbazinga/.m2/repository/org/apache/kerby/token-provider/1.1.1/token-provider-1.1.1.jar:/home/cecbazinga/.m2/repository/com/nimbusds/nimbus-jose-jwt/4.41.2/nimbus-jose-jwt-4.41.2.jar:/home/cecbazinga/.m2/repository/com/github/stephenc/jcip/jcip-annotations/1.0-1/jcip-annotations-1.0-1.jar:/home/cecbazinga/.m2/repository/net/minidev/json-smart/2.3/json-smart-2.3.jar:/home/cecbazinga/.m2/repository/net/minidev/accessors-smart/1.2/accessors-smart-1.2.jar:/home/cecbazinga/.m2/repository/org/ow2/asm/asm/5.0.4/asm-5.0.4.jar:/home/cecbazinga/.m2/repository/org/apache/kerby/kerb-admin/1.1.1/kerb-admin-1.1.1.jar:/home/cecbazinga/.m2/repository/org/apache/kerby/kerb-server/1.1.1/kerb-server-1.1.1.jar:/home/cecbazinga/.m2/repository/org/apache/kerby/kerb-identity/1.1.1/kerb-identity-1.1.1.jar:/home/cecbazinga/.m2/repository/org/apache/kerby/kerby-xdr/1.1.1/kerby-xdr-1.1.1.jar:/home/cecbazinga/.m2/repository/org/apache/zookeeper/zookeeper/3.5.7/zookeeper-3.5.7-tests.jar:/home/cecbazinga/Desktop/Deangelis/bookkeeper1/bookkeeper-stats-providers/prometheus-metrics-provider/target/prometheus-metrics-provider-4.12.0-SNAPSHOT.jar:/home/cecbazinga/.m2/repository/io/prometheus/simpleclient/0.8.1/simpleclient-0.8.1.jar:/home/cecbazinga/.m2/repository/io/prometheus/simpleclient_hotspot/0.8.1/simpleclient_hotspot-0.8.1.jar:/home/cecbazinga/.m2/repository/io/prometheus/simpleclient_servlet/0.8.1/simpleclient_servlet-0.8.1.jar:/home/cecbazinga/.m2/repository/io/prometheus/simpleclient_common/0.8.1/simpleclient_common-0.8.1.jar:/home/cecbazinga/.m2/repository/org/eclipse/jetty/jetty-servlet/9.4.5.v20170502/jetty-servlet-9.4.5.v20170502.jar:/home/cecbazinga/.m2/repository/org/eclipse/jetty/jetty-security/9.4.5.v20170502/jetty-security-9.4.5.v20170502.jar:/home/cecbazinga/.m2/repository/org/eclipse/jetty/jetty-server/9.4.5.v20170502/jetty-server-9.4.5.v20170502.jar:/home/cecbazinga/.m2/repository/javax/servlet/javax.servlet-api/3.1.0/javax.servlet-api-3.1.0.jar:/home/cecbazinga/.m2/repository/org/eclipse/jetty/jetty-http/9.4.5.v20170502/jetty-http-9.4.5.v20170502.jar:/home/cecbazinga/.m2/repository/org/eclipse/jetty/jetty-util/9.4.5.v20170502/jetty-util-9.4.5.v20170502.jar:/home/cecbazinga/.m2/repository/org/eclipse/jetty/jetty-io/9.4.5.v20170502/jetty-io-9.4.5.v20170502.jar:/home/cecbazinga/.m2/repository/com/yahoo/datasketches/sketches-core/0.8.3/sketches-core-0.8.3.jar:/home/cecbazinga/.m2/repository/com/yahoo/datasketches/memory/0.8.3/memory-0.8.3.jar:/home/cecbazinga/Desktop/Deangelis/bookkeeper1/bookkeeper-http/vertx-http-server/target/vertx-http-server-4.12.0-SNAPSHOT.jar:/home/cecbazinga/.m2/repository/io/vertx/vertx-core/3.4.1/vertx-core-3.4.1.jar:/home/cecbazinga/.m2/repository/io/netty/netty-handler-proxy/4.1.32.Final/netty-handler-proxy-4.1.32.Final.jar:/home/cecbazinga/.m2/repository/io/netty/netty-codec-socks/4.1.32.Final/netty-codec-socks-4.1.32.Final.jar:/home/cecbazinga/.m2/repository/io/netty/netty-codec-http/4.1.32.Final/netty-codec-http-4.1.32.Final.jar:/home/cecbazinga/.m2/repository/io/netty/netty-codec-http2/4.1.32.Final/netty-codec-http2-4.1.32.Final.jar:/home/cecbazinga/.m2/repository/io/netty/netty-resolver-dns/4.1.32.Final/netty-resolver-dns-4.1.32.Final.jar:/home/cecbazinga/.m2/repository/io/netty/netty-codec-dns/4.1.32.Final/netty-codec-dns-4.1.32.Final.jar:/home/cecbazinga/.m2/repository/io/vertx/vertx-web/3.4.1/vertx-web-3.4.1.jar:/home/cecbazinga/.m2/repository/io/vertx/vertx-auth-common/3.4.1/vertx-auth-common-3.4.1.jar:/home/cecbazinga/.m2/repository/org/projectlombok/lombok/1.18.10/lombok-1.18.10.jar:/home/cecbazinga/.m2/repository/com/github/spotbugs/spotbugs-annotations/3.1.8/spotbugs-annotations-3.1.8.jar:/home/cecbazinga/.m2/repository/com/google/code/findbugs/jsr305/3.0.2/jsr305-3.0.2.jar:/home/cecbazinga/.m2/repository/org/slf4j/slf4j-api/1.7.25/slf4j-api-1.7.25.jar:/home/cecbazinga/.m2/repository/commons-configuration/commons-configuration/1.10/commons-configuration-1.10.jar:/home/cecbazinga/.m2/repository/commons-lang/commons-lang/2.6/commons-lang-2.6.jar:/home/cecbazinga/.m2/repository/junit/junit/4.12/junit-4.12.jar:/home/cecbazinga/.m2/repository/org/hamcrest/hamcrest-core/1.3/hamcrest-core-1.3.jar:/home/cecbazinga/.m2/repository/org/hamcrest/hamcrest-all/1.3/hamcrest-all-1.3.jar:/home/cecbazinga/.m2/repository/org/mockito/mockito-core/3.0.0/mockito-core-3.0.0.jar:/home/cecbazinga/.m2/repository/net/bytebuddy/byte-buddy/1.9.10/byte-buddy-1.9.10.jar:/home/cecbazinga/.m2/repository/net/bytebuddy/byte-buddy-agent/1.9.10/byte-buddy-agent-1.9.10.jar:/home/cecbazinga/.m2/repository/org/objenesis/objenesis/2.6/objenesis-2.6.jar:/home/cecbazinga/.m2/repository/org/powermock/powermock-api-mockito2/2.0.2/powermock-api-mockito2-2.0.2.jar:/home/cecbazinga/.m2/repository/org/powermock/powermock-api-support/2.0.2/powermock-api-support-2.0.2.jar:/home/cecbazinga/.m2/repository/org/powermock/powermock-reflect/2.0.2/powermock-reflect-2.0.2.jar:/home/cecbazinga/.m2/repository/org/powermock/powermock-core/2.0.2/powermock-core-2.0.2.jar:/home/cecbazinga/.m2/repository/org/javassist/javassist/3.24.0-GA/javassist-3.24.0-GA.jar:/home/cecbazinga/.m2/repository/org/powermock/powermock-module-junit4/2.0.2/powermock-module-junit4-2.0.2.jar:/home/cecbazinga/.m2/repository/org/powermock/powermock-module-junit4-common/2.0.2/powermock-module-junit4-common-2.0.2.jar:"/>
    <property name="sun.cpu.endian" value="little"/>
    <property name="user.home" value="/home/cecbazinga"/>
    <property name="user.language" value="en"/>
    <property name="java.specification.vendor" value="Oracle Corporation"/>
    <property name="java.version.date" value="2020-07-14"/>
    <property name="java.home" value="/usr/lib/jvm/java-11-openjdk-amd64"/>
    <property name="file.separator" value="/"/>
    <property name="basedir" value="/home/cecbazinga/Desktop/Deangelis/bookkeeper1/bookkeeper-server"/>
    <property name="java.vm.compressedOopsMode" value="32-bit"/>
    <property name="line.separator" value="&#10;"/>
    <property name="java.specification.name" value="Java Platform API Specification"/>
    <property name="java.vm.specification.vendor" value="Oracle Corporation"/>
    <property name="java.awt.graphicsenv" value="sun.awt.X11GraphicsEnvironment"/>
    <property name="surefire.real.class.path" value="/home/cecbazinga/Desktop/Deangelis/bookkeeper1/bookkeeper-server/target/surefire/surefirebooter10593345716164008915.jar"/>
    <property name="sun.management.compiler" value="HotSpot 64-Bit Tiered Compilers"/>
    <property name="java.runtime.version" value="11.0.8+10-post-Ubuntu-0ubuntu118.04.1"/>
    <property name="user.name" value="cecbazinga"/>
    <property name="java.net.preferIPv4Stack" value="true"/>
    <property name="path.separator" value=":"/>
    <property name="os.version" value="4.15.0-112-generic"/>
    <property name="java.runtime.name" value="OpenJDK Runtime Environment"/>
    <property name="file.encoding" value="UTF-8"/>
    <property name="java.vm.name" value="OpenJDK 64-Bit Server VM"/>
    <property name="localRepository" value="/home/cecbazinga/.m2/repository"/>
    <property name="java.vendor.url.bug" value="https://bugs.launchpad.net/ubuntu/+source/openjdk-lts"/>
    <property name="java.io.tmpdir" value="/tmp"/>
    <property name="idea.version" value="2020.2"/>
    <property name="java.version" value="11.0.8"/>
    <property name="user.dir" value="/home/cecbazinga/Desktop/Deangelis/bookkeeper1/bookkeeper-server"/>
    <property name="os.arch" value="amd64"/>
    <property name="java.vm.specification.name" value="Java Virtual Machine Specification"/>
    <property name="java.awt.printerjob" value="sun.print.PSPrinterJob"/>
    <property name="sun.os.patch.level" value="unknown"/>
    <property name="java.library.path" value="/usr/java/packages/lib:/usr/lib/x86_64-linux-gnu/jni:/lib/x86_64-linux-gnu:/usr/lib/x86_64-linux-gnu:/usr/lib/jni:/lib:/usr/lib"/>
    <property name="java.vm.info" value="mixed mode, sharing"/>
    <property name="java.vendor" value="Ubuntu"/>
    <property name="java.vm.version" value="11.0.8+10-post-Ubuntu-0ubuntu118.04.1"/>
    <property name="sun.io.unicode.encoding" value="UnicodeLittle"/>
    <property name="java.class.version" value="55.0"/>
  </properties>
  <testcase name="testRecoverIndexWhenIndexIsPartiallyFlush" classname="org.apache.bookkeeper.bookie.CompactionByEntriesTest" time="8.078"/>
  <testcase name="testMinorCompactionWithNoWritableLedgerDirsButIsForceGCAllowWhenNoSpaceIsSet" classname="org.apache.bookkeeper.bookie.CompactionByEntriesTest" time="4.846"/>
  <testcase name="testCompactionSafety" classname="org.apache.bookkeeper.bookie.CompactionByEntriesTest" time="2.815"/>
  <testcase name="testCompactionPersistence" classname="org.apache.bookkeeper.bookie.CompactionByEntriesTest" time="5.521"/>
  <testcase name="testForceGarbageCollection" classname="org.apache.bookkeeper.bookie.CompactionByEntriesTest" time="0.879"/>
  <testcase name="testMinorCompactionWithNoWritableLedgerDirs" classname="org.apache.bookkeeper.bookie.CompactionByEntriesTest" time="3.376"/>
  <testcase name="testDisableCompaction" classname="org.apache.bookkeeper.bookie.CompactionByEntriesTest" time="3.83"/>
  <testcase name="testSuspendGarbageCollection" classname="org.apache.bookkeeper.bookie.CompactionByEntriesTest" time="15.849"/>
  <testcase name="testCompactionSmallEntryLogs" classname="org.apache.bookkeeper.bookie.CompactionByEntriesTest" time="6.902"/>
  <testcase name="testWhenNoLogsToCompact" classname="org.apache.bookkeeper.bookie.CompactionByEntriesTest" time="0.733"/>
  <testcase name="testMinorCompaction" classname="org.apache.bookkeeper.bookie.CompactionByEntriesTest" time="5.294"/>
  <testcase name="testCompactionFailureShouldNotResultInDuplicatedData" classname="org.apache.bookkeeper.bookie.CompactionByEntriesTest" time="17.883"/>
  <testcase name="testCompactionWhenLedgerDirsAreFull" classname="org.apache.bookkeeper.bookie.CompactionByEntriesTest" time="5.572"/>
  <testcase name="testMajorCompactionAboveThreshold" classname="org.apache.bookkeeper.bookie.CompactionByEntriesTest" time="1.861"/>
  <testcase name="testMajorCompaction" classname="org.apache.bookkeeper.bookie.CompactionByEntriesTest" time="6.536"/>
</testsuite>