<?xml version="1.0" encoding="UTF-8"?>
<testsuite xmlns:xsi="http://www.w3.org/2001/XMLSchema-instance" xsi:noNamespaceSchemaLocation="https://maven.apache.org/surefire/maven-surefire-plugin/xsd/surefire-test-report.xsd" name="org.apache.bookkeeper.bookie.BookieJournalTest" time="11.026" tests="41" errors="39" skipped="0" failures="0">
  <properties>
    <property name="sun.desktop" value="gnome"/>
    <property name="awt.toolkit" value="sun.awt.X11.XToolkit"/>
    <property name="java.specification.version" value="11"/>
    <property name="sun.cpu.isalist" value=""/>
    <property name="sun.jnu.encoding" value="UTF-8"/>
    <property name="java.class.path" value="/home/cecbazinga/Desktop/Deangelis/bookkeeper1/bookkeeper-server/target/test-classes:/home/cecbazinga/Desktop/Deangelis/bookkeeper1/bookkeeper-server/target/classes:/home/cecbazinga/Desktop/Deangelis/bookkeeper1/bookkeeper-common/target/bookkeeper-common-4.12.0-SNAPSHOT.jar:/home/cecbazinga/Desktop/Deangelis/bookkeeper1/bookkeeper-stats/target/bookkeeper-stats-api-4.12.0-SNAPSHOT.jar:/home/cecbazinga/Desktop/Deangelis/bookkeeper1/cpu-affinity/target/cpu-affinity-4.12.0-SNAPSHOT.jar:/home/cecbazinga/.m2/repository/com/google/guava/guava/21.0/guava-21.0.jar:/home/cecbazinga/.m2/repository/io/netty/netty-common/4.1.32.Final/netty-common-4.1.32.Final.jar:/home/cecbazinga/.m2/repository/com/fasterxml/jackson/core/jackson-core/2.11.0/jackson-core-2.11.0.jar:/home/cecbazinga/.m2/repository/com/fasterxml/jackson/core/jackson-databind/2.11.0/jackson-databind-2.11.0.jar:/home/cecbazinga/.m2/repository/com/fasterxml/jackson/core/jackson-annotations/2.11.0/jackson-annotations-2.11.0.jar:/home/cecbazinga/.m2/repository/org/jctools/jctools-core/2.1.2/jctools-core-2.1.2.jar:/home/cecbazinga/Desktop/Deangelis/bookkeeper1/bookkeeper-common-allocator/target/bookkeeper-common-allocator-4.12.0-SNAPSHOT.jar:/home/cecbazinga/.m2/repository/io/netty/netty-buffer/4.1.32.Final/netty-buffer-4.1.32.Final.jar:/home/cecbazinga/Desktop/Deangelis/bookkeeper1/bookkeeper-proto/target/bookkeeper-proto-4.12.0-SNAPSHOT.jar:/home/cecbazinga/.m2/repository/com/google/protobuf/protobuf-java/3.5.1/protobuf-java-3.5.1.jar:/home/cecbazinga/Desktop/Deangelis/bookkeeper1/tools/framework/target/bookkeeper-tools-framework-4.12.0-SNAPSHOT.jar:/home/cecbazinga/.m2/repository/org/rocksdb/rocksdbjni/5.13.1/rocksdbjni-5.13.1.jar:/home/cecbazinga/.m2/repository/org/slf4j/slf4j-log4j12/1.7.25/slf4j-log4j12-1.7.25.jar:/home/cecbazinga/.m2/repository/log4j/log4j/1.2.17/log4j-1.2.17.jar:/home/cecbazinga/.m2/repository/org/apache/zookeeper/zookeeper/3.5.7/zookeeper-3.5.7.jar:/home/cecbazinga/.m2/repository/org/apache/zookeeper/zookeeper-jute/3.5.7/zookeeper-jute-3.5.7.jar:/home/cecbazinga/.m2/repository/org/apache/yetus/audience-annotations/0.5.0/audience-annotations-0.5.0.jar:/home/cecbazinga/.m2/repository/io/netty/netty-handler/4.1.32.Final/netty-handler-4.1.32.Final.jar:/home/cecbazinga/.m2/repository/io/netty/netty-transport/4.1.32.Final/netty-transport-4.1.32.Final.jar:/home/cecbazinga/.m2/repository/io/netty/netty-resolver/4.1.32.Final/netty-resolver-4.1.32.Final.jar:/home/cecbazinga/.m2/repository/io/netty/netty-codec/4.1.32.Final/netty-codec-4.1.32.Final.jar:/home/cecbazinga/.m2/repository/io/netty/netty-transport-native-epoll/4.1.32.Final/netty-transport-native-epoll-4.1.32.Final-linux-x86_64.jar:/home/cecbazinga/.m2/repository/io/netty/netty-transport-native-unix-common/4.1.32.Final/netty-transport-native-unix-common-4.1.32.Final.jar:/home/cecbazinga/.m2/repository/io/netty/netty-tcnative-boringssl-static/2.0.20.Final/netty-tcnative-boringssl-static-2.0.20.Final.jar:/home/cecbazinga/Desktop/Deangelis/bookkeeper1/bookkeeper-http/http-server/target/http-server-4.12.0-SNAPSHOT.jar:/home/cecbazinga/Desktop/Deangelis/bookkeeper1/circe-checksum/target/circe-checksum-4.12.0-SNAPSHOT.jar:/home/cecbazinga/.m2/repository/commons-cli/commons-cli/1.2/commons-cli-1.2.jar:/home/cecbazinga/.m2/repository/commons-codec/commons-codec/1.6/commons-codec-1.6.jar:/home/cecbazinga/.m2/repository/commons-io/commons-io/2.4/commons-io-2.4.jar:/home/cecbazinga/.m2/repository/org/apache/commons/commons-lang3/3.6/commons-lang3-3.6.jar:/home/cecbazinga/.m2/repository/org/apache/commons/commons-collections4/4.1/commons-collections4-4.1.jar:/home/cecbazinga/.m2/repository/org/bouncycastle/bcpkix-jdk15on/1.60/bcpkix-jdk15on-1.60.jar:/home/cecbazinga/.m2/repository/org/bouncycastle/bcprov-jdk15on/1.60/bcprov-jdk15on-1.60.jar:/home/cecbazinga/.m2/repository/org/bouncycastle/bcprov-ext-jdk15on/1.60/bcprov-ext-jdk15on-1.60.jar:/home/cecbazinga/.m2/repository/com/beust/jcommander/1.48/jcommander-1.48.jar:/home/cecbazinga/.m2/repository/net/java/dev/jna/jna/3.2.7/jna-3.2.7.jar:/home/cecbazinga/.m2/repository/org/apache/httpcomponents/httpclient/4.5.5/httpclient-4.5.5.jar:/home/cecbazinga/.m2/repository/org/apache/httpcomponents/httpcore/4.4.9/httpcore-4.4.9.jar:/home/cecbazinga/.m2/repository/commons-logging/commons-logging/1.2/commons-logging-1.2.jar:/home/cecbazinga/Desktop/Deangelis/bookkeeper1/bookkeeper-common/target/bookkeeper-common-4.12.0-SNAPSHOT-tests.jar:/home/cecbazinga/.m2/repository/org/apache/kerby/kerby-config/1.1.1/kerby-config-1.1.1.jar:/home/cecbazinga/.m2/repository/org/apache/kerby/kerb-simplekdc/1.1.1/kerb-simplekdc-1.1.1.jar:/home/cecbazinga/.m2/repository/org/apache/kerby/kerb-client/1.1.1/kerb-client-1.1.1.jar:/home/cecbazinga/.m2/repository/org/apache/kerby/kerb-core/1.1.1/kerb-core-1.1.1.jar:/home/cecbazinga/.m2/repository/org/apache/kerby/kerby-pkix/1.1.1/kerby-pkix-1.1.1.jar:/home/cecbazinga/.m2/repository/org/apache/kerby/kerby-asn1/1.1.1/kerby-asn1-1.1.1.jar:/home/cecbazinga/.m2/repository/org/apache/kerby/kerby-util/1.1.1/kerby-util-1.1.1.jar:/home/cecbazinga/.m2/repository/org/apache/kerby/kerb-common/1.1.1/kerb-common-1.1.1.jar:/home/cecbazinga/.m2/repository/org/apache/kerby/kerb-crypto/1.1.1/kerb-crypto-1.1.1.jar:/home/cecbazinga/.m2/repository/org/apache/kerby/kerb-util/1.1.1/kerb-util-1.1.1.jar:/home/cecbazinga/.m2/repository/org/apache/kerby/token-provider/1.1.1/token-provider-1.1.1.jar:/home/cecbazinga/.m2/repository/com/nimbusds/nimbus-jose-jwt/4.41.2/nimbus-jose-jwt-4.41.2.jar:/home/cecbazinga/.m2/repository/com/github/stephenc/jcip/jcip-annotations/1.0-1/jcip-annotations-1.0-1.jar:/home/cecbazinga/.m2/repository/net/minidev/json-smart/2.3/json-smart-2.3.jar:/home/cecbazinga/.m2/repository/net/minidev/accessors-smart/1.2/accessors-smart-1.2.jar:/home/cecbazinga/.m2/repository/org/ow2/asm/asm/5.0.4/asm-5.0.4.jar:/home/cecbazinga/.m2/repository/org/apache/kerby/kerb-admin/1.1.1/kerb-admin-1.1.1.jar:/home/cecbazinga/.m2/repository/org/apache/kerby/kerb-server/1.1.1/kerb-server-1.1.1.jar:/home/cecbazinga/.m2/repository/org/apache/kerby/kerb-identity/1.1.1/kerb-identity-1.1.1.jar:/home/cecbazinga/.m2/repository/org/apache/kerby/kerby-xdr/1.1.1/kerby-xdr-1.1.1.jar:/home/cecbazinga/.m2/repository/org/apache/zookeeper/zookeeper/3.5.7/zookeeper-3.5.7-tests.jar:/home/cecbazinga/Desktop/Deangelis/bookkeeper1/bookkeeper-stats-providers/prometheus-metrics-provider/target/prometheus-metrics-provider-4.12.0-SNAPSHOT.jar:/home/cecbazinga/.m2/repository/io/prometheus/simpleclient/0.8.1/simpleclient-0.8.1.jar:/home/cecbazinga/.m2/repository/io/prometheus/simpleclient_hotspot/0.8.1/simpleclient_hotspot-0.8.1.jar:/home/cecbazinga/.m2/repository/io/prometheus/simpleclient_servlet/0.8.1/simpleclient_servlet-0.8.1.jar:/home/cecbazinga/.m2/repository/io/prometheus/simpleclient_common/0.8.1/simpleclient_common-0.8.1.jar:/home/cecbazinga/.m2/repository/org/eclipse/jetty/jetty-servlet/9.4.5.v20170502/jetty-servlet-9.4.5.v20170502.jar:/home/cecbazinga/.m2/repository/org/eclipse/jetty/jetty-security/9.4.5.v20170502/jetty-security-9.4.5.v20170502.jar:/home/cecbazinga/.m2/repository/org/eclipse/jetty/jetty-server/9.4.5.v20170502/jetty-server-9.4.5.v20170502.jar:/home/cecbazinga/.m2/repository/javax/servlet/javax.servlet-api/3.1.0/javax.servlet-api-3.1.0.jar:/home/cecbazinga/.m2/repository/org/eclipse/jetty/jetty-http/9.4.5.v20170502/jetty-http-9.4.5.v20170502.jar:/home/cecbazinga/.m2/repository/org/eclipse/jetty/jetty-util/9.4.5.v20170502/jetty-util-9.4.5.v20170502.jar:/home/cecbazinga/.m2/repository/org/eclipse/jetty/jetty-io/9.4.5.v20170502/jetty-io-9.4.5.v20170502.jar:/home/cecbazinga/.m2/repository/com/yahoo/datasketches/sketches-core/0.8.3/sketches-core-0.8.3.jar:/home/cecbazinga/.m2/repository/com/yahoo/datasketches/memory/0.8.3/memory-0.8.3.jar:/home/cecbazinga/Desktop/Deangelis/bookkeeper1/bookkeeper-http/vertx-http-server/target/vertx-http-server-4.12.0-SNAPSHOT.jar:/home/cecbazinga/.m2/repository/io/vertx/vertx-core/3.4.1/vertx-core-3.4.1.jar:/home/cecbazinga/.m2/repository/io/netty/netty-handler-proxy/4.1.32.Final/netty-handler-proxy-4.1.32.Final.jar:/home/cecbazinga/.m2/repository/io/netty/netty-codec-socks/4.1.32.Final/netty-codec-socks-4.1.32.Final.jar:/home/cecbazinga/.m2/repository/io/netty/netty-codec-http/4.1.32.Final/netty-codec-http-4.1.32.Final.jar:/home/cecbazinga/.m2/repository/io/netty/netty-codec-http2/4.1.32.Final/netty-codec-http2-4.1.32.Final.jar:/home/cecbazinga/.m2/repository/io/netty/netty-resolver-dns/4.1.32.Final/netty-resolver-dns-4.1.32.Final.jar:/home/cecbazinga/.m2/repository/io/netty/netty-codec-dns/4.1.32.Final/netty-codec-dns-4.1.32.Final.jar:/home/cecbazinga/.m2/repository/io/vertx/vertx-web/3.4.1/vertx-web-3.4.1.jar:/home/cecbazinga/.m2/repository/io/vertx/vertx-auth-common/3.4.1/vertx-auth-common-3.4.1.jar:/home/cecbazinga/.m2/repository/org/projectlombok/lombok/1.18.10/lombok-1.18.10.jar:/home/cecbazinga/.m2/repository/com/github/spotbugs/spotbugs-annotations/3.1.8/spotbugs-annotations-3.1.8.jar:/home/cecbazinga/.m2/repository/com/google/code/findbugs/jsr305/3.0.2/jsr305-3.0.2.jar:/home/cecbazinga/.m2/repository/org/slf4j/slf4j-api/1.7.25/slf4j-api-1.7.25.jar:/home/cecbazinga/.m2/repository/commons-configuration/commons-configuration/1.10/commons-configuration-1.10.jar:/home/cecbazinga/.m2/repository/commons-lang/commons-lang/2.6/commons-lang-2.6.jar:/home/cecbazinga/.m2/repository/junit/junit/4.12/junit-4.12.jar:/home/cecbazinga/.m2/repository/org/hamcrest/hamcrest-core/1.3/hamcrest-core-1.3.jar:/home/cecbazinga/.m2/repository/org/hamcrest/hamcrest-all/1.3/hamcrest-all-1.3.jar:/home/cecbazinga/.m2/repository/org/mockito/mockito-core/3.0.0/mockito-core-3.0.0.jar:/home/cecbazinga/.m2/repository/net/bytebuddy/byte-buddy/1.9.10/byte-buddy-1.9.10.jar:/home/cecbazinga/.m2/repository/net/bytebuddy/byte-buddy-agent/1.9.10/byte-buddy-agent-1.9.10.jar:/home/cecbazinga/.m2/repository/org/objenesis/objenesis/2.6/objenesis-2.6.jar:/home/cecbazinga/.m2/repository/org/powermock/powermock-api-mockito2/2.0.2/powermock-api-mockito2-2.0.2.jar:/home/cecbazinga/.m2/repository/org/powermock/powermock-api-support/2.0.2/powermock-api-support-2.0.2.jar:/home/cecbazinga/.m2/repository/org/powermock/powermock-reflect/2.0.2/powermock-reflect-2.0.2.jar:/home/cecbazinga/.m2/repository/org/powermock/powermock-core/2.0.2/powermock-core-2.0.2.jar:/home/cecbazinga/.m2/repository/org/javassist/javassist/3.24.0-GA/javassist-3.24.0-GA.jar:/home/cecbazinga/.m2/repository/org/powermock/powermock-module-junit4/2.0.2/powermock-module-junit4-2.0.2.jar:/home/cecbazinga/.m2/repository/org/powermock/powermock-module-junit4-common/2.0.2/powermock-module-junit4-common-2.0.2.jar:"/>
    <property name="java.vm.vendor" value="Ubuntu"/>
    <property name="sun.arch.data.model" value="64"/>
    <property name="java.vendor.url" value="https://ubuntu.com/"/>
    <property name="user.timezone" value=""/>
    <property name="io.netty.leakDetection.level" value="paranoid"/>
    <property name="java.vm.specification.version" value="11"/>
    <property name="os.name" value="Linux"/>
    <property name="sun.java.launcher" value="SUN_STANDARD"/>
    <property name="user.country" value="US"/>
    <property name="sun.boot.library.path" value="/usr/lib/jvm/java-11-openjdk-amd64/lib"/>
    <property name="sun.java.command" value="/home/cecbazinga/Desktop/Deangelis/bookkeeper1/bookkeeper-server/target/surefire/surefirebooter5922747944290997499.jar /home/cecbazinga/Desktop/Deangelis/bookkeeper1/bookkeeper-server/target/surefire 2020-08-10T23-15-42_690-jvmRun1 surefire15501714511959158847tmp surefire_8895917128875766553tmp"/>
    <property name="jdk.debug" value="release"/>
    <property name="surefire.test.class.path" value="/home/cecbazinga/Desktop/Deangelis/bookkeeper1/bookkeeper-server/target/test-classes:/home/cecbazinga/Desktop/Deangelis/bookkeeper1/bookkeeper-server/target/classes:/home/cecbazinga/Desktop/Deangelis/bookkeeper1/bookkeeper-common/target/bookkeeper-common-4.12.0-SNAPSHOT.jar:/home/cecbazinga/Desktop/Deangelis/bookkeeper1/bookkeeper-stats/target/bookkeeper-stats-api-4.12.0-SNAPSHOT.jar:/home/cecbazinga/Desktop/Deangelis/bookkeeper1/cpu-affinity/target/cpu-affinity-4.12.0-SNAPSHOT.jar:/home/cecbazinga/.m2/repository/com/google/guava/guava/21.0/guava-21.0.jar:/home/cecbazinga/.m2/repository/io/netty/netty-common/4.1.32.Final/netty-common-4.1.32.Final.jar:/home/cecbazinga/.m2/repository/com/fasterxml/jackson/core/jackson-core/2.11.0/jackson-core-2.11.0.jar:/home/cecbazinga/.m2/repository/com/fasterxml/jackson/core/jackson-databind/2.11.0/jackson-databind-2.11.0.jar:/home/cecbazinga/.m2/repository/com/fasterxml/jackson/core/jackson-annotations/2.11.0/jackson-annotations-2.11.0.jar:/home/cecbazinga/.m2/repository/org/jctools/jctools-core/2.1.2/jctools-core-2.1.2.jar:/home/cecbazinga/Desktop/Deangelis/bookkeeper1/bookkeeper-common-allocator/target/bookkeeper-common-allocator-4.12.0-SNAPSHOT.jar:/home/cecbazinga/.m2/repository/io/netty/netty-buffer/4.1.32.Final/netty-buffer-4.1.32.Final.jar:/home/cecbazinga/Desktop/Deangelis/bookkeeper1/bookkeeper-proto/target/bookkeeper-proto-4.12.0-SNAPSHOT.jar:/home/cecbazinga/.m2/repository/com/google/protobuf/protobuf-java/3.5.1/protobuf-java-3.5.1.jar:/home/cecbazinga/Desktop/Deangelis/bookkeeper1/tools/framework/target/bookkeeper-tools-framework-4.12.0-SNAPSHOT.jar:/home/cecbazinga/.m2/repository/org/rocksdb/rocksdbjni/5.13.1/rocksdbjni-5.13.1.jar:/home/cecbazinga/.m2/repository/org/slf4j/slf4j-log4j12/1.7.25/slf4j-log4j12-1.7.25.jar:/home/cecbazinga/.m2/repository/log4j/log4j/1.2.17/log4j-1.2.17.jar:/home/cecbazinga/.m2/repository/org/apache/zookeeper/zookeeper/3.5.7/zookeeper-3.5.7.jar:/home/cecbazinga/.m2/repository/org/apache/zookeeper/zookeeper-jute/3.5.7/zookeeper-jute-3.5.7.jar:/home/cecbazinga/.m2/repository/org/apache/yetus/audience-annotations/0.5.0/audience-annotations-0.5.0.jar:/home/cecbazinga/.m2/repository/io/netty/netty-handler/4.1.32.Final/netty-handler-4.1.32.Final.jar:/home/cecbazinga/.m2/repository/io/netty/netty-transport/4.1.32.Final/netty-transport-4.1.32.Final.jar:/home/cecbazinga/.m2/repository/io/netty/netty-resolver/4.1.32.Final/netty-resolver-4.1.32.Final.jar:/home/cecbazinga/.m2/repository/io/netty/netty-codec/4.1.32.Final/netty-codec-4.1.32.Final.jar:/home/cecbazinga/.m2/repository/io/netty/netty-transport-native-epoll/4.1.32.Final/netty-transport-native-epoll-4.1.32.Final-linux-x86_64.jar:/home/cecbazinga/.m2/repository/io/netty/netty-transport-native-unix-common/4.1.32.Final/netty-transport-native-unix-common-4.1.32.Final.jar:/home/cecbazinga/.m2/repository/io/netty/netty-tcnative-boringssl-static/2.0.20.Final/netty-tcnative-boringssl-static-2.0.20.Final.jar:/home/cecbazinga/Desktop/Deangelis/bookkeeper1/bookkeeper-http/http-server/target/http-server-4.12.0-SNAPSHOT.jar:/home/cecbazinga/Desktop/Deangelis/bookkeeper1/circe-checksum/target/circe-checksum-4.12.0-SNAPSHOT.jar:/home/cecbazinga/.m2/repository/commons-cli/commons-cli/1.2/commons-cli-1.2.jar:/home/cecbazinga/.m2/repository/commons-codec/commons-codec/1.6/commons-codec-1.6.jar:/home/cecbazinga/.m2/repository/commons-io/commons-io/2.4/commons-io-2.4.jar:/home/cecbazinga/.m2/repository/org/apache/commons/commons-lang3/3.6/commons-lang3-3.6.jar:/home/cecbazinga/.m2/repository/org/apache/commons/commons-collections4/4.1/commons-collections4-4.1.jar:/home/cecbazinga/.m2/repository/org/bouncycastle/bcpkix-jdk15on/1.60/bcpkix-jdk15on-1.60.jar:/home/cecbazinga/.m2/repository/org/bouncycastle/bcprov-jdk15on/1.60/bcprov-jdk15on-1.60.jar:/home/cecbazinga/.m2/repository/org/bouncycastle/bcprov-ext-jdk15on/1.60/bcprov-ext-jdk15on-1.60.jar:/home/cecbazinga/.m2/repository/com/beust/jcommander/1.48/jcommander-1.48.jar:/home/cecbazinga/.m2/repository/net/java/dev/jna/jna/3.2.7/jna-3.2.7.jar:/home/cecbazinga/.m2/repository/org/apache/httpcomponents/httpclient/4.5.5/httpclient-4.5.5.jar:/home/cecbazinga/.m2/repository/org/apache/httpcomponents/httpcore/4.4.9/httpcore-4.4.9.jar:/home/cecbazinga/.m2/repository/commons-logging/commons-logging/1.2/commons-logging-1.2.jar:/home/cecbazinga/Desktop/Deangelis/bookkeeper1/bookkeeper-common/target/bookkeeper-common-4.12.0-SNAPSHOT-tests.jar:/home/cecbazinga/.m2/repository/org/apache/kerby/kerby-config/1.1.1/kerby-config-1.1.1.jar:/home/cecbazinga/.m2/repository/org/apache/kerby/kerb-simplekdc/1.1.1/kerb-simplekdc-1.1.1.jar:/home/cecbazinga/.m2/repository/org/apache/kerby/kerb-client/1.1.1/kerb-client-1.1.1.jar:/home/cecbazinga/.m2/repository/org/apache/kerby/kerb-core/1.1.1/kerb-core-1.1.1.jar:/home/cecbazinga/.m2/repository/org/apache/kerby/kerby-pkix/1.1.1/kerby-pkix-1.1.1.jar:/home/cecbazinga/.m2/repository/org/apache/kerby/kerby-asn1/1.1.1/kerby-asn1-1.1.1.jar:/home/cecbazinga/.m2/repository/org/apache/kerby/kerby-util/1.1.1/kerby-util-1.1.1.jar:/home/cecbazinga/.m2/repository/org/apache/kerby/kerb-common/1.1.1/kerb-common-1.1.1.jar:/home/cecbazinga/.m2/repository/org/apache/kerby/kerb-crypto/1.1.1/kerb-crypto-1.1.1.jar:/home/cecbazinga/.m2/repository/org/apache/kerby/kerb-util/1.1.1/kerb-util-1.1.1.jar:/home/cecbazinga/.m2/repository/org/apache/kerby/token-provider/1.1.1/token-provider-1.1.1.jar:/home/cecbazinga/.m2/repository/com/nimbusds/nimbus-jose-jwt/4.41.2/nimbus-jose-jwt-4.41.2.jar:/home/cecbazinga/.m2/repository/com/github/stephenc/jcip/jcip-annotations/1.0-1/jcip-annotations-1.0-1.jar:/home/cecbazinga/.m2/repository/net/minidev/json-smart/2.3/json-smart-2.3.jar:/home/cecbazinga/.m2/repository/net/minidev/accessors-smart/1.2/accessors-smart-1.2.jar:/home/cecbazinga/.m2/repository/org/ow2/asm/asm/5.0.4/asm-5.0.4.jar:/home/cecbazinga/.m2/repository/org/apache/kerby/kerb-admin/1.1.1/kerb-admin-1.1.1.jar:/home/cecbazinga/.m2/repository/org/apache/kerby/kerb-server/1.1.1/kerb-server-1.1.1.jar:/home/cecbazinga/.m2/repository/org/apache/kerby/kerb-identity/1.1.1/kerb-identity-1.1.1.jar:/home/cecbazinga/.m2/repository/org/apache/kerby/kerby-xdr/1.1.1/kerby-xdr-1.1.1.jar:/home/cecbazinga/.m2/repository/org/apache/zookeeper/zookeeper/3.5.7/zookeeper-3.5.7-tests.jar:/home/cecbazinga/Desktop/Deangelis/bookkeeper1/bookkeeper-stats-providers/prometheus-metrics-provider/target/prometheus-metrics-provider-4.12.0-SNAPSHOT.jar:/home/cecbazinga/.m2/repository/io/prometheus/simpleclient/0.8.1/simpleclient-0.8.1.jar:/home/cecbazinga/.m2/repository/io/prometheus/simpleclient_hotspot/0.8.1/simpleclient_hotspot-0.8.1.jar:/home/cecbazinga/.m2/repository/io/prometheus/simpleclient_servlet/0.8.1/simpleclient_servlet-0.8.1.jar:/home/cecbazinga/.m2/repository/io/prometheus/simpleclient_common/0.8.1/simpleclient_common-0.8.1.jar:/home/cecbazinga/.m2/repository/org/eclipse/jetty/jetty-servlet/9.4.5.v20170502/jetty-servlet-9.4.5.v20170502.jar:/home/cecbazinga/.m2/repository/org/eclipse/jetty/jetty-security/9.4.5.v20170502/jetty-security-9.4.5.v20170502.jar:/home/cecbazinga/.m2/repository/org/eclipse/jetty/jetty-server/9.4.5.v20170502/jetty-server-9.4.5.v20170502.jar:/home/cecbazinga/.m2/repository/javax/servlet/javax.servlet-api/3.1.0/javax.servlet-api-3.1.0.jar:/home/cecbazinga/.m2/repository/org/eclipse/jetty/jetty-http/9.4.5.v20170502/jetty-http-9.4.5.v20170502.jar:/home/cecbazinga/.m2/repository/org/eclipse/jetty/jetty-util/9.4.5.v20170502/jetty-util-9.4.5.v20170502.jar:/home/cecbazinga/.m2/repository/org/eclipse/jetty/jetty-io/9.4.5.v20170502/jetty-io-9.4.5.v20170502.jar:/home/cecbazinga/.m2/repository/com/yahoo/datasketches/sketches-core/0.8.3/sketches-core-0.8.3.jar:/home/cecbazinga/.m2/repository/com/yahoo/datasketches/memory/0.8.3/memory-0.8.3.jar:/home/cecbazinga/Desktop/Deangelis/bookkeeper1/bookkeeper-http/vertx-http-server/target/vertx-http-server-4.12.0-SNAPSHOT.jar:/home/cecbazinga/.m2/repository/io/vertx/vertx-core/3.4.1/vertx-core-3.4.1.jar:/home/cecbazinga/.m2/repository/io/netty/netty-handler-proxy/4.1.32.Final/netty-handler-proxy-4.1.32.Final.jar:/home/cecbazinga/.m2/repository/io/netty/netty-codec-socks/4.1.32.Final/netty-codec-socks-4.1.32.Final.jar:/home/cecbazinga/.m2/repository/io/netty/netty-codec-http/4.1.32.Final/netty-codec-http-4.1.32.Final.jar:/home/cecbazinga/.m2/repository/io/netty/netty-codec-http2/4.1.32.Final/netty-codec-http2-4.1.32.Final.jar:/home/cecbazinga/.m2/repository/io/netty/netty-resolver-dns/4.1.32.Final/netty-resolver-dns-4.1.32.Final.jar:/home/cecbazinga/.m2/repository/io/netty/netty-codec-dns/4.1.32.Final/netty-codec-dns-4.1.32.Final.jar:/home/cecbazinga/.m2/repository/io/vertx/vertx-web/3.4.1/vertx-web-3.4.1.jar:/home/cecbazinga/.m2/repository/io/vertx/vertx-auth-common/3.4.1/vertx-auth-common-3.4.1.jar:/home/cecbazinga/.m2/repository/org/projectlombok/lombok/1.18.10/lombok-1.18.10.jar:/home/cecbazinga/.m2/repository/com/github/spotbugs/spotbugs-annotations/3.1.8/spotbugs-annotations-3.1.8.jar:/home/cecbazinga/.m2/repository/com/google/code/findbugs/jsr305/3.0.2/jsr305-3.0.2.jar:/home/cecbazinga/.m2/repository/org/slf4j/slf4j-api/1.7.25/slf4j-api-1.7.25.jar:/home/cecbazinga/.m2/repository/commons-configuration/commons-configuration/1.10/commons-configuration-1.10.jar:/home/cecbazinga/.m2/repository/commons-lang/commons-lang/2.6/commons-lang-2.6.jar:/home/cecbazinga/.m2/repository/junit/junit/4.12/junit-4.12.jar:/home/cecbazinga/.m2/repository/org/hamcrest/hamcrest-core/1.3/hamcrest-core-1.3.jar:/home/cecbazinga/.m2/repository/org/hamcrest/hamcrest-all/1.3/hamcrest-all-1.3.jar:/home/cecbazinga/.m2/repository/org/mockito/mockito-core/3.0.0/mockito-core-3.0.0.jar:/home/cecbazinga/.m2/repository/net/bytebuddy/byte-buddy/1.9.10/byte-buddy-1.9.10.jar:/home/cecbazinga/.m2/repository/net/bytebuddy/byte-buddy-agent/1.9.10/byte-buddy-agent-1.9.10.jar:/home/cecbazinga/.m2/repository/org/objenesis/objenesis/2.6/objenesis-2.6.jar:/home/cecbazinga/.m2/repository/org/powermock/powermock-api-mockito2/2.0.2/powermock-api-mockito2-2.0.2.jar:/home/cecbazinga/.m2/repository/org/powermock/powermock-api-support/2.0.2/powermock-api-support-2.0.2.jar:/home/cecbazinga/.m2/repository/org/powermock/powermock-reflect/2.0.2/powermock-reflect-2.0.2.jar:/home/cecbazinga/.m2/repository/org/powermock/powermock-core/2.0.2/powermock-core-2.0.2.jar:/home/cecbazinga/.m2/repository/org/javassist/javassist/3.24.0-GA/javassist-3.24.0-GA.jar:/home/cecbazinga/.m2/repository/org/powermock/powermock-module-junit4/2.0.2/powermock-module-junit4-2.0.2.jar:/home/cecbazinga/.m2/repository/org/powermock/powermock-module-junit4-common/2.0.2/powermock-module-junit4-common-2.0.2.jar:"/>
    <property name="sun.cpu.endian" value="little"/>
    <property name="user.home" value="/home/cecbazinga"/>
    <property name="user.language" value="en"/>
    <property name="java.specification.vendor" value="Oracle Corporation"/>
    <property name="java.version.date" value="2020-07-14"/>
    <property name="java.home" value="/usr/lib/jvm/java-11-openjdk-amd64"/>
    <property name="file.separator" value="/"/>
    <property name="basedir" value="/home/cecbazinga/Desktop/Deangelis/bookkeeper1/bookkeeper-server"/>
    <property name="java.vm.compressedOopsMode" value="32-bit"/>
    <property name="line.separator" value="&#10;"/>
    <property name="java.specification.name" value="Java Platform API Specification"/>
    <property name="java.vm.specification.vendor" value="Oracle Corporation"/>
    <property name="java.awt.graphicsenv" value="sun.awt.X11GraphicsEnvironment"/>
    <property name="surefire.real.class.path" value="/home/cecbazinga/Desktop/Deangelis/bookkeeper1/bookkeeper-server/target/surefire/surefirebooter5922747944290997499.jar"/>
    <property name="sun.management.compiler" value="HotSpot 64-Bit Tiered Compilers"/>
    <property name="java.runtime.version" value="11.0.8+10-post-Ubuntu-0ubuntu118.04.1"/>
    <property name="user.name" value="cecbazinga"/>
    <property name="java.net.preferIPv4Stack" value="true"/>
    <property name="path.separator" value=":"/>
    <property name="os.version" value="4.15.0-112-generic"/>
    <property name="java.runtime.name" value="OpenJDK Runtime Environment"/>
    <property name="file.encoding" value="UTF-8"/>
    <property name="java.vm.name" value="OpenJDK 64-Bit Server VM"/>
    <property name="localRepository" value="/home/cecbazinga/.m2/repository"/>
    <property name="java.vendor.url.bug" value="https://bugs.launchpad.net/ubuntu/+source/openjdk-lts"/>
    <property name="java.io.tmpdir" value="/tmp"/>
    <property name="idea.version" value="2020.2"/>
    <property name="java.version" value="11.0.8"/>
    <property name="user.dir" value="/home/cecbazinga/Desktop/Deangelis/bookkeeper1/bookkeeper-server"/>
    <property name="os.arch" value="amd64"/>
    <property name="java.vm.specification.name" value="Java Virtual Machine Specification"/>
    <property name="java.awt.printerjob" value="sun.print.PSPrinterJob"/>
    <property name="sun.os.patch.level" value="unknown"/>
    <property name="java.library.path" value="/usr/java/packages/lib:/usr/lib/x86_64-linux-gnu/jni:/lib/x86_64-linux-gnu:/usr/lib/x86_64-linux-gnu:/usr/lib/jni:/lib:/usr/lib"/>
    <property name="java.vm.info" value="mixed mode, sharing"/>
    <property name="java.vendor" value="Ubuntu"/>
    <property name="java.vm.version" value="11.0.8+10-post-Ubuntu-0ubuntu118.04.1"/>
    <property name="sun.io.unicode.encoding" value="UnicodeLittle"/>
    <property name="java.class.version" value="55.0"/>
  </properties>
  <testcase name="testPreV2Journal" classname="org.apache.bookkeeper.bookie.BookieJournalTest" time="2.197">
    <error message="class javax.naming.spi.NamingManager (in unnamed module @0x1ffcf674) cannot access class jdk.internal.loader.ClassLoaderValue (in module java.base) because module java.base does not export jdk.internal.loader to unnamed module @0x1ffcf674" type="java.lang.IllegalAccessError">java.lang.IllegalAccessError: class javax.naming.spi.NamingManager (in unnamed module @0x1ffcf674) cannot access class jdk.internal.loader.ClassLoaderValue (in module java.base) because module java.base does not export jdk.internal.loader to unnamed module @0x1ffcf674
	at org.apache.bookkeeper.bookie.BookieJournalTest.createBookieAndReadJournal(BookieJournalTest.java:658)
	at org.apache.bookkeeper.bookie.BookieJournalTest.testPreV2Journal(BookieJournalTest.java:371)
</error>
    <rerunError message="class javax.naming.spi.NamingManager (in unnamed module @0x2676d96a) cannot access class jdk.internal.loader.ClassLoaderValue (in module java.base) because module java.base does not export jdk.internal.loader to unnamed module @0x2676d96a" type="java.lang.IllegalAccessError">java.lang.IllegalAccessError: class javax.naming.spi.NamingManager (in unnamed module @0x2676d96a) cannot access class jdk.internal.loader.ClassLoaderValue (in module java.base) because module java.base does not export jdk.internal.loader to unnamed module @0x2676d96a
	at org.apache.bookkeeper.bookie.BookieJournalTest.createBookieAndReadJournal(BookieJournalTest.java:658)
	at org.apache.bookkeeper.bookie.BookieJournalTest.testPreV2Journal(BookieJournalTest.java:371)
</rerunError>
    <rerunError message="class javax.naming.spi.NamingManager (in unnamed module @0x12bb8943) cannot access class jdk.internal.loader.ClassLoaderValue (in module java.base) because module java.base does not export jdk.internal.loader to unnamed module @0x12bb8943" type="java.lang.IllegalAccessError">java.lang.IllegalAccessError: class javax.naming.spi.NamingManager (in unnamed module @0x12bb8943) cannot access class jdk.internal.loader.ClassLoaderValue (in module java.base) because module java.base does not export jdk.internal.loader to unnamed module @0x12bb8943
	at org.apache.bookkeeper.bookie.BookieJournalTest.createBookieAndReadJournal(BookieJournalTest.java:658)
	at org.apache.bookkeeper.bookie.BookieJournalTest.testPreV2Journal(BookieJournalTest.java:371)
</rerunError>
  </testcase>
  <testcase name="testV4Journal" classname="org.apache.bookkeeper.bookie.BookieJournalTest" time="0.186">
    <error message="Could not initialize class javax.naming.spi.NamingManager" type="java.lang.NoClassDefFoundError">java.lang.NoClassDefFoundError: Could not initialize class javax.naming.spi.NamingManager
	at org.apache.bookkeeper.bookie.BookieJournalTest.createBookieAndReadJournal(BookieJournalTest.java:658)
	at org.apache.bookkeeper.bookie.BookieJournalTest.testV4Journal(BookieJournalTest.java:399)
</error>
    <system-out><![CDATA[2020-08-10 23:35:49,484 - INFO  - [main:JournalChannel@157] - Opening journal /tmp/bookie12309227638002871787journal/current/173da4d0ce1.txn
2020-08-10 23:35:49,495 - ERROR - [main:ResourceLeakDetector@317] - LEAK: ByteBuf.release() was not called before it's garbage-collected. See http://netty.io/wiki/reference-counted-objects.html for more information.
Recent access records: 
#1:
	io.netty.buffer.AdvancedLeakAwareByteBuf.writeLong(AdvancedLeakAwareByteBuf.java:568)
	org.apache.bookkeeper.proto.checksum.CRC32DigestManager.populateValueAndReset(CRC32DigestManager.java:61)
	org.apache.bookkeeper.proto.checksum.DigestManager.computeDigestAndPackageForSending(DigestManager.java:114)
	org.apache.bookkeeper.client.ClientUtil.generatePacket(ClientUtil.java:53)
	org.apache.bookkeeper.client.ClientUtil.generatePacket(ClientUtil.java:46)
	org.apache.bookkeeper.bookie.BookieJournalTest.writePreV2Journal(BookieJournalTest.java:168)
	org.apache.bookkeeper.bookie.BookieJournalTest.testPreV2Journal(BookieJournalTest.java:363)
	java.base/jdk.internal.reflect.NativeMethodAccessorImpl.invoke0(Native Method)
	java.base/jdk.internal.reflect.NativeMethodAccessorImpl.invoke(NativeMethodAccessorImpl.java:62)
	java.base/jdk.internal.reflect.DelegatingMethodAccessorImpl.invoke(DelegatingMethodAccessorImpl.java:43)
	java.base/java.lang.reflect.Method.invoke(Method.java:566)
	org.junit.internal.runners.TestMethod.invoke(TestMethod.java:68)
	org.powermock.modules.junit4.internal.impl.PowerMockJUnit44RunnerDelegateImpl$PowerMockJUnit44MethodRunner.runTestMethod(PowerMockJUnit44RunnerDelegateImpl.java:326)
	org.junit.internal.runners.MethodRoadie$2.run(MethodRoadie.java:89)
	org.junit.internal.runners.MethodRoadie.runBeforesThenTestThenAfters(MethodRoadie.java:97)
	org.powermock.modules.junit4.internal.impl.PowerMockJUnit44RunnerDelegateImpl$PowerMockJUnit44MethodRunner.executeTest(PowerMockJUnit44RunnerDelegateImpl.java:310)
	org.powermock.modules.junit4.internal.impl.PowerMockJUnit47RunnerDelegateImpl$PowerMockJUnit47MethodRunner.executeTestInSuper(PowerMockJUnit47RunnerDelegateImpl.java:131)
	org.powermock.modules.junit4.internal.impl.PowerMockJUnit47RunnerDelegateImpl$PowerMockJUnit47MethodRunner.access$100(PowerMockJUnit47RunnerDelegateImpl.java:59)
	org.powermock.modules.junit4.internal.impl.PowerMockJUnit47RunnerDelegateImpl$PowerMockJUnit47MethodRunner$TestExecutorStatement.evaluate(PowerMockJUnit47RunnerDelegateImpl.java:147)
	org.powermock.modules.junit4.internal.impl.PowerMockJUnit47RunnerDelegateImpl$PowerMockJUnit47MethodRunner.evaluateStatement(PowerMockJUnit47RunnerDelegateImpl.java:107)
	org.powermock.modules.junit4.internal.impl.PowerMockJUnit47RunnerDelegateImpl$PowerMockJUnit47MethodRunner.executeTest(PowerMockJUnit47RunnerDelegateImpl.java:82)
	org.powermock.modules.junit4.internal.impl.PowerMockJUnit44RunnerDelegateImpl$PowerMockJUnit44MethodRunner.runBeforesThenTestThenAfters(PowerMockJUnit44RunnerDelegateImpl.java:298)
	org.junit.internal.runners.MethodRoadie.runTest(MethodRoadie.java:87)
	org.junit.internal.runners.MethodRoadie.run(MethodRoadie.java:50)
	org.powermock.modules.junit4.internal.impl.PowerMockJUnit44RunnerDelegateImpl.invokeTestMethod(PowerMockJUnit44RunnerDelegateImpl.java:218)
	org.powermock.modules.junit4.internal.impl.PowerMockJUnit44RunnerDelegateImpl.runMethods(PowerMockJUnit44RunnerDelegateImpl.java:160)
	org.powermock.modules.junit4.internal.impl.PowerMockJUnit44RunnerDelegateImpl$1.run(PowerMockJUnit44RunnerDelegateImpl.java:134)
	org.junit.internal.runners.ClassRoadie.runUnprotected(ClassRoadie.java:34)
	org.junit.internal.runners.ClassRoadie.runProtected(ClassRoadie.java:44)
	org.powermock.modules.junit4.internal.impl.PowerMockJUnit44RunnerDelegateImpl.run(PowerMockJUnit44RunnerDelegateImpl.java:136)
	org.powermock.modules.junit4.common.internal.impl.JUnit4TestSuiteChunkerImpl.run(JUnit4TestSuiteChunkerImpl.java:117)
	org.powermock.modules.junit4.common.internal.impl.AbstractCommonPowerMockRunner.run(AbstractCommonPowerMockRunner.java:57)
	org.powermock.modules.junit4.PowerMockRunner.run(PowerMockRunner.java:59)
	org.apache.maven.surefire.junit4.JUnit4Provider.execute(JUnit4Provider.java:365)
	org.apache.maven.surefire.junit4.JUnit4Provider.executeWithRerun(JUnit4Provider.java:273)
	org.apache.maven.surefire.junit4.JUnit4Provider.executeTestSet(JUnit4Provider.java:238)
	org.apache.maven.surefire.junit4.JUnit4Provider.invoke(JUnit4Provider.java:159)
	org.apache.maven.surefire.booter.ForkedBooter.invokeProviderInSameClassLoader(ForkedBooter.java:379)
	org.apache.maven.surefire.booter.ForkedBooter.runSuitesInProcess(ForkedBooter.java:340)
	org.apache.maven.surefire.booter.ForkedBooter.execute(ForkedBooter.java:125)
	org.apache.maven.surefire.booter.ForkedBooter.main(ForkedBooter.java:413)
#2:
	io.netty.buffer.AdvancedLeakAwareByteBuf.writeLong(AdvancedLeakAwareByteBuf.java:568)
	org.apache.bookkeeper.proto.checksum.DigestManager.computeDigestAndPackageForSending(DigestManager.java:109)
	org.apache.bookkeeper.client.ClientUtil.generatePacket(ClientUtil.java:53)
	org.apache.bookkeeper.client.ClientUtil.generatePacket(ClientUtil.java:46)
	org.apache.bookkeeper.bookie.BookieJournalTest.writePreV2Journal(BookieJournalTest.java:168)
	org.apache.bookkeeper.bookie.BookieJournalTest.testPreV2Journal(BookieJournalTest.java:363)
	java.base/jdk.internal.reflect.NativeMethodAccessorImpl.invoke0(Native Method)
	java.base/jdk.internal.reflect.NativeMethodAccessorImpl.invoke(NativeMethodAccessorImpl.java:62)
	java.base/jdk.internal.reflect.DelegatingMethodAccessorImpl.invoke(DelegatingMethodAccessorImpl.java:43)
	java.base/java.lang.reflect.Method.invoke(Method.java:566)
	org.junit.internal.runners.TestMethod.invoke(TestMethod.java:68)
	org.powermock.modules.junit4.internal.impl.PowerMockJUnit44RunnerDelegateImpl$PowerMockJUnit44MethodRunner.runTestMethod(PowerMockJUnit44RunnerDelegateImpl.java:326)
	org.junit.internal.runners.MethodRoadie$2.run(MethodRoadie.java:89)
	org.junit.internal.runners.MethodRoadie.runBeforesThenTestThenAfters(MethodRoadie.java:97)
	org.powermock.modules.junit4.internal.impl.PowerMockJUnit44RunnerDelegateImpl$PowerMockJUnit44MethodRunner.executeTest(PowerMockJUnit44RunnerDelegateImpl.java:310)
	org.powermock.modules.junit4.internal.impl.PowerMockJUnit47RunnerDelegateImpl$PowerMockJUnit47MethodRunner.executeTestInSuper(PowerMockJUnit47RunnerDelegateImpl.java:131)
	org.powermock.modules.junit4.internal.impl.PowerMockJUnit47RunnerDelegateImpl$PowerMockJUnit47MethodRunner.access$100(PowerMockJUnit47RunnerDelegateImpl.java:59)
	org.powermock.modules.junit4.internal.impl.PowerMockJUnit47RunnerDelegateImpl$PowerMockJUnit47MethodRunner$TestExecutorStatement.evaluate(PowerMockJUnit47RunnerDelegateImpl.java:147)
	org.powermock.modules.junit4.internal.impl.PowerMockJUnit47RunnerDelegateImpl$PowerMockJUnit47MethodRunner.evaluateStatement(PowerMockJUnit47RunnerDelegateImpl.java:107)
	org.powermock.modules.junit4.internal.impl.PowerMockJUnit47RunnerDelegateImpl$PowerMockJUnit47MethodRunner.executeTest(PowerMockJUnit47RunnerDelegateImpl.java:82)
	org.powermock.modules.junit4.internal.impl.PowerMockJUnit44RunnerDelegateImpl$PowerMockJUnit44MethodRunner.runBeforesThenTestThenAfters(PowerMockJUnit44RunnerDelegateImpl.java:298)
	org.junit.internal.runners.MethodRoadie.runTest(MethodRoadie.java:87)
	org.junit.internal.runners.MethodRoadie.run(MethodRoadie.java:50)
	org.powermock.modules.junit4.internal.impl.PowerMockJUnit44RunnerDelegateImpl.invokeTestMethod(PowerMockJUnit44RunnerDelegateImpl.java:218)
	org.powermock.modules.junit4.internal.impl.PowerMockJUnit44RunnerDelegateImpl.runMethods(PowerMockJUnit44RunnerDelegateImpl.java:160)
	org.powermock.modules.junit4.internal.impl.PowerMockJUnit44RunnerDelegateImpl$1.run(PowerMockJUnit44RunnerDelegateImpl.java:134)
	org.junit.internal.runners.ClassRoadie.runUnprotected(ClassRoadie.java:34)
	org.junit.internal.runners.ClassRoadie.runProtected(ClassRoadie.java:44)
	org.powermock.modules.junit4.internal.impl.PowerMockJUnit44RunnerDelegateImpl.run(PowerMockJUnit44RunnerDelegateImpl.java:136)
	org.powermock.modules.junit4.common.internal.impl.JUnit4TestSuiteChunkerImpl.run(JUnit4TestSuiteChunkerImpl.java:117)
	org.powermock.modules.junit4.common.internal.impl.AbstractCommonPowerMockRunner.run(AbstractCommonPowerMockRunner.java:57)
	org.powermock.modules.junit4.PowerMockRunner.run(PowerMockRunner.java:59)
	org.apache.maven.surefire.junit4.JUnit4Provider.execute(JUnit4Provider.java:365)
	org.apache.maven.surefire.junit4.JUnit4Provider.executeWithRerun(JUnit4Provider.java:273)
	org.apache.maven.surefire.junit4.JUnit4Provider.executeTestSet(JUnit4Provider.java:238)
	org.apache.maven.surefire.junit4.JUnit4Provider.invoke(JUnit4Provider.java:159)
	org.apache.maven.surefire.booter.ForkedBooter.invokeProviderInSameClassLoader(ForkedBooter.java:379)
	org.apache.maven.surefire.booter.ForkedBooter.runSuitesInProcess(ForkedBooter.java:340)
	org.apache.maven.surefire.booter.ForkedBooter.execute(ForkedBooter.java:125)
	org.apache.maven.surefire.booter.ForkedBooter.main(ForkedBooter.java:413)
#3:
	io.netty.buffer.AdvancedLeakAwareByteBuf.writeLong(AdvancedLeakAwareByteBuf.java:568)
	org.apache.bookkeeper.proto.checksum.DigestManager.computeDigestAndPackageForSending(DigestManager.java:108)
	org.apache.bookkeeper.client.ClientUtil.generatePacket(ClientUtil.java:53)
	org.apache.bookkeeper.client.ClientUtil.generatePacket(ClientUtil.java:46)
	org.apache.bookkeeper.bookie.BookieJournalTest.writePreV2Journal(BookieJournalTest.java:168)
	org.apache.bookkeeper.bookie.BookieJournalTest.testPreV2Journal(BookieJournalTest.java:363)
	java.base/jdk.internal.reflect.NativeMethodAccessorImpl.invoke0(Native Method)
	java.base/jdk.internal.reflect.NativeMethodAccessorImpl.invoke(NativeMethodAccessorImpl.java:62)
	java.base/jdk.internal.reflect.DelegatingMethodAccessorImpl.invoke(DelegatingMethodAccessorImpl.java:43)
	java.base/java.lang.reflect.Method.invoke(Method.java:566)
	org.junit.internal.runners.TestMethod.invoke(TestMethod.java:68)
	org.powermock.modules.junit4.internal.impl.PowerMockJUnit44RunnerDelegateImpl$PowerMockJUnit44MethodRunner.runTestMethod(PowerMockJUnit44RunnerDelegateImpl.java:326)
	org.junit.internal.runners.MethodRoadie$2.run(MethodRoadie.java:89)
	org.junit.internal.runners.MethodRoadie.runBeforesThenTestThenAfters(MethodRoadie.java:97)
	org.powermock.modules.junit4.internal.impl.PowerMockJUnit44RunnerDelegateImpl$PowerMockJUnit44MethodRunner.executeTest(PowerMockJUnit44RunnerDelegateImpl.java:310)
	org.powermock.modules.junit4.internal.impl.PowerMockJUnit47RunnerDelegateImpl$PowerMockJUnit47MethodRunner.executeTestInSuper(PowerMockJUnit47RunnerDelegateImpl.java:131)
	org.powermock.modules.junit4.internal.impl.PowerMockJUnit47RunnerDelegateImpl$PowerMockJUnit47MethodRunner.access$100(PowerMockJUnit47RunnerDelegateImpl.java:59)
	org.powermock.modules.junit4.internal.impl.PowerMockJUnit47RunnerDelegateImpl$PowerMockJUnit47MethodRunner$TestExecutorStatement.evaluate(PowerMockJUnit47RunnerDelegateImpl.java:147)
	org.powermock.modules.junit4.internal.impl.PowerMockJUnit47RunnerDelegateImpl$PowerMockJUnit47MethodRunner.evaluateStatement(PowerMockJUnit47RunnerDelegateImpl.java:107)
	org.powermock.modules.junit4.internal.impl.PowerMockJUnit47RunnerDelegateImpl$PowerMockJUnit47MethodRunner.executeTest(PowerMockJUnit47RunnerDelegateImpl.java:82)
	org.powermock.modules.junit4.internal.impl.PowerMockJUnit44RunnerDelegateImpl$PowerMockJUnit44MethodRunner.runBeforesThenTestThenAfters(PowerMockJUnit44RunnerDelegateImpl.java:298)
	org.junit.internal.runners.MethodRoadie.runTest(MethodRoadie.java:87)
	org.junit.internal.runners.MethodRoadie.run(MethodRoadie.java:50)
	org.powermock.modules.junit4.internal.impl.PowerMockJUnit44RunnerDelegateImpl.invokeTestMethod(PowerMockJUnit44RunnerDelegateImpl.java:218)
	org.powermock.modules.junit4.internal.impl.PowerMockJUnit44RunnerDelegateImpl.runMethods(PowerMockJUnit44RunnerDelegateImpl.java:160)
	org.powermock.modules.junit4.internal.impl.PowerMockJUnit44RunnerDelegateImpl$1.run(PowerMockJUnit44RunnerDelegateImpl.java:134)
	org.junit.internal.runners.ClassRoadie.runUnprotected(ClassRoadie.java:34)
	org.junit.internal.runners.ClassRoadie.runProtected(ClassRoadie.java:44)
	org.powermock.modules.junit4.internal.impl.PowerMockJUnit44RunnerDelegateImpl.run(PowerMockJUnit44RunnerDelegateImpl.java:136)
	org.powermock.modules.junit4.common.internal.impl.JUnit4TestSuiteChunkerImpl.run(JUnit4TestSuiteChunkerImpl.java:117)
	org.powermock.modules.junit4.common.internal.impl.AbstractCommonPowerMockRunner.run(AbstractCommonPowerMockRunner.java:57)
	org.powermock.modules.junit4.PowerMockRunner.run(PowerMockRunner.java:59)
	org.apache.maven.surefire.junit4.JUnit4Provider.execute(JUnit4Provider.java:365)
	org.apache.maven.surefire.junit4.JUnit4Provider.executeWithRerun(JUnit4Provider.java:273)
	org.apache.maven.surefire.junit4.JUnit4Provider.executeTestSet(JUnit4Provider.java:238)
	org.apache.maven.surefire.junit4.JUnit4Provider.invoke(JUnit4Provider.java:159)
	org.apache.maven.surefire.booter.ForkedBooter.invokeProviderInSameClassLoader(ForkedBooter.java:379)
	org.apache.maven.surefire.booter.ForkedBooter.runSuitesInProcess(ForkedBooter.java:340)
	org.apache.maven.surefire.booter.ForkedBooter.execute(ForkedBooter.java:125)
	org.apache.maven.surefire.booter.ForkedBooter.main(ForkedBooter.java:413)
#4:
	io.netty.buffer.AdvancedLeakAwareByteBuf.writeLong(AdvancedLeakAwareByteBuf.java:568)
	org.apache.bookkeeper.proto.checksum.DigestManager.computeDigestAndPackageForSending(DigestManager.java:107)
	org.apache.bookkeeper.client.ClientUtil.generatePacket(ClientUtil.java:53)
	org.apache.bookkeeper.client.ClientUtil.generatePacket(ClientUtil.java:46)
	org.apache.bookkeeper.bookie.BookieJournalTest.writePreV2Journal(BookieJournalTest.java:168)
	org.apache.bookkeeper.bookie.BookieJournalTest.testPreV2Journal(BookieJournalTest.java:363)
	java.base/jdk.internal.reflect.NativeMethodAccessorImpl.invoke0(Native Method)
	java.base/jdk.internal.reflect.NativeMethodAccessorImpl.invoke(NativeMethodAccessorImpl.java:62)
	java.base/jdk.internal.reflect.DelegatingMethodAccessorImpl.invoke(DelegatingMethodAccessorImpl.java:43)
	java.base/java.lang.reflect.Method.invoke(Method.java:566)
	org.junit.internal.runners.TestMethod.invoke(TestMethod.java:68)
	org.powermock.modules.junit4.internal.impl.PowerMockJUnit44RunnerDelegateImpl$PowerMockJUnit44MethodRunner.runTestMethod(PowerMockJUnit44RunnerDelegateImpl.java:326)
	org.junit.internal.runners.MethodRoadie$2.run(MethodRoadie.java:89)
	org.junit.internal.runners.MethodRoadie.runBeforesThenTestThenAfters(MethodRoadie.java:97)
	org.powermock.modules.junit4.internal.impl.PowerMockJUnit44RunnerDelegateImpl$PowerMockJUnit44MethodRunner.executeTest(PowerMockJUnit44RunnerDelegateImpl.java:310)
	org.powermock.modules.junit4.internal.impl.PowerMockJUnit47RunnerDelegateImpl$PowerMockJUnit47MethodRunner.executeTestInSuper(PowerMockJUnit47RunnerDelegateImpl.java:131)
	org.powermock.modules.junit4.internal.impl.PowerMockJUnit47RunnerDelegateImpl$PowerMockJUnit47MethodRunner.access$100(PowerMockJUnit47RunnerDelegateImpl.java:59)
	org.powermock.modules.junit4.internal.impl.PowerMockJUnit47RunnerDelegateImpl$PowerMockJUnit47MethodRunner$TestExecutorStatement.evaluate(PowerMockJUnit47RunnerDelegateImpl.java:147)
	org.powermock.modules.junit4.internal.impl.PowerMockJUnit47RunnerDelegateImpl$PowerMockJUnit47MethodRunner.evaluateStatement(PowerMockJUnit47RunnerDelegateImpl.java:107)
	org.powermock.modules.junit4.internal.impl.PowerMockJUnit47RunnerDelegateImpl$PowerMockJUnit47MethodRunner.executeTest(PowerMockJUnit47RunnerDelegateImpl.java:82)
	org.powermock.modules.junit4.internal.impl.PowerMockJUnit44RunnerDelegateImpl$PowerMockJUnit44MethodRunner.runBeforesThenTestThenAfters(PowerMockJUnit44RunnerDelegateImpl.java:298)
	org.junit.internal.runners.MethodRoadie.runTest(MethodRoadie.java:87)
	org.junit.internal.runners.MethodRoadie.run(MethodRoadie.java:50)
	org.powermock.modules.junit4.internal.impl.PowerMockJUnit44RunnerDelegateImpl.invokeTestMethod(PowerMockJUnit44RunnerDelegateImpl.java:218)
	org.powermock.modules.junit4.internal.impl.PowerMockJUnit44RunnerDelegateImpl.runMethods(PowerMockJUnit44RunnerDelegateImpl.java:160)
	org.powermock.modules.junit4.internal.impl.PowerMockJUnit44RunnerDelegateImpl$1.run(PowerMockJUnit44RunnerDelegateImpl.java:134)
	org.junit.internal.runners.ClassRoadie.runUnprotected(ClassRoadie.java:34)
	org.junit.internal.runners.ClassRoadie.runProtected(ClassRoadie.java:44)
	org.powermock.modules.junit4.internal.impl.PowerMockJUnit44RunnerDelegateImpl.run(PowerMockJUnit44RunnerDelegateImpl.java:136)
	org.powermock.modules.junit4.common.internal.impl.JUnit4TestSuiteChunkerImpl.run(JUnit4TestSuiteChunkerImpl.java:117)
	org.powermock.modules.junit4.common.internal.impl.AbstractCommonPowerMockRunner.run(AbstractCommonPowerMockRunner.java:57)
	org.powermock.modules.junit4.PowerMockRunner.run(PowerMockRunner.java:59)
	org.apache.maven.surefire.junit4.JUnit4Provider.execute(JUnit4Provider.java:365)
	org.apache.maven.surefire.junit4.JUnit4Provider.executeWithRerun(JUnit4Provider.java:273)
	org.apache.maven.surefire.junit4.JUnit4Provider.executeTestSet(JUnit4Provider.java:238)
	org.apache.maven.surefire.junit4.JUnit4Provider.invoke(JUnit4Provider.java:159)
	org.apache.maven.surefire.booter.ForkedBooter.invokeProviderInSameClassLoader(ForkedBooter.java:379)
	org.apache.maven.surefire.booter.ForkedBooter.runSuitesInProcess(ForkedBooter.java:340)
	org.apache.maven.surefire.booter.ForkedBooter.execute(ForkedBooter.java:125)
	org.apache.maven.surefire.booter.ForkedBooter.main(ForkedBooter.java:413)
Created at:
	io.netty.buffer.UnpooledByteBufAllocator.newDirectBuffer(UnpooledByteBufAllocator.java:96)
	io.netty.buffer.AbstractByteBufAllocator.directBuffer(AbstractByteBufAllocator.java:185)
	io.netty.buffer.AbstractByteBufAllocator.directBuffer(AbstractByteBufAllocator.java:176)
	io.netty.buffer.AbstractByteBufAllocator.buffer(AbstractByteBufAllocator.java:113)
	org.apache.bookkeeper.proto.checksum.DigestManager.computeDigestAndPackageForSending(DigestManager.java:103)
	org.apache.bookkeeper.client.ClientUtil.generatePacket(ClientUtil.java:53)
	org.apache.bookkeeper.client.ClientUtil.generatePacket(ClientUtil.java:46)
	org.apache.bookkeeper.bookie.BookieJournalTest.writePreV2Journal(BookieJournalTest.java:168)
	org.apache.bookkeeper.bookie.BookieJournalTest.testPreV2Journal(BookieJournalTest.java:363)
	java.base/jdk.internal.reflect.NativeMethodAccessorImpl.invoke0(Native Method)
	java.base/jdk.internal.reflect.NativeMethodAccessorImpl.invoke(NativeMethodAccessorImpl.java:62)
	java.base/jdk.internal.reflect.DelegatingMethodAccessorImpl.invoke(DelegatingMethodAccessorImpl.java:43)
	java.base/java.lang.reflect.Method.invoke(Method.java:566)
	org.junit.internal.runners.TestMethod.invoke(TestMethod.java:68)
	org.powermock.modules.junit4.internal.impl.PowerMockJUnit44RunnerDelegateImpl$PowerMockJUnit44MethodRunner.runTestMethod(PowerMockJUnit44RunnerDelegateImpl.java:326)
	org.junit.internal.runners.MethodRoadie$2.run(MethodRoadie.java:89)
	org.junit.internal.runners.MethodRoadie.runBeforesThenTestThenAfters(MethodRoadie.java:97)
	org.powermock.modules.junit4.internal.impl.PowerMockJUnit44RunnerDelegateImpl$PowerMockJUnit44MethodRunner.executeTest(PowerMockJUnit44RunnerDelegateImpl.java:310)
	org.powermock.modules.junit4.internal.impl.PowerMockJUnit47RunnerDelegateImpl$PowerMockJUnit47MethodRunner.executeTestInSuper(PowerMockJUnit47RunnerDelegateImpl.java:131)
	org.powermock.modules.junit4.internal.impl.PowerMockJUnit47RunnerDelegateImpl$PowerMockJUnit47MethodRunner.access$100(PowerMockJUnit47RunnerDelegateImpl.java:59)
	org.powermock.modules.junit4.internal.impl.PowerMockJUnit47RunnerDelegateImpl$PowerMockJUnit47MethodRunner$TestExecutorStatement.evaluate(PowerMockJUnit47RunnerDelegateImpl.java:147)
	org.powermock.modules.junit4.internal.impl.PowerMockJUnit47RunnerDelegateImpl$PowerMockJUnit47MethodRunner.evaluateStatement(PowerMockJUnit47RunnerDelegateImpl.java:107)
	org.powermock.modules.junit4.internal.impl.PowerMockJUnit47RunnerDelegateImpl$PowerMockJUnit47MethodRunner.executeTest(PowerMockJUnit47RunnerDelegateImpl.java:82)
	org.powermock.modules.junit4.internal.impl.PowerMockJUnit44RunnerDelegateImpl$PowerMockJUnit44MethodRunner.runBeforesThenTestThenAfters(PowerMockJUnit44RunnerDelegateImpl.java:298)
	org.junit.internal.runners.MethodRoadie.runTest(MethodRoadie.java:87)
	org.junit.internal.runners.MethodRoadie.run(MethodRoadie.java:50)
	org.powermock.modules.junit4.internal.impl.PowerMockJUnit44RunnerDelegateImpl.invokeTestMethod(PowerMockJUnit44RunnerDelegateImpl.java:218)
	org.powermock.modules.junit4.internal.impl.PowerMockJUnit44RunnerDelegateImpl.runMethods(PowerMockJUnit44RunnerDelegateImpl.java:160)
	org.powermock.modules.junit4.internal.impl.PowerMockJUnit44RunnerDelegateImpl$1.run(PowerMockJUnit44RunnerDelegateImpl.java:134)
	org.junit.internal.runners.ClassRoadie.runUnprotected(ClassRoadie.java:34)
	org.junit.internal.runners.ClassRoadie.runProtected(ClassRoadie.java:44)
	org.powermock.modules.junit4.internal.impl.PowerMockJUnit44RunnerDelegateImpl.run(PowerMockJUnit44RunnerDelegateImpl.java:136)
	org.powermock.modules.junit4.common.internal.impl.JUnit4TestSuiteChunkerImpl.run(JUnit4TestSuiteChunkerImpl.java:117)
	org.powermock.modules.junit4.common.internal.impl.AbstractCommonPowerMockRunner.run(AbstractCommonPowerMockRunner.java:57)
	org.powermock.modules.junit4.PowerMockRunner.run(PowerMockRunner.java:59)
	org.apache.maven.surefire.junit4.JUnit4Provider.execute(JUnit4Provider.java:365)
	org.apache.maven.surefire.junit4.JUnit4Provider.executeWithRerun(JUnit4Provider.java:273)
	org.apache.maven.surefire.junit4.JUnit4Provider.executeTestSet(JUnit4Provider.java:238)
	org.apache.maven.surefire.junit4.JUnit4Provider.invoke(JUnit4Provider.java:159)
	org.apache.maven.surefire.booter.ForkedBooter.invokeProviderInSameClassLoader(ForkedBooter.java:379)
	org.apache.maven.surefire.booter.ForkedBooter.runSuitesInProcess(ForkedBooter.java:340)
	org.apache.maven.surefire.booter.ForkedBooter.execute(ForkedBooter.java:125)
	org.apache.maven.surefire.booter.ForkedBooter.main(ForkedBooter.java:413)
: 1 leak records were discarded because the leak record count is targeted to 4. Use system property io.netty.leakDetection.targetRecords to increase the limit.
2020-08-10 23:35:49,508 - ERROR - [main:ResourceLeakDetector@317] - LEAK: ByteBuf.release() was not called before it's garbage-collected. See http://netty.io/wiki/reference-counted-objects.html for more information.
Recent access records: 
#1:
	io.netty.buffer.AdvancedLeakAwareByteBuf.writeLong(AdvancedLeakAwareByteBuf.java:568)
	org.apache.bookkeeper.proto.checksum.CRC32DigestManager.populateValueAndReset(CRC32DigestManager.java:61)
	org.apache.bookkeeper.proto.checksum.DigestManager.computeDigestAndPackageForSending(DigestManager.java:114)
	org.apache.bookkeeper.client.ClientUtil.generatePacket(ClientUtil.java:53)
	org.apache.bookkeeper.client.ClientUtil.generatePacket(ClientUtil.java:46)
	org.apache.bookkeeper.bookie.BookieJournalTest.writePreV2Journal(BookieJournalTest.java:168)
	org.apache.bookkeeper.bookie.BookieJournalTest.testPreV2Journal(BookieJournalTest.java:363)
	java.base/jdk.internal.reflect.NativeMethodAccessorImpl.invoke0(Native Method)
	java.base/jdk.internal.reflect.NativeMethodAccessorImpl.invoke(NativeMethodAccessorImpl.java:62)
	java.base/jdk.internal.reflect.DelegatingMethodAccessorImpl.invoke(DelegatingMethodAccessorImpl.java:43)
	java.base/java.lang.reflect.Method.invoke(Method.java:566)
	org.junit.internal.runners.TestMethod.invoke(TestMethod.java:68)
	org.powermock.modules.junit4.internal.impl.PowerMockJUnit44RunnerDelegateImpl$PowerMockJUnit44MethodRunner.runTestMethod(PowerMockJUnit44RunnerDelegateImpl.java:326)
	org.junit.internal.runners.MethodRoadie$2.run(MethodRoadie.java:89)
	org.junit.internal.runners.MethodRoadie.runBeforesThenTestThenAfters(MethodRoadie.java:97)
	org.powermock.modules.junit4.internal.impl.PowerMockJUnit44RunnerDelegateImpl$PowerMockJUnit44MethodRunner.executeTest(PowerMockJUnit44RunnerDelegateImpl.java:310)
	org.powermock.modules.junit4.internal.impl.PowerMockJUnit47RunnerDelegateImpl$PowerMockJUnit47MethodRunner.executeTestInSuper(PowerMockJUnit47RunnerDelegateImpl.java:131)
	org.powermock.modules.junit4.internal.impl.PowerMockJUnit47RunnerDelegateImpl$PowerMockJUnit47MethodRunner.access$100(PowerMockJUnit47RunnerDelegateImpl.java:59)
	org.powermock.modules.junit4.internal.impl.PowerMockJUnit47RunnerDelegateImpl$PowerMockJUnit47MethodRunner$TestExecutorStatement.evaluate(PowerMockJUnit47RunnerDelegateImpl.java:147)
	org.powermock.modules.junit4.internal.impl.PowerMockJUnit47RunnerDelegateImpl$PowerMockJUnit47MethodRunner.evaluateStatement(PowerMockJUnit47RunnerDelegateImpl.java:107)
	org.powermock.modules.junit4.internal.impl.PowerMockJUnit47RunnerDelegateImpl$PowerMockJUnit47MethodRunner.executeTest(PowerMockJUnit47RunnerDelegateImpl.java:82)
	org.powermock.modules.junit4.internal.impl.PowerMockJUnit44RunnerDelegateImpl$PowerMockJUnit44MethodRunner.runBeforesThenTestThenAfters(PowerMockJUnit44RunnerDelegateImpl.java:298)
	org.junit.internal.runners.MethodRoadie.runTest(MethodRoadie.java:87)
	org.junit.internal.runners.MethodRoadie.run(MethodRoadie.java:50)
	org.powermock.modules.junit4.internal.impl.PowerMockJUnit44RunnerDelegateImpl.invokeTestMethod(PowerMockJUnit44RunnerDelegateImpl.java:218)
	org.powermock.modules.junit4.internal.impl.PowerMockJUnit44RunnerDelegateImpl.runMethods(PowerMockJUnit44RunnerDelegateImpl.java:160)
	org.powermock.modules.junit4.internal.impl.PowerMockJUnit44RunnerDelegateImpl$1.run(PowerMockJUnit44RunnerDelegateImpl.java:134)
	org.junit.internal.runners.ClassRoadie.runUnprotected(ClassRoadie.java:34)
	org.junit.internal.runners.ClassRoadie.runProtected(ClassRoadie.java:44)
	org.powermock.modules.junit4.internal.impl.PowerMockJUnit44RunnerDelegateImpl.run(PowerMockJUnit44RunnerDelegateImpl.java:136)
	org.powermock.modules.junit4.common.internal.impl.JUnit4TestSuiteChunkerImpl.run(JUnit4TestSuiteChunkerImpl.java:117)
	org.powermock.modules.junit4.common.internal.impl.AbstractCommonPowerMockRunner.run(AbstractCommonPowerMockRunner.java:57)
	org.powermock.modules.junit4.PowerMockRunner.run(PowerMockRunner.java:59)
	org.apache.maven.surefire.junit4.JUnit4Provider.execute(JUnit4Provider.java:365)
	org.apache.maven.surefire.junit4.JUnit4Provider.executeWithRerun(JUnit4Provider.java:273)
	org.apache.maven.surefire.junit4.JUnit4Provider.executeTestSet(JUnit4Provider.java:238)
	org.apache.maven.surefire.junit4.JUnit4Provider.invoke(JUnit4Provider.java:159)
	org.apache.maven.surefire.booter.ForkedBooter.invokeProviderInSameClassLoader(ForkedBooter.java:379)
	org.apache.maven.surefire.booter.ForkedBooter.runSuitesInProcess(ForkedBooter.java:340)
	org.apache.maven.surefire.booter.ForkedBooter.execute(ForkedBooter.java:125)
	org.apache.maven.surefire.booter.ForkedBooter.main(ForkedBooter.java:413)
#2:
	io.netty.buffer.AdvancedLeakAwareByteBuf.writeLong(AdvancedLeakAwareByteBuf.java:568)
	org.apache.bookkeeper.proto.checksum.DigestManager.computeDigestAndPackageForSending(DigestManager.java:110)
	org.apache.bookkeeper.client.ClientUtil.generatePacket(ClientUtil.java:53)
	org.apache.bookkeeper.client.ClientUtil.generatePacket(ClientUtil.java:46)
	org.apache.bookkeeper.bookie.BookieJournalTest.writePreV2Journal(BookieJournalTest.java:168)
	org.apache.bookkeeper.bookie.BookieJournalTest.testPreV2Journal(BookieJournalTest.java:363)
	java.base/jdk.internal.reflect.NativeMethodAccessorImpl.invoke0(Native Method)
	java.base/jdk.internal.reflect.NativeMethodAccessorImpl.invoke(NativeMethodAccessorImpl.java:62)
	java.base/jdk.internal.reflect.DelegatingMethodAccessorImpl.invoke(DelegatingMethodAccessorImpl.java:43)
	java.base/java.lang.reflect.Method.invoke(Method.java:566)
	org.junit.internal.runners.TestMethod.invoke(TestMethod.java:68)
	org.powermock.modules.junit4.internal.impl.PowerMockJUnit44RunnerDelegateImpl$PowerMockJUnit44MethodRunner.runTestMethod(PowerMockJUnit44RunnerDelegateImpl.java:326)
	org.junit.internal.runners.MethodRoadie$2.run(MethodRoadie.java:89)
	org.junit.internal.runners.MethodRoadie.runBeforesThenTestThenAfters(MethodRoadie.java:97)
	org.powermock.modules.junit4.internal.impl.PowerMockJUnit44RunnerDelegateImpl$PowerMockJUnit44MethodRunner.executeTest(PowerMockJUnit44RunnerDelegateImpl.java:310)
	org.powermock.modules.junit4.internal.impl.PowerMockJUnit47RunnerDelegateImpl$PowerMockJUnit47MethodRunner.executeTestInSuper(PowerMockJUnit47RunnerDelegateImpl.java:131)
	org.powermock.modules.junit4.internal.impl.PowerMockJUnit47RunnerDelegateImpl$PowerMockJUnit47MethodRunner.access$100(PowerMockJUnit47RunnerDelegateImpl.java:59)
	org.powermock.modules.junit4.internal.impl.PowerMockJUnit47RunnerDelegateImpl$PowerMockJUnit47MethodRunner$TestExecutorStatement.evaluate(PowerMockJUnit47RunnerDelegateImpl.java:147)
	org.powermock.modules.junit4.internal.impl.PowerMockJUnit47RunnerDelegateImpl$PowerMockJUnit47MethodRunner.evaluateStatement(PowerMockJUnit47RunnerDelegateImpl.java:107)
	org.powermock.modules.junit4.internal.impl.PowerMockJUnit47RunnerDelegateImpl$PowerMockJUnit47MethodRunner.executeTest(PowerMockJUnit47RunnerDelegateImpl.java:82)
	org.powermock.modules.junit4.internal.impl.PowerMockJUnit44RunnerDelegateImpl$PowerMockJUnit44MethodRunner.runBeforesThenTestThenAfters(PowerMockJUnit44RunnerDelegateImpl.java:298)
	org.junit.internal.runners.MethodRoadie.runTest(MethodRoadie.java:87)
	org.junit.internal.runners.MethodRoadie.run(MethodRoadie.java:50)
	org.powermock.modules.junit4.internal.impl.PowerMockJUnit44RunnerDelegateImpl.invokeTestMethod(PowerMockJUnit44RunnerDelegateImpl.java:218)
	org.powermock.modules.junit4.internal.impl.PowerMockJUnit44RunnerDelegateImpl.runMethods(PowerMockJUnit44RunnerDelegateImpl.java:160)
	org.powermock.modules.junit4.internal.impl.PowerMockJUnit44RunnerDelegateImpl$1.run(PowerMockJUnit44RunnerDelegateImpl.java:134)
	org.junit.internal.runners.ClassRoadie.runUnprotected(ClassRoadie.java:34)
	org.junit.internal.runners.ClassRoadie.runProtected(ClassRoadie.java:44)
	org.powermock.modules.junit4.internal.impl.PowerMockJUnit44RunnerDelegateImpl.run(PowerMockJUnit44RunnerDelegateImpl.java:136)
	org.powermock.modules.junit4.common.internal.impl.JUnit4TestSuiteChunkerImpl.run(JUnit4TestSuiteChunkerImpl.java:117)
	org.powermock.modules.junit4.common.internal.impl.AbstractCommonPowerMockRunner.run(AbstractCommonPowerMockRunner.java:57)
	org.powermock.modules.junit4.PowerMockRunner.run(PowerMockRunner.java:59)
	org.apache.maven.surefire.junit4.JUnit4Provider.execute(JUnit4Provider.java:365)
	org.apache.maven.surefire.junit4.JUnit4Provider.executeWithRerun(JUnit4Provider.java:273)
	org.apache.maven.surefire.junit4.JUnit4Provider.executeTestSet(JUnit4Provider.java:238)
	org.apache.maven.surefire.junit4.JUnit4Provider.invoke(JUnit4Provider.java:159)
	org.apache.maven.surefire.booter.ForkedBooter.invokeProviderInSameClassLoader(ForkedBooter.java:379)
	org.apache.maven.surefire.booter.ForkedBooter.runSuitesInProcess(ForkedBooter.java:340)
	org.apache.maven.surefire.booter.ForkedBooter.execute(ForkedBooter.java:125)
	org.apache.maven.surefire.booter.ForkedBooter.main(ForkedBooter.java:413)
#3:
	io.netty.buffer.AdvancedLeakAwareByteBuf.writeLong(AdvancedLeakAwareByteBuf.java:568)
	org.apache.bookkeeper.proto.checksum.DigestManager.computeDigestAndPackageForSending(DigestManager.java:109)
	org.apache.bookkeeper.client.ClientUtil.generatePacket(ClientUtil.java:53)
	org.apache.bookkeeper.client.ClientUtil.generatePacket(ClientUtil.java:46)
	org.apache.bookkeeper.bookie.BookieJournalTest.writePreV2Journal(BookieJournalTest.java:168)
	org.apache.bookkeeper.bookie.BookieJournalTest.testPreV2Journal(BookieJournalTest.java:363)
	java.base/jdk.internal.reflect.NativeMethodAccessorImpl.invoke0(Native Method)
	java.base/jdk.internal.reflect.NativeMethodAccessorImpl.invoke(NativeMethodAccessorImpl.java:62)
	java.base/jdk.internal.reflect.DelegatingMethodAccessorImpl.invoke(DelegatingMethodAccessorImpl.java:43)
	java.base/java.lang.reflect.Method.invoke(Method.java:566)
	org.junit.internal.runners.TestMethod.invoke(TestMethod.java:68)
	org.powermock.modules.junit4.internal.impl.PowerMockJUnit44RunnerDelegateImpl$PowerMockJUnit44MethodRunner.runTestMethod(PowerMockJUnit44RunnerDelegateImpl.java:326)
	org.junit.internal.runners.MethodRoadie$2.run(MethodRoadie.java:89)
	org.junit.internal.runners.MethodRoadie.runBeforesThenTestThenAfters(MethodRoadie.java:97)
	org.powermock.modules.junit4.internal.impl.PowerMockJUnit44RunnerDelegateImpl$PowerMockJUnit44MethodRunner.executeTest(PowerMockJUnit44RunnerDelegateImpl.java:310)
	org.powermock.modules.junit4.internal.impl.PowerMockJUnit47RunnerDelegateImpl$PowerMockJUnit47MethodRunner.executeTestInSuper(PowerMockJUnit47RunnerDelegateImpl.java:131)
	org.powermock.modules.junit4.internal.impl.PowerMockJUnit47RunnerDelegateImpl$PowerMockJUnit47MethodRunner.access$100(PowerMockJUnit47RunnerDelegateImpl.java:59)
	org.powermock.modules.junit4.internal.impl.PowerMockJUnit47RunnerDelegateImpl$PowerMockJUnit47MethodRunner$TestExecutorStatement.evaluate(PowerMockJUnit47RunnerDelegateImpl.java:147)
	org.powermock.modules.junit4.internal.impl.PowerMockJUnit47RunnerDelegateImpl$PowerMockJUnit47MethodRunner.evaluateStatement(PowerMockJUnit47RunnerDelegateImpl.java:107)
	org.powermock.modules.junit4.internal.impl.PowerMockJUnit47RunnerDelegateImpl$PowerMockJUnit47MethodRunner.executeTest(PowerMockJUnit47RunnerDelegateImpl.java:82)
	org.powermock.modules.junit4.internal.impl.PowerMockJUnit44RunnerDelegateImpl$PowerMockJUnit44MethodRunner.runBeforesThenTestThenAfters(PowerMockJUnit44RunnerDelegateImpl.java:298)
	org.junit.internal.runners.MethodRoadie.runTest(MethodRoadie.java:87)
	org.junit.internal.runners.MethodRoadie.run(MethodRoadie.java:50)
	org.powermock.modules.junit4.internal.impl.PowerMockJUnit44RunnerDelegateImpl.invokeTestMethod(PowerMockJUnit44RunnerDelegateImpl.java:218)
	org.powermock.modules.junit4.internal.impl.PowerMockJUnit44RunnerDelegateImpl.runMethods(PowerMockJUnit44RunnerDelegateImpl.java:160)
	org.powermock.modules.junit4.internal.impl.PowerMockJUnit44RunnerDelegateImpl$1.run(PowerMockJUnit44RunnerDelegateImpl.java:134)
	org.junit.internal.runners.ClassRoadie.runUnprotected(ClassRoadie.java:34)
	org.junit.internal.runners.ClassRoadie.runProtected(ClassRoadie.java:44)
	org.powermock.modules.junit4.internal.impl.PowerMockJUnit44RunnerDelegateImpl.run(PowerMockJUnit44RunnerDelegateImpl.java:136)
	org.powermock.modules.junit4.common.internal.impl.JUnit4TestSuiteChunkerImpl.run(JUnit4TestSuiteChunkerImpl.java:117)
	org.powermock.modules.junit4.common.internal.impl.AbstractCommonPowerMockRunner.run(AbstractCommonPowerMockRunner.java:57)
	org.powermock.modules.junit4.PowerMockRunner.run(PowerMockRunner.java:59)
	org.apache.maven.surefire.junit4.JUnit4Provider.execute(JUnit4Provider.java:365)
	org.apache.maven.surefire.junit4.JUnit4Provider.executeWithRerun(JUnit4Provider.java:273)
	org.apache.maven.surefire.junit4.JUnit4Provider.executeTestSet(JUnit4Provider.java:238)
	org.apache.maven.surefire.junit4.JUnit4Provider.invoke(JUnit4Provider.java:159)
	org.apache.maven.surefire.booter.ForkedBooter.invokeProviderInSameClassLoader(ForkedBooter.java:379)
	org.apache.maven.surefire.booter.ForkedBooter.runSuitesInProcess(ForkedBooter.java:340)
	org.apache.maven.surefire.booter.ForkedBooter.execute(ForkedBooter.java:125)
	org.apache.maven.surefire.booter.ForkedBooter.main(ForkedBooter.java:413)
#4:
	io.netty.buffer.AdvancedLeakAwareByteBuf.writeLong(AdvancedLeakAwareByteBuf.java:568)
	org.apache.bookkeeper.proto.checksum.DigestManager.computeDigestAndPackageForSending(DigestManager.java:108)
	org.apache.bookkeeper.client.ClientUtil.generatePacket(ClientUtil.java:53)
	org.apache.bookkeeper.client.ClientUtil.generatePacket(ClientUtil.java:46)
	org.apache.bookkeeper.bookie.BookieJournalTest.writePreV2Journal(BookieJournalTest.java:168)
	org.apache.bookkeeper.bookie.BookieJournalTest.testPreV2Journal(BookieJournalTest.java:363)
	java.base/jdk.internal.reflect.NativeMethodAccessorImpl.invoke0(Native Method)
	java.base/jdk.internal.reflect.NativeMethodAccessorImpl.invoke(NativeMethodAccessorImpl.java:62)
	java.base/jdk.internal.reflect.DelegatingMethodAccessorImpl.invoke(DelegatingMethodAccessorImpl.java:43)
	java.base/java.lang.reflect.Method.invoke(Method.java:566)
	org.junit.internal.runners.TestMethod.invoke(TestMethod.java:68)
	org.powermock.modules.junit4.internal.impl.PowerMockJUnit44RunnerDelegateImpl$PowerMockJUnit44MethodRunner.runTestMethod(PowerMockJUnit44RunnerDelegateImpl.java:326)
	org.junit.internal.runners.MethodRoadie$2.run(MethodRoadie.java:89)
	org.junit.internal.runners.MethodRoadie.runBeforesThenTestThenAfters(MethodRoadie.java:97)
	org.powermock.modules.junit4.internal.impl.PowerMockJUnit44RunnerDelegateImpl$PowerMockJUnit44MethodRunner.executeTest(PowerMockJUnit44RunnerDelegateImpl.java:310)
	org.powermock.modules.junit4.internal.impl.PowerMockJUnit47RunnerDelegateImpl$PowerMockJUnit47MethodRunner.executeTestInSuper(PowerMockJUnit47RunnerDelegateImpl.java:131)
	org.powermock.modules.junit4.internal.impl.PowerMockJUnit47RunnerDelegateImpl$PowerMockJUnit47MethodRunner.access$100(PowerMockJUnit47RunnerDelegateImpl.java:59)
	org.powermock.modules.junit4.internal.impl.PowerMockJUnit47RunnerDelegateImpl$PowerMockJUnit47MethodRunner$TestExecutorStatement.evaluate(PowerMockJUnit47RunnerDelegateImpl.java:147)
	org.powermock.modules.junit4.internal.impl.PowerMockJUnit47RunnerDelegateImpl$PowerMockJUnit47MethodRunner.evaluateStatement(PowerMockJUnit47RunnerDelegateImpl.java:107)
	org.powermock.modules.junit4.internal.impl.PowerMockJUnit47RunnerDelegateImpl$PowerMockJUnit47MethodRunner.executeTest(PowerMockJUnit47RunnerDelegateImpl.java:82)
	org.powermock.modules.junit4.internal.impl.PowerMockJUnit44RunnerDelegateImpl$PowerMockJUnit44MethodRunner.runBeforesThenTestThenAfters(PowerMockJUnit44RunnerDelegateImpl.java:298)
	org.junit.internal.runners.MethodRoadie.runTest(MethodRoadie.java:87)
	org.junit.internal.runners.MethodRoadie.run(MethodRoadie.java:50)
	org.powermock.modules.junit4.internal.impl.PowerMockJUnit44RunnerDelegateImpl.invokeTestMethod(PowerMockJUnit44RunnerDelegateImpl.java:218)
	org.powermock.modules.junit4.internal.impl.PowerMockJUnit44RunnerDelegateImpl.runMethods(PowerMockJUnit44RunnerDelegateImpl.java:160)
	org.powermock.modules.junit4.internal.impl.PowerMockJUnit44RunnerDelegateImpl$1.run(PowerMockJUnit44RunnerDelegateImpl.java:134)
	org.junit.internal.runners.ClassRoadie.runUnprotected(ClassRoadie.java:34)
	org.junit.internal.runners.ClassRoadie.runProtected(ClassRoadie.java:44)
	org.powermock.modules.junit4.internal.impl.PowerMockJUnit44RunnerDelegateImpl.run(PowerMockJUnit44RunnerDelegateImpl.java:136)
	org.powermock.modules.junit4.common.internal.impl.JUnit4TestSuiteChunkerImpl.run(JUnit4TestSuiteChunkerImpl.java:117)
	org.powermock.modules.junit4.common.internal.impl.AbstractCommonPowerMockRunner.run(AbstractCommonPowerMockRunner.java:57)
	org.powermock.modules.junit4.PowerMockRunner.run(PowerMockRunner.java:59)
	org.apache.maven.surefire.junit4.JUnit4Provider.execute(JUnit4Provider.java:365)
	org.apache.maven.surefire.junit4.JUnit4Provider.executeWithRerun(JUnit4Provider.java:273)
	org.apache.maven.surefire.junit4.JUnit4Provider.executeTestSet(JUnit4Provider.java:238)
	org.apache.maven.surefire.junit4.JUnit4Provider.invoke(JUnit4Provider.java:159)
	org.apache.maven.surefire.booter.ForkedBooter.invokeProviderInSameClassLoader(ForkedBooter.java:379)
	org.apache.maven.surefire.booter.ForkedBooter.runSuitesInProcess(ForkedBooter.java:340)
	org.apache.maven.surefire.booter.ForkedBooter.execute(ForkedBooter.java:125)
	org.apache.maven.surefire.booter.ForkedBooter.main(ForkedBooter.java:413)
#5:
	io.netty.buffer.AdvancedLeakAwareByteBuf.writeLong(AdvancedLeakAwareByteBuf.java:568)
	org.apache.bookkeeper.proto.checksum.DigestManager.computeDigestAndPackageForSending(DigestManager.java:107)
	org.apache.bookkeeper.client.ClientUtil.generatePacket(ClientUtil.java:53)
	org.apache.bookkeeper.client.ClientUtil.generatePacket(ClientUtil.java:46)
	org.apache.bookkeeper.bookie.BookieJournalTest.writePreV2Journal(BookieJournalTest.java:168)
	org.apache.bookkeeper.bookie.BookieJournalTest.testPreV2Journal(BookieJournalTest.java:363)
	java.base/jdk.internal.reflect.NativeMethodAccessorImpl.invoke0(Native Method)
	java.base/jdk.internal.reflect.NativeMethodAccessorImpl.invoke(NativeMethodAccessorImpl.java:62)
	java.base/jdk.internal.reflect.DelegatingMethodAccessorImpl.invoke(DelegatingMethodAccessorImpl.java:43)
	java.base/java.lang.reflect.Method.invoke(Method.java:566)
	org.junit.internal.runners.TestMethod.invoke(TestMethod.java:68)
	org.powermock.modules.junit4.internal.impl.PowerMockJUnit44RunnerDelegateImpl$PowerMockJUnit44MethodRunner.runTestMethod(PowerMockJUnit44RunnerDelegateImpl.java:326)
	org.junit.internal.runners.MethodRoadie$2.run(MethodRoadie.java:89)
	org.junit.internal.runners.MethodRoadie.runBeforesThenTestThenAfters(MethodRoadie.java:97)
	org.powermock.modules.junit4.internal.impl.PowerMockJUnit44RunnerDelegateImpl$PowerMockJUnit44MethodRunner.executeTest(PowerMockJUnit44RunnerDelegateImpl.java:310)
	org.powermock.modules.junit4.internal.impl.PowerMockJUnit47RunnerDelegateImpl$PowerMockJUnit47MethodRunner.executeTestInSuper(PowerMockJUnit47RunnerDelegateImpl.java:131)
	org.powermock.modules.junit4.internal.impl.PowerMockJUnit47RunnerDelegateImpl$PowerMockJUnit47MethodRunner.access$100(PowerMockJUnit47RunnerDelegateImpl.java:59)
	org.powermock.modules.junit4.internal.impl.PowerMockJUnit47RunnerDelegateImpl$PowerMockJUnit47MethodRunner$TestExecutorStatement.evaluate(PowerMockJUnit47RunnerDelegateImpl.java:147)
	org.powermock.modules.junit4.internal.impl.PowerMockJUnit47RunnerDelegateImpl$PowerMockJUnit47MethodRunner.evaluateStatement(PowerMockJUnit47RunnerDelegateImpl.java:107)
	org.powermock.modules.junit4.internal.impl.PowerMockJUnit47RunnerDelegateImpl$PowerMockJUnit47MethodRunner.executeTest(PowerMockJUnit47RunnerDelegateImpl.java:82)
	org.powermock.modules.junit4.internal.impl.PowerMockJUnit44RunnerDelegateImpl$PowerMockJUnit44MethodRunner.runBeforesThenTestThenAfters(PowerMockJUnit44RunnerDelegateImpl.java:298)
	org.junit.internal.runners.MethodRoadie.runTest(MethodRoadie.java:87)
	org.junit.internal.runners.MethodRoadie.run(MethodRoadie.java:50)
	org.powermock.modules.junit4.internal.impl.PowerMockJUnit44RunnerDelegateImpl.invokeTestMethod(PowerMockJUnit44RunnerDelegateImpl.java:218)
	org.powermock.modules.junit4.internal.impl.PowerMockJUnit44RunnerDelegateImpl.runMethods(PowerMockJUnit44RunnerDelegateImpl.java:160)
	org.powermock.modules.junit4.internal.impl.PowerMockJUnit44RunnerDelegateImpl$1.run(PowerMockJUnit44RunnerDelegateImpl.java:134)
	org.junit.internal.runners.ClassRoadie.runUnprotected(ClassRoadie.java:34)
	org.junit.internal.runners.ClassRoadie.runProtected(ClassRoadie.java:44)
	org.powermock.modules.junit4.internal.impl.PowerMockJUnit44RunnerDelegateImpl.run(PowerMockJUnit44RunnerDelegateImpl.java:136)
	org.powermock.modules.junit4.common.internal.impl.JUnit4TestSuiteChunkerImpl.run(JUnit4TestSuiteChunkerImpl.java:117)
	org.powermock.modules.junit4.common.internal.impl.AbstractCommonPowerMockRunner.run(AbstractCommonPowerMockRunner.java:57)
	org.powermock.modules.junit4.PowerMockRunner.run(PowerMockRunner.java:59)
	org.apache.maven.surefire.junit4.JUnit4Provider.execute(JUnit4Provider.java:365)
	org.apache.maven.surefire.junit4.JUnit4Provider.executeWithRerun(JUnit4Provider.java:273)
	org.apache.maven.surefire.junit4.JUnit4Provider.executeTestSet(JUnit4Provider.java:238)
	org.apache.maven.surefire.junit4.JUnit4Provider.invoke(JUnit4Provider.java:159)
	org.apache.maven.surefire.booter.ForkedBooter.invokeProviderInSameClassLoader(ForkedBooter.java:379)
	org.apache.maven.surefire.booter.ForkedBooter.runSuitesInProcess(ForkedBooter.java:340)
	org.apache.maven.surefire.booter.ForkedBooter.execute(ForkedBooter.java:125)
	org.apache.maven.surefire.booter.ForkedBooter.main(ForkedBooter.java:413)
Created at:
	io.netty.buffer.UnpooledByteBufAllocator.newDirectBuffer(UnpooledByteBufAllocator.java:96)
	io.netty.buffer.AbstractByteBufAllocator.directBuffer(AbstractByteBufAllocator.java:185)
	io.netty.buffer.AbstractByteBufAllocator.directBuffer(AbstractByteBufAllocator.java:176)
	io.netty.buffer.AbstractByteBufAllocator.buffer(AbstractByteBufAllocator.java:113)
	org.apache.bookkeeper.proto.checksum.DigestManager.computeDigestAndPackageForSending(DigestManager.java:103)
	org.apache.bookkeeper.client.ClientUtil.generatePacket(ClientUtil.java:53)
	org.apache.bookkeeper.client.ClientUtil.generatePacket(ClientUtil.java:46)
	org.apache.bookkeeper.bookie.BookieJournalTest.writePreV2Journal(BookieJournalTest.java:168)
	org.apache.bookkeeper.bookie.BookieJournalTest.testPreV2Journal(BookieJournalTest.java:363)
	java.base/jdk.internal.reflect.NativeMethodAccessorImpl.invoke0(Native Method)
	java.base/jdk.internal.reflect.NativeMethodAccessorImpl.invoke(NativeMethodAccessorImpl.java:62)
	java.base/jdk.internal.reflect.DelegatingMethodAccessorImpl.invoke(DelegatingMethodAccessorImpl.java:43)
	java.base/java.lang.reflect.Method.invoke(Method.java:566)
	org.junit.internal.runners.TestMethod.invoke(TestMethod.java:68)
	org.powermock.modules.junit4.internal.impl.PowerMockJUnit44RunnerDelegateImpl$PowerMockJUnit44MethodRunner.runTestMethod(PowerMockJUnit44RunnerDelegateImpl.java:326)
	org.junit.internal.runners.MethodRoadie$2.run(MethodRoadie.java:89)
	org.junit.internal.runners.MethodRoadie.runBeforesThenTestThenAfters(MethodRoadie.java:97)
	org.powermock.modules.junit4.internal.impl.PowerMockJUnit44RunnerDelegateImpl$PowerMockJUnit44MethodRunner.executeTest(PowerMockJUnit44RunnerDelegateImpl.java:310)
	org.powermock.modules.junit4.internal.impl.PowerMockJUnit47RunnerDelegateImpl$PowerMockJUnit47MethodRunner.executeTestInSuper(PowerMockJUnit47RunnerDelegateImpl.java:131)
	org.powermock.modules.junit4.internal.impl.PowerMockJUnit47RunnerDelegateImpl$PowerMockJUnit47MethodRunner.access$100(PowerMockJUnit47RunnerDelegateImpl.java:59)
	org.powermock.modules.junit4.internal.impl.PowerMockJUnit47RunnerDelegateImpl$PowerMockJUnit47MethodRunner$TestExecutorStatement.evaluate(PowerMockJUnit47RunnerDelegateImpl.java:147)
	org.powermock.modules.junit4.internal.impl.PowerMockJUnit47RunnerDelegateImpl$PowerMockJUnit47MethodRunner.evaluateStatement(PowerMockJUnit47RunnerDelegateImpl.java:107)
	org.powermock.modules.junit4.internal.impl.PowerMockJUnit47RunnerDelegateImpl$PowerMockJUnit47MethodRunner.executeTest(PowerMockJUnit47RunnerDelegateImpl.java:82)
	org.powermock.modules.junit4.internal.impl.PowerMockJUnit44RunnerDelegateImpl$PowerMockJUnit44MethodRunner.runBeforesThenTestThenAfters(PowerMockJUnit44RunnerDelegateImpl.java:298)
	org.junit.internal.runners.MethodRoadie.runTest(MethodRoadie.java:87)
	org.junit.internal.runners.MethodRoadie.run(MethodRoadie.java:50)
	org.powermock.modules.junit4.internal.impl.PowerMockJUnit44RunnerDelegateImpl.invokeTestMethod(PowerMockJUnit44RunnerDelegateImpl.java:218)
	org.powermock.modules.junit4.internal.impl.PowerMockJUnit44RunnerDelegateImpl.runMethods(PowerMockJUnit44RunnerDelegateImpl.java:160)
	org.powermock.modules.junit4.internal.impl.PowerMockJUnit44RunnerDelegateImpl$1.run(PowerMockJUnit44RunnerDelegateImpl.java:134)
	org.junit.internal.runners.ClassRoadie.runUnprotected(ClassRoadie.java:34)
	org.junit.internal.runners.ClassRoadie.runProtected(ClassRoadie.java:44)
	org.powermock.modules.junit4.internal.impl.PowerMockJUnit44RunnerDelegateImpl.run(PowerMockJUnit44RunnerDelegateImpl.java:136)
	org.powermock.modules.junit4.common.internal.impl.JUnit4TestSuiteChunkerImpl.run(JUnit4TestSuiteChunkerImpl.java:117)
	org.powermock.modules.junit4.common.internal.impl.AbstractCommonPowerMockRunner.run(AbstractCommonPowerMockRunner.java:57)
	org.powermock.modules.junit4.PowerMockRunner.run(PowerMockRunner.java:59)
	org.apache.maven.surefire.junit4.JUnit4Provider.execute(JUnit4Provider.java:365)
	org.apache.maven.surefire.junit4.JUnit4Provider.executeWithRerun(JUnit4Provider.java:273)
	org.apache.maven.surefire.junit4.JUnit4Provider.executeTestSet(JUnit4Provider.java:238)
	org.apache.maven.surefire.junit4.JUnit4Provider.invoke(JUnit4Provider.java:159)
	org.apache.maven.surefire.booter.ForkedBooter.invokeProviderInSameClassLoader(ForkedBooter.java:379)
	org.apache.maven.surefire.booter.ForkedBooter.runSuitesInProcess(ForkedBooter.java:340)
	org.apache.maven.surefire.booter.ForkedBooter.execute(ForkedBooter.java:125)
	org.apache.maven.surefire.booter.ForkedBooter.main(ForkedBooter.java:413)
]]></system-out>
    <rerunError message="Could not initialize class javax.naming.spi.NamingManager" type="java.lang.NoClassDefFoundError">java.lang.NoClassDefFoundError: Could not initialize class javax.naming.spi.NamingManager
	at org.apache.bookkeeper.bookie.BookieJournalTest.createBookieAndReadJournal(BookieJournalTest.java:658)
	at org.apache.bookkeeper.bookie.BookieJournalTest.testV4Journal(BookieJournalTest.java:399)

      <system-out><![CDATA[2020-08-10 23:35:52,412 - INFO  - [main:JournalChannel@157] - Opening journal /tmp/bookie9543705940633759853journal/current/173da4d1852.txn
]]></system-out>
    </rerunError>
    <rerunError message="Could not initialize class javax.naming.spi.NamingManager" type="java.lang.NoClassDefFoundError">java.lang.NoClassDefFoundError: Could not initialize class javax.naming.spi.NamingManager
	at org.apache.bookkeeper.bookie.BookieJournalTest.createBookieAndReadJournal(BookieJournalTest.java:658)
	at org.apache.bookkeeper.bookie.BookieJournalTest.testV4Journal(BookieJournalTest.java:399)

      <system-out><![CDATA[2020-08-10 23:35:55,641 - INFO  - [main:JournalChannel@157] - Opening journal /tmp/bookie13148632879938060581journal/current/173da4d24ee.txn
]]></system-out>
    </rerunError>
  </testcase>
  <testcase name="testV5Journal" classname="org.apache.bookkeeper.bookie.BookieJournalTest" time="0.264">
    <error message="Could not initialize class javax.naming.spi.NamingManager" type="java.lang.NoClassDefFoundError">java.lang.NoClassDefFoundError: Could not initialize class javax.naming.spi.NamingManager
	at org.apache.bookkeeper.bookie.BookieJournalTest.createBookieAndReadJournal(BookieJournalTest.java:658)
	at org.apache.bookkeeper.bookie.BookieJournalTest.testV5Journal(BookieJournalTest.java:429)
</error>
    <system-out><![CDATA[2020-08-10 23:35:49,661 - INFO  - [main:JournalChannel@157] - Opening journal /tmp/bookie990713965761616084journal/current/173da4d0d9c.txn
]]></system-out>
    <rerunError message="Could not initialize class javax.naming.spi.NamingManager" type="java.lang.NoClassDefFoundError">java.lang.NoClassDefFoundError: Could not initialize class javax.naming.spi.NamingManager
	at org.apache.bookkeeper.bookie.BookieJournalTest.createBookieAndReadJournal(BookieJournalTest.java:658)
	at org.apache.bookkeeper.bookie.BookieJournalTest.testV5Journal(BookieJournalTest.java:429)

      <system-out><![CDATA[2020-08-10 23:35:52,458 - INFO  - [main:JournalChannel@157] - Opening journal /tmp/bookie4572844128017585072journal/current/173da4d188a.txn
]]></system-out>
    </rerunError>
    <rerunError message="Could not initialize class javax.naming.spi.NamingManager" type="java.lang.NoClassDefFoundError">java.lang.NoClassDefFoundError: Could not initialize class javax.naming.spi.NamingManager
	at org.apache.bookkeeper.bookie.BookieJournalTest.createBookieAndReadJournal(BookieJournalTest.java:658)
	at org.apache.bookkeeper.bookie.BookieJournalTest.testV5Journal(BookieJournalTest.java:429)

      <system-out><![CDATA[2020-08-10 23:35:55,681 - INFO  - [main:JournalChannel@157] - Opening journal /tmp/bookie11817721459935470043journal/current/173da4d2521.txn
]]></system-out>
    </rerunError>
  </testcase>
  <testcase name="testAllJunkJournal" classname="org.apache.bookkeeper.bookie.BookieJournalTest" time="0.007"/>
  <testcase name="testEmptyJournal" classname="org.apache.bookkeeper.bookie.BookieJournalTest" time="0.005">
    <error message="Could not initialize class javax.naming.spi.NamingManager" type="java.lang.NoClassDefFoundError">java.lang.NoClassDefFoundError: Could not initialize class javax.naming.spi.NamingManager
	at org.apache.bookkeeper.bookie.BookieJournalTest.testEmptyJournal(BookieJournalTest.java:500)
</error>
    <rerunError message="Could not initialize class javax.naming.spi.NamingManager" type="java.lang.NoClassDefFoundError">java.lang.NoClassDefFoundError: Could not initialize class javax.naming.spi.NamingManager
	at org.apache.bookkeeper.bookie.BookieJournalTest.testEmptyJournal(BookieJournalTest.java:500)
</rerunError>
    <rerunError message="Could not initialize class javax.naming.spi.NamingManager" type="java.lang.NoClassDefFoundError">java.lang.NoClassDefFoundError: Could not initialize class javax.naming.spi.NamingManager
	at org.apache.bookkeeper.bookie.BookieJournalTest.testEmptyJournal(BookieJournalTest.java:500)
</rerunError>
  </testcase>
  <testcase name="testHeaderOnlyJournal" classname="org.apache.bookkeeper.bookie.BookieJournalTest" time="0.019">
    <error message="Could not initialize class javax.naming.spi.NamingManager" type="java.lang.NoClassDefFoundError">java.lang.NoClassDefFoundError: Could not initialize class javax.naming.spi.NamingManager
	at org.apache.bookkeeper.bookie.BookieJournalTest.testHeaderOnlyJournal(BookieJournalTest.java:522)
</error>
    <system-out><![CDATA[2020-08-10 23:35:49,940 - INFO  - [main:JournalChannel@157] - Opening journal /tmp/bookie5661781649204978370journal/current/173da4d0eb4.txn
]]></system-out>
    <rerunError message="Could not initialize class javax.naming.spi.NamingManager" type="java.lang.NoClassDefFoundError">java.lang.NoClassDefFoundError: Could not initialize class javax.naming.spi.NamingManager
	at org.apache.bookkeeper.bookie.BookieJournalTest.testHeaderOnlyJournal(BookieJournalTest.java:522)

      <system-out><![CDATA[2020-08-10 23:35:52,668 - INFO  - [main:JournalChannel@157] - Opening journal /tmp/bookie14447890786594235265journal/current/173da4d195c.txn
]]></system-out>
    </rerunError>
    <rerunError message="Could not initialize class javax.naming.spi.NamingManager" type="java.lang.NoClassDefFoundError">java.lang.NoClassDefFoundError: Could not initialize class javax.naming.spi.NamingManager
	at org.apache.bookkeeper.bookie.BookieJournalTest.testHeaderOnlyJournal(BookieJournalTest.java:522)

      <system-out><![CDATA[2020-08-10 23:35:55,875 - INFO  - [main:JournalChannel@157] - Opening journal /tmp/bookie16238678506534400069journal/current/173da4d25e2.txn
]]></system-out>
    </rerunError>
  </testcase>
  <testcase name="testJunkEndedJournal" classname="org.apache.bookkeeper.bookie.BookieJournalTest" time="0.021"/>
  <testcase name="testTruncatedInLenJournal" classname="org.apache.bookkeeper.bookie.BookieJournalTest" time="0.04">
    <error message="Could not initialize class javax.naming.spi.NamingManager" type="java.lang.NoClassDefFoundError">java.lang.NoClassDefFoundError: Could not initialize class javax.naming.spi.NamingManager
	at org.apache.bookkeeper.bookie.BookieJournalTest.createBookieAndReadJournal(BookieJournalTest.java:658)
	at org.apache.bookkeeper.bookie.BookieJournalTest.testTruncatedInLenJournal(BookieJournalTest.java:588)
</error>
    <system-out><![CDATA[2020-08-10 23:35:49,983 - INFO  - [main:JournalChannel@157] - Opening journal /tmp/bookie3243314441185534685journal/current/173da4d0ede.txn
]]></system-out>
    <rerunError message="Could not initialize class javax.naming.spi.NamingManager" type="java.lang.NoClassDefFoundError">java.lang.NoClassDefFoundError: Could not initialize class javax.naming.spi.NamingManager
	at org.apache.bookkeeper.bookie.BookieJournalTest.createBookieAndReadJournal(BookieJournalTest.java:658)
	at org.apache.bookkeeper.bookie.BookieJournalTest.testTruncatedInLenJournal(BookieJournalTest.java:588)

      <system-out><![CDATA[2020-08-10 23:35:52,684 - INFO  - [main:JournalChannel@157] - Opening journal /tmp/bookie9470144146793567006journal/current/173da4d196c.txn
]]></system-out>
    </rerunError>
    <rerunError message="Could not initialize class javax.naming.spi.NamingManager" type="java.lang.NoClassDefFoundError">java.lang.NoClassDefFoundError: Could not initialize class javax.naming.spi.NamingManager
	at org.apache.bookkeeper.bookie.BookieJournalTest.createBookieAndReadJournal(BookieJournalTest.java:658)
	at org.apache.bookkeeper.bookie.BookieJournalTest.testTruncatedInLenJournal(BookieJournalTest.java:588)

      <system-out><![CDATA[2020-08-10 23:35:55,890 - INFO  - [main:JournalChannel@157] - Opening journal /tmp/bookie7955706286861091845journal/current/173da4d25f2.txn
]]></system-out>
    </rerunError>
  </testcase>
  <testcase name="testTruncatedInEntryJournal" classname="org.apache.bookkeeper.bookie.BookieJournalTest" time="0.038">
    <error message="Could not initialize class javax.naming.spi.NamingManager" type="java.lang.NoClassDefFoundError">java.lang.NoClassDefFoundError: Could not initialize class javax.naming.spi.NamingManager
	at org.apache.bookkeeper.bookie.BookieJournalTest.createBookieAndReadJournal(BookieJournalTest.java:658)
	at org.apache.bookkeeper.bookie.BookieJournalTest.testTruncatedInEntryJournal(BookieJournalTest.java:631)
</error>
    <system-out><![CDATA[2020-08-10 23:35:50,025 - INFO  - [main:JournalChannel@157] - Opening journal /tmp/bookie1400065045728728063journal/current/173da4d0f08.txn
]]></system-out>
    <rerunError message="Could not initialize class javax.naming.spi.NamingManager" type="java.lang.NoClassDefFoundError">java.lang.NoClassDefFoundError: Could not initialize class javax.naming.spi.NamingManager
	at org.apache.bookkeeper.bookie.BookieJournalTest.createBookieAndReadJournal(BookieJournalTest.java:658)
	at org.apache.bookkeeper.bookie.BookieJournalTest.testTruncatedInEntryJournal(BookieJournalTest.java:631)

      <system-out><![CDATA[2020-08-10 23:35:52,723 - INFO  - [main:JournalChannel@157] - Opening journal /tmp/bookie1926168471558692904journal/current/173da4d1993.txn
]]></system-out>
    </rerunError>
    <rerunError message="Could not initialize class javax.naming.spi.NamingManager" type="java.lang.NoClassDefFoundError">java.lang.NoClassDefFoundError: Could not initialize class javax.naming.spi.NamingManager
	at org.apache.bookkeeper.bookie.BookieJournalTest.createBookieAndReadJournal(BookieJournalTest.java:658)
	at org.apache.bookkeeper.bookie.BookieJournalTest.testTruncatedInEntryJournal(BookieJournalTest.java:631)

      <system-out><![CDATA[2020-08-10 23:35:55,927 - INFO  - [main:JournalChannel@157] - Opening journal /tmp/bookie5510825906303344014journal/current/173da4d2617.txn
]]></system-out>
    </rerunError>
  </testcase>
  <testcase name="testSortedLedgerStorageReplayWithSmallMaxArenaSize" classname="org.apache.bookkeeper.bookie.BookieJournalTest" time="0.043">
    <error message="Could not initialize class javax.naming.spi.NamingManager" type="java.lang.NoClassDefFoundError">java.lang.NoClassDefFoundError: Could not initialize class javax.naming.spi.NamingManager
	at org.apache.bookkeeper.bookie.BookieJournalTest.testSortedLedgerStorageReplayWithSmallMaxArenaSize(BookieJournalTest.java:693)
</error>
    <system-out><![CDATA[2020-08-10 23:35:50,065 - INFO  - [main:JournalChannel@157] - Opening journal /tmp/bookie9362382521049627756journal/current/173da4d0f30.txn
]]></system-out>
    <rerunError message="Could not initialize class javax.naming.spi.NamingManager" type="java.lang.NoClassDefFoundError">java.lang.NoClassDefFoundError: Could not initialize class javax.naming.spi.NamingManager
	at org.apache.bookkeeper.bookie.BookieJournalTest.testSortedLedgerStorageReplayWithSmallMaxArenaSize(BookieJournalTest.java:693)

      <system-out><![CDATA[2020-08-10 23:35:52,760 - INFO  - [main:JournalChannel@157] - Opening journal /tmp/bookie1773036063861473713journal/current/173da4d19b8.txn
]]></system-out>
    </rerunError>
    <rerunError message="Could not initialize class javax.naming.spi.NamingManager" type="java.lang.NoClassDefFoundError">java.lang.NoClassDefFoundError: Could not initialize class javax.naming.spi.NamingManager
	at org.apache.bookkeeper.bookie.BookieJournalTest.testSortedLedgerStorageReplayWithSmallMaxArenaSize(BookieJournalTest.java:693)

      <system-out><![CDATA[2020-08-10 23:35:55,965 - INFO  - [main:JournalChannel@157] - Opening journal /tmp/bookie11120241236746905322journal/current/173da4d263c.txn
]]></system-out>
    </rerunError>
  </testcase>
  <testcase name="testPartialFileInfoPreV3Journal1" classname="org.apache.bookkeeper.bookie.BookieJournalTest" time="0.035">
    <error message="Could not initialize class javax.naming.spi.NamingManager" type="java.lang.NoClassDefFoundError">java.lang.NoClassDefFoundError: Could not initialize class javax.naming.spi.NamingManager
	at org.apache.bookkeeper.bookie.BookieJournalTest.testPartialFileInfoPreV3Journal(BookieJournalTest.java:738)
	at org.apache.bookkeeper.bookie.BookieJournalTest.testPartialFileInfoPreV3Journal1(BookieJournalTest.java:705)
</error>
    <rerunError message="Could not initialize class javax.naming.spi.NamingManager" type="java.lang.NoClassDefFoundError">java.lang.NoClassDefFoundError: Could not initialize class javax.naming.spi.NamingManager
	at org.apache.bookkeeper.bookie.BookieJournalTest.testPartialFileInfoPreV3Journal(BookieJournalTest.java:738)
	at org.apache.bookkeeper.bookie.BookieJournalTest.testPartialFileInfoPreV3Journal1(BookieJournalTest.java:705)
</rerunError>
    <rerunError message="Could not initialize class javax.naming.spi.NamingManager" type="java.lang.NoClassDefFoundError">java.lang.NoClassDefFoundError: Could not initialize class javax.naming.spi.NamingManager
	at org.apache.bookkeeper.bookie.BookieJournalTest.testPartialFileInfoPreV3Journal(BookieJournalTest.java:738)
	at org.apache.bookkeeper.bookie.BookieJournalTest.testPartialFileInfoPreV3Journal1(BookieJournalTest.java:705)
</rerunError>
  </testcase>
  <testcase name="testPartialFileInfoPreV3Journal2" classname="org.apache.bookkeeper.bookie.BookieJournalTest" time="0.027">
    <error message="Could not initialize class javax.naming.spi.NamingManager" type="java.lang.NoClassDefFoundError">java.lang.NoClassDefFoundError: Could not initialize class javax.naming.spi.NamingManager
	at org.apache.bookkeeper.bookie.BookieJournalTest.testPartialFileInfoPreV3Journal(BookieJournalTest.java:744)
	at org.apache.bookkeeper.bookie.BookieJournalTest.testPartialFileInfoPreV3Journal2(BookieJournalTest.java:713)
</error>
    <rerunError message="Could not initialize class javax.naming.spi.NamingManager" type="java.lang.NoClassDefFoundError">java.lang.NoClassDefFoundError: Could not initialize class javax.naming.spi.NamingManager
	at org.apache.bookkeeper.bookie.BookieJournalTest.testPartialFileInfoPreV3Journal(BookieJournalTest.java:744)
	at org.apache.bookkeeper.bookie.BookieJournalTest.testPartialFileInfoPreV3Journal2(BookieJournalTest.java:713)
</rerunError>
    <rerunError message="Could not initialize class javax.naming.spi.NamingManager" type="java.lang.NoClassDefFoundError">java.lang.NoClassDefFoundError: Could not initialize class javax.naming.spi.NamingManager
	at org.apache.bookkeeper.bookie.BookieJournalTest.testPartialFileInfoPreV3Journal(BookieJournalTest.java:744)
	at org.apache.bookkeeper.bookie.BookieJournalTest.testPartialFileInfoPreV3Journal2(BookieJournalTest.java:713)
</rerunError>
  </testcase>
  <testcase name="testPartialFileInfoPostV3Journal1" classname="org.apache.bookkeeper.bookie.BookieJournalTest" time="0.036">
    <error message="Could not initialize class javax.naming.spi.NamingManager" type="java.lang.NoClassDefFoundError">java.lang.NoClassDefFoundError: Could not initialize class javax.naming.spi.NamingManager
	at org.apache.bookkeeper.bookie.BookieJournalTest.testPartialFileInfoPostV3Journal(BookieJournalTest.java:794)
	at org.apache.bookkeeper.bookie.BookieJournalTest.testPartialFileInfoPostV3Journal1(BookieJournalTest.java:761)
</error>
    <system-out><![CDATA[2020-08-10 23:35:50,178 - INFO  - [main:JournalChannel@157] - Opening journal /tmp/bookie11769255430092407473journal/current/173da4d0fa2.txn
]]></system-out>
    <rerunError message="Could not initialize class javax.naming.spi.NamingManager" type="java.lang.NoClassDefFoundError">java.lang.NoClassDefFoundError: Could not initialize class javax.naming.spi.NamingManager
	at org.apache.bookkeeper.bookie.BookieJournalTest.testPartialFileInfoPostV3Journal(BookieJournalTest.java:794)
	at org.apache.bookkeeper.bookie.BookieJournalTest.testPartialFileInfoPostV3Journal1(BookieJournalTest.java:761)

      <system-out><![CDATA[2020-08-10 23:35:52,846 - INFO  - [main:JournalChannel@157] - Opening journal /tmp/bookie5340301733707123964journal/current/173da4d1a0d.txn
]]></system-out>
    </rerunError>
    <rerunError message="Could not initialize class javax.naming.spi.NamingManager" type="java.lang.NoClassDefFoundError">java.lang.NoClassDefFoundError: Could not initialize class javax.naming.spi.NamingManager
	at org.apache.bookkeeper.bookie.BookieJournalTest.testPartialFileInfoPostV3Journal(BookieJournalTest.java:794)
	at org.apache.bookkeeper.bookie.BookieJournalTest.testPartialFileInfoPostV3Journal1(BookieJournalTest.java:761)

      <system-out><![CDATA[2020-08-10 23:35:56,047 - INFO  - [main:JournalChannel@157] - Opening journal /tmp/bookie14842707478294131866journal/current/173da4d268f.txn
]]></system-out>
    </rerunError>
  </testcase>
  <testcase name="testPartialFileInfoPostV3Journal2" classname="org.apache.bookkeeper.bookie.BookieJournalTest" time="0.036">
    <error message="Could not initialize class javax.naming.spi.NamingManager" type="java.lang.NoClassDefFoundError">java.lang.NoClassDefFoundError: Could not initialize class javax.naming.spi.NamingManager
	at org.apache.bookkeeper.bookie.BookieJournalTest.testPartialFileInfoPostV3Journal(BookieJournalTest.java:794)
	at org.apache.bookkeeper.bookie.BookieJournalTest.testPartialFileInfoPostV3Journal2(BookieJournalTest.java:769)
</error>
    <system-out><![CDATA[2020-08-10 23:35:50,217 - INFO  - [main:JournalChannel@157] - Opening journal /tmp/bookie14939271466828684606journal/current/173da4d0fc9.txn
]]></system-out>
    <rerunError message="Could not initialize class javax.naming.spi.NamingManager" type="java.lang.NoClassDefFoundError">java.lang.NoClassDefFoundError: Could not initialize class javax.naming.spi.NamingManager
	at org.apache.bookkeeper.bookie.BookieJournalTest.testPartialFileInfoPostV3Journal(BookieJournalTest.java:794)
	at org.apache.bookkeeper.bookie.BookieJournalTest.testPartialFileInfoPostV3Journal2(BookieJournalTest.java:769)

      <system-out><![CDATA[2020-08-10 23:35:52,879 - INFO  - [main:JournalChannel@157] - Opening journal /tmp/bookie11303047819166717785journal/current/173da4d1a2f.txn
]]></system-out>
    </rerunError>
    <rerunError message="Could not initialize class javax.naming.spi.NamingManager" type="java.lang.NoClassDefFoundError">java.lang.NoClassDefFoundError: Could not initialize class javax.naming.spi.NamingManager
	at org.apache.bookkeeper.bookie.BookieJournalTest.testPartialFileInfoPostV3Journal(BookieJournalTest.java:794)
	at org.apache.bookkeeper.bookie.BookieJournalTest.testPartialFileInfoPostV3Journal2(BookieJournalTest.java:769)

      <system-out><![CDATA[2020-08-10 23:35:56,079 - INFO  - [main:JournalChannel@157] - Opening journal /tmp/bookie17319329145748872696journal/current/173da4d26af.txn
]]></system-out>
    </rerunError>
  </testcase>
  <testcase name="testJournalScanIOException" classname="org.apache.bookkeeper.bookie.BookieJournalTest" time="0.645">
    <error message="Could not initialize class javax.naming.spi.NamingManager" type="java.lang.NoClassDefFoundError">java.lang.NoClassDefFoundError: Could not initialize class javax.naming.spi.NamingManager
	at org.apache.bookkeeper.bookie.BookieJournalTest.testJournalScanIOException(BookieJournalTest.java:832)
</error>
    <system-out><![CDATA[2020-08-10 23:35:50,254 - INFO  - [main:JournalChannel@157] - Opening journal /tmp/bookie9038908238230414983journal/current/173da4d0fed.txn
]]></system-out>
    <system-err><![CDATA[log4j:ERROR A "org.apache.log4j.ConsoleAppender" object is not assignable to a "org.apache.log4j.Appender" variable.
log4j:ERROR The class "org.apache.log4j.Appender" was loaded by 
log4j:ERROR [jdk.internal.loader.ClassLoaders$AppClassLoader@8bcc55f] whereas object of type 
log4j:ERROR "org.apache.log4j.ConsoleAppender" was loaded by [org.powermock.core.classloader.javassist.JavassistMockClassLoader@7cbd213e].
log4j:ERROR Could not instantiate appender named "CONSOLE".
]]></system-err>
    <rerunError message="Could not initialize class javax.naming.spi.NamingManager" type="java.lang.NoClassDefFoundError">java.lang.NoClassDefFoundError: Could not initialize class javax.naming.spi.NamingManager
	at org.apache.bookkeeper.bookie.BookieJournalTest.testJournalScanIOException(BookieJournalTest.java:832)

      <system-out><![CDATA[2020-08-10 23:35:52,913 - INFO  - [main:JournalChannel@157] - Opening journal /tmp/bookie2102196387310166000journal/current/173da4d1a51.txn
2020-08-10 23:35:52,956 - ERROR - [main:ResourceLeakDetector@317] - LEAK: ByteBuf.release() was not called before it's garbage-collected. See http://netty.io/wiki/reference-counted-objects.html for more information.
Recent access records: 
#1:
	io.netty.buffer.AdvancedLeakAwareByteBuf.writeLong(AdvancedLeakAwareByteBuf.java:568)
	org.apache.bookkeeper.proto.checksum.CRC32DigestManager.populateValueAndReset(CRC32DigestManager.java:61)
	org.apache.bookkeeper.proto.checksum.DigestManager.computeDigestAndPackageForSending(DigestManager.java:114)
	org.apache.bookkeeper.client.ClientUtil.generatePacket(ClientUtil.java:53)
	org.apache.bookkeeper.bookie.BookieJournalTest.writeV5Journal(BookieJournalTest.java:323)
	org.apache.bookkeeper.bookie.BookieJournalTest.writeV5Journal(BookieJournalTest.java:302)
	org.apache.bookkeeper.bookie.BookieJournalTest.testV5Journal(BookieJournalTest.java:421)
	java.base/jdk.internal.reflect.NativeMethodAccessorImpl.invoke0(Native Method)
	java.base/jdk.internal.reflect.NativeMethodAccessorImpl.invoke(NativeMethodAccessorImpl.java:62)
	java.base/jdk.internal.reflect.DelegatingMethodAccessorImpl.invoke(DelegatingMethodAccessorImpl.java:43)
	java.base/java.lang.reflect.Method.invoke(Method.java:566)
	org.junit.internal.runners.TestMethod.invoke(TestMethod.java:68)
	org.powermock.modules.junit4.internal.impl.PowerMockJUnit44RunnerDelegateImpl$PowerMockJUnit44MethodRunner.runTestMethod(PowerMockJUnit44RunnerDelegateImpl.java:326)
	org.junit.internal.runners.MethodRoadie$2.run(MethodRoadie.java:89)
	org.junit.internal.runners.MethodRoadie.runBeforesThenTestThenAfters(MethodRoadie.java:97)
	org.powermock.modules.junit4.internal.impl.PowerMockJUnit44RunnerDelegateImpl$PowerMockJUnit44MethodRunner.executeTest(PowerMockJUnit44RunnerDelegateImpl.java:310)
	org.powermock.modules.junit4.internal.impl.PowerMockJUnit47RunnerDelegateImpl$PowerMockJUnit47MethodRunner.executeTestInSuper(PowerMockJUnit47RunnerDelegateImpl.java:131)
	org.powermock.modules.junit4.internal.impl.PowerMockJUnit47RunnerDelegateImpl$PowerMockJUnit47MethodRunner.access$100(PowerMockJUnit47RunnerDelegateImpl.java:59)
	org.powermock.modules.junit4.internal.impl.PowerMockJUnit47RunnerDelegateImpl$PowerMockJUnit47MethodRunner$TestExecutorStatement.evaluate(PowerMockJUnit47RunnerDelegateImpl.java:147)
	org.powermock.modules.junit4.internal.impl.PowerMockJUnit47RunnerDelegateImpl$PowerMockJUnit47MethodRunner.evaluateStatement(PowerMockJUnit47RunnerDelegateImpl.java:107)
	org.powermock.modules.junit4.internal.impl.PowerMockJUnit47RunnerDelegateImpl$PowerMockJUnit47MethodRunner.executeTest(PowerMockJUnit47RunnerDelegateImpl.java:82)
	org.powermock.modules.junit4.internal.impl.PowerMockJUnit44RunnerDelegateImpl$PowerMockJUnit44MethodRunner.runBeforesThenTestThenAfters(PowerMockJUnit44RunnerDelegateImpl.java:298)
	org.junit.internal.runners.MethodRoadie.runTest(MethodRoadie.java:87)
	org.junit.internal.runners.MethodRoadie.run(MethodRoadie.java:50)
	org.powermock.modules.junit4.internal.impl.PowerMockJUnit44RunnerDelegateImpl.invokeTestMethod(PowerMockJUnit44RunnerDelegateImpl.java:218)
	org.powermock.modules.junit4.internal.impl.PowerMockJUnit44RunnerDelegateImpl.runMethods(PowerMockJUnit44RunnerDelegateImpl.java:160)
	org.powermock.modules.junit4.internal.impl.PowerMockJUnit44RunnerDelegateImpl$1.run(PowerMockJUnit44RunnerDelegateImpl.java:134)
	org.junit.internal.runners.ClassRoadie.runUnprotected(ClassRoadie.java:34)
	org.junit.internal.runners.ClassRoadie.runProtected(ClassRoadie.java:44)
	org.powermock.modules.junit4.internal.impl.PowerMockJUnit44RunnerDelegateImpl.run(PowerMockJUnit44RunnerDelegateImpl.java:136)
	org.powermock.modules.junit4.common.internal.impl.JUnit4TestSuiteChunkerImpl.run(JUnit4TestSuiteChunkerImpl.java:117)
	org.powermock.modules.junit4.common.internal.impl.AbstractCommonPowerMockRunner.run(AbstractCommonPowerMockRunner.java:57)
	org.powermock.modules.junit4.PowerMockRunner.run(PowerMockRunner.java:59)
	org.apache.maven.surefire.junit4.JUnit4Provider.execute(JUnit4Provider.java:365)
	org.apache.maven.surefire.junit4.JUnit4Provider.executeWithRerun(JUnit4Provider.java:290)
	org.apache.maven.surefire.junit4.JUnit4Provider.executeTestSet(JUnit4Provider.java:238)
	org.apache.maven.surefire.junit4.JUnit4Provider.invoke(JUnit4Provider.java:159)
	org.apache.maven.surefire.booter.ForkedBooter.invokeProviderInSameClassLoader(ForkedBooter.java:379)
	org.apache.maven.surefire.booter.ForkedBooter.runSuitesInProcess(ForkedBooter.java:340)
	org.apache.maven.surefire.booter.ForkedBooter.execute(ForkedBooter.java:125)
	org.apache.maven.surefire.booter.ForkedBooter.main(ForkedBooter.java:413)
#2:
	io.netty.buffer.AdvancedLeakAwareByteBuf.writeLong(AdvancedLeakAwareByteBuf.java:568)
	org.apache.bookkeeper.proto.checksum.DigestManager.computeDigestAndPackageForSending(DigestManager.java:110)
	org.apache.bookkeeper.client.ClientUtil.generatePacket(ClientUtil.java:53)
	org.apache.bookkeeper.bookie.BookieJournalTest.writeV5Journal(BookieJournalTest.java:323)
	org.apache.bookkeeper.bookie.BookieJournalTest.writeV5Journal(BookieJournalTest.java:302)
	org.apache.bookkeeper.bookie.BookieJournalTest.testV5Journal(BookieJournalTest.java:421)
	java.base/jdk.internal.reflect.NativeMethodAccessorImpl.invoke0(Native Method)
	java.base/jdk.internal.reflect.NativeMethodAccessorImpl.invoke(NativeMethodAccessorImpl.java:62)
	java.base/jdk.internal.reflect.DelegatingMethodAccessorImpl.invoke(DelegatingMethodAccessorImpl.java:43)
	java.base/java.lang.reflect.Method.invoke(Method.java:566)
	org.junit.internal.runners.TestMethod.invoke(TestMethod.java:68)
	org.powermock.modules.junit4.internal.impl.PowerMockJUnit44RunnerDelegateImpl$PowerMockJUnit44MethodRunner.runTestMethod(PowerMockJUnit44RunnerDelegateImpl.java:326)
	org.junit.internal.runners.MethodRoadie$2.run(MethodRoadie.java:89)
	org.junit.internal.runners.MethodRoadie.runBeforesThenTestThenAfters(MethodRoadie.java:97)
	org.powermock.modules.junit4.internal.impl.PowerMockJUnit44RunnerDelegateImpl$PowerMockJUnit44MethodRunner.executeTest(PowerMockJUnit44RunnerDelegateImpl.java:310)
	org.powermock.modules.junit4.internal.impl.PowerMockJUnit47RunnerDelegateImpl$PowerMockJUnit47MethodRunner.executeTestInSuper(PowerMockJUnit47RunnerDelegateImpl.java:131)
	org.powermock.modules.junit4.internal.impl.PowerMockJUnit47RunnerDelegateImpl$PowerMockJUnit47MethodRunner.access$100(PowerMockJUnit47RunnerDelegateImpl.java:59)
	org.powermock.modules.junit4.internal.impl.PowerMockJUnit47RunnerDelegateImpl$PowerMockJUnit47MethodRunner$TestExecutorStatement.evaluate(PowerMockJUnit47RunnerDelegateImpl.java:147)
	org.powermock.modules.junit4.internal.impl.PowerMockJUnit47RunnerDelegateImpl$PowerMockJUnit47MethodRunner.evaluateStatement(PowerMockJUnit47RunnerDelegateImpl.java:107)
	org.powermock.modules.junit4.internal.impl.PowerMockJUnit47RunnerDelegateImpl$PowerMockJUnit47MethodRunner.executeTest(PowerMockJUnit47RunnerDelegateImpl.java:82)
	org.powermock.modules.junit4.internal.impl.PowerMockJUnit44RunnerDelegateImpl$PowerMockJUnit44MethodRunner.runBeforesThenTestThenAfters(PowerMockJUnit44RunnerDelegateImpl.java:298)
	org.junit.internal.runners.MethodRoadie.runTest(MethodRoadie.java:87)
	org.junit.internal.runners.MethodRoadie.run(MethodRoadie.java:50)
	org.powermock.modules.junit4.internal.impl.PowerMockJUnit44RunnerDelegateImpl.invokeTestMethod(PowerMockJUnit44RunnerDelegateImpl.java:218)
	org.powermock.modules.junit4.internal.impl.PowerMockJUnit44RunnerDelegateImpl.runMethods(PowerMockJUnit44RunnerDelegateImpl.java:160)
	org.powermock.modules.junit4.internal.impl.PowerMockJUnit44RunnerDelegateImpl$1.run(PowerMockJUnit44RunnerDelegateImpl.java:134)
	org.junit.internal.runners.ClassRoadie.runUnprotected(ClassRoadie.java:34)
	org.junit.internal.runners.ClassRoadie.runProtected(ClassRoadie.java:44)
	org.powermock.modules.junit4.internal.impl.PowerMockJUnit44RunnerDelegateImpl.run(PowerMockJUnit44RunnerDelegateImpl.java:136)
	org.powermock.modules.junit4.common.internal.impl.JUnit4TestSuiteChunkerImpl.run(JUnit4TestSuiteChunkerImpl.java:117)
	org.powermock.modules.junit4.common.internal.impl.AbstractCommonPowerMockRunner.run(AbstractCommonPowerMockRunner.java:57)
	org.powermock.modules.junit4.PowerMockRunner.run(PowerMockRunner.java:59)
	org.apache.maven.surefire.junit4.JUnit4Provider.execute(JUnit4Provider.java:365)
	org.apache.maven.surefire.junit4.JUnit4Provider.executeWithRerun(JUnit4Provider.java:290)
	org.apache.maven.surefire.junit4.JUnit4Provider.executeTestSet(JUnit4Provider.java:238)
	org.apache.maven.surefire.junit4.JUnit4Provider.invoke(JUnit4Provider.java:159)
	org.apache.maven.surefire.booter.ForkedBooter.invokeProviderInSameClassLoader(ForkedBooter.java:379)
	org.apache.maven.surefire.booter.ForkedBooter.runSuitesInProcess(ForkedBooter.java:340)
	org.apache.maven.surefire.booter.ForkedBooter.execute(ForkedBooter.java:125)
	org.apache.maven.surefire.booter.ForkedBooter.main(ForkedBooter.java:413)
#3:
	io.netty.buffer.AdvancedLeakAwareByteBuf.writeLong(AdvancedLeakAwareByteBuf.java:568)
	org.apache.bookkeeper.proto.checksum.DigestManager.computeDigestAndPackageForSending(DigestManager.java:109)
	org.apache.bookkeeper.client.ClientUtil.generatePacket(ClientUtil.java:53)
	org.apache.bookkeeper.bookie.BookieJournalTest.writeV5Journal(BookieJournalTest.java:323)
	org.apache.bookkeeper.bookie.BookieJournalTest.writeV5Journal(BookieJournalTest.java:302)
	org.apache.bookkeeper.bookie.BookieJournalTest.testV5Journal(BookieJournalTest.java:421)
	java.base/jdk.internal.reflect.NativeMethodAccessorImpl.invoke0(Native Method)
	java.base/jdk.internal.reflect.NativeMethodAccessorImpl.invoke(NativeMethodAccessorImpl.java:62)
	java.base/jdk.internal.reflect.DelegatingMethodAccessorImpl.invoke(DelegatingMethodAccessorImpl.java:43)
	java.base/java.lang.reflect.Method.invoke(Method.java:566)
	org.junit.internal.runners.TestMethod.invoke(TestMethod.java:68)
	org.powermock.modules.junit4.internal.impl.PowerMockJUnit44RunnerDelegateImpl$PowerMockJUnit44MethodRunner.runTestMethod(PowerMockJUnit44RunnerDelegateImpl.java:326)
	org.junit.internal.runners.MethodRoadie$2.run(MethodRoadie.java:89)
	org.junit.internal.runners.MethodRoadie.runBeforesThenTestThenAfters(MethodRoadie.java:97)
	org.powermock.modules.junit4.internal.impl.PowerMockJUnit44RunnerDelegateImpl$PowerMockJUnit44MethodRunner.executeTest(PowerMockJUnit44RunnerDelegateImpl.java:310)
	org.powermock.modules.junit4.internal.impl.PowerMockJUnit47RunnerDelegateImpl$PowerMockJUnit47MethodRunner.executeTestInSuper(PowerMockJUnit47RunnerDelegateImpl.java:131)
	org.powermock.modules.junit4.internal.impl.PowerMockJUnit47RunnerDelegateImpl$PowerMockJUnit47MethodRunner.access$100(PowerMockJUnit47RunnerDelegateImpl.java:59)
	org.powermock.modules.junit4.internal.impl.PowerMockJUnit47RunnerDelegateImpl$PowerMockJUnit47MethodRunner$TestExecutorStatement.evaluate(PowerMockJUnit47RunnerDelegateImpl.java:147)
	org.powermock.modules.junit4.internal.impl.PowerMockJUnit47RunnerDelegateImpl$PowerMockJUnit47MethodRunner.evaluateStatement(PowerMockJUnit47RunnerDelegateImpl.java:107)
	org.powermock.modules.junit4.internal.impl.PowerMockJUnit47RunnerDelegateImpl$PowerMockJUnit47MethodRunner.executeTest(PowerMockJUnit47RunnerDelegateImpl.java:82)
	org.powermock.modules.junit4.internal.impl.PowerMockJUnit44RunnerDelegateImpl$PowerMockJUnit44MethodRunner.runBeforesThenTestThenAfters(PowerMockJUnit44RunnerDelegateImpl.java:298)
	org.junit.internal.runners.MethodRoadie.runTest(MethodRoadie.java:87)
	org.junit.internal.runners.MethodRoadie.run(MethodRoadie.java:50)
	org.powermock.modules.junit4.internal.impl.PowerMockJUnit44RunnerDelegateImpl.invokeTestMethod(PowerMockJUnit44RunnerDelegateImpl.java:218)
	org.powermock.modules.junit4.internal.impl.PowerMockJUnit44RunnerDelegateImpl.runMethods(PowerMockJUnit44RunnerDelegateImpl.java:160)
	org.powermock.modules.junit4.internal.impl.PowerMockJUnit44RunnerDelegateImpl$1.run(PowerMockJUnit44RunnerDelegateImpl.java:134)
	org.junit.internal.runners.ClassRoadie.runUnprotected(ClassRoadie.java:34)
	org.junit.internal.runners.ClassRoadie.runProtected(ClassRoadie.java:44)
	org.powermock.modules.junit4.internal.impl.PowerMockJUnit44RunnerDelegateImpl.run(PowerMockJUnit44RunnerDelegateImpl.java:136)
	org.powermock.modules.junit4.common.internal.impl.JUnit4TestSuiteChunkerImpl.run(JUnit4TestSuiteChunkerImpl.java:117)
	org.powermock.modules.junit4.common.internal.impl.AbstractCommonPowerMockRunner.run(AbstractCommonPowerMockRunner.java:57)
	org.powermock.modules.junit4.PowerMockRunner.run(PowerMockRunner.java:59)
	org.apache.maven.surefire.junit4.JUnit4Provider.execute(JUnit4Provider.java:365)
	org.apache.maven.surefire.junit4.JUnit4Provider.executeWithRerun(JUnit4Provider.java:290)
	org.apache.maven.surefire.junit4.JUnit4Provider.executeTestSet(JUnit4Provider.java:238)
	org.apache.maven.surefire.junit4.JUnit4Provider.invoke(JUnit4Provider.java:159)
	org.apache.maven.surefire.booter.ForkedBooter.invokeProviderInSameClassLoader(ForkedBooter.java:379)
	org.apache.maven.surefire.booter.ForkedBooter.runSuitesInProcess(ForkedBooter.java:340)
	org.apache.maven.surefire.booter.ForkedBooter.execute(ForkedBooter.java:125)
	org.apache.maven.surefire.booter.ForkedBooter.main(ForkedBooter.java:413)
#4:
	io.netty.buffer.AdvancedLeakAwareByteBuf.writeLong(AdvancedLeakAwareByteBuf.java:568)
	org.apache.bookkeeper.proto.checksum.DigestManager.computeDigestAndPackageForSending(DigestManager.java:108)
	org.apache.bookkeeper.client.ClientUtil.generatePacket(ClientUtil.java:53)
	org.apache.bookkeeper.bookie.BookieJournalTest.writeV5Journal(BookieJournalTest.java:323)
	org.apache.bookkeeper.bookie.BookieJournalTest.writeV5Journal(BookieJournalTest.java:302)
	org.apache.bookkeeper.bookie.BookieJournalTest.testV5Journal(BookieJournalTest.java:421)
	java.base/jdk.internal.reflect.NativeMethodAccessorImpl.invoke0(Native Method)
	java.base/jdk.internal.reflect.NativeMethodAccessorImpl.invoke(NativeMethodAccessorImpl.java:62)
	java.base/jdk.internal.reflect.DelegatingMethodAccessorImpl.invoke(DelegatingMethodAccessorImpl.java:43)
	java.base/java.lang.reflect.Method.invoke(Method.java:566)
	org.junit.internal.runners.TestMethod.invoke(TestMethod.java:68)
	org.powermock.modules.junit4.internal.impl.PowerMockJUnit44RunnerDelegateImpl$PowerMockJUnit44MethodRunner.runTestMethod(PowerMockJUnit44RunnerDelegateImpl.java:326)
	org.junit.internal.runners.MethodRoadie$2.run(MethodRoadie.java:89)
	org.junit.internal.runners.MethodRoadie.runBeforesThenTestThenAfters(MethodRoadie.java:97)
	org.powermock.modules.junit4.internal.impl.PowerMockJUnit44RunnerDelegateImpl$PowerMockJUnit44MethodRunner.executeTest(PowerMockJUnit44RunnerDelegateImpl.java:310)
	org.powermock.modules.junit4.internal.impl.PowerMockJUnit47RunnerDelegateImpl$PowerMockJUnit47MethodRunner.executeTestInSuper(PowerMockJUnit47RunnerDelegateImpl.java:131)
	org.powermock.modules.junit4.internal.impl.PowerMockJUnit47RunnerDelegateImpl$PowerMockJUnit47MethodRunner.access$100(PowerMockJUnit47RunnerDelegateImpl.java:59)
	org.powermock.modules.junit4.internal.impl.PowerMockJUnit47RunnerDelegateImpl$PowerMockJUnit47MethodRunner$TestExecutorStatement.evaluate(PowerMockJUnit47RunnerDelegateImpl.java:147)
	org.powermock.modules.junit4.internal.impl.PowerMockJUnit47RunnerDelegateImpl$PowerMockJUnit47MethodRunner.evaluateStatement(PowerMockJUnit47RunnerDelegateImpl.java:107)
	org.powermock.modules.junit4.internal.impl.PowerMockJUnit47RunnerDelegateImpl$PowerMockJUnit47MethodRunner.executeTest(PowerMockJUnit47RunnerDelegateImpl.java:82)
	org.powermock.modules.junit4.internal.impl.PowerMockJUnit44RunnerDelegateImpl$PowerMockJUnit44MethodRunner.runBeforesThenTestThenAfters(PowerMockJUnit44RunnerDelegateImpl.java:298)
	org.junit.internal.runners.MethodRoadie.runTest(MethodRoadie.java:87)
	org.junit.internal.runners.MethodRoadie.run(MethodRoadie.java:50)
	org.powermock.modules.junit4.internal.impl.PowerMockJUnit44RunnerDelegateImpl.invokeTestMethod(PowerMockJUnit44RunnerDelegateImpl.java:218)
	org.powermock.modules.junit4.internal.impl.PowerMockJUnit44RunnerDelegateImpl.runMethods(PowerMockJUnit44RunnerDelegateImpl.java:160)
	org.powermock.modules.junit4.internal.impl.PowerMockJUnit44RunnerDelegateImpl$1.run(PowerMockJUnit44RunnerDelegateImpl.java:134)
	org.junit.internal.runners.ClassRoadie.runUnprotected(ClassRoadie.java:34)
	org.junit.internal.runners.ClassRoadie.runProtected(ClassRoadie.java:44)
	org.powermock.modules.junit4.internal.impl.PowerMockJUnit44RunnerDelegateImpl.run(PowerMockJUnit44RunnerDelegateImpl.java:136)
	org.powermock.modules.junit4.common.internal.impl.JUnit4TestSuiteChunkerImpl.run(JUnit4TestSuiteChunkerImpl.java:117)
	org.powermock.modules.junit4.common.internal.impl.AbstractCommonPowerMockRunner.run(AbstractCommonPowerMockRunner.java:57)
	org.powermock.modules.junit4.PowerMockRunner.run(PowerMockRunner.java:59)
	org.apache.maven.surefire.junit4.JUnit4Provider.execute(JUnit4Provider.java:365)
	org.apache.maven.surefire.junit4.JUnit4Provider.executeWithRerun(JUnit4Provider.java:290)
	org.apache.maven.surefire.junit4.JUnit4Provider.executeTestSet(JUnit4Provider.java:238)
	org.apache.maven.surefire.junit4.JUnit4Provider.invoke(JUnit4Provider.java:159)
	org.apache.maven.surefire.booter.ForkedBooter.invokeProviderInSameClassLoader(ForkedBooter.java:379)
	org.apache.maven.surefire.booter.ForkedBooter.runSuitesInProcess(ForkedBooter.java:340)
	org.apache.maven.surefire.booter.ForkedBooter.execute(ForkedBooter.java:125)
	org.apache.maven.surefire.booter.ForkedBooter.main(ForkedBooter.java:413)
#5:
	io.netty.buffer.AdvancedLeakAwareByteBuf.writeLong(AdvancedLeakAwareByteBuf.java:568)
	org.apache.bookkeeper.proto.checksum.DigestManager.computeDigestAndPackageForSending(DigestManager.java:107)
	org.apache.bookkeeper.client.ClientUtil.generatePacket(ClientUtil.java:53)
	org.apache.bookkeeper.bookie.BookieJournalTest.writeV5Journal(BookieJournalTest.java:323)
	org.apache.bookkeeper.bookie.BookieJournalTest.writeV5Journal(BookieJournalTest.java:302)
	org.apache.bookkeeper.bookie.BookieJournalTest.testV5Journal(BookieJournalTest.java:421)
	java.base/jdk.internal.reflect.NativeMethodAccessorImpl.invoke0(Native Method)
	java.base/jdk.internal.reflect.NativeMethodAccessorImpl.invoke(NativeMethodAccessorImpl.java:62)
	java.base/jdk.internal.reflect.DelegatingMethodAccessorImpl.invoke(DelegatingMethodAccessorImpl.java:43)
	java.base/java.lang.reflect.Method.invoke(Method.java:566)
	org.junit.internal.runners.TestMethod.invoke(TestMethod.java:68)
	org.powermock.modules.junit4.internal.impl.PowerMockJUnit44RunnerDelegateImpl$PowerMockJUnit44MethodRunner.runTestMethod(PowerMockJUnit44RunnerDelegateImpl.java:326)
	org.junit.internal.runners.MethodRoadie$2.run(MethodRoadie.java:89)
	org.junit.internal.runners.MethodRoadie.runBeforesThenTestThenAfters(MethodRoadie.java:97)
	org.powermock.modules.junit4.internal.impl.PowerMockJUnit44RunnerDelegateImpl$PowerMockJUnit44MethodRunner.executeTest(PowerMockJUnit44RunnerDelegateImpl.java:310)
	org.powermock.modules.junit4.internal.impl.PowerMockJUnit47RunnerDelegateImpl$PowerMockJUnit47MethodRunner.executeTestInSuper(PowerMockJUnit47RunnerDelegateImpl.java:131)
	org.powermock.modules.junit4.internal.impl.PowerMockJUnit47RunnerDelegateImpl$PowerMockJUnit47MethodRunner.access$100(PowerMockJUnit47RunnerDelegateImpl.java:59)
	org.powermock.modules.junit4.internal.impl.PowerMockJUnit47RunnerDelegateImpl$PowerMockJUnit47MethodRunner$TestExecutorStatement.evaluate(PowerMockJUnit47RunnerDelegateImpl.java:147)
	org.powermock.modules.junit4.internal.impl.PowerMockJUnit47RunnerDelegateImpl$PowerMockJUnit47MethodRunner.evaluateStatement(PowerMockJUnit47RunnerDelegateImpl.java:107)
	org.powermock.modules.junit4.internal.impl.PowerMockJUnit47RunnerDelegateImpl$PowerMockJUnit47MethodRunner.executeTest(PowerMockJUnit47RunnerDelegateImpl.java:82)
	org.powermock.modules.junit4.internal.impl.PowerMockJUnit44RunnerDelegateImpl$PowerMockJUnit44MethodRunner.runBeforesThenTestThenAfters(PowerMockJUnit44RunnerDelegateImpl.java:298)
	org.junit.internal.runners.MethodRoadie.runTest(MethodRoadie.java:87)
	org.junit.internal.runners.MethodRoadie.run(MethodRoadie.java:50)
	org.powermock.modules.junit4.internal.impl.PowerMockJUnit44RunnerDelegateImpl.invokeTestMethod(PowerMockJUnit44RunnerDelegateImpl.java:218)
	org.powermock.modules.junit4.internal.impl.PowerMockJUnit44RunnerDelegateImpl.runMethods(PowerMockJUnit44RunnerDelegateImpl.java:160)
	org.powermock.modules.junit4.internal.impl.PowerMockJUnit44RunnerDelegateImpl$1.run(PowerMockJUnit44RunnerDelegateImpl.java:134)
	org.junit.internal.runners.ClassRoadie.runUnprotected(ClassRoadie.java:34)
	org.junit.internal.runners.ClassRoadie.runProtected(ClassRoadie.java:44)
	org.powermock.modules.junit4.internal.impl.PowerMockJUnit44RunnerDelegateImpl.run(PowerMockJUnit44RunnerDelegateImpl.java:136)
	org.powermock.modules.junit4.common.internal.impl.JUnit4TestSuiteChunkerImpl.run(JUnit4TestSuiteChunkerImpl.java:117)
	org.powermock.modules.junit4.common.internal.impl.AbstractCommonPowerMockRunner.run(AbstractCommonPowerMockRunner.java:57)
	org.powermock.modules.junit4.PowerMockRunner.run(PowerMockRunner.java:59)
	org.apache.maven.surefire.junit4.JUnit4Provider.execute(JUnit4Provider.java:365)
	org.apache.maven.surefire.junit4.JUnit4Provider.executeWithRerun(JUnit4Provider.java:290)
	org.apache.maven.surefire.junit4.JUnit4Provider.executeTestSet(JUnit4Provider.java:238)
	org.apache.maven.surefire.junit4.JUnit4Provider.invoke(JUnit4Provider.java:159)
	org.apache.maven.surefire.booter.ForkedBooter.invokeProviderInSameClassLoader(ForkedBooter.java:379)
	org.apache.maven.surefire.booter.ForkedBooter.runSuitesInProcess(ForkedBooter.java:340)
	org.apache.maven.surefire.booter.ForkedBooter.execute(ForkedBooter.java:125)
	org.apache.maven.surefire.booter.ForkedBooter.main(ForkedBooter.java:413)
Created at:
	io.netty.buffer.UnpooledByteBufAllocator.newDirectBuffer(UnpooledByteBufAllocator.java:96)
	io.netty.buffer.AbstractByteBufAllocator.directBuffer(AbstractByteBufAllocator.java:185)
	io.netty.buffer.AbstractByteBufAllocator.directBuffer(AbstractByteBufAllocator.java:176)
	io.netty.buffer.AbstractByteBufAllocator.buffer(AbstractByteBufAllocator.java:113)
	org.apache.bookkeeper.proto.checksum.DigestManager.computeDigestAndPackageForSending(DigestManager.java:103)
	org.apache.bookkeeper.client.ClientUtil.generatePacket(ClientUtil.java:53)
	org.apache.bookkeeper.bookie.BookieJournalTest.writeV5Journal(BookieJournalTest.java:323)
	org.apache.bookkeeper.bookie.BookieJournalTest.writeV5Journal(BookieJournalTest.java:302)
	org.apache.bookkeeper.bookie.BookieJournalTest.testV5Journal(BookieJournalTest.java:421)
	java.base/jdk.internal.reflect.NativeMethodAccessorImpl.invoke0(Native Method)
	java.base/jdk.internal.reflect.NativeMethodAccessorImpl.invoke(NativeMethodAccessorImpl.java:62)
	java.base/jdk.internal.reflect.DelegatingMethodAccessorImpl.invoke(DelegatingMethodAccessorImpl.java:43)
	java.base/java.lang.reflect.Method.invoke(Method.java:566)
	org.junit.internal.runners.TestMethod.invoke(TestMethod.java:68)
	org.powermock.modules.junit4.internal.impl.PowerMockJUnit44RunnerDelegateImpl$PowerMockJUnit44MethodRunner.runTestMethod(PowerMockJUnit44RunnerDelegateImpl.java:326)
	org.junit.internal.runners.MethodRoadie$2.run(MethodRoadie.java:89)
	org.junit.internal.runners.MethodRoadie.runBeforesThenTestThenAfters(MethodRoadie.java:97)
	org.powermock.modules.junit4.internal.impl.PowerMockJUnit44RunnerDelegateImpl$PowerMockJUnit44MethodRunner.executeTest(PowerMockJUnit44RunnerDelegateImpl.java:310)
	org.powermock.modules.junit4.internal.impl.PowerMockJUnit47RunnerDelegateImpl$PowerMockJUnit47MethodRunner.executeTestInSuper(PowerMockJUnit47RunnerDelegateImpl.java:131)
	org.powermock.modules.junit4.internal.impl.PowerMockJUnit47RunnerDelegateImpl$PowerMockJUnit47MethodRunner.access$100(PowerMockJUnit47RunnerDelegateImpl.java:59)
	org.powermock.modules.junit4.internal.impl.PowerMockJUnit47RunnerDelegateImpl$PowerMockJUnit47MethodRunner$TestExecutorStatement.evaluate(PowerMockJUnit47RunnerDelegateImpl.java:147)
	org.powermock.modules.junit4.internal.impl.PowerMockJUnit47RunnerDelegateImpl$PowerMockJUnit47MethodRunner.evaluateStatement(PowerMockJUnit47RunnerDelegateImpl.java:107)
	org.powermock.modules.junit4.internal.impl.PowerMockJUnit47RunnerDelegateImpl$PowerMockJUnit47MethodRunner.executeTest(PowerMockJUnit47RunnerDelegateImpl.java:82)
	org.powermock.modules.junit4.internal.impl.PowerMockJUnit44RunnerDelegateImpl$PowerMockJUnit44MethodRunner.runBeforesThenTestThenAfters(PowerMockJUnit44RunnerDelegateImpl.java:298)
	org.junit.internal.runners.MethodRoadie.runTest(MethodRoadie.java:87)
	org.junit.internal.runners.MethodRoadie.run(MethodRoadie.java:50)
	org.powermock.modules.junit4.internal.impl.PowerMockJUnit44RunnerDelegateImpl.invokeTestMethod(PowerMockJUnit44RunnerDelegateImpl.java:218)
	org.powermock.modules.junit4.internal.impl.PowerMockJUnit44RunnerDelegateImpl.runMethods(PowerMockJUnit44RunnerDelegateImpl.java:160)
	org.powermock.modules.junit4.internal.impl.PowerMockJUnit44RunnerDelegateImpl$1.run(PowerMockJUnit44RunnerDelegateImpl.java:134)
	org.junit.internal.runners.ClassRoadie.runUnprotected(ClassRoadie.java:34)
	org.junit.internal.runners.ClassRoadie.runProtected(ClassRoadie.java:44)
	org.powermock.modules.junit4.internal.impl.PowerMockJUnit44RunnerDelegateImpl.run(PowerMockJUnit44RunnerDelegateImpl.java:136)
	org.powermock.modules.junit4.common.internal.impl.JUnit4TestSuiteChunkerImpl.run(JUnit4TestSuiteChunkerImpl.java:117)
	org.powermock.modules.junit4.common.internal.impl.AbstractCommonPowerMockRunner.run(AbstractCommonPowerMockRunner.java:57)
	org.powermock.modules.junit4.PowerMockRunner.run(PowerMockRunner.java:59)
	org.apache.maven.surefire.junit4.JUnit4Provider.execute(JUnit4Provider.java:365)
	org.apache.maven.surefire.junit4.JUnit4Provider.executeWithRerun(JUnit4Provider.java:290)
	org.apache.maven.surefire.junit4.JUnit4Provider.executeTestSet(JUnit4Provider.java:238)
	org.apache.maven.surefire.junit4.JUnit4Provider.invoke(JUnit4Provider.java:159)
	org.apache.maven.surefire.booter.ForkedBooter.invokeProviderInSameClassLoader(ForkedBooter.java:379)
	org.apache.maven.surefire.booter.ForkedBooter.runSuitesInProcess(ForkedBooter.java:340)
	org.apache.maven.surefire.booter.ForkedBooter.execute(ForkedBooter.java:125)
	org.apache.maven.surefire.booter.ForkedBooter.main(ForkedBooter.java:413)
2020-08-10 23:35:52,962 - ERROR - [main:ResourceLeakDetector@317] - LEAK: ByteBuf.release() was not called before it's garbage-collected. See http://netty.io/wiki/reference-counted-objects.html for more information.
Recent access records: 
#1:
	io.netty.buffer.AdvancedLeakAwareByteBuf.writeLong(AdvancedLeakAwareByteBuf.java:568)
	org.apache.bookkeeper.proto.checksum.CRC32DigestManager.populateValueAndReset(CRC32DigestManager.java:61)
	org.apache.bookkeeper.proto.checksum.DigestManager.computeDigestAndPackageForSending(DigestManager.java:114)
	org.apache.bookkeeper.client.ClientUtil.generatePacket(ClientUtil.java:53)
	org.apache.bookkeeper.bookie.BookieJournalTest.writeV5Journal(BookieJournalTest.java:323)
	org.apache.bookkeeper.bookie.BookieJournalTest.writeV5Journal(BookieJournalTest.java:302)
	org.apache.bookkeeper.bookie.BookieJournalTest.testV5Journal(BookieJournalTest.java:421)
	java.base/jdk.internal.reflect.NativeMethodAccessorImpl.invoke0(Native Method)
	java.base/jdk.internal.reflect.NativeMethodAccessorImpl.invoke(NativeMethodAccessorImpl.java:62)
	java.base/jdk.internal.reflect.DelegatingMethodAccessorImpl.invoke(DelegatingMethodAccessorImpl.java:43)
	java.base/java.lang.reflect.Method.invoke(Method.java:566)
	org.junit.internal.runners.TestMethod.invoke(TestMethod.java:68)
	org.powermock.modules.junit4.internal.impl.PowerMockJUnit44RunnerDelegateImpl$PowerMockJUnit44MethodRunner.runTestMethod(PowerMockJUnit44RunnerDelegateImpl.java:326)
	org.junit.internal.runners.MethodRoadie$2.run(MethodRoadie.java:89)
	org.junit.internal.runners.MethodRoadie.runBeforesThenTestThenAfters(MethodRoadie.java:97)
	org.powermock.modules.junit4.internal.impl.PowerMockJUnit44RunnerDelegateImpl$PowerMockJUnit44MethodRunner.executeTest(PowerMockJUnit44RunnerDelegateImpl.java:310)
	org.powermock.modules.junit4.internal.impl.PowerMockJUnit47RunnerDelegateImpl$PowerMockJUnit47MethodRunner.executeTestInSuper(PowerMockJUnit47RunnerDelegateImpl.java:131)
	org.powermock.modules.junit4.internal.impl.PowerMockJUnit47RunnerDelegateImpl$PowerMockJUnit47MethodRunner.access$100(PowerMockJUnit47RunnerDelegateImpl.java:59)
	org.powermock.modules.junit4.internal.impl.PowerMockJUnit47RunnerDelegateImpl$PowerMockJUnit47MethodRunner$TestExecutorStatement.evaluate(PowerMockJUnit47RunnerDelegateImpl.java:147)
	org.powermock.modules.junit4.internal.impl.PowerMockJUnit47RunnerDelegateImpl$PowerMockJUnit47MethodRunner.evaluateStatement(PowerMockJUnit47RunnerDelegateImpl.java:107)
	org.powermock.modules.junit4.internal.impl.PowerMockJUnit47RunnerDelegateImpl$PowerMockJUnit47MethodRunner.executeTest(PowerMockJUnit47RunnerDelegateImpl.java:82)
	org.powermock.modules.junit4.internal.impl.PowerMockJUnit44RunnerDelegateImpl$PowerMockJUnit44MethodRunner.runBeforesThenTestThenAfters(PowerMockJUnit44RunnerDelegateImpl.java:298)
	org.junit.internal.runners.MethodRoadie.runTest(MethodRoadie.java:87)
	org.junit.internal.runners.MethodRoadie.run(MethodRoadie.java:50)
	org.powermock.modules.junit4.internal.impl.PowerMockJUnit44RunnerDelegateImpl.invokeTestMethod(PowerMockJUnit44RunnerDelegateImpl.java:218)
	org.powermock.modules.junit4.internal.impl.PowerMockJUnit44RunnerDelegateImpl.runMethods(PowerMockJUnit44RunnerDelegateImpl.java:160)
	org.powermock.modules.junit4.internal.impl.PowerMockJUnit44RunnerDelegateImpl$1.run(PowerMockJUnit44RunnerDelegateImpl.java:134)
	org.junit.internal.runners.ClassRoadie.runUnprotected(ClassRoadie.java:34)
	org.junit.internal.runners.ClassRoadie.runProtected(ClassRoadie.java:44)
	org.powermock.modules.junit4.internal.impl.PowerMockJUnit44RunnerDelegateImpl.run(PowerMockJUnit44RunnerDelegateImpl.java:136)
	org.powermock.modules.junit4.common.internal.impl.JUnit4TestSuiteChunkerImpl.run(JUnit4TestSuiteChunkerImpl.java:117)
	org.powermock.modules.junit4.common.internal.impl.AbstractCommonPowerMockRunner.run(AbstractCommonPowerMockRunner.java:57)
	org.powermock.modules.junit4.PowerMockRunner.run(PowerMockRunner.java:59)
	org.apache.maven.surefire.junit4.JUnit4Provider.execute(JUnit4Provider.java:365)
	org.apache.maven.surefire.junit4.JUnit4Provider.executeWithRerun(JUnit4Provider.java:290)
	org.apache.maven.surefire.junit4.JUnit4Provider.executeTestSet(JUnit4Provider.java:238)
	org.apache.maven.surefire.junit4.JUnit4Provider.invoke(JUnit4Provider.java:159)
	org.apache.maven.surefire.booter.ForkedBooter.invokeProviderInSameClassLoader(ForkedBooter.java:379)
	org.apache.maven.surefire.booter.ForkedBooter.runSuitesInProcess(ForkedBooter.java:340)
	org.apache.maven.surefire.booter.ForkedBooter.execute(ForkedBooter.java:125)
	org.apache.maven.surefire.booter.ForkedBooter.main(ForkedBooter.java:413)
#2:
	io.netty.buffer.AdvancedLeakAwareByteBuf.writeLong(AdvancedLeakAwareByteBuf.java:568)
	org.apache.bookkeeper.proto.checksum.DigestManager.computeDigestAndPackageForSending(DigestManager.java:109)
	org.apache.bookkeeper.client.ClientUtil.generatePacket(ClientUtil.java:53)
	org.apache.bookkeeper.bookie.BookieJournalTest.writeV5Journal(BookieJournalTest.java:323)
	org.apache.bookkeeper.bookie.BookieJournalTest.writeV5Journal(BookieJournalTest.java:302)
	org.apache.bookkeeper.bookie.BookieJournalTest.testV5Journal(BookieJournalTest.java:421)
	java.base/jdk.internal.reflect.NativeMethodAccessorImpl.invoke0(Native Method)
	java.base/jdk.internal.reflect.NativeMethodAccessorImpl.invoke(NativeMethodAccessorImpl.java:62)
	java.base/jdk.internal.reflect.DelegatingMethodAccessorImpl.invoke(DelegatingMethodAccessorImpl.java:43)
	java.base/java.lang.reflect.Method.invoke(Method.java:566)
	org.junit.internal.runners.TestMethod.invoke(TestMethod.java:68)
	org.powermock.modules.junit4.internal.impl.PowerMockJUnit44RunnerDelegateImpl$PowerMockJUnit44MethodRunner.runTestMethod(PowerMockJUnit44RunnerDelegateImpl.java:326)
	org.junit.internal.runners.MethodRoadie$2.run(MethodRoadie.java:89)
	org.junit.internal.runners.MethodRoadie.runBeforesThenTestThenAfters(MethodRoadie.java:97)
	org.powermock.modules.junit4.internal.impl.PowerMockJUnit44RunnerDelegateImpl$PowerMockJUnit44MethodRunner.executeTest(PowerMockJUnit44RunnerDelegateImpl.java:310)
	org.powermock.modules.junit4.internal.impl.PowerMockJUnit47RunnerDelegateImpl$PowerMockJUnit47MethodRunner.executeTestInSuper(PowerMockJUnit47RunnerDelegateImpl.java:131)
	org.powermock.modules.junit4.internal.impl.PowerMockJUnit47RunnerDelegateImpl$PowerMockJUnit47MethodRunner.access$100(PowerMockJUnit47RunnerDelegateImpl.java:59)
	org.powermock.modules.junit4.internal.impl.PowerMockJUnit47RunnerDelegateImpl$PowerMockJUnit47MethodRunner$TestExecutorStatement.evaluate(PowerMockJUnit47RunnerDelegateImpl.java:147)
	org.powermock.modules.junit4.internal.impl.PowerMockJUnit47RunnerDelegateImpl$PowerMockJUnit47MethodRunner.evaluateStatement(PowerMockJUnit47RunnerDelegateImpl.java:107)
	org.powermock.modules.junit4.internal.impl.PowerMockJUnit47RunnerDelegateImpl$PowerMockJUnit47MethodRunner.executeTest(PowerMockJUnit47RunnerDelegateImpl.java:82)
	org.powermock.modules.junit4.internal.impl.PowerMockJUnit44RunnerDelegateImpl$PowerMockJUnit44MethodRunner.runBeforesThenTestThenAfters(PowerMockJUnit44RunnerDelegateImpl.java:298)
	org.junit.internal.runners.MethodRoadie.runTest(MethodRoadie.java:87)
	org.junit.internal.runners.MethodRoadie.run(MethodRoadie.java:50)
	org.powermock.modules.junit4.internal.impl.PowerMockJUnit44RunnerDelegateImpl.invokeTestMethod(PowerMockJUnit44RunnerDelegateImpl.java:218)
	org.powermock.modules.junit4.internal.impl.PowerMockJUnit44RunnerDelegateImpl.runMethods(PowerMockJUnit44RunnerDelegateImpl.java:160)
	org.powermock.modules.junit4.internal.impl.PowerMockJUnit44RunnerDelegateImpl$1.run(PowerMockJUnit44RunnerDelegateImpl.java:134)
	org.junit.internal.runners.ClassRoadie.runUnprotected(ClassRoadie.java:34)
	org.junit.internal.runners.ClassRoadie.runProtected(ClassRoadie.java:44)
	org.powermock.modules.junit4.internal.impl.PowerMockJUnit44RunnerDelegateImpl.run(PowerMockJUnit44RunnerDelegateImpl.java:136)
	org.powermock.modules.junit4.common.internal.impl.JUnit4TestSuiteChunkerImpl.run(JUnit4TestSuiteChunkerImpl.java:117)
	org.powermock.modules.junit4.common.internal.impl.AbstractCommonPowerMockRunner.run(AbstractCommonPowerMockRunner.java:57)
	org.powermock.modules.junit4.PowerMockRunner.run(PowerMockRunner.java:59)
	org.apache.maven.surefire.junit4.JUnit4Provider.execute(JUnit4Provider.java:365)
	org.apache.maven.surefire.junit4.JUnit4Provider.executeWithRerun(JUnit4Provider.java:290)
	org.apache.maven.surefire.junit4.JUnit4Provider.executeTestSet(JUnit4Provider.java:238)
	org.apache.maven.surefire.junit4.JUnit4Provider.invoke(JUnit4Provider.java:159)
	org.apache.maven.surefire.booter.ForkedBooter.invokeProviderInSameClassLoader(ForkedBooter.java:379)
	org.apache.maven.surefire.booter.ForkedBooter.runSuitesInProcess(ForkedBooter.java:340)
	org.apache.maven.surefire.booter.ForkedBooter.execute(ForkedBooter.java:125)
	org.apache.maven.surefire.booter.ForkedBooter.main(ForkedBooter.java:413)
#3:
	io.netty.buffer.AdvancedLeakAwareByteBuf.writeLong(AdvancedLeakAwareByteBuf.java:568)
	org.apache.bookkeeper.proto.checksum.DigestManager.computeDigestAndPackageForSending(DigestManager.java:108)
	org.apache.bookkeeper.client.ClientUtil.generatePacket(ClientUtil.java:53)
	org.apache.bookkeeper.bookie.BookieJournalTest.writeV5Journal(BookieJournalTest.java:323)
	org.apache.bookkeeper.bookie.BookieJournalTest.writeV5Journal(BookieJournalTest.java:302)
	org.apache.bookkeeper.bookie.BookieJournalTest.testV5Journal(BookieJournalTest.java:421)
	java.base/jdk.internal.reflect.NativeMethodAccessorImpl.invoke0(Native Method)
	java.base/jdk.internal.reflect.NativeMethodAccessorImpl.invoke(NativeMethodAccessorImpl.java:62)
	java.base/jdk.internal.reflect.DelegatingMethodAccessorImpl.invoke(DelegatingMethodAccessorImpl.java:43)
	java.base/java.lang.reflect.Method.invoke(Method.java:566)
	org.junit.internal.runners.TestMethod.invoke(TestMethod.java:68)
	org.powermock.modules.junit4.internal.impl.PowerMockJUnit44RunnerDelegateImpl$PowerMockJUnit44MethodRunner.runTestMethod(PowerMockJUnit44RunnerDelegateImpl.java:326)
	org.junit.internal.runners.MethodRoadie$2.run(MethodRoadie.java:89)
	org.junit.internal.runners.MethodRoadie.runBeforesThenTestThenAfters(MethodRoadie.java:97)
	org.powermock.modules.junit4.internal.impl.PowerMockJUnit44RunnerDelegateImpl$PowerMockJUnit44MethodRunner.executeTest(PowerMockJUnit44RunnerDelegateImpl.java:310)
	org.powermock.modules.junit4.internal.impl.PowerMockJUnit47RunnerDelegateImpl$PowerMockJUnit47MethodRunner.executeTestInSuper(PowerMockJUnit47RunnerDelegateImpl.java:131)
	org.powermock.modules.junit4.internal.impl.PowerMockJUnit47RunnerDelegateImpl$PowerMockJUnit47MethodRunner.access$100(PowerMockJUnit47RunnerDelegateImpl.java:59)
	org.powermock.modules.junit4.internal.impl.PowerMockJUnit47RunnerDelegateImpl$PowerMockJUnit47MethodRunner$TestExecutorStatement.evaluate(PowerMockJUnit47RunnerDelegateImpl.java:147)
	org.powermock.modules.junit4.internal.impl.PowerMockJUnit47RunnerDelegateImpl$PowerMockJUnit47MethodRunner.evaluateStatement(PowerMockJUnit47RunnerDelegateImpl.java:107)
	org.powermock.modules.junit4.internal.impl.PowerMockJUnit47RunnerDelegateImpl$PowerMockJUnit47MethodRunner.executeTest(PowerMockJUnit47RunnerDelegateImpl.java:82)
	org.powermock.modules.junit4.internal.impl.PowerMockJUnit44RunnerDelegateImpl$PowerMockJUnit44MethodRunner.runBeforesThenTestThenAfters(PowerMockJUnit44RunnerDelegateImpl.java:298)
	org.junit.internal.runners.MethodRoadie.runTest(MethodRoadie.java:87)
	org.junit.internal.runners.MethodRoadie.run(MethodRoadie.java:50)
	org.powermock.modules.junit4.internal.impl.PowerMockJUnit44RunnerDelegateImpl.invokeTestMethod(PowerMockJUnit44RunnerDelegateImpl.java:218)
	org.powermock.modules.junit4.internal.impl.PowerMockJUnit44RunnerDelegateImpl.runMethods(PowerMockJUnit44RunnerDelegateImpl.java:160)
	org.powermock.modules.junit4.internal.impl.PowerMockJUnit44RunnerDelegateImpl$1.run(PowerMockJUnit44RunnerDelegateImpl.java:134)
	org.junit.internal.runners.ClassRoadie.runUnprotected(ClassRoadie.java:34)
	org.junit.internal.runners.ClassRoadie.runProtected(ClassRoadie.java:44)
	org.powermock.modules.junit4.internal.impl.PowerMockJUnit44RunnerDelegateImpl.run(PowerMockJUnit44RunnerDelegateImpl.java:136)
	org.powermock.modules.junit4.common.internal.impl.JUnit4TestSuiteChunkerImpl.run(JUnit4TestSuiteChunkerImpl.java:117)
	org.powermock.modules.junit4.common.internal.impl.AbstractCommonPowerMockRunner.run(AbstractCommonPowerMockRunner.java:57)
	org.powermock.modules.junit4.PowerMockRunner.run(PowerMockRunner.java:59)
	org.apache.maven.surefire.junit4.JUnit4Provider.execute(JUnit4Provider.java:365)
	org.apache.maven.surefire.junit4.JUnit4Provider.executeWithRerun(JUnit4Provider.java:290)
	org.apache.maven.surefire.junit4.JUnit4Provider.executeTestSet(JUnit4Provider.java:238)
	org.apache.maven.surefire.junit4.JUnit4Provider.invoke(JUnit4Provider.java:159)
	org.apache.maven.surefire.booter.ForkedBooter.invokeProviderInSameClassLoader(ForkedBooter.java:379)
	org.apache.maven.surefire.booter.ForkedBooter.runSuitesInProcess(ForkedBooter.java:340)
	org.apache.maven.surefire.booter.ForkedBooter.execute(ForkedBooter.java:125)
	org.apache.maven.surefire.booter.ForkedBooter.main(ForkedBooter.java:413)
#4:
	io.netty.buffer.AdvancedLeakAwareByteBuf.writeLong(AdvancedLeakAwareByteBuf.java:568)
	org.apache.bookkeeper.proto.checksum.DigestManager.computeDigestAndPackageForSending(DigestManager.java:107)
	org.apache.bookkeeper.client.ClientUtil.generatePacket(ClientUtil.java:53)
	org.apache.bookkeeper.bookie.BookieJournalTest.writeV5Journal(BookieJournalTest.java:323)
	org.apache.bookkeeper.bookie.BookieJournalTest.writeV5Journal(BookieJournalTest.java:302)
	org.apache.bookkeeper.bookie.BookieJournalTest.testV5Journal(BookieJournalTest.java:421)
	java.base/jdk.internal.reflect.NativeMethodAccessorImpl.invoke0(Native Method)
	java.base/jdk.internal.reflect.NativeMethodAccessorImpl.invoke(NativeMethodAccessorImpl.java:62)
	java.base/jdk.internal.reflect.DelegatingMethodAccessorImpl.invoke(DelegatingMethodAccessorImpl.java:43)
	java.base/java.lang.reflect.Method.invoke(Method.java:566)
	org.junit.internal.runners.TestMethod.invoke(TestMethod.java:68)
	org.powermock.modules.junit4.internal.impl.PowerMockJUnit44RunnerDelegateImpl$PowerMockJUnit44MethodRunner.runTestMethod(PowerMockJUnit44RunnerDelegateImpl.java:326)
	org.junit.internal.runners.MethodRoadie$2.run(MethodRoadie.java:89)
	org.junit.internal.runners.MethodRoadie.runBeforesThenTestThenAfters(MethodRoadie.java:97)
	org.powermock.modules.junit4.internal.impl.PowerMockJUnit44RunnerDelegateImpl$PowerMockJUnit44MethodRunner.executeTest(PowerMockJUnit44RunnerDelegateImpl.java:310)
	org.powermock.modules.junit4.internal.impl.PowerMockJUnit47RunnerDelegateImpl$PowerMockJUnit47MethodRunner.executeTestInSuper(PowerMockJUnit47RunnerDelegateImpl.java:131)
	org.powermock.modules.junit4.internal.impl.PowerMockJUnit47RunnerDelegateImpl$PowerMockJUnit47MethodRunner.access$100(PowerMockJUnit47RunnerDelegateImpl.java:59)
	org.powermock.modules.junit4.internal.impl.PowerMockJUnit47RunnerDelegateImpl$PowerMockJUnit47MethodRunner$TestExecutorStatement.evaluate(PowerMockJUnit47RunnerDelegateImpl.java:147)
	org.powermock.modules.junit4.internal.impl.PowerMockJUnit47RunnerDelegateImpl$PowerMockJUnit47MethodRunner.evaluateStatement(PowerMockJUnit47RunnerDelegateImpl.java:107)
	org.powermock.modules.junit4.internal.impl.PowerMockJUnit47RunnerDelegateImpl$PowerMockJUnit47MethodRunner.executeTest(PowerMockJUnit47RunnerDelegateImpl.java:82)
	org.powermock.modules.junit4.internal.impl.PowerMockJUnit44RunnerDelegateImpl$PowerMockJUnit44MethodRunner.runBeforesThenTestThenAfters(PowerMockJUnit44RunnerDelegateImpl.java:298)
	org.junit.internal.runners.MethodRoadie.runTest(MethodRoadie.java:87)
	org.junit.internal.runners.MethodRoadie.run(MethodRoadie.java:50)
	org.powermock.modules.junit4.internal.impl.PowerMockJUnit44RunnerDelegateImpl.invokeTestMethod(PowerMockJUnit44RunnerDelegateImpl.java:218)
	org.powermock.modules.junit4.internal.impl.PowerMockJUnit44RunnerDelegateImpl.runMethods(PowerMockJUnit44RunnerDelegateImpl.java:160)
	org.powermock.modules.junit4.internal.impl.PowerMockJUnit44RunnerDelegateImpl$1.run(PowerMockJUnit44RunnerDelegateImpl.java:134)
	org.junit.internal.runners.ClassRoadie.runUnprotected(ClassRoadie.java:34)
	org.junit.internal.runners.ClassRoadie.runProtected(ClassRoadie.java:44)
	org.powermock.modules.junit4.internal.impl.PowerMockJUnit44RunnerDelegateImpl.run(PowerMockJUnit44RunnerDelegateImpl.java:136)
	org.powermock.modules.junit4.common.internal.impl.JUnit4TestSuiteChunkerImpl.run(JUnit4TestSuiteChunkerImpl.java:117)
	org.powermock.modules.junit4.common.internal.impl.AbstractCommonPowerMockRunner.run(AbstractCommonPowerMockRunner.java:57)
	org.powermock.modules.junit4.PowerMockRunner.run(PowerMockRunner.java:59)
	org.apache.maven.surefire.junit4.JUnit4Provider.execute(JUnit4Provider.java:365)
	org.apache.maven.surefire.junit4.JUnit4Provider.executeWithRerun(JUnit4Provider.java:290)
	org.apache.maven.surefire.junit4.JUnit4Provider.executeTestSet(JUnit4Provider.java:238)
	org.apache.maven.surefire.junit4.JUnit4Provider.invoke(JUnit4Provider.java:159)
	org.apache.maven.surefire.booter.ForkedBooter.invokeProviderInSameClassLoader(ForkedBooter.java:379)
	org.apache.maven.surefire.booter.ForkedBooter.runSuitesInProcess(ForkedBooter.java:340)
	org.apache.maven.surefire.booter.ForkedBooter.execute(ForkedBooter.java:125)
	org.apache.maven.surefire.booter.ForkedBooter.main(ForkedBooter.java:413)
Created at:
	io.netty.buffer.UnpooledByteBufAllocator.newDirectBuffer(UnpooledByteBufAllocator.java:96)
	io.netty.buffer.AbstractByteBufAllocator.directBuffer(AbstractByteBufAllocator.java:185)
	io.netty.buffer.AbstractByteBufAllocator.directBuffer(AbstractByteBufAllocator.java:176)
	io.netty.buffer.AbstractByteBufAllocator.buffer(AbstractByteBufAllocator.java:113)
	org.apache.bookkeeper.proto.checksum.DigestManager.computeDigestAndPackageForSending(DigestManager.java:103)
	org.apache.bookkeeper.client.ClientUtil.generatePacket(ClientUtil.java:53)
	org.apache.bookkeeper.bookie.BookieJournalTest.writeV5Journal(BookieJournalTest.java:323)
	org.apache.bookkeeper.bookie.BookieJournalTest.writeV5Journal(BookieJournalTest.java:302)
	org.apache.bookkeeper.bookie.BookieJournalTest.testV5Journal(BookieJournalTest.java:421)
	java.base/jdk.internal.reflect.NativeMethodAccessorImpl.invoke0(Native Method)
	java.base/jdk.internal.reflect.NativeMethodAccessorImpl.invoke(NativeMethodAccessorImpl.java:62)
	java.base/jdk.internal.reflect.DelegatingMethodAccessorImpl.invoke(DelegatingMethodAccessorImpl.java:43)
	java.base/java.lang.reflect.Method.invoke(Method.java:566)
	org.junit.internal.runners.TestMethod.invoke(TestMethod.java:68)
	org.powermock.modules.junit4.internal.impl.PowerMockJUnit44RunnerDelegateImpl$PowerMockJUnit44MethodRunner.runTestMethod(PowerMockJUnit44RunnerDelegateImpl.java:326)
	org.junit.internal.runners.MethodRoadie$2.run(MethodRoadie.java:89)
	org.junit.internal.runners.MethodRoadie.runBeforesThenTestThenAfters(MethodRoadie.java:97)
	org.powermock.modules.junit4.internal.impl.PowerMockJUnit44RunnerDelegateImpl$PowerMockJUnit44MethodRunner.executeTest(PowerMockJUnit44RunnerDelegateImpl.java:310)
	org.powermock.modules.junit4.internal.impl.PowerMockJUnit47RunnerDelegateImpl$PowerMockJUnit47MethodRunner.executeTestInSuper(PowerMockJUnit47RunnerDelegateImpl.java:131)
	org.powermock.modules.junit4.internal.impl.PowerMockJUnit47RunnerDelegateImpl$PowerMockJUnit47MethodRunner.access$100(PowerMockJUnit47RunnerDelegateImpl.java:59)
	org.powermock.modules.junit4.internal.impl.PowerMockJUnit47RunnerDelegateImpl$PowerMockJUnit47MethodRunner$TestExecutorStatement.evaluate(PowerMockJUnit47RunnerDelegateImpl.java:147)
	org.powermock.modules.junit4.internal.impl.PowerMockJUnit47RunnerDelegateImpl$PowerMockJUnit47MethodRunner.evaluateStatement(PowerMockJUnit47RunnerDelegateImpl.java:107)
	org.powermock.modules.junit4.internal.impl.PowerMockJUnit47RunnerDelegateImpl$PowerMockJUnit47MethodRunner.executeTest(PowerMockJUnit47RunnerDelegateImpl.java:82)
	org.powermock.modules.junit4.internal.impl.PowerMockJUnit44RunnerDelegateImpl$PowerMockJUnit44MethodRunner.runBeforesThenTestThenAfters(PowerMockJUnit44RunnerDelegateImpl.java:298)
	org.junit.internal.runners.MethodRoadie.runTest(MethodRoadie.java:87)
	org.junit.internal.runners.MethodRoadie.run(MethodRoadie.java:50)
	org.powermock.modules.junit4.internal.impl.PowerMockJUnit44RunnerDelegateImpl.invokeTestMethod(PowerMockJUnit44RunnerDelegateImpl.java:218)
	org.powermock.modules.junit4.internal.impl.PowerMockJUnit44RunnerDelegateImpl.runMethods(PowerMockJUnit44RunnerDelegateImpl.java:160)
	org.powermock.modules.junit4.internal.impl.PowerMockJUnit44RunnerDelegateImpl$1.run(PowerMockJUnit44RunnerDelegateImpl.java:134)
	org.junit.internal.runners.ClassRoadie.runUnprotected(ClassRoadie.java:34)
	org.junit.internal.runners.ClassRoadie.runProtected(ClassRoadie.java:44)
	org.powermock.modules.junit4.internal.impl.PowerMockJUnit44RunnerDelegateImpl.run(PowerMockJUnit44RunnerDelegateImpl.java:136)
	org.powermock.modules.junit4.common.internal.impl.JUnit4TestSuiteChunkerImpl.run(JUnit4TestSuiteChunkerImpl.java:117)
	org.powermock.modules.junit4.common.internal.impl.AbstractCommonPowerMockRunner.run(AbstractCommonPowerMockRunner.java:57)
	org.powermock.modules.junit4.PowerMockRunner.run(PowerMockRunner.java:59)
	org.apache.maven.surefire.junit4.JUnit4Provider.execute(JUnit4Provider.java:365)
	org.apache.maven.surefire.junit4.JUnit4Provider.executeWithRerun(JUnit4Provider.java:290)
	org.apache.maven.surefire.junit4.JUnit4Provider.executeTestSet(JUnit4Provider.java:238)
	org.apache.maven.surefire.junit4.JUnit4Provider.invoke(JUnit4Provider.java:159)
	org.apache.maven.surefire.booter.ForkedBooter.invokeProviderInSameClassLoader(ForkedBooter.java:379)
	org.apache.maven.surefire.booter.ForkedBooter.runSuitesInProcess(ForkedBooter.java:340)
	org.apache.maven.surefire.booter.ForkedBooter.execute(ForkedBooter.java:125)
	org.apache.maven.surefire.booter.ForkedBooter.main(ForkedBooter.java:413)
: 1 leak records were discarded because the leak record count is targeted to 4. Use system property io.netty.leakDetection.targetRecords to increase the limit.
2020-08-10 23:35:52,965 - ERROR - [main:ResourceLeakDetector@317] - LEAK: ByteBuf.release() was not called before it's garbage-collected. See http://netty.io/wiki/reference-counted-objects.html for more information.
Recent access records: 
#1:
	io.netty.buffer.AdvancedLeakAwareByteBuf.writeLong(AdvancedLeakAwareByteBuf.java:568)
	org.apache.bookkeeper.proto.checksum.CRC32DigestManager.populateValueAndReset(CRC32DigestManager.java:61)
	org.apache.bookkeeper.proto.checksum.DigestManager.computeDigestAndPackageForSending(DigestManager.java:114)
	org.apache.bookkeeper.client.ClientUtil.generatePacket(ClientUtil.java:53)
	org.apache.bookkeeper.client.ClientUtil.generatePacket(ClientUtil.java:46)
	org.apache.bookkeeper.bookie.BookieJournalTest.writePreV2Journal(BookieJournalTest.java:168)
	org.apache.bookkeeper.bookie.BookieJournalTest.testPartialFileInfoPreV3Journal(BookieJournalTest.java:727)
	org.apache.bookkeeper.bookie.BookieJournalTest.testPartialFileInfoPreV3Journal1(BookieJournalTest.java:705)
	java.base/jdk.internal.reflect.NativeMethodAccessorImpl.invoke0(Native Method)
	java.base/jdk.internal.reflect.NativeMethodAccessorImpl.invoke(NativeMethodAccessorImpl.java:62)
	java.base/jdk.internal.reflect.DelegatingMethodAccessorImpl.invoke(DelegatingMethodAccessorImpl.java:43)
	java.base/java.lang.reflect.Method.invoke(Method.java:566)
	org.junit.internal.runners.TestMethod.invoke(TestMethod.java:68)
	org.powermock.modules.junit4.internal.impl.PowerMockJUnit44RunnerDelegateImpl$PowerMockJUnit44MethodRunner.runTestMethod(PowerMockJUnit44RunnerDelegateImpl.java:326)
	org.junit.internal.runners.MethodRoadie$2.run(MethodRoadie.java:89)
	org.junit.internal.runners.MethodRoadie.runBeforesThenTestThenAfters(MethodRoadie.java:97)
	org.powermock.modules.junit4.internal.impl.PowerMockJUnit44RunnerDelegateImpl$PowerMockJUnit44MethodRunner.executeTest(PowerMockJUnit44RunnerDelegateImpl.java:310)
	org.powermock.modules.junit4.internal.impl.PowerMockJUnit47RunnerDelegateImpl$PowerMockJUnit47MethodRunner.executeTestInSuper(PowerMockJUnit47RunnerDelegateImpl.java:131)
	org.powermock.modules.junit4.internal.impl.PowerMockJUnit47RunnerDelegateImpl$PowerMockJUnit47MethodRunner.access$100(PowerMockJUnit47RunnerDelegateImpl.java:59)
	org.powermock.modules.junit4.internal.impl.PowerMockJUnit47RunnerDelegateImpl$PowerMockJUnit47MethodRunner$TestExecutorStatement.evaluate(PowerMockJUnit47RunnerDelegateImpl.java:147)
	org.powermock.modules.junit4.internal.impl.PowerMockJUnit47RunnerDelegateImpl$PowerMockJUnit47MethodRunner.evaluateStatement(PowerMockJUnit47RunnerDelegateImpl.java:107)
	org.powermock.modules.junit4.internal.impl.PowerMockJUnit47RunnerDelegateImpl$PowerMockJUnit47MethodRunner.executeTest(PowerMockJUnit47RunnerDelegateImpl.java:82)
	org.powermock.modules.junit4.internal.impl.PowerMockJUnit44RunnerDelegateImpl$PowerMockJUnit44MethodRunner.runBeforesThenTestThenAfters(PowerMockJUnit44RunnerDelegateImpl.java:298)
	org.junit.internal.runners.MethodRoadie.runTest(MethodRoadie.java:87)
	org.junit.internal.runners.MethodRoadie.run(MethodRoadie.java:50)
	org.powermock.modules.junit4.internal.impl.PowerMockJUnit44RunnerDelegateImpl.invokeTestMethod(PowerMockJUnit44RunnerDelegateImpl.java:218)
	org.powermock.modules.junit4.internal.impl.PowerMockJUnit44RunnerDelegateImpl.runMethods(PowerMockJUnit44RunnerDelegateImpl.java:160)
	org.powermock.modules.junit4.internal.impl.PowerMockJUnit44RunnerDelegateImpl$1.run(PowerMockJUnit44RunnerDelegateImpl.java:134)
	org.junit.internal.runners.ClassRoadie.runUnprotected(ClassRoadie.java:34)
	org.junit.internal.runners.ClassRoadie.runProtected(ClassRoadie.java:44)
	org.powermock.modules.junit4.internal.impl.PowerMockJUnit44RunnerDelegateImpl.run(PowerMockJUnit44RunnerDelegateImpl.java:136)
	org.powermock.modules.junit4.common.internal.impl.JUnit4TestSuiteChunkerImpl.run(JUnit4TestSuiteChunkerImpl.java:117)
	org.powermock.modules.junit4.common.internal.impl.AbstractCommonPowerMockRunner.run(AbstractCommonPowerMockRunner.java:57)
	org.powermock.modules.junit4.PowerMockRunner.run(PowerMockRunner.java:59)
	org.apache.maven.surefire.junit4.JUnit4Provider.execute(JUnit4Provider.java:365)
	org.apache.maven.surefire.junit4.JUnit4Provider.executeWithRerun(JUnit4Provider.java:290)
	org.apache.maven.surefire.junit4.JUnit4Provider.executeTestSet(JUnit4Provider.java:238)
	org.apache.maven.surefire.junit4.JUnit4Provider.invoke(JUnit4Provider.java:159)
	org.apache.maven.surefire.booter.ForkedBooter.invokeProviderInSameClassLoader(ForkedBooter.java:379)
	org.apache.maven.surefire.booter.ForkedBooter.runSuitesInProcess(ForkedBooter.java:340)
	org.apache.maven.surefire.booter.ForkedBooter.execute(ForkedBooter.java:125)
	org.apache.maven.surefire.booter.ForkedBooter.main(ForkedBooter.java:413)
#2:
	io.netty.buffer.AdvancedLeakAwareByteBuf.writeLong(AdvancedLeakAwareByteBuf.java:568)
	org.apache.bookkeeper.proto.checksum.DigestManager.computeDigestAndPackageForSending(DigestManager.java:110)
	org.apache.bookkeeper.client.ClientUtil.generatePacket(ClientUtil.java:53)
	org.apache.bookkeeper.client.ClientUtil.generatePacket(ClientUtil.java:46)
	org.apache.bookkeeper.bookie.BookieJournalTest.writePreV2Journal(BookieJournalTest.java:168)
	org.apache.bookkeeper.bookie.BookieJournalTest.testPartialFileInfoPreV3Journal(BookieJournalTest.java:727)
	org.apache.bookkeeper.bookie.BookieJournalTest.testPartialFileInfoPreV3Journal1(BookieJournalTest.java:705)
	java.base/jdk.internal.reflect.NativeMethodAccessorImpl.invoke0(Native Method)
	java.base/jdk.internal.reflect.NativeMethodAccessorImpl.invoke(NativeMethodAccessorImpl.java:62)
	java.base/jdk.internal.reflect.DelegatingMethodAccessorImpl.invoke(DelegatingMethodAccessorImpl.java:43)
	java.base/java.lang.reflect.Method.invoke(Method.java:566)
	org.junit.internal.runners.TestMethod.invoke(TestMethod.java:68)
	org.powermock.modules.junit4.internal.impl.PowerMockJUnit44RunnerDelegateImpl$PowerMockJUnit44MethodRunner.runTestMethod(PowerMockJUnit44RunnerDelegateImpl.java:326)
	org.junit.internal.runners.MethodRoadie$2.run(MethodRoadie.java:89)
	org.junit.internal.runners.MethodRoadie.runBeforesThenTestThenAfters(MethodRoadie.java:97)
	org.powermock.modules.junit4.internal.impl.PowerMockJUnit44RunnerDelegateImpl$PowerMockJUnit44MethodRunner.executeTest(PowerMockJUnit44RunnerDelegateImpl.java:310)
	org.powermock.modules.junit4.internal.impl.PowerMockJUnit47RunnerDelegateImpl$PowerMockJUnit47MethodRunner.executeTestInSuper(PowerMockJUnit47RunnerDelegateImpl.java:131)
	org.powermock.modules.junit4.internal.impl.PowerMockJUnit47RunnerDelegateImpl$PowerMockJUnit47MethodRunner.access$100(PowerMockJUnit47RunnerDelegateImpl.java:59)
	org.powermock.modules.junit4.internal.impl.PowerMockJUnit47RunnerDelegateImpl$PowerMockJUnit47MethodRunner$TestExecutorStatement.evaluate(PowerMockJUnit47RunnerDelegateImpl.java:147)
	org.powermock.modules.junit4.internal.impl.PowerMockJUnit47RunnerDelegateImpl$PowerMockJUnit47MethodRunner.evaluateStatement(PowerMockJUnit47RunnerDelegateImpl.java:107)
	org.powermock.modules.junit4.internal.impl.PowerMockJUnit47RunnerDelegateImpl$PowerMockJUnit47MethodRunner.executeTest(PowerMockJUnit47RunnerDelegateImpl.java:82)
	org.powermock.modules.junit4.internal.impl.PowerMockJUnit44RunnerDelegateImpl$PowerMockJUnit44MethodRunner.runBeforesThenTestThenAfters(PowerMockJUnit44RunnerDelegateImpl.java:298)
	org.junit.internal.runners.MethodRoadie.runTest(MethodRoadie.java:87)
	org.junit.internal.runners.MethodRoadie.run(MethodRoadie.java:50)
	org.powermock.modules.junit4.internal.impl.PowerMockJUnit44RunnerDelegateImpl.invokeTestMethod(PowerMockJUnit44RunnerDelegateImpl.java:218)
	org.powermock.modules.junit4.internal.impl.PowerMockJUnit44RunnerDelegateImpl.runMethods(PowerMockJUnit44RunnerDelegateImpl.java:160)
	org.powermock.modules.junit4.internal.impl.PowerMockJUnit44RunnerDelegateImpl$1.run(PowerMockJUnit44RunnerDelegateImpl.java:134)
	org.junit.internal.runners.ClassRoadie.runUnprotected(ClassRoadie.java:34)
	org.junit.internal.runners.ClassRoadie.runProtected(ClassRoadie.java:44)
	org.powermock.modules.junit4.internal.impl.PowerMockJUnit44RunnerDelegateImpl.run(PowerMockJUnit44RunnerDelegateImpl.java:136)
	org.powermock.modules.junit4.common.internal.impl.JUnit4TestSuiteChunkerImpl.run(JUnit4TestSuiteChunkerImpl.java:117)
	org.powermock.modules.junit4.common.internal.impl.AbstractCommonPowerMockRunner.run(AbstractCommonPowerMockRunner.java:57)
	org.powermock.modules.junit4.PowerMockRunner.run(PowerMockRunner.java:59)
	org.apache.maven.surefire.junit4.JUnit4Provider.execute(JUnit4Provider.java:365)
	org.apache.maven.surefire.junit4.JUnit4Provider.executeWithRerun(JUnit4Provider.java:290)
	org.apache.maven.surefire.junit4.JUnit4Provider.executeTestSet(JUnit4Provider.java:238)
	org.apache.maven.surefire.junit4.JUnit4Provider.invoke(JUnit4Provider.java:159)
	org.apache.maven.surefire.booter.ForkedBooter.invokeProviderInSameClassLoader(ForkedBooter.java:379)
	org.apache.maven.surefire.booter.ForkedBooter.runSuitesInProcess(ForkedBooter.java:340)
	org.apache.maven.surefire.booter.ForkedBooter.execute(ForkedBooter.java:125)
	org.apache.maven.surefire.booter.ForkedBooter.main(ForkedBooter.java:413)
#3:
	io.netty.buffer.AdvancedLeakAwareByteBuf.writeLong(AdvancedLeakAwareByteBuf.java:568)
	org.apache.bookkeeper.proto.checksum.DigestManager.computeDigestAndPackageForSending(DigestManager.java:109)
	org.apache.bookkeeper.client.ClientUtil.generatePacket(ClientUtil.java:53)
	org.apache.bookkeeper.client.ClientUtil.generatePacket(ClientUtil.java:46)
	org.apache.bookkeeper.bookie.BookieJournalTest.writePreV2Journal(BookieJournalTest.java:168)
	org.apache.bookkeeper.bookie.BookieJournalTest.testPartialFileInfoPreV3Journal(BookieJournalTest.java:727)
	org.apache.bookkeeper.bookie.BookieJournalTest.testPartialFileInfoPreV3Journal1(BookieJournalTest.java:705)
	java.base/jdk.internal.reflect.NativeMethodAccessorImpl.invoke0(Native Method)
	java.base/jdk.internal.reflect.NativeMethodAccessorImpl.invoke(NativeMethodAccessorImpl.java:62)
	java.base/jdk.internal.reflect.DelegatingMethodAccessorImpl.invoke(DelegatingMethodAccessorImpl.java:43)
	java.base/java.lang.reflect.Method.invoke(Method.java:566)
	org.junit.internal.runners.TestMethod.invoke(TestMethod.java:68)
	org.powermock.modules.junit4.internal.impl.PowerMockJUnit44RunnerDelegateImpl$PowerMockJUnit44MethodRunner.runTestMethod(PowerMockJUnit44RunnerDelegateImpl.java:326)
	org.junit.internal.runners.MethodRoadie$2.run(MethodRoadie.java:89)
	org.junit.internal.runners.MethodRoadie.runBeforesThenTestThenAfters(MethodRoadie.java:97)
	org.powermock.modules.junit4.internal.impl.PowerMockJUnit44RunnerDelegateImpl$PowerMockJUnit44MethodRunner.executeTest(PowerMockJUnit44RunnerDelegateImpl.java:310)
	org.powermock.modules.junit4.internal.impl.PowerMockJUnit47RunnerDelegateImpl$PowerMockJUnit47MethodRunner.executeTestInSuper(PowerMockJUnit47RunnerDelegateImpl.java:131)
	org.powermock.modules.junit4.internal.impl.PowerMockJUnit47RunnerDelegateImpl$PowerMockJUnit47MethodRunner.access$100(PowerMockJUnit47RunnerDelegateImpl.java:59)
	org.powermock.modules.junit4.internal.impl.PowerMockJUnit47RunnerDelegateImpl$PowerMockJUnit47MethodRunner$TestExecutorStatement.evaluate(PowerMockJUnit47RunnerDelegateImpl.java:147)
	org.powermock.modules.junit4.internal.impl.PowerMockJUnit47RunnerDelegateImpl$PowerMockJUnit47MethodRunner.evaluateStatement(PowerMockJUnit47RunnerDelegateImpl.java:107)
	org.powermock.modules.junit4.internal.impl.PowerMockJUnit47RunnerDelegateImpl$PowerMockJUnit47MethodRunner.executeTest(PowerMockJUnit47RunnerDelegateImpl.java:82)
	org.powermock.modules.junit4.internal.impl.PowerMockJUnit44RunnerDelegateImpl$PowerMockJUnit44MethodRunner.runBeforesThenTestThenAfters(PowerMockJUnit44RunnerDelegateImpl.java:298)
	org.junit.internal.runners.MethodRoadie.runTest(MethodRoadie.java:87)
	org.junit.internal.runners.MethodRoadie.run(MethodRoadie.java:50)
	org.powermock.modules.junit4.internal.impl.PowerMockJUnit44RunnerDelegateImpl.invokeTestMethod(PowerMockJUnit44RunnerDelegateImpl.java:218)
	org.powermock.modules.junit4.internal.impl.PowerMockJUnit44RunnerDelegateImpl.runMethods(PowerMockJUnit44RunnerDelegateImpl.java:160)
	org.powermock.modules.junit4.internal.impl.PowerMockJUnit44RunnerDelegateImpl$1.run(PowerMockJUnit44RunnerDelegateImpl.java:134)
	org.junit.internal.runners.ClassRoadie.runUnprotected(ClassRoadie.java:34)
	org.junit.internal.runners.ClassRoadie.runProtected(ClassRoadie.java:44)
	org.powermock.modules.junit4.internal.impl.PowerMockJUnit44RunnerDelegateImpl.run(PowerMockJUnit44RunnerDelegateImpl.java:136)
	org.powermock.modules.junit4.common.internal.impl.JUnit4TestSuiteChunkerImpl.run(JUnit4TestSuiteChunkerImpl.java:117)
	org.powermock.modules.junit4.common.internal.impl.AbstractCommonPowerMockRunner.run(AbstractCommonPowerMockRunner.java:57)
	org.powermock.modules.junit4.PowerMockRunner.run(PowerMockRunner.java:59)
	org.apache.maven.surefire.junit4.JUnit4Provider.execute(JUnit4Provider.java:365)
	org.apache.maven.surefire.junit4.JUnit4Provider.executeWithRerun(JUnit4Provider.java:290)
	org.apache.maven.surefire.junit4.JUnit4Provider.executeTestSet(JUnit4Provider.java:238)
	org.apache.maven.surefire.junit4.JUnit4Provider.invoke(JUnit4Provider.java:159)
	org.apache.maven.surefire.booter.ForkedBooter.invokeProviderInSameClassLoader(ForkedBooter.java:379)
	org.apache.maven.surefire.booter.ForkedBooter.runSuitesInProcess(ForkedBooter.java:340)
	org.apache.maven.surefire.booter.ForkedBooter.execute(ForkedBooter.java:125)
	org.apache.maven.surefire.booter.ForkedBooter.main(ForkedBooter.java:413)
#4:
	io.netty.buffer.AdvancedLeakAwareByteBuf.writeLong(AdvancedLeakAwareByteBuf.java:568)
	org.apache.bookkeeper.proto.checksum.DigestManager.computeDigestAndPackageForSending(DigestManager.java:108)
	org.apache.bookkeeper.client.ClientUtil.generatePacket(ClientUtil.java:53)
	org.apache.bookkeeper.client.ClientUtil.generatePacket(ClientUtil.java:46)
	org.apache.bookkeeper.bookie.BookieJournalTest.writePreV2Journal(BookieJournalTest.java:168)
	org.apache.bookkeeper.bookie.BookieJournalTest.testPartialFileInfoPreV3Journal(BookieJournalTest.java:727)
	org.apache.bookkeeper.bookie.BookieJournalTest.testPartialFileInfoPreV3Journal1(BookieJournalTest.java:705)
	java.base/jdk.internal.reflect.NativeMethodAccessorImpl.invoke0(Native Method)
	java.base/jdk.internal.reflect.NativeMethodAccessorImpl.invoke(NativeMethodAccessorImpl.java:62)
	java.base/jdk.internal.reflect.DelegatingMethodAccessorImpl.invoke(DelegatingMethodAccessorImpl.java:43)
	java.base/java.lang.reflect.Method.invoke(Method.java:566)
	org.junit.internal.runners.TestMethod.invoke(TestMethod.java:68)
	org.powermock.modules.junit4.internal.impl.PowerMockJUnit44RunnerDelegateImpl$PowerMockJUnit44MethodRunner.runTestMethod(PowerMockJUnit44RunnerDelegateImpl.java:326)
	org.junit.internal.runners.MethodRoadie$2.run(MethodRoadie.java:89)
	org.junit.internal.runners.MethodRoadie.runBeforesThenTestThenAfters(MethodRoadie.java:97)
	org.powermock.modules.junit4.internal.impl.PowerMockJUnit44RunnerDelegateImpl$PowerMockJUnit44MethodRunner.executeTest(PowerMockJUnit44RunnerDelegateImpl.java:310)
	org.powermock.modules.junit4.internal.impl.PowerMockJUnit47RunnerDelegateImpl$PowerMockJUnit47MethodRunner.executeTestInSuper(PowerMockJUnit47RunnerDelegateImpl.java:131)
	org.powermock.modules.junit4.internal.impl.PowerMockJUnit47RunnerDelegateImpl$PowerMockJUnit47MethodRunner.access$100(PowerMockJUnit47RunnerDelegateImpl.java:59)
	org.powermock.modules.junit4.internal.impl.PowerMockJUnit47RunnerDelegateImpl$PowerMockJUnit47MethodRunner$TestExecutorStatement.evaluate(PowerMockJUnit47RunnerDelegateImpl.java:147)
	org.powermock.modules.junit4.internal.impl.PowerMockJUnit47RunnerDelegateImpl$PowerMockJUnit47MethodRunner.evaluateStatement(PowerMockJUnit47RunnerDelegateImpl.java:107)
	org.powermock.modules.junit4.internal.impl.PowerMockJUnit47RunnerDelegateImpl$PowerMockJUnit47MethodRunner.executeTest(PowerMockJUnit47RunnerDelegateImpl.java:82)
	org.powermock.modules.junit4.internal.impl.PowerMockJUnit44RunnerDelegateImpl$PowerMockJUnit44MethodRunner.runBeforesThenTestThenAfters(PowerMockJUnit44RunnerDelegateImpl.java:298)
	org.junit.internal.runners.MethodRoadie.runTest(MethodRoadie.java:87)
	org.junit.internal.runners.MethodRoadie.run(MethodRoadie.java:50)
	org.powermock.modules.junit4.internal.impl.PowerMockJUnit44RunnerDelegateImpl.invokeTestMethod(PowerMockJUnit44RunnerDelegateImpl.java:218)
	org.powermock.modules.junit4.internal.impl.PowerMockJUnit44RunnerDelegateImpl.runMethods(PowerMockJUnit44RunnerDelegateImpl.java:160)
	org.powermock.modules.junit4.internal.impl.PowerMockJUnit44RunnerDelegateImpl$1.run(PowerMockJUnit44RunnerDelegateImpl.java:134)
	org.junit.internal.runners.ClassRoadie.runUnprotected(ClassRoadie.java:34)
	org.junit.internal.runners.ClassRoadie.runProtected(ClassRoadie.java:44)
	org.powermock.modules.junit4.internal.impl.PowerMockJUnit44RunnerDelegateImpl.run(PowerMockJUnit44RunnerDelegateImpl.java:136)
	org.powermock.modules.junit4.common.internal.impl.JUnit4TestSuiteChunkerImpl.run(JUnit4TestSuiteChunkerImpl.java:117)
	org.powermock.modules.junit4.common.internal.impl.AbstractCommonPowerMockRunner.run(AbstractCommonPowerMockRunner.java:57)
	org.powermock.modules.junit4.PowerMockRunner.run(PowerMockRunner.java:59)
	org.apache.maven.surefire.junit4.JUnit4Provider.execute(JUnit4Provider.java:365)
	org.apache.maven.surefire.junit4.JUnit4Provider.executeWithRerun(JUnit4Provider.java:290)
	org.apache.maven.surefire.junit4.JUnit4Provider.executeTestSet(JUnit4Provider.java:238)
	org.apache.maven.surefire.junit4.JUnit4Provider.invoke(JUnit4Provider.java:159)
	org.apache.maven.surefire.booter.ForkedBooter.invokeProviderInSameClassLoader(ForkedBooter.java:379)
	org.apache.maven.surefire.booter.ForkedBooter.runSuitesInProcess(ForkedBooter.java:340)
	org.apache.maven.surefire.booter.ForkedBooter.execute(ForkedBooter.java:125)
	org.apache.maven.surefire.booter.ForkedBooter.main(ForkedBooter.java:413)
#5:
	io.netty.buffer.AdvancedLeakAwareByteBuf.writeLong(AdvancedLeakAwareByteBuf.java:568)
	org.apache.bookkeeper.proto.checksum.DigestManager.computeDigestAndPackageForSending(DigestManager.java:107)
	org.apache.bookkeeper.client.ClientUtil.generatePacket(ClientUtil.java:53)
	org.apache.bookkeeper.client.ClientUtil.generatePacket(ClientUtil.java:46)
	org.apache.bookkeeper.bookie.BookieJournalTest.writePreV2Journal(BookieJournalTest.java:168)
	org.apache.bookkeeper.bookie.BookieJournalTest.testPartialFileInfoPreV3Journal(BookieJournalTest.java:727)
	org.apache.bookkeeper.bookie.BookieJournalTest.testPartialFileInfoPreV3Journal1(BookieJournalTest.java:705)
	java.base/jdk.internal.reflect.NativeMethodAccessorImpl.invoke0(Native Method)
	java.base/jdk.internal.reflect.NativeMethodAccessorImpl.invoke(NativeMethodAccessorImpl.java:62)
	java.base/jdk.internal.reflect.DelegatingMethodAccessorImpl.invoke(DelegatingMethodAccessorImpl.java:43)
	java.base/java.lang.reflect.Method.invoke(Method.java:566)
	org.junit.internal.runners.TestMethod.invoke(TestMethod.java:68)
	org.powermock.modules.junit4.internal.impl.PowerMockJUnit44RunnerDelegateImpl$PowerMockJUnit44MethodRunner.runTestMethod(PowerMockJUnit44RunnerDelegateImpl.java:326)
	org.junit.internal.runners.MethodRoadie$2.run(MethodRoadie.java:89)
	org.junit.internal.runners.MethodRoadie.runBeforesThenTestThenAfters(MethodRoadie.java:97)
	org.powermock.modules.junit4.internal.impl.PowerMockJUnit44RunnerDelegateImpl$PowerMockJUnit44MethodRunner.executeTest(PowerMockJUnit44RunnerDelegateImpl.java:310)
	org.powermock.modules.junit4.internal.impl.PowerMockJUnit47RunnerDelegateImpl$PowerMockJUnit47MethodRunner.executeTestInSuper(PowerMockJUnit47RunnerDelegateImpl.java:131)
	org.powermock.modules.junit4.internal.impl.PowerMockJUnit47RunnerDelegateImpl$PowerMockJUnit47MethodRunner.access$100(PowerMockJUnit47RunnerDelegateImpl.java:59)
	org.powermock.modules.junit4.internal.impl.PowerMockJUnit47RunnerDelegateImpl$PowerMockJUnit47MethodRunner$TestExecutorStatement.evaluate(PowerMockJUnit47RunnerDelegateImpl.java:147)
	org.powermock.modules.junit4.internal.impl.PowerMockJUnit47RunnerDelegateImpl$PowerMockJUnit47MethodRunner.evaluateStatement(PowerMockJUnit47RunnerDelegateImpl.java:107)
	org.powermock.modules.junit4.internal.impl.PowerMockJUnit47RunnerDelegateImpl$PowerMockJUnit47MethodRunner.executeTest(PowerMockJUnit47RunnerDelegateImpl.java:82)
	org.powermock.modules.junit4.internal.impl.PowerMockJUnit44RunnerDelegateImpl$PowerMockJUnit44MethodRunner.runBeforesThenTestThenAfters(PowerMockJUnit44RunnerDelegateImpl.java:298)
	org.junit.internal.runners.MethodRoadie.runTest(MethodRoadie.java:87)
	org.junit.internal.runners.MethodRoadie.run(MethodRoadie.java:50)
	org.powermock.modules.junit4.internal.impl.PowerMockJUnit44RunnerDelegateImpl.invokeTestMethod(PowerMockJUnit44RunnerDelegateImpl.java:218)
	org.powermock.modules.junit4.internal.impl.PowerMockJUnit44RunnerDelegateImpl.runMethods(PowerMockJUnit44RunnerDelegateImpl.java:160)
	org.powermock.modules.junit4.internal.impl.PowerMockJUnit44RunnerDelegateImpl$1.run(PowerMockJUnit44RunnerDelegateImpl.java:134)
	org.junit.internal.runners.ClassRoadie.runUnprotected(ClassRoadie.java:34)
	org.junit.internal.runners.ClassRoadie.runProtected(ClassRoadie.java:44)
	org.powermock.modules.junit4.internal.impl.PowerMockJUnit44RunnerDelegateImpl.run(PowerMockJUnit44RunnerDelegateImpl.java:136)
	org.powermock.modules.junit4.common.internal.impl.JUnit4TestSuiteChunkerImpl.run(JUnit4TestSuiteChunkerImpl.java:117)
	org.powermock.modules.junit4.common.internal.impl.AbstractCommonPowerMockRunner.run(AbstractCommonPowerMockRunner.java:57)
	org.powermock.modules.junit4.PowerMockRunner.run(PowerMockRunner.java:59)
	org.apache.maven.surefire.junit4.JUnit4Provider.execute(JUnit4Provider.java:365)
	org.apache.maven.surefire.junit4.JUnit4Provider.executeWithRerun(JUnit4Provider.java:290)
	org.apache.maven.surefire.junit4.JUnit4Provider.executeTestSet(JUnit4Provider.java:238)
	org.apache.maven.surefire.junit4.JUnit4Provider.invoke(JUnit4Provider.java:159)
	org.apache.maven.surefire.booter.ForkedBooter.invokeProviderInSameClassLoader(ForkedBooter.java:379)
	org.apache.maven.surefire.booter.ForkedBooter.runSuitesInProcess(ForkedBooter.java:340)
	org.apache.maven.surefire.booter.ForkedBooter.execute(ForkedBooter.java:125)
	org.apache.maven.surefire.booter.ForkedBooter.main(ForkedBooter.java:413)
Created at:
	io.netty.buffer.UnpooledByteBufAllocator.newDirectBuffer(UnpooledByteBufAllocator.java:96)
	io.netty.buffer.AbstractByteBufAllocator.directBuffer(AbstractByteBufAllocator.java:185)
	io.netty.buffer.AbstractByteBufAllocator.directBuffer(AbstractByteBufAllocator.java:176)
	io.netty.buffer.AbstractByteBufAllocator.buffer(AbstractByteBufAllocator.java:113)
	org.apache.bookkeeper.proto.checksum.DigestManager.computeDigestAndPackageForSending(DigestManager.java:103)
	org.apache.bookkeeper.client.ClientUtil.generatePacket(ClientUtil.java:53)
	org.apache.bookkeeper.client.ClientUtil.generatePacket(ClientUtil.java:46)
	org.apache.bookkeeper.bookie.BookieJournalTest.writePreV2Journal(BookieJournalTest.java:168)
	org.apache.bookkeeper.bookie.BookieJournalTest.testPartialFileInfoPreV3Journal(BookieJournalTest.java:727)
	org.apache.bookkeeper.bookie.BookieJournalTest.testPartialFileInfoPreV3Journal1(BookieJournalTest.java:705)
	java.base/jdk.internal.reflect.NativeMethodAccessorImpl.invoke0(Native Method)
	java.base/jdk.internal.reflect.NativeMethodAccessorImpl.invoke(NativeMethodAccessorImpl.java:62)
	java.base/jdk.internal.reflect.DelegatingMethodAccessorImpl.invoke(DelegatingMethodAccessorImpl.java:43)
	java.base/java.lang.reflect.Method.invoke(Method.java:566)
	org.junit.internal.runners.TestMethod.invoke(TestMethod.java:68)
	org.powermock.modules.junit4.internal.impl.PowerMockJUnit44RunnerDelegateImpl$PowerMockJUnit44MethodRunner.runTestMethod(PowerMockJUnit44RunnerDelegateImpl.java:326)
	org.junit.internal.runners.MethodRoadie$2.run(MethodRoadie.java:89)
	org.junit.internal.runners.MethodRoadie.runBeforesThenTestThenAfters(MethodRoadie.java:97)
	org.powermock.modules.junit4.internal.impl.PowerMockJUnit44RunnerDelegateImpl$PowerMockJUnit44MethodRunner.executeTest(PowerMockJUnit44RunnerDelegateImpl.java:310)
	org.powermock.modules.junit4.internal.impl.PowerMockJUnit47RunnerDelegateImpl$PowerMockJUnit47MethodRunner.executeTestInSuper(PowerMockJUnit47RunnerDelegateImpl.java:131)
	org.powermock.modules.junit4.internal.impl.PowerMockJUnit47RunnerDelegateImpl$PowerMockJUnit47MethodRunner.access$100(PowerMockJUnit47RunnerDelegateImpl.java:59)
	org.powermock.modules.junit4.internal.impl.PowerMockJUnit47RunnerDelegateImpl$PowerMockJUnit47MethodRunner$TestExecutorStatement.evaluate(PowerMockJUnit47RunnerDelegateImpl.java:147)
	org.powermock.modules.junit4.internal.impl.PowerMockJUnit47RunnerDelegateImpl$PowerMockJUnit47MethodRunner.evaluateStatement(PowerMockJUnit47RunnerDelegateImpl.java:107)
	org.powermock.modules.junit4.internal.impl.PowerMockJUnit47RunnerDelegateImpl$PowerMockJUnit47MethodRunner.executeTest(PowerMockJUnit47RunnerDelegateImpl.java:82)
	org.powermock.modules.junit4.internal.impl.PowerMockJUnit44RunnerDelegateImpl$PowerMockJUnit44MethodRunner.runBeforesThenTestThenAfters(PowerMockJUnit44RunnerDelegateImpl.java:298)
	org.junit.internal.runners.MethodRoadie.runTest(MethodRoadie.java:87)
	org.junit.internal.runners.MethodRoadie.run(MethodRoadie.java:50)
	org.powermock.modules.junit4.internal.impl.PowerMockJUnit44RunnerDelegateImpl.invokeTestMethod(PowerMockJUnit44RunnerDelegateImpl.java:218)
	org.powermock.modules.junit4.internal.impl.PowerMockJUnit44RunnerDelegateImpl.runMethods(PowerMockJUnit44RunnerDelegateImpl.java:160)
	org.powermock.modules.junit4.internal.impl.PowerMockJUnit44RunnerDelegateImpl$1.run(PowerMockJUnit44RunnerDelegateImpl.java:134)
	org.junit.internal.runners.ClassRoadie.runUnprotected(ClassRoadie.java:34)
	org.junit.internal.runners.ClassRoadie.runProtected(ClassRoadie.java:44)
	org.powermock.modules.junit4.internal.impl.PowerMockJUnit44RunnerDelegateImpl.run(PowerMockJUnit44RunnerDelegateImpl.java:136)
	org.powermock.modules.junit4.common.internal.impl.JUnit4TestSuiteChunkerImpl.run(JUnit4TestSuiteChunkerImpl.java:117)
	org.powermock.modules.junit4.common.internal.impl.AbstractCommonPowerMockRunner.run(AbstractCommonPowerMockRunner.java:57)
	org.powermock.modules.junit4.PowerMockRunner.run(PowerMockRunner.java:59)
	org.apache.maven.surefire.junit4.JUnit4Provider.execute(JUnit4Provider.java:365)
	org.apache.maven.surefire.junit4.JUnit4Provider.executeWithRerun(JUnit4Provider.java:290)
	org.apache.maven.surefire.junit4.JUnit4Provider.executeTestSet(JUnit4Provider.java:238)
	org.apache.maven.surefire.junit4.JUnit4Provider.invoke(JUnit4Provider.java:159)
	org.apache.maven.surefire.booter.ForkedBooter.invokeProviderInSameClassLoader(ForkedBooter.java:379)
	org.apache.maven.surefire.booter.ForkedBooter.runSuitesInProcess(ForkedBooter.java:340)
	org.apache.maven.surefire.booter.ForkedBooter.execute(ForkedBooter.java:125)
	org.apache.maven.surefire.booter.ForkedBooter.main(ForkedBooter.java:413)
2020-08-10 23:35:52,967 - ERROR - [main:ResourceLeakDetector@317] - LEAK: ByteBuf.release() was not called before it's garbage-collected. See http://netty.io/wiki/reference-counted-objects.html for more information.
Recent access records: 
#1:
	io.netty.buffer.AdvancedLeakAwareByteBuf.writeLong(AdvancedLeakAwareByteBuf.java:568)
	org.apache.bookkeeper.proto.checksum.CRC32DigestManager.populateValueAndReset(CRC32DigestManager.java:61)
	org.apache.bookkeeper.proto.checksum.DigestManager.computeDigestAndPackageForSending(DigestManager.java:114)
	org.apache.bookkeeper.client.ClientUtil.generatePacket(ClientUtil.java:53)
	org.apache.bookkeeper.client.ClientUtil.generatePacket(ClientUtil.java:46)
	org.apache.bookkeeper.bookie.BookieJournalTest.writeV2Journal(BookieJournalTest.java:212)
	org.apache.bookkeeper.bookie.BookieJournalTest.testTruncatedInLenJournal(BookieJournalTest.java:572)
	java.base/jdk.internal.reflect.NativeMethodAccessorImpl.invoke0(Native Method)
	java.base/jdk.internal.reflect.NativeMethodAccessorImpl.invoke(NativeMethodAccessorImpl.java:62)
	java.base/jdk.internal.reflect.DelegatingMethodAccessorImpl.invoke(DelegatingMethodAccessorImpl.java:43)
	java.base/java.lang.reflect.Method.invoke(Method.java:566)
	org.junit.internal.runners.TestMethod.invoke(TestMethod.java:68)
	org.powermock.modules.junit4.internal.impl.PowerMockJUnit44RunnerDelegateImpl$PowerMockJUnit44MethodRunner.runTestMethod(PowerMockJUnit44RunnerDelegateImpl.java:326)
	org.junit.internal.runners.MethodRoadie$2.run(MethodRoadie.java:89)
	org.junit.internal.runners.MethodRoadie.runBeforesThenTestThenAfters(MethodRoadie.java:97)
	org.powermock.modules.junit4.internal.impl.PowerMockJUnit44RunnerDelegateImpl$PowerMockJUnit44MethodRunner.executeTest(PowerMockJUnit44RunnerDelegateImpl.java:310)
	org.powermock.modules.junit4.internal.impl.PowerMockJUnit47RunnerDelegateImpl$PowerMockJUnit47MethodRunner.executeTestInSuper(PowerMockJUnit47RunnerDelegateImpl.java:131)
	org.powermock.modules.junit4.internal.impl.PowerMockJUnit47RunnerDelegateImpl$PowerMockJUnit47MethodRunner.access$100(PowerMockJUnit47RunnerDelegateImpl.java:59)
	org.powermock.modules.junit4.internal.impl.PowerMockJUnit47RunnerDelegateImpl$PowerMockJUnit47MethodRunner$TestExecutorStatement.evaluate(PowerMockJUnit47RunnerDelegateImpl.java:147)
	org.powermock.modules.junit4.internal.impl.PowerMockJUnit47RunnerDelegateImpl$PowerMockJUnit47MethodRunner.evaluateStatement(PowerMockJUnit47RunnerDelegateImpl.java:107)
	org.powermock.modules.junit4.internal.impl.PowerMockJUnit47RunnerDelegateImpl$PowerMockJUnit47MethodRunner.executeTest(PowerMockJUnit47RunnerDelegateImpl.java:82)
	org.powermock.modules.junit4.internal.impl.PowerMockJUnit44RunnerDelegateImpl$PowerMockJUnit44MethodRunner.runBeforesThenTestThenAfters(PowerMockJUnit44RunnerDelegateImpl.java:298)
	org.junit.internal.runners.MethodRoadie.runTest(MethodRoadie.java:87)
	org.junit.internal.runners.MethodRoadie.run(MethodRoadie.java:50)
	org.powermock.modules.junit4.internal.impl.PowerMockJUnit44RunnerDelegateImpl.invokeTestMethod(PowerMockJUnit44RunnerDelegateImpl.java:218)
	org.powermock.modules.junit4.internal.impl.PowerMockJUnit44RunnerDelegateImpl.runMethods(PowerMockJUnit44RunnerDelegateImpl.java:160)
	org.powermock.modules.junit4.internal.impl.PowerMockJUnit44RunnerDelegateImpl$1.run(PowerMockJUnit44RunnerDelegateImpl.java:134)
	org.junit.internal.runners.ClassRoadie.runUnprotected(ClassRoadie.java:34)
	org.junit.internal.runners.ClassRoadie.runProtected(ClassRoadie.java:44)
	org.powermock.modules.junit4.internal.impl.PowerMockJUnit44RunnerDelegateImpl.run(PowerMockJUnit44RunnerDelegateImpl.java:136)
	org.powermock.modules.junit4.common.internal.impl.JUnit4TestSuiteChunkerImpl.run(JUnit4TestSuiteChunkerImpl.java:117)
	org.powermock.modules.junit4.common.internal.impl.AbstractCommonPowerMockRunner.run(AbstractCommonPowerMockRunner.java:57)
	org.powermock.modules.junit4.PowerMockRunner.run(PowerMockRunner.java:59)
	org.apache.maven.surefire.junit4.JUnit4Provider.execute(JUnit4Provider.java:365)
	org.apache.maven.surefire.junit4.JUnit4Provider.executeWithRerun(JUnit4Provider.java:290)
	org.apache.maven.surefire.junit4.JUnit4Provider.executeTestSet(JUnit4Provider.java:238)
	org.apache.maven.surefire.junit4.JUnit4Provider.invoke(JUnit4Provider.java:159)
	org.apache.maven.surefire.booter.ForkedBooter.invokeProviderInSameClassLoader(ForkedBooter.java:379)
	org.apache.maven.surefire.booter.ForkedBooter.runSuitesInProcess(ForkedBooter.java:340)
	org.apache.maven.surefire.booter.ForkedBooter.execute(ForkedBooter.java:125)
	org.apache.maven.surefire.booter.ForkedBooter.main(ForkedBooter.java:413)
#2:
	io.netty.buffer.AdvancedLeakAwareByteBuf.writeLong(AdvancedLeakAwareByteBuf.java:568)
	org.apache.bookkeeper.proto.checksum.DigestManager.computeDigestAndPackageForSending(DigestManager.java:109)
	org.apache.bookkeeper.client.ClientUtil.generatePacket(ClientUtil.java:53)
	org.apache.bookkeeper.client.ClientUtil.generatePacket(ClientUtil.java:46)
	org.apache.bookkeeper.bookie.BookieJournalTest.writeV2Journal(BookieJournalTest.java:212)
	org.apache.bookkeeper.bookie.BookieJournalTest.testTruncatedInLenJournal(BookieJournalTest.java:572)
	java.base/jdk.internal.reflect.NativeMethodAccessorImpl.invoke0(Native Method)
	java.base/jdk.internal.reflect.NativeMethodAccessorImpl.invoke(NativeMethodAccessorImpl.java:62)
	java.base/jdk.internal.reflect.DelegatingMethodAccessorImpl.invoke(DelegatingMethodAccessorImpl.java:43)
	java.base/java.lang.reflect.Method.invoke(Method.java:566)
	org.junit.internal.runners.TestMethod.invoke(TestMethod.java:68)
	org.powermock.modules.junit4.internal.impl.PowerMockJUnit44RunnerDelegateImpl$PowerMockJUnit44MethodRunner.runTestMethod(PowerMockJUnit44RunnerDelegateImpl.java:326)
	org.junit.internal.runners.MethodRoadie$2.run(MethodRoadie.java:89)
	org.junit.internal.runners.MethodRoadie.runBeforesThenTestThenAfters(MethodRoadie.java:97)
	org.powermock.modules.junit4.internal.impl.PowerMockJUnit44RunnerDelegateImpl$PowerMockJUnit44MethodRunner.executeTest(PowerMockJUnit44RunnerDelegateImpl.java:310)
	org.powermock.modules.junit4.internal.impl.PowerMockJUnit47RunnerDelegateImpl$PowerMockJUnit47MethodRunner.executeTestInSuper(PowerMockJUnit47RunnerDelegateImpl.java:131)
	org.powermock.modules.junit4.internal.impl.PowerMockJUnit47RunnerDelegateImpl$PowerMockJUnit47MethodRunner.access$100(PowerMockJUnit47RunnerDelegateImpl.java:59)
	org.powermock.modules.junit4.internal.impl.PowerMockJUnit47RunnerDelegateImpl$PowerMockJUnit47MethodRunner$TestExecutorStatement.evaluate(PowerMockJUnit47RunnerDelegateImpl.java:147)
	org.powermock.modules.junit4.internal.impl.PowerMockJUnit47RunnerDelegateImpl$PowerMockJUnit47MethodRunner.evaluateStatement(PowerMockJUnit47RunnerDelegateImpl.java:107)
	org.powermock.modules.junit4.internal.impl.PowerMockJUnit47RunnerDelegateImpl$PowerMockJUnit47MethodRunner.executeTest(PowerMockJUnit47RunnerDelegateImpl.java:82)
	org.powermock.modules.junit4.internal.impl.PowerMockJUnit44RunnerDelegateImpl$PowerMockJUnit44MethodRunner.runBeforesThenTestThenAfters(PowerMockJUnit44RunnerDelegateImpl.java:298)
	org.junit.internal.runners.MethodRoadie.runTest(MethodRoadie.java:87)
	org.junit.internal.runners.MethodRoadie.run(MethodRoadie.java:50)
	org.powermock.modules.junit4.internal.impl.PowerMockJUnit44RunnerDelegateImpl.invokeTestMethod(PowerMockJUnit44RunnerDelegateImpl.java:218)
	org.powermock.modules.junit4.internal.impl.PowerMockJUnit44RunnerDelegateImpl.runMethods(PowerMockJUnit44RunnerDelegateImpl.java:160)
	org.powermock.modules.junit4.internal.impl.PowerMockJUnit44RunnerDelegateImpl$1.run(PowerMockJUnit44RunnerDelegateImpl.java:134)
	org.junit.internal.runners.ClassRoadie.runUnprotected(ClassRoadie.java:34)
	org.junit.internal.runners.ClassRoadie.runProtected(ClassRoadie.java:44)
	org.powermock.modules.junit4.internal.impl.PowerMockJUnit44RunnerDelegateImpl.run(PowerMockJUnit44RunnerDelegateImpl.java:136)
	org.powermock.modules.junit4.common.internal.impl.JUnit4TestSuiteChunkerImpl.run(JUnit4TestSuiteChunkerImpl.java:117)
	org.powermock.modules.junit4.common.internal.impl.AbstractCommonPowerMockRunner.run(AbstractCommonPowerMockRunner.java:57)
	org.powermock.modules.junit4.PowerMockRunner.run(PowerMockRunner.java:59)
	org.apache.maven.surefire.junit4.JUnit4Provider.execute(JUnit4Provider.java:365)
	org.apache.maven.surefire.junit4.JUnit4Provider.executeWithRerun(JUnit4Provider.java:290)
	org.apache.maven.surefire.junit4.JUnit4Provider.executeTestSet(JUnit4Provider.java:238)
	org.apache.maven.surefire.junit4.JUnit4Provider.invoke(JUnit4Provider.java:159)
	org.apache.maven.surefire.booter.ForkedBooter.invokeProviderInSameClassLoader(ForkedBooter.java:379)
	org.apache.maven.surefire.booter.ForkedBooter.runSuitesInProcess(ForkedBooter.java:340)
	org.apache.maven.surefire.booter.ForkedBooter.execute(ForkedBooter.java:125)
	org.apache.maven.surefire.booter.ForkedBooter.main(ForkedBooter.java:413)
#3:
	io.netty.buffer.AdvancedLeakAwareByteBuf.writeLong(AdvancedLeakAwareByteBuf.java:568)
	org.apache.bookkeeper.proto.checksum.DigestManager.computeDigestAndPackageForSending(DigestManager.java:108)
	org.apache.bookkeeper.client.ClientUtil.generatePacket(ClientUtil.java:53)
	org.apache.bookkeeper.client.ClientUtil.generatePacket(ClientUtil.java:46)
	org.apache.bookkeeper.bookie.BookieJournalTest.writeV2Journal(BookieJournalTest.java:212)
	org.apache.bookkeeper.bookie.BookieJournalTest.testTruncatedInLenJournal(BookieJournalTest.java:572)
	java.base/jdk.internal.reflect.NativeMethodAccessorImpl.invoke0(Native Method)
	java.base/jdk.internal.reflect.NativeMethodAccessorImpl.invoke(NativeMethodAccessorImpl.java:62)
	java.base/jdk.internal.reflect.DelegatingMethodAccessorImpl.invoke(DelegatingMethodAccessorImpl.java:43)
	java.base/java.lang.reflect.Method.invoke(Method.java:566)
	org.junit.internal.runners.TestMethod.invoke(TestMethod.java:68)
	org.powermock.modules.junit4.internal.impl.PowerMockJUnit44RunnerDelegateImpl$PowerMockJUnit44MethodRunner.runTestMethod(PowerMockJUnit44RunnerDelegateImpl.java:326)
	org.junit.internal.runners.MethodRoadie$2.run(MethodRoadie.java:89)
	org.junit.internal.runners.MethodRoadie.runBeforesThenTestThenAfters(MethodRoadie.java:97)
	org.powermock.modules.junit4.internal.impl.PowerMockJUnit44RunnerDelegateImpl$PowerMockJUnit44MethodRunner.executeTest(PowerMockJUnit44RunnerDelegateImpl.java:310)
	org.powermock.modules.junit4.internal.impl.PowerMockJUnit47RunnerDelegateImpl$PowerMockJUnit47MethodRunner.executeTestInSuper(PowerMockJUnit47RunnerDelegateImpl.java:131)
	org.powermock.modules.junit4.internal.impl.PowerMockJUnit47RunnerDelegateImpl$PowerMockJUnit47MethodRunner.access$100(PowerMockJUnit47RunnerDelegateImpl.java:59)
	org.powermock.modules.junit4.internal.impl.PowerMockJUnit47RunnerDelegateImpl$PowerMockJUnit47MethodRunner$TestExecutorStatement.evaluate(PowerMockJUnit47RunnerDelegateImpl.java:147)
	org.powermock.modules.junit4.internal.impl.PowerMockJUnit47RunnerDelegateImpl$PowerMockJUnit47MethodRunner.evaluateStatement(PowerMockJUnit47RunnerDelegateImpl.java:107)
	org.powermock.modules.junit4.internal.impl.PowerMockJUnit47RunnerDelegateImpl$PowerMockJUnit47MethodRunner.executeTest(PowerMockJUnit47RunnerDelegateImpl.java:82)
	org.powermock.modules.junit4.internal.impl.PowerMockJUnit44RunnerDelegateImpl$PowerMockJUnit44MethodRunner.runBeforesThenTestThenAfters(PowerMockJUnit44RunnerDelegateImpl.java:298)
	org.junit.internal.runners.MethodRoadie.runTest(MethodRoadie.java:87)
	org.junit.internal.runners.MethodRoadie.run(MethodRoadie.java:50)
	org.powermock.modules.junit4.internal.impl.PowerMockJUnit44RunnerDelegateImpl.invokeTestMethod(PowerMockJUnit44RunnerDelegateImpl.java:218)
	org.powermock.modules.junit4.internal.impl.PowerMockJUnit44RunnerDelegateImpl.runMethods(PowerMockJUnit44RunnerDelegateImpl.java:160)
	org.powermock.modules.junit4.internal.impl.PowerMockJUnit44RunnerDelegateImpl$1.run(PowerMockJUnit44RunnerDelegateImpl.java:134)
	org.junit.internal.runners.ClassRoadie.runUnprotected(ClassRoadie.java:34)
	org.junit.internal.runners.ClassRoadie.runProtected(ClassRoadie.java:44)
	org.powermock.modules.junit4.internal.impl.PowerMockJUnit44RunnerDelegateImpl.run(PowerMockJUnit44RunnerDelegateImpl.java:136)
	org.powermock.modules.junit4.common.internal.impl.JUnit4TestSuiteChunkerImpl.run(JUnit4TestSuiteChunkerImpl.java:117)
	org.powermock.modules.junit4.common.internal.impl.AbstractCommonPowerMockRunner.run(AbstractCommonPowerMockRunner.java:57)
	org.powermock.modules.junit4.PowerMockRunner.run(PowerMockRunner.java:59)
	org.apache.maven.surefire.junit4.JUnit4Provider.execute(JUnit4Provider.java:365)
	org.apache.maven.surefire.junit4.JUnit4Provider.executeWithRerun(JUnit4Provider.java:290)
	org.apache.maven.surefire.junit4.JUnit4Provider.executeTestSet(JUnit4Provider.java:238)
	org.apache.maven.surefire.junit4.JUnit4Provider.invoke(JUnit4Provider.java:159)
	org.apache.maven.surefire.booter.ForkedBooter.invokeProviderInSameClassLoader(ForkedBooter.java:379)
	org.apache.maven.surefire.booter.ForkedBooter.runSuitesInProcess(ForkedBooter.java:340)
	org.apache.maven.surefire.booter.ForkedBooter.execute(ForkedBooter.java:125)
	org.apache.maven.surefire.booter.ForkedBooter.main(ForkedBooter.java:413)
#4:
	io.netty.buffer.AdvancedLeakAwareByteBuf.writeLong(AdvancedLeakAwareByteBuf.java:568)
	org.apache.bookkeeper.proto.checksum.DigestManager.computeDigestAndPackageForSending(DigestManager.java:107)
	org.apache.bookkeeper.client.ClientUtil.generatePacket(ClientUtil.java:53)
	org.apache.bookkeeper.client.ClientUtil.generatePacket(ClientUtil.java:46)
	org.apache.bookkeeper.bookie.BookieJournalTest.writeV2Journal(BookieJournalTest.java:212)
	org.apache.bookkeeper.bookie.BookieJournalTest.testTruncatedInLenJournal(BookieJournalTest.java:572)
	java.base/jdk.internal.reflect.NativeMethodAccessorImpl.invoke0(Native Method)
	java.base/jdk.internal.reflect.NativeMethodAccessorImpl.invoke(NativeMethodAccessorImpl.java:62)
	java.base/jdk.internal.reflect.DelegatingMethodAccessorImpl.invoke(DelegatingMethodAccessorImpl.java:43)
	java.base/java.lang.reflect.Method.invoke(Method.java:566)
	org.junit.internal.runners.TestMethod.invoke(TestMethod.java:68)
	org.powermock.modules.junit4.internal.impl.PowerMockJUnit44RunnerDelegateImpl$PowerMockJUnit44MethodRunner.runTestMethod(PowerMockJUnit44RunnerDelegateImpl.java:326)
	org.junit.internal.runners.MethodRoadie$2.run(MethodRoadie.java:89)
	org.junit.internal.runners.MethodRoadie.runBeforesThenTestThenAfters(MethodRoadie.java:97)
	org.powermock.modules.junit4.internal.impl.PowerMockJUnit44RunnerDelegateImpl$PowerMockJUnit44MethodRunner.executeTest(PowerMockJUnit44RunnerDelegateImpl.java:310)
	org.powermock.modules.junit4.internal.impl.PowerMockJUnit47RunnerDelegateImpl$PowerMockJUnit47MethodRunner.executeTestInSuper(PowerMockJUnit47RunnerDelegateImpl.java:131)
	org.powermock.modules.junit4.internal.impl.PowerMockJUnit47RunnerDelegateImpl$PowerMockJUnit47MethodRunner.access$100(PowerMockJUnit47RunnerDelegateImpl.java:59)
	org.powermock.modules.junit4.internal.impl.PowerMockJUnit47RunnerDelegateImpl$PowerMockJUnit47MethodRunner$TestExecutorStatement.evaluate(PowerMockJUnit47RunnerDelegateImpl.java:147)
	org.powermock.modules.junit4.internal.impl.PowerMockJUnit47RunnerDelegateImpl$PowerMockJUnit47MethodRunner.evaluateStatement(PowerMockJUnit47RunnerDelegateImpl.java:107)
	org.powermock.modules.junit4.internal.impl.PowerMockJUnit47RunnerDelegateImpl$PowerMockJUnit47MethodRunner.executeTest(PowerMockJUnit47RunnerDelegateImpl.java:82)
	org.powermock.modules.junit4.internal.impl.PowerMockJUnit44RunnerDelegateImpl$PowerMockJUnit44MethodRunner.runBeforesThenTestThenAfters(PowerMockJUnit44RunnerDelegateImpl.java:298)
	org.junit.internal.runners.MethodRoadie.runTest(MethodRoadie.java:87)
	org.junit.internal.runners.MethodRoadie.run(MethodRoadie.java:50)
	org.powermock.modules.junit4.internal.impl.PowerMockJUnit44RunnerDelegateImpl.invokeTestMethod(PowerMockJUnit44RunnerDelegateImpl.java:218)
	org.powermock.modules.junit4.internal.impl.PowerMockJUnit44RunnerDelegateImpl.runMethods(PowerMockJUnit44RunnerDelegateImpl.java:160)
	org.powermock.modules.junit4.internal.impl.PowerMockJUnit44RunnerDelegateImpl$1.run(PowerMockJUnit44RunnerDelegateImpl.java:134)
	org.junit.internal.runners.ClassRoadie.runUnprotected(ClassRoadie.java:34)
	org.junit.internal.runners.ClassRoadie.runProtected(ClassRoadie.java:44)
	org.powermock.modules.junit4.internal.impl.PowerMockJUnit44RunnerDelegateImpl.run(PowerMockJUnit44RunnerDelegateImpl.java:136)
	org.powermock.modules.junit4.common.internal.impl.JUnit4TestSuiteChunkerImpl.run(JUnit4TestSuiteChunkerImpl.java:117)
	org.powermock.modules.junit4.common.internal.impl.AbstractCommonPowerMockRunner.run(AbstractCommonPowerMockRunner.java:57)
	org.powermock.modules.junit4.PowerMockRunner.run(PowerMockRunner.java:59)
	org.apache.maven.surefire.junit4.JUnit4Provider.execute(JUnit4Provider.java:365)
	org.apache.maven.surefire.junit4.JUnit4Provider.executeWithRerun(JUnit4Provider.java:290)
	org.apache.maven.surefire.junit4.JUnit4Provider.executeTestSet(JUnit4Provider.java:238)
	org.apache.maven.surefire.junit4.JUnit4Provider.invoke(JUnit4Provider.java:159)
	org.apache.maven.surefire.booter.ForkedBooter.invokeProviderInSameClassLoader(ForkedBooter.java:379)
	org.apache.maven.surefire.booter.ForkedBooter.runSuitesInProcess(ForkedBooter.java:340)
	org.apache.maven.surefire.booter.ForkedBooter.execute(ForkedBooter.java:125)
	org.apache.maven.surefire.booter.ForkedBooter.main(ForkedBooter.java:413)
Created at:
	io.netty.buffer.UnpooledByteBufAllocator.newDirectBuffer(UnpooledByteBufAllocator.java:96)
	io.netty.buffer.AbstractByteBufAllocator.directBuffer(AbstractByteBufAllocator.java:185)
	io.netty.buffer.AbstractByteBufAllocator.directBuffer(AbstractByteBufAllocator.java:176)
	io.netty.buffer.AbstractByteBufAllocator.buffer(AbstractByteBufAllocator.java:113)
	org.apache.bookkeeper.proto.checksum.DigestManager.computeDigestAndPackageForSending(DigestManager.java:103)
	org.apache.bookkeeper.client.ClientUtil.generatePacket(ClientUtil.java:53)
	org.apache.bookkeeper.client.ClientUtil.generatePacket(ClientUtil.java:46)
	org.apache.bookkeeper.bookie.BookieJournalTest.writeV2Journal(BookieJournalTest.java:212)
	org.apache.bookkeeper.bookie.BookieJournalTest.testTruncatedInLenJournal(BookieJournalTest.java:572)
	java.base/jdk.internal.reflect.NativeMethodAccessorImpl.invoke0(Native Method)
	java.base/jdk.internal.reflect.NativeMethodAccessorImpl.invoke(NativeMethodAccessorImpl.java:62)
	java.base/jdk.internal.reflect.DelegatingMethodAccessorImpl.invoke(DelegatingMethodAccessorImpl.java:43)
	java.base/java.lang.reflect.Method.invoke(Method.java:566)
	org.junit.internal.runners.TestMethod.invoke(TestMethod.java:68)
	org.powermock.modules.junit4.internal.impl.PowerMockJUnit44RunnerDelegateImpl$PowerMockJUnit44MethodRunner.runTestMethod(PowerMockJUnit44RunnerDelegateImpl.java:326)
	org.junit.internal.runners.MethodRoadie$2.run(MethodRoadie.java:89)
	org.junit.internal.runners.MethodRoadie.runBeforesThenTestThenAfters(MethodRoadie.java:97)
	org.powermock.modules.junit4.internal.impl.PowerMockJUnit44RunnerDelegateImpl$PowerMockJUnit44MethodRunner.executeTest(PowerMockJUnit44RunnerDelegateImpl.java:310)
	org.powermock.modules.junit4.internal.impl.PowerMockJUnit47RunnerDelegateImpl$PowerMockJUnit47MethodRunner.executeTestInSuper(PowerMockJUnit47RunnerDelegateImpl.java:131)
	org.powermock.modules.junit4.internal.impl.PowerMockJUnit47RunnerDelegateImpl$PowerMockJUnit47MethodRunner.access$100(PowerMockJUnit47RunnerDelegateImpl.java:59)
	org.powermock.modules.junit4.internal.impl.PowerMockJUnit47RunnerDelegateImpl$PowerMockJUnit47MethodRunner$TestExecutorStatement.evaluate(PowerMockJUnit47RunnerDelegateImpl.java:147)
	org.powermock.modules.junit4.internal.impl.PowerMockJUnit47RunnerDelegateImpl$PowerMockJUnit47MethodRunner.evaluateStatement(PowerMockJUnit47RunnerDelegateImpl.java:107)
	org.powermock.modules.junit4.internal.impl.PowerMockJUnit47RunnerDelegateImpl$PowerMockJUnit47MethodRunner.executeTest(PowerMockJUnit47RunnerDelegateImpl.java:82)
	org.powermock.modules.junit4.internal.impl.PowerMockJUnit44RunnerDelegateImpl$PowerMockJUnit44MethodRunner.runBeforesThenTestThenAfters(PowerMockJUnit44RunnerDelegateImpl.java:298)
	org.junit.internal.runners.MethodRoadie.runTest(MethodRoadie.java:87)
	org.junit.internal.runners.MethodRoadie.run(MethodRoadie.java:50)
	org.powermock.modules.junit4.internal.impl.PowerMockJUnit44RunnerDelegateImpl.invokeTestMethod(PowerMockJUnit44RunnerDelegateImpl.java:218)
	org.powermock.modules.junit4.internal.impl.PowerMockJUnit44RunnerDelegateImpl.runMethods(PowerMockJUnit44RunnerDelegateImpl.java:160)
	org.powermock.modules.junit4.internal.impl.PowerMockJUnit44RunnerDelegateImpl$1.run(PowerMockJUnit44RunnerDelegateImpl.java:134)
	org.junit.internal.runners.ClassRoadie.runUnprotected(ClassRoadie.java:34)
	org.junit.internal.runners.ClassRoadie.runProtected(ClassRoadie.java:44)
	org.powermock.modules.junit4.internal.impl.PowerMockJUnit44RunnerDelegateImpl.run(PowerMockJUnit44RunnerDelegateImpl.java:136)
	org.powermock.modules.junit4.common.internal.impl.JUnit4TestSuiteChunkerImpl.run(JUnit4TestSuiteChunkerImpl.java:117)
	org.powermock.modules.junit4.common.internal.impl.AbstractCommonPowerMockRunner.run(AbstractCommonPowerMockRunner.java:57)
	org.powermock.modules.junit4.PowerMockRunner.run(PowerMockRunner.java:59)
	org.apache.maven.surefire.junit4.JUnit4Provider.execute(JUnit4Provider.java:365)
	org.apache.maven.surefire.junit4.JUnit4Provider.executeWithRerun(JUnit4Provider.java:290)
	org.apache.maven.surefire.junit4.JUnit4Provider.executeTestSet(JUnit4Provider.java:238)
	org.apache.maven.surefire.junit4.JUnit4Provider.invoke(JUnit4Provider.java:159)
	org.apache.maven.surefire.booter.ForkedBooter.invokeProviderInSameClassLoader(ForkedBooter.java:379)
	org.apache.maven.surefire.booter.ForkedBooter.runSuitesInProcess(ForkedBooter.java:340)
	org.apache.maven.surefire.booter.ForkedBooter.execute(ForkedBooter.java:125)
	org.apache.maven.surefire.booter.ForkedBooter.main(ForkedBooter.java:413)
: 1 leak records were discarded because the leak record count is targeted to 4. Use system property io.netty.leakDetection.targetRecords to increase the limit.
2020-08-10 23:35:52,974 - ERROR - [main:ResourceLeakDetector@317] - LEAK: ByteBuf.release() was not called before it's garbage-collected. See http://netty.io/wiki/reference-counted-objects.html for more information.
Recent access records: 
#1:
	io.netty.buffer.AdvancedLeakAwareByteBuf.writeLong(AdvancedLeakAwareByteBuf.java:568)
	org.apache.bookkeeper.proto.checksum.CRC32DigestManager.populateValueAndReset(CRC32DigestManager.java:61)
	org.apache.bookkeeper.proto.checksum.DigestManager.computeDigestAndPackageForSending(DigestManager.java:114)
	org.apache.bookkeeper.client.ClientUtil.generatePacket(ClientUtil.java:53)
	org.apache.bookkeeper.client.ClientUtil.generatePacket(ClientUtil.java:46)
	org.apache.bookkeeper.bookie.BookieJournalTest.writeV4Journal(BookieJournalTest.java:279)
	org.apache.bookkeeper.bookie.BookieJournalTest.testV4Journal(BookieJournalTest.java:392)
	java.base/jdk.internal.reflect.NativeMethodAccessorImpl.invoke0(Native Method)
	java.base/jdk.internal.reflect.NativeMethodAccessorImpl.invoke(NativeMethodAccessorImpl.java:62)
	java.base/jdk.internal.reflect.DelegatingMethodAccessorImpl.invoke(DelegatingMethodAccessorImpl.java:43)
	java.base/java.lang.reflect.Method.invoke(Method.java:566)
	org.junit.internal.runners.TestMethod.invoke(TestMethod.java:68)
	org.powermock.modules.junit4.internal.impl.PowerMockJUnit44RunnerDelegateImpl$PowerMockJUnit44MethodRunner.runTestMethod(PowerMockJUnit44RunnerDelegateImpl.java:326)
	org.junit.internal.runners.MethodRoadie$2.run(MethodRoadie.java:89)
	org.junit.internal.runners.MethodRoadie.runBeforesThenTestThenAfters(MethodRoadie.java:97)
	org.powermock.modules.junit4.internal.impl.PowerMockJUnit44RunnerDelegateImpl$PowerMockJUnit44MethodRunner.executeTest(PowerMockJUnit44RunnerDelegateImpl.java:310)
	org.powermock.modules.junit4.internal.impl.PowerMockJUnit47RunnerDelegateImpl$PowerMockJUnit47MethodRunner.executeTestInSuper(PowerMockJUnit47RunnerDelegateImpl.java:131)
	org.powermock.modules.junit4.internal.impl.PowerMockJUnit47RunnerDelegateImpl$PowerMockJUnit47MethodRunner.access$100(PowerMockJUnit47RunnerDelegateImpl.java:59)
	org.powermock.modules.junit4.internal.impl.PowerMockJUnit47RunnerDelegateImpl$PowerMockJUnit47MethodRunner$TestExecutorStatement.evaluate(PowerMockJUnit47RunnerDelegateImpl.java:147)
	org.powermock.modules.junit4.internal.impl.PowerMockJUnit47RunnerDelegateImpl$PowerMockJUnit47MethodRunner.evaluateStatement(PowerMockJUnit47RunnerDelegateImpl.java:107)
	org.powermock.modules.junit4.internal.impl.PowerMockJUnit47RunnerDelegateImpl$PowerMockJUnit47MethodRunner.executeTest(PowerMockJUnit47RunnerDelegateImpl.java:82)
	org.powermock.modules.junit4.internal.impl.PowerMockJUnit44RunnerDelegateImpl$PowerMockJUnit44MethodRunner.runBeforesThenTestThenAfters(PowerMockJUnit44RunnerDelegateImpl.java:298)
	org.junit.internal.runners.MethodRoadie.runTest(MethodRoadie.java:87)
	org.junit.internal.runners.MethodRoadie.run(MethodRoadie.java:50)
	org.powermock.modules.junit4.internal.impl.PowerMockJUnit44RunnerDelegateImpl.invokeTestMethod(PowerMockJUnit44RunnerDelegateImpl.java:218)
	org.powermock.modules.junit4.internal.impl.PowerMockJUnit44RunnerDelegateImpl.runMethods(PowerMockJUnit44RunnerDelegateImpl.java:160)
	org.powermock.modules.junit4.internal.impl.PowerMockJUnit44RunnerDelegateImpl$1.run(PowerMockJUnit44RunnerDelegateImpl.java:134)
	org.junit.internal.runners.ClassRoadie.runUnprotected(ClassRoadie.java:34)
	org.junit.internal.runners.ClassRoadie.runProtected(ClassRoadie.java:44)
	org.powermock.modules.junit4.internal.impl.PowerMockJUnit44RunnerDelegateImpl.run(PowerMockJUnit44RunnerDelegateImpl.java:136)
	org.powermock.modules.junit4.common.internal.impl.JUnit4TestSuiteChunkerImpl.run(JUnit4TestSuiteChunkerImpl.java:117)
	org.powermock.modules.junit4.common.internal.impl.AbstractCommonPowerMockRunner.run(AbstractCommonPowerMockRunner.java:57)
	org.powermock.modules.junit4.PowerMockRunner.run(PowerMockRunner.java:59)
	org.apache.maven.surefire.junit4.JUnit4Provider.execute(JUnit4Provider.java:365)
	org.apache.maven.surefire.junit4.JUnit4Provider.executeWithRerun(JUnit4Provider.java:290)
	org.apache.maven.surefire.junit4.JUnit4Provider.executeTestSet(JUnit4Provider.java:238)
	org.apache.maven.surefire.junit4.JUnit4Provider.invoke(JUnit4Provider.java:159)
	org.apache.maven.surefire.booter.ForkedBooter.invokeProviderInSameClassLoader(ForkedBooter.java:379)
	org.apache.maven.surefire.booter.ForkedBooter.runSuitesInProcess(ForkedBooter.java:340)
	org.apache.maven.surefire.booter.ForkedBooter.execute(ForkedBooter.java:125)
	org.apache.maven.surefire.booter.ForkedBooter.main(ForkedBooter.java:413)
#2:
	io.netty.buffer.AdvancedLeakAwareByteBuf.writeLong(AdvancedLeakAwareByteBuf.java:568)
	org.apache.bookkeeper.proto.checksum.DigestManager.computeDigestAndPackageForSending(DigestManager.java:110)
	org.apache.bookkeeper.client.ClientUtil.generatePacket(ClientUtil.java:53)
	org.apache.bookkeeper.client.ClientUtil.generatePacket(ClientUtil.java:46)
	org.apache.bookkeeper.bookie.BookieJournalTest.writeV4Journal(BookieJournalTest.java:279)
	org.apache.bookkeeper.bookie.BookieJournalTest.testV4Journal(BookieJournalTest.java:392)
	java.base/jdk.internal.reflect.NativeMethodAccessorImpl.invoke0(Native Method)
	java.base/jdk.internal.reflect.NativeMethodAccessorImpl.invoke(NativeMethodAccessorImpl.java:62)
	java.base/jdk.internal.reflect.DelegatingMethodAccessorImpl.invoke(DelegatingMethodAccessorImpl.java:43)
	java.base/java.lang.reflect.Method.invoke(Method.java:566)
	org.junit.internal.runners.TestMethod.invoke(TestMethod.java:68)
	org.powermock.modules.junit4.internal.impl.PowerMockJUnit44RunnerDelegateImpl$PowerMockJUnit44MethodRunner.runTestMethod(PowerMockJUnit44RunnerDelegateImpl.java:326)
	org.junit.internal.runners.MethodRoadie$2.run(MethodRoadie.java:89)
	org.junit.internal.runners.MethodRoadie.runBeforesThenTestThenAfters(MethodRoadie.java:97)
	org.powermock.modules.junit4.internal.impl.PowerMockJUnit44RunnerDelegateImpl$PowerMockJUnit44MethodRunner.executeTest(PowerMockJUnit44RunnerDelegateImpl.java:310)
	org.powermock.modules.junit4.internal.impl.PowerMockJUnit47RunnerDelegateImpl$PowerMockJUnit47MethodRunner.executeTestInSuper(PowerMockJUnit47RunnerDelegateImpl.java:131)
	org.powermock.modules.junit4.internal.impl.PowerMockJUnit47RunnerDelegateImpl$PowerMockJUnit47MethodRunner.access$100(PowerMockJUnit47RunnerDelegateImpl.java:59)
	org.powermock.modules.junit4.internal.impl.PowerMockJUnit47RunnerDelegateImpl$PowerMockJUnit47MethodRunner$TestExecutorStatement.evaluate(PowerMockJUnit47RunnerDelegateImpl.java:147)
	org.powermock.modules.junit4.internal.impl.PowerMockJUnit47RunnerDelegateImpl$PowerMockJUnit47MethodRunner.evaluateStatement(PowerMockJUnit47RunnerDelegateImpl.java:107)
	org.powermock.modules.junit4.internal.impl.PowerMockJUnit47RunnerDelegateImpl$PowerMockJUnit47MethodRunner.executeTest(PowerMockJUnit47RunnerDelegateImpl.java:82)
	org.powermock.modules.junit4.internal.impl.PowerMockJUnit44RunnerDelegateImpl$PowerMockJUnit44MethodRunner.runBeforesThenTestThenAfters(PowerMockJUnit44RunnerDelegateImpl.java:298)
	org.junit.internal.runners.MethodRoadie.runTest(MethodRoadie.java:87)
	org.junit.internal.runners.MethodRoadie.run(MethodRoadie.java:50)
	org.powermock.modules.junit4.internal.impl.PowerMockJUnit44RunnerDelegateImpl.invokeTestMethod(PowerMockJUnit44RunnerDelegateImpl.java:218)
	org.powermock.modules.junit4.internal.impl.PowerMockJUnit44RunnerDelegateImpl.runMethods(PowerMockJUnit44RunnerDelegateImpl.java:160)
	org.powermock.modules.junit4.internal.impl.PowerMockJUnit44RunnerDelegateImpl$1.run(PowerMockJUnit44RunnerDelegateImpl.java:134)
	org.junit.internal.runners.ClassRoadie.runUnprotected(ClassRoadie.java:34)
	org.junit.internal.runners.ClassRoadie.runProtected(ClassRoadie.java:44)
	org.powermock.modules.junit4.internal.impl.PowerMockJUnit44RunnerDelegateImpl.run(PowerMockJUnit44RunnerDelegateImpl.java:136)
	org.powermock.modules.junit4.common.internal.impl.JUnit4TestSuiteChunkerImpl.run(JUnit4TestSuiteChunkerImpl.java:117)
	org.powermock.modules.junit4.common.internal.impl.AbstractCommonPowerMockRunner.run(AbstractCommonPowerMockRunner.java:57)
	org.powermock.modules.junit4.PowerMockRunner.run(PowerMockRunner.java:59)
	org.apache.maven.surefire.junit4.JUnit4Provider.execute(JUnit4Provider.java:365)
	org.apache.maven.surefire.junit4.JUnit4Provider.executeWithRerun(JUnit4Provider.java:290)
	org.apache.maven.surefire.junit4.JUnit4Provider.executeTestSet(JUnit4Provider.java:238)
	org.apache.maven.surefire.junit4.JUnit4Provider.invoke(JUnit4Provider.java:159)
	org.apache.maven.surefire.booter.ForkedBooter.invokeProviderInSameClassLoader(ForkedBooter.java:379)
	org.apache.maven.surefire.booter.ForkedBooter.runSuitesInProcess(ForkedBooter.java:340)
	org.apache.maven.surefire.booter.ForkedBooter.execute(ForkedBooter.java:125)
	org.apache.maven.surefire.booter.ForkedBooter.main(ForkedBooter.java:413)
#3:
	io.netty.buffer.AdvancedLeakAwareByteBuf.writeLong(AdvancedLeakAwareByteBuf.java:568)
	org.apache.bookkeeper.proto.checksum.DigestManager.computeDigestAndPackageForSending(DigestManager.java:109)
	org.apache.bookkeeper.client.ClientUtil.generatePacket(ClientUtil.java:53)
	org.apache.bookkeeper.client.ClientUtil.generatePacket(ClientUtil.java:46)
	org.apache.bookkeeper.bookie.BookieJournalTest.writeV4Journal(BookieJournalTest.java:279)
	org.apache.bookkeeper.bookie.BookieJournalTest.testV4Journal(BookieJournalTest.java:392)
	java.base/jdk.internal.reflect.NativeMethodAccessorImpl.invoke0(Native Method)
	java.base/jdk.internal.reflect.NativeMethodAccessorImpl.invoke(NativeMethodAccessorImpl.java:62)
	java.base/jdk.internal.reflect.DelegatingMethodAccessorImpl.invoke(DelegatingMethodAccessorImpl.java:43)
	java.base/java.lang.reflect.Method.invoke(Method.java:566)
	org.junit.internal.runners.TestMethod.invoke(TestMethod.java:68)
	org.powermock.modules.junit4.internal.impl.PowerMockJUnit44RunnerDelegateImpl$PowerMockJUnit44MethodRunner.runTestMethod(PowerMockJUnit44RunnerDelegateImpl.java:326)
	org.junit.internal.runners.MethodRoadie$2.run(MethodRoadie.java:89)
	org.junit.internal.runners.MethodRoadie.runBeforesThenTestThenAfters(MethodRoadie.java:97)
	org.powermock.modules.junit4.internal.impl.PowerMockJUnit44RunnerDelegateImpl$PowerMockJUnit44MethodRunner.executeTest(PowerMockJUnit44RunnerDelegateImpl.java:310)
	org.powermock.modules.junit4.internal.impl.PowerMockJUnit47RunnerDelegateImpl$PowerMockJUnit47MethodRunner.executeTestInSuper(PowerMockJUnit47RunnerDelegateImpl.java:131)
	org.powermock.modules.junit4.internal.impl.PowerMockJUnit47RunnerDelegateImpl$PowerMockJUnit47MethodRunner.access$100(PowerMockJUnit47RunnerDelegateImpl.java:59)
	org.powermock.modules.junit4.internal.impl.PowerMockJUnit47RunnerDelegateImpl$PowerMockJUnit47MethodRunner$TestExecutorStatement.evaluate(PowerMockJUnit47RunnerDelegateImpl.java:147)
	org.powermock.modules.junit4.internal.impl.PowerMockJUnit47RunnerDelegateImpl$PowerMockJUnit47MethodRunner.evaluateStatement(PowerMockJUnit47RunnerDelegateImpl.java:107)
	org.powermock.modules.junit4.internal.impl.PowerMockJUnit47RunnerDelegateImpl$PowerMockJUnit47MethodRunner.executeTest(PowerMockJUnit47RunnerDelegateImpl.java:82)
	org.powermock.modules.junit4.internal.impl.PowerMockJUnit44RunnerDelegateImpl$PowerMockJUnit44MethodRunner.runBeforesThenTestThenAfters(PowerMockJUnit44RunnerDelegateImpl.java:298)
	org.junit.internal.runners.MethodRoadie.runTest(MethodRoadie.java:87)
	org.junit.internal.runners.MethodRoadie.run(MethodRoadie.java:50)
	org.powermock.modules.junit4.internal.impl.PowerMockJUnit44RunnerDelegateImpl.invokeTestMethod(PowerMockJUnit44RunnerDelegateImpl.java:218)
	org.powermock.modules.junit4.internal.impl.PowerMockJUnit44RunnerDelegateImpl.runMethods(PowerMockJUnit44RunnerDelegateImpl.java:160)
	org.powermock.modules.junit4.internal.impl.PowerMockJUnit44RunnerDelegateImpl$1.run(PowerMockJUnit44RunnerDelegateImpl.java:134)
	org.junit.internal.runners.ClassRoadie.runUnprotected(ClassRoadie.java:34)
	org.junit.internal.runners.ClassRoadie.runProtected(ClassRoadie.java:44)
	org.powermock.modules.junit4.internal.impl.PowerMockJUnit44RunnerDelegateImpl.run(PowerMockJUnit44RunnerDelegateImpl.java:136)
	org.powermock.modules.junit4.common.internal.impl.JUnit4TestSuiteChunkerImpl.run(JUnit4TestSuiteChunkerImpl.java:117)
	org.powermock.modules.junit4.common.internal.impl.AbstractCommonPowerMockRunner.run(AbstractCommonPowerMockRunner.java:57)
	org.powermock.modules.junit4.PowerMockRunner.run(PowerMockRunner.java:59)
	org.apache.maven.surefire.junit4.JUnit4Provider.execute(JUnit4Provider.java:365)
	org.apache.maven.surefire.junit4.JUnit4Provider.executeWithRerun(JUnit4Provider.java:290)
	org.apache.maven.surefire.junit4.JUnit4Provider.executeTestSet(JUnit4Provider.java:238)
	org.apache.maven.surefire.junit4.JUnit4Provider.invoke(JUnit4Provider.java:159)
	org.apache.maven.surefire.booter.ForkedBooter.invokeProviderInSameClassLoader(ForkedBooter.java:379)
	org.apache.maven.surefire.booter.ForkedBooter.runSuitesInProcess(ForkedBooter.java:340)
	org.apache.maven.surefire.booter.ForkedBooter.execute(ForkedBooter.java:125)
	org.apache.maven.surefire.booter.ForkedBooter.main(ForkedBooter.java:413)
#4:
	io.netty.buffer.AdvancedLeakAwareByteBuf.writeLong(AdvancedLeakAwareByteBuf.java:568)
	org.apache.bookkeeper.proto.checksum.DigestManager.computeDigestAndPackageForSending(DigestManager.java:108)
	org.apache.bookkeeper.client.ClientUtil.generatePacket(ClientUtil.java:53)
	org.apache.bookkeeper.client.ClientUtil.generatePacket(ClientUtil.java:46)
	org.apache.bookkeeper.bookie.BookieJournalTest.writeV4Journal(BookieJournalTest.java:279)
	org.apache.bookkeeper.bookie.BookieJournalTest.testV4Journal(BookieJournalTest.java:392)
	java.base/jdk.internal.reflect.NativeMethodAccessorImpl.invoke0(Native Method)
	java.base/jdk.internal.reflect.NativeMethodAccessorImpl.invoke(NativeMethodAccessorImpl.java:62)
	java.base/jdk.internal.reflect.DelegatingMethodAccessorImpl.invoke(DelegatingMethodAccessorImpl.java:43)
	java.base/java.lang.reflect.Method.invoke(Method.java:566)
	org.junit.internal.runners.TestMethod.invoke(TestMethod.java:68)
	org.powermock.modules.junit4.internal.impl.PowerMockJUnit44RunnerDelegateImpl$PowerMockJUnit44MethodRunner.runTestMethod(PowerMockJUnit44RunnerDelegateImpl.java:326)
	org.junit.internal.runners.MethodRoadie$2.run(MethodRoadie.java:89)
	org.junit.internal.runners.MethodRoadie.runBeforesThenTestThenAfters(MethodRoadie.java:97)
	org.powermock.modules.junit4.internal.impl.PowerMockJUnit44RunnerDelegateImpl$PowerMockJUnit44MethodRunner.executeTest(PowerMockJUnit44RunnerDelegateImpl.java:310)
	org.powermock.modules.junit4.internal.impl.PowerMockJUnit47RunnerDelegateImpl$PowerMockJUnit47MethodRunner.executeTestInSuper(PowerMockJUnit47RunnerDelegateImpl.java:131)
	org.powermock.modules.junit4.internal.impl.PowerMockJUnit47RunnerDelegateImpl$PowerMockJUnit47MethodRunner.access$100(PowerMockJUnit47RunnerDelegateImpl.java:59)
	org.powermock.modules.junit4.internal.impl.PowerMockJUnit47RunnerDelegateImpl$PowerMockJUnit47MethodRunner$TestExecutorStatement.evaluate(PowerMockJUnit47RunnerDelegateImpl.java:147)
	org.powermock.modules.junit4.internal.impl.PowerMockJUnit47RunnerDelegateImpl$PowerMockJUnit47MethodRunner.evaluateStatement(PowerMockJUnit47RunnerDelegateImpl.java:107)
	org.powermock.modules.junit4.internal.impl.PowerMockJUnit47RunnerDelegateImpl$PowerMockJUnit47MethodRunner.executeTest(PowerMockJUnit47RunnerDelegateImpl.java:82)
	org.powermock.modules.junit4.internal.impl.PowerMockJUnit44RunnerDelegateImpl$PowerMockJUnit44MethodRunner.runBeforesThenTestThenAfters(PowerMockJUnit44RunnerDelegateImpl.java:298)
	org.junit.internal.runners.MethodRoadie.runTest(MethodRoadie.java:87)
	org.junit.internal.runners.MethodRoadie.run(MethodRoadie.java:50)
	org.powermock.modules.junit4.internal.impl.PowerMockJUnit44RunnerDelegateImpl.invokeTestMethod(PowerMockJUnit44RunnerDelegateImpl.java:218)
	org.powermock.modules.junit4.internal.impl.PowerMockJUnit44RunnerDelegateImpl.runMethods(PowerMockJUnit44RunnerDelegateImpl.java:160)
	org.powermock.modules.junit4.internal.impl.PowerMockJUnit44RunnerDelegateImpl$1.run(PowerMockJUnit44RunnerDelegateImpl.java:134)
	org.junit.internal.runners.ClassRoadie.runUnprotected(ClassRoadie.java:34)
	org.junit.internal.runners.ClassRoadie.runProtected(ClassRoadie.java:44)
	org.powermock.modules.junit4.internal.impl.PowerMockJUnit44RunnerDelegateImpl.run(PowerMockJUnit44RunnerDelegateImpl.java:136)
	org.powermock.modules.junit4.common.internal.impl.JUnit4TestSuiteChunkerImpl.run(JUnit4TestSuiteChunkerImpl.java:117)
	org.powermock.modules.junit4.common.internal.impl.AbstractCommonPowerMockRunner.run(AbstractCommonPowerMockRunner.java:57)
	org.powermock.modules.junit4.PowerMockRunner.run(PowerMockRunner.java:59)
	org.apache.maven.surefire.junit4.JUnit4Provider.execute(JUnit4Provider.java:365)
	org.apache.maven.surefire.junit4.JUnit4Provider.executeWithRerun(JUnit4Provider.java:290)
	org.apache.maven.surefire.junit4.JUnit4Provider.executeTestSet(JUnit4Provider.java:238)
	org.apache.maven.surefire.junit4.JUnit4Provider.invoke(JUnit4Provider.java:159)
	org.apache.maven.surefire.booter.ForkedBooter.invokeProviderInSameClassLoader(ForkedBooter.java:379)
	org.apache.maven.surefire.booter.ForkedBooter.runSuitesInProcess(ForkedBooter.java:340)
	org.apache.maven.surefire.booter.ForkedBooter.execute(ForkedBooter.java:125)
	org.apache.maven.surefire.booter.ForkedBooter.main(ForkedBooter.java:413)
#5:
	io.netty.buffer.AdvancedLeakAwareByteBuf.writeLong(AdvancedLeakAwareByteBuf.java:568)
	org.apache.bookkeeper.proto.checksum.DigestManager.computeDigestAndPackageForSending(DigestManager.java:107)
	org.apache.bookkeeper.client.ClientUtil.generatePacket(ClientUtil.java:53)
	org.apache.bookkeeper.client.ClientUtil.generatePacket(ClientUtil.java:46)
	org.apache.bookkeeper.bookie.BookieJournalTest.writeV4Journal(BookieJournalTest.java:279)
	org.apache.bookkeeper.bookie.BookieJournalTest.testV4Journal(BookieJournalTest.java:392)
	java.base/jdk.internal.reflect.NativeMethodAccessorImpl.invoke0(Native Method)
	java.base/jdk.internal.reflect.NativeMethodAccessorImpl.invoke(NativeMethodAccessorImpl.java:62)
	java.base/jdk.internal.reflect.DelegatingMethodAccessorImpl.invoke(DelegatingMethodAccessorImpl.java:43)
	java.base/java.lang.reflect.Method.invoke(Method.java:566)
	org.junit.internal.runners.TestMethod.invoke(TestMethod.java:68)
	org.powermock.modules.junit4.internal.impl.PowerMockJUnit44RunnerDelegateImpl$PowerMockJUnit44MethodRunner.runTestMethod(PowerMockJUnit44RunnerDelegateImpl.java:326)
	org.junit.internal.runners.MethodRoadie$2.run(MethodRoadie.java:89)
	org.junit.internal.runners.MethodRoadie.runBeforesThenTestThenAfters(MethodRoadie.java:97)
	org.powermock.modules.junit4.internal.impl.PowerMockJUnit44RunnerDelegateImpl$PowerMockJUnit44MethodRunner.executeTest(PowerMockJUnit44RunnerDelegateImpl.java:310)
	org.powermock.modules.junit4.internal.impl.PowerMockJUnit47RunnerDelegateImpl$PowerMockJUnit47MethodRunner.executeTestInSuper(PowerMockJUnit47RunnerDelegateImpl.java:131)
	org.powermock.modules.junit4.internal.impl.PowerMockJUnit47RunnerDelegateImpl$PowerMockJUnit47MethodRunner.access$100(PowerMockJUnit47RunnerDelegateImpl.java:59)
	org.powermock.modules.junit4.internal.impl.PowerMockJUnit47RunnerDelegateImpl$PowerMockJUnit47MethodRunner$TestExecutorStatement.evaluate(PowerMockJUnit47RunnerDelegateImpl.java:147)
	org.powermock.modules.junit4.internal.impl.PowerMockJUnit47RunnerDelegateImpl$PowerMockJUnit47MethodRunner.evaluateStatement(PowerMockJUnit47RunnerDelegateImpl.java:107)
	org.powermock.modules.junit4.internal.impl.PowerMockJUnit47RunnerDelegateImpl$PowerMockJUnit47MethodRunner.executeTest(PowerMockJUnit47RunnerDelegateImpl.java:82)
	org.powermock.modules.junit4.internal.impl.PowerMockJUnit44RunnerDelegateImpl$PowerMockJUnit44MethodRunner.runBeforesThenTestThenAfters(PowerMockJUnit44RunnerDelegateImpl.java:298)
	org.junit.internal.runners.MethodRoadie.runTest(MethodRoadie.java:87)
	org.junit.internal.runners.MethodRoadie.run(MethodRoadie.java:50)
	org.powermock.modules.junit4.internal.impl.PowerMockJUnit44RunnerDelegateImpl.invokeTestMethod(PowerMockJUnit44RunnerDelegateImpl.java:218)
	org.powermock.modules.junit4.internal.impl.PowerMockJUnit44RunnerDelegateImpl.runMethods(PowerMockJUnit44RunnerDelegateImpl.java:160)
	org.powermock.modules.junit4.internal.impl.PowerMockJUnit44RunnerDelegateImpl$1.run(PowerMockJUnit44RunnerDelegateImpl.java:134)
	org.junit.internal.runners.ClassRoadie.runUnprotected(ClassRoadie.java:34)
	org.junit.internal.runners.ClassRoadie.runProtected(ClassRoadie.java:44)
	org.powermock.modules.junit4.internal.impl.PowerMockJUnit44RunnerDelegateImpl.run(PowerMockJUnit44RunnerDelegateImpl.java:136)
	org.powermock.modules.junit4.common.internal.impl.JUnit4TestSuiteChunkerImpl.run(JUnit4TestSuiteChunkerImpl.java:117)
	org.powermock.modules.junit4.common.internal.impl.AbstractCommonPowerMockRunner.run(AbstractCommonPowerMockRunner.java:57)
	org.powermock.modules.junit4.PowerMockRunner.run(PowerMockRunner.java:59)
	org.apache.maven.surefire.junit4.JUnit4Provider.execute(JUnit4Provider.java:365)
	org.apache.maven.surefire.junit4.JUnit4Provider.executeWithRerun(JUnit4Provider.java:290)
	org.apache.maven.surefire.junit4.JUnit4Provider.executeTestSet(JUnit4Provider.java:238)
	org.apache.maven.surefire.junit4.JUnit4Provider.invoke(JUnit4Provider.java:159)
	org.apache.maven.surefire.booter.ForkedBooter.invokeProviderInSameClassLoader(ForkedBooter.java:379)
	org.apache.maven.surefire.booter.ForkedBooter.runSuitesInProcess(ForkedBooter.java:340)
	org.apache.maven.surefire.booter.ForkedBooter.execute(ForkedBooter.java:125)
	org.apache.maven.surefire.booter.ForkedBooter.main(ForkedBooter.java:413)
Created at:
	io.netty.buffer.UnpooledByteBufAllocator.newDirectBuffer(UnpooledByteBufAllocator.java:96)
	io.netty.buffer.AbstractByteBufAllocator.directBuffer(AbstractByteBufAllocator.java:185)
	io.netty.buffer.AbstractByteBufAllocator.directBuffer(AbstractByteBufAllocator.java:176)
	io.netty.buffer.AbstractByteBufAllocator.buffer(AbstractByteBufAllocator.java:113)
	org.apache.bookkeeper.proto.checksum.DigestManager.computeDigestAndPackageForSending(DigestManager.java:103)
	org.apache.bookkeeper.client.ClientUtil.generatePacket(ClientUtil.java:53)
	org.apache.bookkeeper.client.ClientUtil.generatePacket(ClientUtil.java:46)
	org.apache.bookkeeper.bookie.BookieJournalTest.writeV4Journal(BookieJournalTest.java:279)
	org.apache.bookkeeper.bookie.BookieJournalTest.testV4Journal(BookieJournalTest.java:392)
	java.base/jdk.internal.reflect.NativeMethodAccessorImpl.invoke0(Native Method)
	java.base/jdk.internal.reflect.NativeMethodAccessorImpl.invoke(NativeMethodAccessorImpl.java:62)
	java.base/jdk.internal.reflect.DelegatingMethodAccessorImpl.invoke(DelegatingMethodAccessorImpl.java:43)
	java.base/java.lang.reflect.Method.invoke(Method.java:566)
	org.junit.internal.runners.TestMethod.invoke(TestMethod.java:68)
	org.powermock.modules.junit4.internal.impl.PowerMockJUnit44RunnerDelegateImpl$PowerMockJUnit44MethodRunner.runTestMethod(PowerMockJUnit44RunnerDelegateImpl.java:326)
	org.junit.internal.runners.MethodRoadie$2.run(MethodRoadie.java:89)
	org.junit.internal.runners.MethodRoadie.runBeforesThenTestThenAfters(MethodRoadie.java:97)
	org.powermock.modules.junit4.internal.impl.PowerMockJUnit44RunnerDelegateImpl$PowerMockJUnit44MethodRunner.executeTest(PowerMockJUnit44RunnerDelegateImpl.java:310)
	org.powermock.modules.junit4.internal.impl.PowerMockJUnit47RunnerDelegateImpl$PowerMockJUnit47MethodRunner.executeTestInSuper(PowerMockJUnit47RunnerDelegateImpl.java:131)
	org.powermock.modules.junit4.internal.impl.PowerMockJUnit47RunnerDelegateImpl$PowerMockJUnit47MethodRunner.access$100(PowerMockJUnit47RunnerDelegateImpl.java:59)
	org.powermock.modules.junit4.internal.impl.PowerMockJUnit47RunnerDelegateImpl$PowerMockJUnit47MethodRunner$TestExecutorStatement.evaluate(PowerMockJUnit47RunnerDelegateImpl.java:147)
	org.powermock.modules.junit4.internal.impl.PowerMockJUnit47RunnerDelegateImpl$PowerMockJUnit47MethodRunner.evaluateStatement(PowerMockJUnit47RunnerDelegateImpl.java:107)
	org.powermock.modules.junit4.internal.impl.PowerMockJUnit47RunnerDelegateImpl$PowerMockJUnit47MethodRunner.executeTest(PowerMockJUnit47RunnerDelegateImpl.java:82)
	org.powermock.modules.junit4.internal.impl.PowerMockJUnit44RunnerDelegateImpl$PowerMockJUnit44MethodRunner.runBeforesThenTestThenAfters(PowerMockJUnit44RunnerDelegateImpl.java:298)
	org.junit.internal.runners.MethodRoadie.runTest(MethodRoadie.java:87)
	org.junit.internal.runners.MethodRoadie.run(MethodRoadie.java:50)
	org.powermock.modules.junit4.internal.impl.PowerMockJUnit44RunnerDelegateImpl.invokeTestMethod(PowerMockJUnit44RunnerDelegateImpl.java:218)
	org.powermock.modules.junit4.internal.impl.PowerMockJUnit44RunnerDelegateImpl.runMethods(PowerMockJUnit44RunnerDelegateImpl.java:160)
	org.powermock.modules.junit4.internal.impl.PowerMockJUnit44RunnerDelegateImpl$1.run(PowerMockJUnit44RunnerDelegateImpl.java:134)
	org.junit.internal.runners.ClassRoadie.runUnprotected(ClassRoadie.java:34)
	org.junit.internal.runners.ClassRoadie.runProtected(ClassRoadie.java:44)
	org.powermock.modules.junit4.internal.impl.PowerMockJUnit44RunnerDelegateImpl.run(PowerMockJUnit44RunnerDelegateImpl.java:136)
	org.powermock.modules.junit4.common.internal.impl.JUnit4TestSuiteChunkerImpl.run(JUnit4TestSuiteChunkerImpl.java:117)
	org.powermock.modules.junit4.common.internal.impl.AbstractCommonPowerMockRunner.run(AbstractCommonPowerMockRunner.java:57)
	org.powermock.modules.junit4.PowerMockRunner.run(PowerMockRunner.java:59)
	org.apache.maven.surefire.junit4.JUnit4Provider.execute(JUnit4Provider.java:365)
	org.apache.maven.surefire.junit4.JUnit4Provider.executeWithRerun(JUnit4Provider.java:290)
	org.apache.maven.surefire.junit4.JUnit4Provider.executeTestSet(JUnit4Provider.java:238)
	org.apache.maven.surefire.junit4.JUnit4Provider.invoke(JUnit4Provider.java:159)
	org.apache.maven.surefire.booter.ForkedBooter.invokeProviderInSameClassLoader(ForkedBooter.java:379)
	org.apache.maven.surefire.booter.ForkedBooter.runSuitesInProcess(ForkedBooter.java:340)
	org.apache.maven.surefire.booter.ForkedBooter.execute(ForkedBooter.java:125)
	org.apache.maven.surefire.booter.ForkedBooter.main(ForkedBooter.java:413)
2020-08-10 23:35:52,975 - ERROR - [main:ResourceLeakDetector@317] - LEAK: ByteBuf.release() was not called before it's garbage-collected. See http://netty.io/wiki/reference-counted-objects.html for more information.
Recent access records: 
#1:
	io.netty.buffer.AdvancedLeakAwareByteBuf.writeLong(AdvancedLeakAwareByteBuf.java:568)
	org.apache.bookkeeper.proto.checksum.CRC32DigestManager.populateValueAndReset(CRC32DigestManager.java:61)
	org.apache.bookkeeper.proto.checksum.DigestManager.computeDigestAndPackageForSending(DigestManager.java:114)
	org.apache.bookkeeper.client.ClientUtil.generatePacket(ClientUtil.java:53)
	org.apache.bookkeeper.client.ClientUtil.generatePacket(ClientUtil.java:46)
	org.apache.bookkeeper.bookie.BookieJournalTest.writeV2Journal(BookieJournalTest.java:212)
	org.apache.bookkeeper.bookie.BookieJournalTest.testSortedLedgerStorageReplayWithSmallMaxArenaSize(BookieJournalTest.java:679)
	java.base/jdk.internal.reflect.NativeMethodAccessorImpl.invoke0(Native Method)
	java.base/jdk.internal.reflect.NativeMethodAccessorImpl.invoke(NativeMethodAccessorImpl.java:62)
	java.base/jdk.internal.reflect.DelegatingMethodAccessorImpl.invoke(DelegatingMethodAccessorImpl.java:43)
	java.base/java.lang.reflect.Method.invoke(Method.java:566)
	org.junit.internal.runners.TestMethod.invoke(TestMethod.java:68)
	org.powermock.modules.junit4.internal.impl.PowerMockJUnit44RunnerDelegateImpl$PowerMockJUnit44MethodRunner.runTestMethod(PowerMockJUnit44RunnerDelegateImpl.java:326)
	org.junit.internal.runners.MethodRoadie$2.run(MethodRoadie.java:89)
	org.junit.internal.runners.MethodRoadie.runBeforesThenTestThenAfters(MethodRoadie.java:97)
	org.powermock.modules.junit4.internal.impl.PowerMockJUnit44RunnerDelegateImpl$PowerMockJUnit44MethodRunner.executeTest(PowerMockJUnit44RunnerDelegateImpl.java:310)
	org.powermock.modules.junit4.internal.impl.PowerMockJUnit47RunnerDelegateImpl$PowerMockJUnit47MethodRunner.executeTestInSuper(PowerMockJUnit47RunnerDelegateImpl.java:131)
	org.powermock.modules.junit4.internal.impl.PowerMockJUnit47RunnerDelegateImpl$PowerMockJUnit47MethodRunner.access$100(PowerMockJUnit47RunnerDelegateImpl.java:59)
	org.powermock.modules.junit4.internal.impl.PowerMockJUnit47RunnerDelegateImpl$PowerMockJUnit47MethodRunner$TestExecutorStatement.evaluate(PowerMockJUnit47RunnerDelegateImpl.java:147)
	org.powermock.modules.junit4.internal.impl.PowerMockJUnit47RunnerDelegateImpl$PowerMockJUnit47MethodRunner.evaluateStatement(PowerMockJUnit47RunnerDelegateImpl.java:107)
	org.powermock.modules.junit4.internal.impl.PowerMockJUnit47RunnerDelegateImpl$PowerMockJUnit47MethodRunner.executeTest(PowerMockJUnit47RunnerDelegateImpl.java:82)
	org.powermock.modules.junit4.internal.impl.PowerMockJUnit44RunnerDelegateImpl$PowerMockJUnit44MethodRunner.runBeforesThenTestThenAfters(PowerMockJUnit44RunnerDelegateImpl.java:298)
	org.junit.internal.runners.MethodRoadie.runTest(MethodRoadie.java:87)
	org.junit.internal.runners.MethodRoadie.run(MethodRoadie.java:50)
	org.powermock.modules.junit4.internal.impl.PowerMockJUnit44RunnerDelegateImpl.invokeTestMethod(PowerMockJUnit44RunnerDelegateImpl.java:218)
	org.powermock.modules.junit4.internal.impl.PowerMockJUnit44RunnerDelegateImpl.runMethods(PowerMockJUnit44RunnerDelegateImpl.java:160)
	org.powermock.modules.junit4.internal.impl.PowerMockJUnit44RunnerDelegateImpl$1.run(PowerMockJUnit44RunnerDelegateImpl.java:134)
	org.junit.internal.runners.ClassRoadie.runUnprotected(ClassRoadie.java:34)
	org.junit.internal.runners.ClassRoadie.runProtected(ClassRoadie.java:44)
	org.powermock.modules.junit4.internal.impl.PowerMockJUnit44RunnerDelegateImpl.run(PowerMockJUnit44RunnerDelegateImpl.java:136)
	org.powermock.modules.junit4.common.internal.impl.JUnit4TestSuiteChunkerImpl.run(JUnit4TestSuiteChunkerImpl.java:117)
	org.powermock.modules.junit4.common.internal.impl.AbstractCommonPowerMockRunner.run(AbstractCommonPowerMockRunner.java:57)
	org.powermock.modules.junit4.PowerMockRunner.run(PowerMockRunner.java:59)
	org.apache.maven.surefire.junit4.JUnit4Provider.execute(JUnit4Provider.java:365)
	org.apache.maven.surefire.junit4.JUnit4Provider.executeWithRerun(JUnit4Provider.java:290)
	org.apache.maven.surefire.junit4.JUnit4Provider.executeTestSet(JUnit4Provider.java:238)
	org.apache.maven.surefire.junit4.JUnit4Provider.invoke(JUnit4Provider.java:159)
	org.apache.maven.surefire.booter.ForkedBooter.invokeProviderInSameClassLoader(ForkedBooter.java:379)
	org.apache.maven.surefire.booter.ForkedBooter.runSuitesInProcess(ForkedBooter.java:340)
	org.apache.maven.surefire.booter.ForkedBooter.execute(ForkedBooter.java:125)
	org.apache.maven.surefire.booter.ForkedBooter.main(ForkedBooter.java:413)
#2:
	io.netty.buffer.AdvancedLeakAwareByteBuf.writeLong(AdvancedLeakAwareByteBuf.java:568)
	org.apache.bookkeeper.proto.checksum.DigestManager.computeDigestAndPackageForSending(DigestManager.java:109)
	org.apache.bookkeeper.client.ClientUtil.generatePacket(ClientUtil.java:53)
	org.apache.bookkeeper.client.ClientUtil.generatePacket(ClientUtil.java:46)
	org.apache.bookkeeper.bookie.BookieJournalTest.writeV2Journal(BookieJournalTest.java:212)
	org.apache.bookkeeper.bookie.BookieJournalTest.testSortedLedgerStorageReplayWithSmallMaxArenaSize(BookieJournalTest.java:679)
	java.base/jdk.internal.reflect.NativeMethodAccessorImpl.invoke0(Native Method)
	java.base/jdk.internal.reflect.NativeMethodAccessorImpl.invoke(NativeMethodAccessorImpl.java:62)
	java.base/jdk.internal.reflect.DelegatingMethodAccessorImpl.invoke(DelegatingMethodAccessorImpl.java:43)
	java.base/java.lang.reflect.Method.invoke(Method.java:566)
	org.junit.internal.runners.TestMethod.invoke(TestMethod.java:68)
	org.powermock.modules.junit4.internal.impl.PowerMockJUnit44RunnerDelegateImpl$PowerMockJUnit44MethodRunner.runTestMethod(PowerMockJUnit44RunnerDelegateImpl.java:326)
	org.junit.internal.runners.MethodRoadie$2.run(MethodRoadie.java:89)
	org.junit.internal.runners.MethodRoadie.runBeforesThenTestThenAfters(MethodRoadie.java:97)
	org.powermock.modules.junit4.internal.impl.PowerMockJUnit44RunnerDelegateImpl$PowerMockJUnit44MethodRunner.executeTest(PowerMockJUnit44RunnerDelegateImpl.java:310)
	org.powermock.modules.junit4.internal.impl.PowerMockJUnit47RunnerDelegateImpl$PowerMockJUnit47MethodRunner.executeTestInSuper(PowerMockJUnit47RunnerDelegateImpl.java:131)
	org.powermock.modules.junit4.internal.impl.PowerMockJUnit47RunnerDelegateImpl$PowerMockJUnit47MethodRunner.access$100(PowerMockJUnit47RunnerDelegateImpl.java:59)
	org.powermock.modules.junit4.internal.impl.PowerMockJUnit47RunnerDelegateImpl$PowerMockJUnit47MethodRunner$TestExecutorStatement.evaluate(PowerMockJUnit47RunnerDelegateImpl.java:147)
	org.powermock.modules.junit4.internal.impl.PowerMockJUnit47RunnerDelegateImpl$PowerMockJUnit47MethodRunner.evaluateStatement(PowerMockJUnit47RunnerDelegateImpl.java:107)
	org.powermock.modules.junit4.internal.impl.PowerMockJUnit47RunnerDelegateImpl$PowerMockJUnit47MethodRunner.executeTest(PowerMockJUnit47RunnerDelegateImpl.java:82)
	org.powermock.modules.junit4.internal.impl.PowerMockJUnit44RunnerDelegateImpl$PowerMockJUnit44MethodRunner.runBeforesThenTestThenAfters(PowerMockJUnit44RunnerDelegateImpl.java:298)
	org.junit.internal.runners.MethodRoadie.runTest(MethodRoadie.java:87)
	org.junit.internal.runners.MethodRoadie.run(MethodRoadie.java:50)
	org.powermock.modules.junit4.internal.impl.PowerMockJUnit44RunnerDelegateImpl.invokeTestMethod(PowerMockJUnit44RunnerDelegateImpl.java:218)
	org.powermock.modules.junit4.internal.impl.PowerMockJUnit44RunnerDelegateImpl.runMethods(PowerMockJUnit44RunnerDelegateImpl.java:160)
	org.powermock.modules.junit4.internal.impl.PowerMockJUnit44RunnerDelegateImpl$1.run(PowerMockJUnit44RunnerDelegateImpl.java:134)
	org.junit.internal.runners.ClassRoadie.runUnprotected(ClassRoadie.java:34)
	org.junit.internal.runners.ClassRoadie.runProtected(ClassRoadie.java:44)
	org.powermock.modules.junit4.internal.impl.PowerMockJUnit44RunnerDelegateImpl.run(PowerMockJUnit44RunnerDelegateImpl.java:136)
	org.powermock.modules.junit4.common.internal.impl.JUnit4TestSuiteChunkerImpl.run(JUnit4TestSuiteChunkerImpl.java:117)
	org.powermock.modules.junit4.common.internal.impl.AbstractCommonPowerMockRunner.run(AbstractCommonPowerMockRunner.java:57)
	org.powermock.modules.junit4.PowerMockRunner.run(PowerMockRunner.java:59)
	org.apache.maven.surefire.junit4.JUnit4Provider.execute(JUnit4Provider.java:365)
	org.apache.maven.surefire.junit4.JUnit4Provider.executeWithRerun(JUnit4Provider.java:290)
	org.apache.maven.surefire.junit4.JUnit4Provider.executeTestSet(JUnit4Provider.java:238)
	org.apache.maven.surefire.junit4.JUnit4Provider.invoke(JUnit4Provider.java:159)
	org.apache.maven.surefire.booter.ForkedBooter.invokeProviderInSameClassLoader(ForkedBooter.java:379)
	org.apache.maven.surefire.booter.ForkedBooter.runSuitesInProcess(ForkedBooter.java:340)
	org.apache.maven.surefire.booter.ForkedBooter.execute(ForkedBooter.java:125)
	org.apache.maven.surefire.booter.ForkedBooter.main(ForkedBooter.java:413)
#3:
	io.netty.buffer.AdvancedLeakAwareByteBuf.writeLong(AdvancedLeakAwareByteBuf.java:568)
	org.apache.bookkeeper.proto.checksum.DigestManager.computeDigestAndPackageForSending(DigestManager.java:108)
	org.apache.bookkeeper.client.ClientUtil.generatePacket(ClientUtil.java:53)
	org.apache.bookkeeper.client.ClientUtil.generatePacket(ClientUtil.java:46)
	org.apache.bookkeeper.bookie.BookieJournalTest.writeV2Journal(BookieJournalTest.java:212)
	org.apache.bookkeeper.bookie.BookieJournalTest.testSortedLedgerStorageReplayWithSmallMaxArenaSize(BookieJournalTest.java:679)
	java.base/jdk.internal.reflect.NativeMethodAccessorImpl.invoke0(Native Method)
	java.base/jdk.internal.reflect.NativeMethodAccessorImpl.invoke(NativeMethodAccessorImpl.java:62)
	java.base/jdk.internal.reflect.DelegatingMethodAccessorImpl.invoke(DelegatingMethodAccessorImpl.java:43)
	java.base/java.lang.reflect.Method.invoke(Method.java:566)
	org.junit.internal.runners.TestMethod.invoke(TestMethod.java:68)
	org.powermock.modules.junit4.internal.impl.PowerMockJUnit44RunnerDelegateImpl$PowerMockJUnit44MethodRunner.runTestMethod(PowerMockJUnit44RunnerDelegateImpl.java:326)
	org.junit.internal.runners.MethodRoadie$2.run(MethodRoadie.java:89)
	org.junit.internal.runners.MethodRoadie.runBeforesThenTestThenAfters(MethodRoadie.java:97)
	org.powermock.modules.junit4.internal.impl.PowerMockJUnit44RunnerDelegateImpl$PowerMockJUnit44MethodRunner.executeTest(PowerMockJUnit44RunnerDelegateImpl.java:310)
	org.powermock.modules.junit4.internal.impl.PowerMockJUnit47RunnerDelegateImpl$PowerMockJUnit47MethodRunner.executeTestInSuper(PowerMockJUnit47RunnerDelegateImpl.java:131)
	org.powermock.modules.junit4.internal.impl.PowerMockJUnit47RunnerDelegateImpl$PowerMockJUnit47MethodRunner.access$100(PowerMockJUnit47RunnerDelegateImpl.java:59)
	org.powermock.modules.junit4.internal.impl.PowerMockJUnit47RunnerDelegateImpl$PowerMockJUnit47MethodRunner$TestExecutorStatement.evaluate(PowerMockJUnit47RunnerDelegateImpl.java:147)
	org.powermock.modules.junit4.internal.impl.PowerMockJUnit47RunnerDelegateImpl$PowerMockJUnit47MethodRunner.evaluateStatement(PowerMockJUnit47RunnerDelegateImpl.java:107)
	org.powermock.modules.junit4.internal.impl.PowerMockJUnit47RunnerDelegateImpl$PowerMockJUnit47MethodRunner.executeTest(PowerMockJUnit47RunnerDelegateImpl.java:82)
	org.powermock.modules.junit4.internal.impl.PowerMockJUnit44RunnerDelegateImpl$PowerMockJUnit44MethodRunner.runBeforesThenTestThenAfters(PowerMockJUnit44RunnerDelegateImpl.java:298)
	org.junit.internal.runners.MethodRoadie.runTest(MethodRoadie.java:87)
	org.junit.internal.runners.MethodRoadie.run(MethodRoadie.java:50)
	org.powermock.modules.junit4.internal.impl.PowerMockJUnit44RunnerDelegateImpl.invokeTestMethod(PowerMockJUnit44RunnerDelegateImpl.java:218)
	org.powermock.modules.junit4.internal.impl.PowerMockJUnit44RunnerDelegateImpl.runMethods(PowerMockJUnit44RunnerDelegateImpl.java:160)
	org.powermock.modules.junit4.internal.impl.PowerMockJUnit44RunnerDelegateImpl$1.run(PowerMockJUnit44RunnerDelegateImpl.java:134)
	org.junit.internal.runners.ClassRoadie.runUnprotected(ClassRoadie.java:34)
	org.junit.internal.runners.ClassRoadie.runProtected(ClassRoadie.java:44)
	org.powermock.modules.junit4.internal.impl.PowerMockJUnit44RunnerDelegateImpl.run(PowerMockJUnit44RunnerDelegateImpl.java:136)
	org.powermock.modules.junit4.common.internal.impl.JUnit4TestSuiteChunkerImpl.run(JUnit4TestSuiteChunkerImpl.java:117)
	org.powermock.modules.junit4.common.internal.impl.AbstractCommonPowerMockRunner.run(AbstractCommonPowerMockRunner.java:57)
	org.powermock.modules.junit4.PowerMockRunner.run(PowerMockRunner.java:59)
	org.apache.maven.surefire.junit4.JUnit4Provider.execute(JUnit4Provider.java:365)
	org.apache.maven.surefire.junit4.JUnit4Provider.executeWithRerun(JUnit4Provider.java:290)
	org.apache.maven.surefire.junit4.JUnit4Provider.executeTestSet(JUnit4Provider.java:238)
	org.apache.maven.surefire.junit4.JUnit4Provider.invoke(JUnit4Provider.java:159)
	org.apache.maven.surefire.booter.ForkedBooter.invokeProviderInSameClassLoader(ForkedBooter.java:379)
	org.apache.maven.surefire.booter.ForkedBooter.runSuitesInProcess(ForkedBooter.java:340)
	org.apache.maven.surefire.booter.ForkedBooter.execute(ForkedBooter.java:125)
	org.apache.maven.surefire.booter.ForkedBooter.main(ForkedBooter.java:413)
#4:
	io.netty.buffer.AdvancedLeakAwareByteBuf.writeLong(AdvancedLeakAwareByteBuf.java:568)
	org.apache.bookkeeper.proto.checksum.DigestManager.computeDigestAndPackageForSending(DigestManager.java:107)
	org.apache.bookkeeper.client.ClientUtil.generatePacket(ClientUtil.java:53)
	org.apache.bookkeeper.client.ClientUtil.generatePacket(ClientUtil.java:46)
	org.apache.bookkeeper.bookie.BookieJournalTest.writeV2Journal(BookieJournalTest.java:212)
	org.apache.bookkeeper.bookie.BookieJournalTest.testSortedLedgerStorageReplayWithSmallMaxArenaSize(BookieJournalTest.java:679)
	java.base/jdk.internal.reflect.NativeMethodAccessorImpl.invoke0(Native Method)
	java.base/jdk.internal.reflect.NativeMethodAccessorImpl.invoke(NativeMethodAccessorImpl.java:62)
	java.base/jdk.internal.reflect.DelegatingMethodAccessorImpl.invoke(DelegatingMethodAccessorImpl.java:43)
	java.base/java.lang.reflect.Method.invoke(Method.java:566)
	org.junit.internal.runners.TestMethod.invoke(TestMethod.java:68)
	org.powermock.modules.junit4.internal.impl.PowerMockJUnit44RunnerDelegateImpl$PowerMockJUnit44MethodRunner.runTestMethod(PowerMockJUnit44RunnerDelegateImpl.java:326)
	org.junit.internal.runners.MethodRoadie$2.run(MethodRoadie.java:89)
	org.junit.internal.runners.MethodRoadie.runBeforesThenTestThenAfters(MethodRoadie.java:97)
	org.powermock.modules.junit4.internal.impl.PowerMockJUnit44RunnerDelegateImpl$PowerMockJUnit44MethodRunner.executeTest(PowerMockJUnit44RunnerDelegateImpl.java:310)
	org.powermock.modules.junit4.internal.impl.PowerMockJUnit47RunnerDelegateImpl$PowerMockJUnit47MethodRunner.executeTestInSuper(PowerMockJUnit47RunnerDelegateImpl.java:131)
	org.powermock.modules.junit4.internal.impl.PowerMockJUnit47RunnerDelegateImpl$PowerMockJUnit47MethodRunner.access$100(PowerMockJUnit47RunnerDelegateImpl.java:59)
	org.powermock.modules.junit4.internal.impl.PowerMockJUnit47RunnerDelegateImpl$PowerMockJUnit47MethodRunner$TestExecutorStatement.evaluate(PowerMockJUnit47RunnerDelegateImpl.java:147)
	org.powermock.modules.junit4.internal.impl.PowerMockJUnit47RunnerDelegateImpl$PowerMockJUnit47MethodRunner.evaluateStatement(PowerMockJUnit47RunnerDelegateImpl.java:107)
	org.powermock.modules.junit4.internal.impl.PowerMockJUnit47RunnerDelegateImpl$PowerMockJUnit47MethodRunner.executeTest(PowerMockJUnit47RunnerDelegateImpl.java:82)
	org.powermock.modules.junit4.internal.impl.PowerMockJUnit44RunnerDelegateImpl$PowerMockJUnit44MethodRunner.runBeforesThenTestThenAfters(PowerMockJUnit44RunnerDelegateImpl.java:298)
	org.junit.internal.runners.MethodRoadie.runTest(MethodRoadie.java:87)
	org.junit.internal.runners.MethodRoadie.run(MethodRoadie.java:50)
	org.powermock.modules.junit4.internal.impl.PowerMockJUnit44RunnerDelegateImpl.invokeTestMethod(PowerMockJUnit44RunnerDelegateImpl.java:218)
	org.powermock.modules.junit4.internal.impl.PowerMockJUnit44RunnerDelegateImpl.runMethods(PowerMockJUnit44RunnerDelegateImpl.java:160)
	org.powermock.modules.junit4.internal.impl.PowerMockJUnit44RunnerDelegateImpl$1.run(PowerMockJUnit44RunnerDelegateImpl.java:134)
	org.junit.internal.runners.ClassRoadie.runUnprotected(ClassRoadie.java:34)
	org.junit.internal.runners.ClassRoadie.runProtected(ClassRoadie.java:44)
	org.powermock.modules.junit4.internal.impl.PowerMockJUnit44RunnerDelegateImpl.run(PowerMockJUnit44RunnerDelegateImpl.java:136)
	org.powermock.modules.junit4.common.internal.impl.JUnit4TestSuiteChunkerImpl.run(JUnit4TestSuiteChunkerImpl.java:117)
	org.powermock.modules.junit4.common.internal.impl.AbstractCommonPowerMockRunner.run(AbstractCommonPowerMockRunner.java:57)
	org.powermock.modules.junit4.PowerMockRunner.run(PowerMockRunner.java:59)
	org.apache.maven.surefire.junit4.JUnit4Provider.execute(JUnit4Provider.java:365)
	org.apache.maven.surefire.junit4.JUnit4Provider.executeWithRerun(JUnit4Provider.java:290)
	org.apache.maven.surefire.junit4.JUnit4Provider.executeTestSet(JUnit4Provider.java:238)
	org.apache.maven.surefire.junit4.JUnit4Provider.invoke(JUnit4Provider.java:159)
	org.apache.maven.surefire.booter.ForkedBooter.invokeProviderInSameClassLoader(ForkedBooter.java:379)
	org.apache.maven.surefire.booter.ForkedBooter.runSuitesInProcess(ForkedBooter.java:340)
	org.apache.maven.surefire.booter.ForkedBooter.execute(ForkedBooter.java:125)
	org.apache.maven.surefire.booter.ForkedBooter.main(ForkedBooter.java:413)
Created at:
	io.netty.buffer.UnpooledByteBufAllocator.newDirectBuffer(UnpooledByteBufAllocator.java:96)
	io.netty.buffer.AbstractByteBufAllocator.directBuffer(AbstractByteBufAllocator.java:185)
	io.netty.buffer.AbstractByteBufAllocator.directBuffer(AbstractByteBufAllocator.java:176)
	io.netty.buffer.AbstractByteBufAllocator.buffer(AbstractByteBufAllocator.java:113)
	org.apache.bookkeeper.proto.checksum.DigestManager.computeDigestAndPackageForSending(DigestManager.java:103)
	org.apache.bookkeeper.client.ClientUtil.generatePacket(ClientUtil.java:53)
	org.apache.bookkeeper.client.ClientUtil.generatePacket(ClientUtil.java:46)
	org.apache.bookkeeper.bookie.BookieJournalTest.writeV2Journal(BookieJournalTest.java:212)
	org.apache.bookkeeper.bookie.BookieJournalTest.testSortedLedgerStorageReplayWithSmallMaxArenaSize(BookieJournalTest.java:679)
	java.base/jdk.internal.reflect.NativeMethodAccessorImpl.invoke0(Native Method)
	java.base/jdk.internal.reflect.NativeMethodAccessorImpl.invoke(NativeMethodAccessorImpl.java:62)
	java.base/jdk.internal.reflect.DelegatingMethodAccessorImpl.invoke(DelegatingMethodAccessorImpl.java:43)
	java.base/java.lang.reflect.Method.invoke(Method.java:566)
	org.junit.internal.runners.TestMethod.invoke(TestMethod.java:68)
	org.powermock.modules.junit4.internal.impl.PowerMockJUnit44RunnerDelegateImpl$PowerMockJUnit44MethodRunner.runTestMethod(PowerMockJUnit44RunnerDelegateImpl.java:326)
	org.junit.internal.runners.MethodRoadie$2.run(MethodRoadie.java:89)
	org.junit.internal.runners.MethodRoadie.runBeforesThenTestThenAfters(MethodRoadie.java:97)
	org.powermock.modules.junit4.internal.impl.PowerMockJUnit44RunnerDelegateImpl$PowerMockJUnit44MethodRunner.executeTest(PowerMockJUnit44RunnerDelegateImpl.java:310)
	org.powermock.modules.junit4.internal.impl.PowerMockJUnit47RunnerDelegateImpl$PowerMockJUnit47MethodRunner.executeTestInSuper(PowerMockJUnit47RunnerDelegateImpl.java:131)
	org.powermock.modules.junit4.internal.impl.PowerMockJUnit47RunnerDelegateImpl$PowerMockJUnit47MethodRunner.access$100(PowerMockJUnit47RunnerDelegateImpl.java:59)
	org.powermock.modules.junit4.internal.impl.PowerMockJUnit47RunnerDelegateImpl$PowerMockJUnit47MethodRunner$TestExecutorStatement.evaluate(PowerMockJUnit47RunnerDelegateImpl.java:147)
	org.powermock.modules.junit4.internal.impl.PowerMockJUnit47RunnerDelegateImpl$PowerMockJUnit47MethodRunner.evaluateStatement(PowerMockJUnit47RunnerDelegateImpl.java:107)
	org.powermock.modules.junit4.internal.impl.PowerMockJUnit47RunnerDelegateImpl$PowerMockJUnit47MethodRunner.executeTest(PowerMockJUnit47RunnerDelegateImpl.java:82)
	org.powermock.modules.junit4.internal.impl.PowerMockJUnit44RunnerDelegateImpl$PowerMockJUnit44MethodRunner.runBeforesThenTestThenAfters(PowerMockJUnit44RunnerDelegateImpl.java:298)
	org.junit.internal.runners.MethodRoadie.runTest(MethodRoadie.java:87)
	org.junit.internal.runners.MethodRoadie.run(MethodRoadie.java:50)
	org.powermock.modules.junit4.internal.impl.PowerMockJUnit44RunnerDelegateImpl.invokeTestMethod(PowerMockJUnit44RunnerDelegateImpl.java:218)
	org.powermock.modules.junit4.internal.impl.PowerMockJUnit44RunnerDelegateImpl.runMethods(PowerMockJUnit44RunnerDelegateImpl.java:160)
	org.powermock.modules.junit4.internal.impl.PowerMockJUnit44RunnerDelegateImpl$1.run(PowerMockJUnit44RunnerDelegateImpl.java:134)
	org.junit.internal.runners.ClassRoadie.runUnprotected(ClassRoadie.java:34)
	org.junit.internal.runners.ClassRoadie.runProtected(ClassRoadie.java:44)
	org.powermock.modules.junit4.internal.impl.PowerMockJUnit44RunnerDelegateImpl.run(PowerMockJUnit44RunnerDelegateImpl.java:136)
	org.powermock.modules.junit4.common.internal.impl.JUnit4TestSuiteChunkerImpl.run(JUnit4TestSuiteChunkerImpl.java:117)
	org.powermock.modules.junit4.common.internal.impl.AbstractCommonPowerMockRunner.run(AbstractCommonPowerMockRunner.java:57)
	org.powermock.modules.junit4.PowerMockRunner.run(PowerMockRunner.java:59)
	org.apache.maven.surefire.junit4.JUnit4Provider.execute(JUnit4Provider.java:365)
	org.apache.maven.surefire.junit4.JUnit4Provider.executeWithRerun(JUnit4Provider.java:290)
	org.apache.maven.surefire.junit4.JUnit4Provider.executeTestSet(JUnit4Provider.java:238)
	org.apache.maven.surefire.junit4.JUnit4Provider.invoke(JUnit4Provider.java:159)
	org.apache.maven.surefire.booter.ForkedBooter.invokeProviderInSameClassLoader(ForkedBooter.java:379)
	org.apache.maven.surefire.booter.ForkedBooter.runSuitesInProcess(ForkedBooter.java:340)
	org.apache.maven.surefire.booter.ForkedBooter.execute(ForkedBooter.java:125)
	org.apache.maven.surefire.booter.ForkedBooter.main(ForkedBooter.java:413)
: 1 leak records were discarded because the leak record count is targeted to 4. Use system property io.netty.leakDetection.targetRecords to increase the limit.
2020-08-10 23:35:52,983 - ERROR - [main:ResourceLeakDetector@317] - LEAK: ByteBuf.release() was not called before it's garbage-collected. See http://netty.io/wiki/reference-counted-objects.html for more information.
Recent access records: 
#1:
	io.netty.buffer.AdvancedLeakAwareByteBuf.writeLong(AdvancedLeakAwareByteBuf.java:568)
	org.apache.bookkeeper.proto.checksum.CRC32DigestManager.populateValueAndReset(CRC32DigestManager.java:61)
	org.apache.bookkeeper.proto.checksum.DigestManager.computeDigestAndPackageForSending(DigestManager.java:114)
	org.apache.bookkeeper.client.ClientUtil.generatePacket(ClientUtil.java:53)
	org.apache.bookkeeper.client.ClientUtil.generatePacket(ClientUtil.java:46)
	org.apache.bookkeeper.bookie.BookieJournalTest.writeV2Journal(BookieJournalTest.java:212)
	org.apache.bookkeeper.bookie.BookieJournalTest.testTruncatedInLenJournal(BookieJournalTest.java:572)
	java.base/jdk.internal.reflect.NativeMethodAccessorImpl.invoke0(Native Method)
	java.base/jdk.internal.reflect.NativeMethodAccessorImpl.invoke(NativeMethodAccessorImpl.java:62)
	java.base/jdk.internal.reflect.DelegatingMethodAccessorImpl.invoke(DelegatingMethodAccessorImpl.java:43)
	java.base/java.lang.reflect.Method.invoke(Method.java:566)
	org.junit.internal.runners.TestMethod.invoke(TestMethod.java:68)
	org.powermock.modules.junit4.internal.impl.PowerMockJUnit44RunnerDelegateImpl$PowerMockJUnit44MethodRunner.runTestMethod(PowerMockJUnit44RunnerDelegateImpl.java:326)
	org.junit.internal.runners.MethodRoadie$2.run(MethodRoadie.java:89)
	org.junit.internal.runners.MethodRoadie.runBeforesThenTestThenAfters(MethodRoadie.java:97)
	org.powermock.modules.junit4.internal.impl.PowerMockJUnit44RunnerDelegateImpl$PowerMockJUnit44MethodRunner.executeTest(PowerMockJUnit44RunnerDelegateImpl.java:310)
	org.powermock.modules.junit4.internal.impl.PowerMockJUnit47RunnerDelegateImpl$PowerMockJUnit47MethodRunner.executeTestInSuper(PowerMockJUnit47RunnerDelegateImpl.java:131)
	org.powermock.modules.junit4.internal.impl.PowerMockJUnit47RunnerDelegateImpl$PowerMockJUnit47MethodRunner.access$100(PowerMockJUnit47RunnerDelegateImpl.java:59)
	org.powermock.modules.junit4.internal.impl.PowerMockJUnit47RunnerDelegateImpl$PowerMockJUnit47MethodRunner$TestExecutorStatement.evaluate(PowerMockJUnit47RunnerDelegateImpl.java:147)
	org.powermock.modules.junit4.internal.impl.PowerMockJUnit47RunnerDelegateImpl$PowerMockJUnit47MethodRunner.evaluateStatement(PowerMockJUnit47RunnerDelegateImpl.java:107)
	org.powermock.modules.junit4.internal.impl.PowerMockJUnit47RunnerDelegateImpl$PowerMockJUnit47MethodRunner.executeTest(PowerMockJUnit47RunnerDelegateImpl.java:82)
	org.powermock.modules.junit4.internal.impl.PowerMockJUnit44RunnerDelegateImpl$PowerMockJUnit44MethodRunner.runBeforesThenTestThenAfters(PowerMockJUnit44RunnerDelegateImpl.java:298)
	org.junit.internal.runners.MethodRoadie.runTest(MethodRoadie.java:87)
	org.junit.internal.runners.MethodRoadie.run(MethodRoadie.java:50)
	org.powermock.modules.junit4.internal.impl.PowerMockJUnit44RunnerDelegateImpl.invokeTestMethod(PowerMockJUnit44RunnerDelegateImpl.java:218)
	org.powermock.modules.junit4.internal.impl.PowerMockJUnit44RunnerDelegateImpl.runMethods(PowerMockJUnit44RunnerDelegateImpl.java:160)
	org.powermock.modules.junit4.internal.impl.PowerMockJUnit44RunnerDelegateImpl$1.run(PowerMockJUnit44RunnerDelegateImpl.java:134)
	org.junit.internal.runners.ClassRoadie.runUnprotected(ClassRoadie.java:34)
	org.junit.internal.runners.ClassRoadie.runProtected(ClassRoadie.java:44)
	org.powermock.modules.junit4.internal.impl.PowerMockJUnit44RunnerDelegateImpl.run(PowerMockJUnit44RunnerDelegateImpl.java:136)
	org.powermock.modules.junit4.common.internal.impl.JUnit4TestSuiteChunkerImpl.run(JUnit4TestSuiteChunkerImpl.java:117)
	org.powermock.modules.junit4.common.internal.impl.AbstractCommonPowerMockRunner.run(AbstractCommonPowerMockRunner.java:57)
	org.powermock.modules.junit4.PowerMockRunner.run(PowerMockRunner.java:59)
	org.apache.maven.surefire.junit4.JUnit4Provider.execute(JUnit4Provider.java:365)
	org.apache.maven.surefire.junit4.JUnit4Provider.executeWithRerun(JUnit4Provider.java:290)
	org.apache.maven.surefire.junit4.JUnit4Provider.executeTestSet(JUnit4Provider.java:238)
	org.apache.maven.surefire.junit4.JUnit4Provider.invoke(JUnit4Provider.java:159)
	org.apache.maven.surefire.booter.ForkedBooter.invokeProviderInSameClassLoader(ForkedBooter.java:379)
	org.apache.maven.surefire.booter.ForkedBooter.runSuitesInProcess(ForkedBooter.java:340)
	org.apache.maven.surefire.booter.ForkedBooter.execute(ForkedBooter.java:125)
	org.apache.maven.surefire.booter.ForkedBooter.main(ForkedBooter.java:413)
#2:
	io.netty.buffer.AdvancedLeakAwareByteBuf.writeLong(AdvancedLeakAwareByteBuf.java:568)
	org.apache.bookkeeper.proto.checksum.DigestManager.computeDigestAndPackageForSending(DigestManager.java:110)
	org.apache.bookkeeper.client.ClientUtil.generatePacket(ClientUtil.java:53)
	org.apache.bookkeeper.client.ClientUtil.generatePacket(ClientUtil.java:46)
	org.apache.bookkeeper.bookie.BookieJournalTest.writeV2Journal(BookieJournalTest.java:212)
	org.apache.bookkeeper.bookie.BookieJournalTest.testTruncatedInLenJournal(BookieJournalTest.java:572)
	java.base/jdk.internal.reflect.NativeMethodAccessorImpl.invoke0(Native Method)
	java.base/jdk.internal.reflect.NativeMethodAccessorImpl.invoke(NativeMethodAccessorImpl.java:62)
	java.base/jdk.internal.reflect.DelegatingMethodAccessorImpl.invoke(DelegatingMethodAccessorImpl.java:43)
	java.base/java.lang.reflect.Method.invoke(Method.java:566)
	org.junit.internal.runners.TestMethod.invoke(TestMethod.java:68)
	org.powermock.modules.junit4.internal.impl.PowerMockJUnit44RunnerDelegateImpl$PowerMockJUnit44MethodRunner.runTestMethod(PowerMockJUnit44RunnerDelegateImpl.java:326)
	org.junit.internal.runners.MethodRoadie$2.run(MethodRoadie.java:89)
	org.junit.internal.runners.MethodRoadie.runBeforesThenTestThenAfters(MethodRoadie.java:97)
	org.powermock.modules.junit4.internal.impl.PowerMockJUnit44RunnerDelegateImpl$PowerMockJUnit44MethodRunner.executeTest(PowerMockJUnit44RunnerDelegateImpl.java:310)
	org.powermock.modules.junit4.internal.impl.PowerMockJUnit47RunnerDelegateImpl$PowerMockJUnit47MethodRunner.executeTestInSuper(PowerMockJUnit47RunnerDelegateImpl.java:131)
	org.powermock.modules.junit4.internal.impl.PowerMockJUnit47RunnerDelegateImpl$PowerMockJUnit47MethodRunner.access$100(PowerMockJUnit47RunnerDelegateImpl.java:59)
	org.powermock.modules.junit4.internal.impl.PowerMockJUnit47RunnerDelegateImpl$PowerMockJUnit47MethodRunner$TestExecutorStatement.evaluate(PowerMockJUnit47RunnerDelegateImpl.java:147)
	org.powermock.modules.junit4.internal.impl.PowerMockJUnit47RunnerDelegateImpl$PowerMockJUnit47MethodRunner.evaluateStatement(PowerMockJUnit47RunnerDelegateImpl.java:107)
	org.powermock.modules.junit4.internal.impl.PowerMockJUnit47RunnerDelegateImpl$PowerMockJUnit47MethodRunner.executeTest(PowerMockJUnit47RunnerDelegateImpl.java:82)
	org.powermock.modules.junit4.internal.impl.PowerMockJUnit44RunnerDelegateImpl$PowerMockJUnit44MethodRunner.runBeforesThenTestThenAfters(PowerMockJUnit44RunnerDelegateImpl.java:298)
	org.junit.internal.runners.MethodRoadie.runTest(MethodRoadie.java:87)
	org.junit.internal.runners.MethodRoadie.run(MethodRoadie.java:50)
	org.powermock.modules.junit4.internal.impl.PowerMockJUnit44RunnerDelegateImpl.invokeTestMethod(PowerMockJUnit44RunnerDelegateImpl.java:218)
	org.powermock.modules.junit4.internal.impl.PowerMockJUnit44RunnerDelegateImpl.runMethods(PowerMockJUnit44RunnerDelegateImpl.java:160)
	org.powermock.modules.junit4.internal.impl.PowerMockJUnit44RunnerDelegateImpl$1.run(PowerMockJUnit44RunnerDelegateImpl.java:134)
	org.junit.internal.runners.ClassRoadie.runUnprotected(ClassRoadie.java:34)
	org.junit.internal.runners.ClassRoadie.runProtected(ClassRoadie.java:44)
	org.powermock.modules.junit4.internal.impl.PowerMockJUnit44RunnerDelegateImpl.run(PowerMockJUnit44RunnerDelegateImpl.java:136)
	org.powermock.modules.junit4.common.internal.impl.JUnit4TestSuiteChunkerImpl.run(JUnit4TestSuiteChunkerImpl.java:117)
	org.powermock.modules.junit4.common.internal.impl.AbstractCommonPowerMockRunner.run(AbstractCommonPowerMockRunner.java:57)
	org.powermock.modules.junit4.PowerMockRunner.run(PowerMockRunner.java:59)
	org.apache.maven.surefire.junit4.JUnit4Provider.execute(JUnit4Provider.java:365)
	org.apache.maven.surefire.junit4.JUnit4Provider.executeWithRerun(JUnit4Provider.java:290)
	org.apache.maven.surefire.junit4.JUnit4Provider.executeTestSet(JUnit4Provider.java:238)
	org.apache.maven.surefire.junit4.JUnit4Provider.invoke(JUnit4Provider.java:159)
	org.apache.maven.surefire.booter.ForkedBooter.invokeProviderInSameClassLoader(ForkedBooter.java:379)
	org.apache.maven.surefire.booter.ForkedBooter.runSuitesInProcess(ForkedBooter.java:340)
	org.apache.maven.surefire.booter.ForkedBooter.execute(ForkedBooter.java:125)
	org.apache.maven.surefire.booter.ForkedBooter.main(ForkedBooter.java:413)
#3:
	io.netty.buffer.AdvancedLeakAwareByteBuf.writeLong(AdvancedLeakAwareByteBuf.java:568)
	org.apache.bookkeeper.proto.checksum.DigestManager.computeDigestAndPackageForSending(DigestManager.java:109)
	org.apache.bookkeeper.client.ClientUtil.generatePacket(ClientUtil.java:53)
	org.apache.bookkeeper.client.ClientUtil.generatePacket(ClientUtil.java:46)
	org.apache.bookkeeper.bookie.BookieJournalTest.writeV2Journal(BookieJournalTest.java:212)
	org.apache.bookkeeper.bookie.BookieJournalTest.testTruncatedInLenJournal(BookieJournalTest.java:572)
	java.base/jdk.internal.reflect.NativeMethodAccessorImpl.invoke0(Native Method)
	java.base/jdk.internal.reflect.NativeMethodAccessorImpl.invoke(NativeMethodAccessorImpl.java:62)
	java.base/jdk.internal.reflect.DelegatingMethodAccessorImpl.invoke(DelegatingMethodAccessorImpl.java:43)
	java.base/java.lang.reflect.Method.invoke(Method.java:566)
	org.junit.internal.runners.TestMethod.invoke(TestMethod.java:68)
	org.powermock.modules.junit4.internal.impl.PowerMockJUnit44RunnerDelegateImpl$PowerMockJUnit44MethodRunner.runTestMethod(PowerMockJUnit44RunnerDelegateImpl.java:326)
	org.junit.internal.runners.MethodRoadie$2.run(MethodRoadie.java:89)
	org.junit.internal.runners.MethodRoadie.runBeforesThenTestThenAfters(MethodRoadie.java:97)
	org.powermock.modules.junit4.internal.impl.PowerMockJUnit44RunnerDelegateImpl$PowerMockJUnit44MethodRunner.executeTest(PowerMockJUnit44RunnerDelegateImpl.java:310)
	org.powermock.modules.junit4.internal.impl.PowerMockJUnit47RunnerDelegateImpl$PowerMockJUnit47MethodRunner.executeTestInSuper(PowerMockJUnit47RunnerDelegateImpl.java:131)
	org.powermock.modules.junit4.internal.impl.PowerMockJUnit47RunnerDelegateImpl$PowerMockJUnit47MethodRunner.access$100(PowerMockJUnit47RunnerDelegateImpl.java:59)
	org.powermock.modules.junit4.internal.impl.PowerMockJUnit47RunnerDelegateImpl$PowerMockJUnit47MethodRunner$TestExecutorStatement.evaluate(PowerMockJUnit47RunnerDelegateImpl.java:147)
	org.powermock.modules.junit4.internal.impl.PowerMockJUnit47RunnerDelegateImpl$PowerMockJUnit47MethodRunner.evaluateStatement(PowerMockJUnit47RunnerDelegateImpl.java:107)
	org.powermock.modules.junit4.internal.impl.PowerMockJUnit47RunnerDelegateImpl$PowerMockJUnit47MethodRunner.executeTest(PowerMockJUnit47RunnerDelegateImpl.java:82)
	org.powermock.modules.junit4.internal.impl.PowerMockJUnit44RunnerDelegateImpl$PowerMockJUnit44MethodRunner.runBeforesThenTestThenAfters(PowerMockJUnit44RunnerDelegateImpl.java:298)
	org.junit.internal.runners.MethodRoadie.runTest(MethodRoadie.java:87)
	org.junit.internal.runners.MethodRoadie.run(MethodRoadie.java:50)
	org.powermock.modules.junit4.internal.impl.PowerMockJUnit44RunnerDelegateImpl.invokeTestMethod(PowerMockJUnit44RunnerDelegateImpl.java:218)
	org.powermock.modules.junit4.internal.impl.PowerMockJUnit44RunnerDelegateImpl.runMethods(PowerMockJUnit44RunnerDelegateImpl.java:160)
	org.powermock.modules.junit4.internal.impl.PowerMockJUnit44RunnerDelegateImpl$1.run(PowerMockJUnit44RunnerDelegateImpl.java:134)
	org.junit.internal.runners.ClassRoadie.runUnprotected(ClassRoadie.java:34)
	org.junit.internal.runners.ClassRoadie.runProtected(ClassRoadie.java:44)
	org.powermock.modules.junit4.internal.impl.PowerMockJUnit44RunnerDelegateImpl.run(PowerMockJUnit44RunnerDelegateImpl.java:136)
	org.powermock.modules.junit4.common.internal.impl.JUnit4TestSuiteChunkerImpl.run(JUnit4TestSuiteChunkerImpl.java:117)
	org.powermock.modules.junit4.common.internal.impl.AbstractCommonPowerMockRunner.run(AbstractCommonPowerMockRunner.java:57)
	org.powermock.modules.junit4.PowerMockRunner.run(PowerMockRunner.java:59)
	org.apache.maven.surefire.junit4.JUnit4Provider.execute(JUnit4Provider.java:365)
	org.apache.maven.surefire.junit4.JUnit4Provider.executeWithRerun(JUnit4Provider.java:290)
	org.apache.maven.surefire.junit4.JUnit4Provider.executeTestSet(JUnit4Provider.java:238)
	org.apache.maven.surefire.junit4.JUnit4Provider.invoke(JUnit4Provider.java:159)
	org.apache.maven.surefire.booter.ForkedBooter.invokeProviderInSameClassLoader(ForkedBooter.java:379)
	org.apache.maven.surefire.booter.ForkedBooter.runSuitesInProcess(ForkedBooter.java:340)
	org.apache.maven.surefire.booter.ForkedBooter.execute(ForkedBooter.java:125)
	org.apache.maven.surefire.booter.ForkedBooter.main(ForkedBooter.java:413)
#4:
	io.netty.buffer.AdvancedLeakAwareByteBuf.writeLong(AdvancedLeakAwareByteBuf.java:568)
	org.apache.bookkeeper.proto.checksum.DigestManager.computeDigestAndPackageForSending(DigestManager.java:108)
	org.apache.bookkeeper.client.ClientUtil.generatePacket(ClientUtil.java:53)
	org.apache.bookkeeper.client.ClientUtil.generatePacket(ClientUtil.java:46)
	org.apache.bookkeeper.bookie.BookieJournalTest.writeV2Journal(BookieJournalTest.java:212)
	org.apache.bookkeeper.bookie.BookieJournalTest.testTruncatedInLenJournal(BookieJournalTest.java:572)
	java.base/jdk.internal.reflect.NativeMethodAccessorImpl.invoke0(Native Method)
	java.base/jdk.internal.reflect.NativeMethodAccessorImpl.invoke(NativeMethodAccessorImpl.java:62)
	java.base/jdk.internal.reflect.DelegatingMethodAccessorImpl.invoke(DelegatingMethodAccessorImpl.java:43)
	java.base/java.lang.reflect.Method.invoke(Method.java:566)
	org.junit.internal.runners.TestMethod.invoke(TestMethod.java:68)
	org.powermock.modules.junit4.internal.impl.PowerMockJUnit44RunnerDelegateImpl$PowerMockJUnit44MethodRunner.runTestMethod(PowerMockJUnit44RunnerDelegateImpl.java:326)
	org.junit.internal.runners.MethodRoadie$2.run(MethodRoadie.java:89)
	org.junit.internal.runners.MethodRoadie.runBeforesThenTestThenAfters(MethodRoadie.java:97)
	org.powermock.modules.junit4.internal.impl.PowerMockJUnit44RunnerDelegateImpl$PowerMockJUnit44MethodRunner.executeTest(PowerMockJUnit44RunnerDelegateImpl.java:310)
	org.powermock.modules.junit4.internal.impl.PowerMockJUnit47RunnerDelegateImpl$PowerMockJUnit47MethodRunner.executeTestInSuper(PowerMockJUnit47RunnerDelegateImpl.java:131)
	org.powermock.modules.junit4.internal.impl.PowerMockJUnit47RunnerDelegateImpl$PowerMockJUnit47MethodRunner.access$100(PowerMockJUnit47RunnerDelegateImpl.java:59)
	org.powermock.modules.junit4.internal.impl.PowerMockJUnit47RunnerDelegateImpl$PowerMockJUnit47MethodRunner$TestExecutorStatement.evaluate(PowerMockJUnit47RunnerDelegateImpl.java:147)
	org.powermock.modules.junit4.internal.impl.PowerMockJUnit47RunnerDelegateImpl$PowerMockJUnit47MethodRunner.evaluateStatement(PowerMockJUnit47RunnerDelegateImpl.java:107)
	org.powermock.modules.junit4.internal.impl.PowerMockJUnit47RunnerDelegateImpl$PowerMockJUnit47MethodRunner.executeTest(PowerMockJUnit47RunnerDelegateImpl.java:82)
	org.powermock.modules.junit4.internal.impl.PowerMockJUnit44RunnerDelegateImpl$PowerMockJUnit44MethodRunner.runBeforesThenTestThenAfters(PowerMockJUnit44RunnerDelegateImpl.java:298)
	org.junit.internal.runners.MethodRoadie.runTest(MethodRoadie.java:87)
	org.junit.internal.runners.MethodRoadie.run(MethodRoadie.java:50)
	org.powermock.modules.junit4.internal.impl.PowerMockJUnit44RunnerDelegateImpl.invokeTestMethod(PowerMockJUnit44RunnerDelegateImpl.java:218)
	org.powermock.modules.junit4.internal.impl.PowerMockJUnit44RunnerDelegateImpl.runMethods(PowerMockJUnit44RunnerDelegateImpl.java:160)
	org.powermock.modules.junit4.internal.impl.PowerMockJUnit44RunnerDelegateImpl$1.run(PowerMockJUnit44RunnerDelegateImpl.java:134)
	org.junit.internal.runners.ClassRoadie.runUnprotected(ClassRoadie.java:34)
	org.junit.internal.runners.ClassRoadie.runProtected(ClassRoadie.java:44)
	org.powermock.modules.junit4.internal.impl.PowerMockJUnit44RunnerDelegateImpl.run(PowerMockJUnit44RunnerDelegateImpl.java:136)
	org.powermock.modules.junit4.common.internal.impl.JUnit4TestSuiteChunkerImpl.run(JUnit4TestSuiteChunkerImpl.java:117)
	org.powermock.modules.junit4.common.internal.impl.AbstractCommonPowerMockRunner.run(AbstractCommonPowerMockRunner.java:57)
	org.powermock.modules.junit4.PowerMockRunner.run(PowerMockRunner.java:59)
	org.apache.maven.surefire.junit4.JUnit4Provider.execute(JUnit4Provider.java:365)
	org.apache.maven.surefire.junit4.JUnit4Provider.executeWithRerun(JUnit4Provider.java:290)
	org.apache.maven.surefire.junit4.JUnit4Provider.executeTestSet(JUnit4Provider.java:238)
	org.apache.maven.surefire.junit4.JUnit4Provider.invoke(JUnit4Provider.java:159)
	org.apache.maven.surefire.booter.ForkedBooter.invokeProviderInSameClassLoader(ForkedBooter.java:379)
	org.apache.maven.surefire.booter.ForkedBooter.runSuitesInProcess(ForkedBooter.java:340)
	org.apache.maven.surefire.booter.ForkedBooter.execute(ForkedBooter.java:125)
	org.apache.maven.surefire.booter.ForkedBooter.main(ForkedBooter.java:413)
#5:
	io.netty.buffer.AdvancedLeakAwareByteBuf.writeLong(AdvancedLeakAwareByteBuf.java:568)
	org.apache.bookkeeper.proto.checksum.DigestManager.computeDigestAndPackageForSending(DigestManager.java:107)
	org.apache.bookkeeper.client.ClientUtil.generatePacket(ClientUtil.java:53)
	org.apache.bookkeeper.client.ClientUtil.generatePacket(ClientUtil.java:46)
	org.apache.bookkeeper.bookie.BookieJournalTest.writeV2Journal(BookieJournalTest.java:212)
	org.apache.bookkeeper.bookie.BookieJournalTest.testTruncatedInLenJournal(BookieJournalTest.java:572)
	java.base/jdk.internal.reflect.NativeMethodAccessorImpl.invoke0(Native Method)
	java.base/jdk.internal.reflect.NativeMethodAccessorImpl.invoke(NativeMethodAccessorImpl.java:62)
	java.base/jdk.internal.reflect.DelegatingMethodAccessorImpl.invoke(DelegatingMethodAccessorImpl.java:43)
	java.base/java.lang.reflect.Method.invoke(Method.java:566)
	org.junit.internal.runners.TestMethod.invoke(TestMethod.java:68)
	org.powermock.modules.junit4.internal.impl.PowerMockJUnit44RunnerDelegateImpl$PowerMockJUnit44MethodRunner.runTestMethod(PowerMockJUnit44RunnerDelegateImpl.java:326)
	org.junit.internal.runners.MethodRoadie$2.run(MethodRoadie.java:89)
	org.junit.internal.runners.MethodRoadie.runBeforesThenTestThenAfters(MethodRoadie.java:97)
	org.powermock.modules.junit4.internal.impl.PowerMockJUnit44RunnerDelegateImpl$PowerMockJUnit44MethodRunner.executeTest(PowerMockJUnit44RunnerDelegateImpl.java:310)
	org.powermock.modules.junit4.internal.impl.PowerMockJUnit47RunnerDelegateImpl$PowerMockJUnit47MethodRunner.executeTestInSuper(PowerMockJUnit47RunnerDelegateImpl.java:131)
	org.powermock.modules.junit4.internal.impl.PowerMockJUnit47RunnerDelegateImpl$PowerMockJUnit47MethodRunner.access$100(PowerMockJUnit47RunnerDelegateImpl.java:59)
	org.powermock.modules.junit4.internal.impl.PowerMockJUnit47RunnerDelegateImpl$PowerMockJUnit47MethodRunner$TestExecutorStatement.evaluate(PowerMockJUnit47RunnerDelegateImpl.java:147)
	org.powermock.modules.junit4.internal.impl.PowerMockJUnit47RunnerDelegateImpl$PowerMockJUnit47MethodRunner.evaluateStatement(PowerMockJUnit47RunnerDelegateImpl.java:107)
	org.powermock.modules.junit4.internal.impl.PowerMockJUnit47RunnerDelegateImpl$PowerMockJUnit47MethodRunner.executeTest(PowerMockJUnit47RunnerDelegateImpl.java:82)
	org.powermock.modules.junit4.internal.impl.PowerMockJUnit44RunnerDelegateImpl$PowerMockJUnit44MethodRunner.runBeforesThenTestThenAfters(PowerMockJUnit44RunnerDelegateImpl.java:298)
	org.junit.internal.runners.MethodRoadie.runTest(MethodRoadie.java:87)
	org.junit.internal.runners.MethodRoadie.run(MethodRoadie.java:50)
	org.powermock.modules.junit4.internal.impl.PowerMockJUnit44RunnerDelegateImpl.invokeTestMethod(PowerMockJUnit44RunnerDelegateImpl.java:218)
	org.powermock.modules.junit4.internal.impl.PowerMockJUnit44RunnerDelegateImpl.runMethods(PowerMockJUnit44RunnerDelegateImpl.java:160)
	org.powermock.modules.junit4.internal.impl.PowerMockJUnit44RunnerDelegateImpl$1.run(PowerMockJUnit44RunnerDelegateImpl.java:134)
	org.junit.internal.runners.ClassRoadie.runUnprotected(ClassRoadie.java:34)
	org.junit.internal.runners.ClassRoadie.runProtected(ClassRoadie.java:44)
	org.powermock.modules.junit4.internal.impl.PowerMockJUnit44RunnerDelegateImpl.run(PowerMockJUnit44RunnerDelegateImpl.java:136)
	org.powermock.modules.junit4.common.internal.impl.JUnit4TestSuiteChunkerImpl.run(JUnit4TestSuiteChunkerImpl.java:117)
	org.powermock.modules.junit4.common.internal.impl.AbstractCommonPowerMockRunner.run(AbstractCommonPowerMockRunner.java:57)
	org.powermock.modules.junit4.PowerMockRunner.run(PowerMockRunner.java:59)
	org.apache.maven.surefire.junit4.JUnit4Provider.execute(JUnit4Provider.java:365)
	org.apache.maven.surefire.junit4.JUnit4Provider.executeWithRerun(JUnit4Provider.java:290)
	org.apache.maven.surefire.junit4.JUnit4Provider.executeTestSet(JUnit4Provider.java:238)
	org.apache.maven.surefire.junit4.JUnit4Provider.invoke(JUnit4Provider.java:159)
	org.apache.maven.surefire.booter.ForkedBooter.invokeProviderInSameClassLoader(ForkedBooter.java:379)
	org.apache.maven.surefire.booter.ForkedBooter.runSuitesInProcess(ForkedBooter.java:340)
	org.apache.maven.surefire.booter.ForkedBooter.execute(ForkedBooter.java:125)
	org.apache.maven.surefire.booter.ForkedBooter.main(ForkedBooter.java:413)
Created at:
	io.netty.buffer.UnpooledByteBufAllocator.newDirectBuffer(UnpooledByteBufAllocator.java:96)
	io.netty.buffer.AbstractByteBufAllocator.directBuffer(AbstractByteBufAllocator.java:185)
	io.netty.buffer.AbstractByteBufAllocator.directBuffer(AbstractByteBufAllocator.java:176)
	io.netty.buffer.AbstractByteBufAllocator.buffer(AbstractByteBufAllocator.java:113)
	org.apache.bookkeeper.proto.checksum.DigestManager.computeDigestAndPackageForSending(DigestManager.java:103)
	org.apache.bookkeeper.client.ClientUtil.generatePacket(ClientUtil.java:53)
	org.apache.bookkeeper.client.ClientUtil.generatePacket(ClientUtil.java:46)
	org.apache.bookkeeper.bookie.BookieJournalTest.writeV2Journal(BookieJournalTest.java:212)
	org.apache.bookkeeper.bookie.BookieJournalTest.testTruncatedInLenJournal(BookieJournalTest.java:572)
	java.base/jdk.internal.reflect.NativeMethodAccessorImpl.invoke0(Native Method)
	java.base/jdk.internal.reflect.NativeMethodAccessorImpl.invoke(NativeMethodAccessorImpl.java:62)
	java.base/jdk.internal.reflect.DelegatingMethodAccessorImpl.invoke(DelegatingMethodAccessorImpl.java:43)
	java.base/java.lang.reflect.Method.invoke(Method.java:566)
	org.junit.internal.runners.TestMethod.invoke(TestMethod.java:68)
	org.powermock.modules.junit4.internal.impl.PowerMockJUnit44RunnerDelegateImpl$PowerMockJUnit44MethodRunner.runTestMethod(PowerMockJUnit44RunnerDelegateImpl.java:326)
	org.junit.internal.runners.MethodRoadie$2.run(MethodRoadie.java:89)
	org.junit.internal.runners.MethodRoadie.runBeforesThenTestThenAfters(MethodRoadie.java:97)
	org.powermock.modules.junit4.internal.impl.PowerMockJUnit44RunnerDelegateImpl$PowerMockJUnit44MethodRunner.executeTest(PowerMockJUnit44RunnerDelegateImpl.java:310)
	org.powermock.modules.junit4.internal.impl.PowerMockJUnit47RunnerDelegateImpl$PowerMockJUnit47MethodRunner.executeTestInSuper(PowerMockJUnit47RunnerDelegateImpl.java:131)
	org.powermock.modules.junit4.internal.impl.PowerMockJUnit47RunnerDelegateImpl$PowerMockJUnit47MethodRunner.access$100(PowerMockJUnit47RunnerDelegateImpl.java:59)
	org.powermock.modules.junit4.internal.impl.PowerMockJUnit47RunnerDelegateImpl$PowerMockJUnit47MethodRunner$TestExecutorStatement.evaluate(PowerMockJUnit47RunnerDelegateImpl.java:147)
	org.powermock.modules.junit4.internal.impl.PowerMockJUnit47RunnerDelegateImpl$PowerMockJUnit47MethodRunner.evaluateStatement(PowerMockJUnit47RunnerDelegateImpl.java:107)
	org.powermock.modules.junit4.internal.impl.PowerMockJUnit47RunnerDelegateImpl$PowerMockJUnit47MethodRunner.executeTest(PowerMockJUnit47RunnerDelegateImpl.java:82)
	org.powermock.modules.junit4.internal.impl.PowerMockJUnit44RunnerDelegateImpl$PowerMockJUnit44MethodRunner.runBeforesThenTestThenAfters(PowerMockJUnit44RunnerDelegateImpl.java:298)
	org.junit.internal.runners.MethodRoadie.runTest(MethodRoadie.java:87)
	org.junit.internal.runners.MethodRoadie.run(MethodRoadie.java:50)
	org.powermock.modules.junit4.internal.impl.PowerMockJUnit44RunnerDelegateImpl.invokeTestMethod(PowerMockJUnit44RunnerDelegateImpl.java:218)
	org.powermock.modules.junit4.internal.impl.PowerMockJUnit44RunnerDelegateImpl.runMethods(PowerMockJUnit44RunnerDelegateImpl.java:160)
	org.powermock.modules.junit4.internal.impl.PowerMockJUnit44RunnerDelegateImpl$1.run(PowerMockJUnit44RunnerDelegateImpl.java:134)
	org.junit.internal.runners.ClassRoadie.runUnprotected(ClassRoadie.java:34)
	org.junit.internal.runners.ClassRoadie.runProtected(ClassRoadie.java:44)
	org.powermock.modules.junit4.internal.impl.PowerMockJUnit44RunnerDelegateImpl.run(PowerMockJUnit44RunnerDelegateImpl.java:136)
	org.powermock.modules.junit4.common.internal.impl.JUnit4TestSuiteChunkerImpl.run(JUnit4TestSuiteChunkerImpl.java:117)
	org.powermock.modules.junit4.common.internal.impl.AbstractCommonPowerMockRunner.run(AbstractCommonPowerMockRunner.java:57)
	org.powermock.modules.junit4.PowerMockRunner.run(PowerMockRunner.java:59)
	org.apache.maven.surefire.junit4.JUnit4Provider.execute(JUnit4Provider.java:365)
	org.apache.maven.surefire.junit4.JUnit4Provider.executeWithRerun(JUnit4Provider.java:290)
	org.apache.maven.surefire.junit4.JUnit4Provider.executeTestSet(JUnit4Provider.java:238)
	org.apache.maven.surefire.junit4.JUnit4Provider.invoke(JUnit4Provider.java:159)
	org.apache.maven.surefire.booter.ForkedBooter.invokeProviderInSameClassLoader(ForkedBooter.java:379)
	org.apache.maven.surefire.booter.ForkedBooter.runSuitesInProcess(ForkedBooter.java:340)
	org.apache.maven.surefire.booter.ForkedBooter.execute(ForkedBooter.java:125)
	org.apache.maven.surefire.booter.ForkedBooter.main(ForkedBooter.java:413)
2020-08-10 23:35:52,985 - ERROR - [main:ResourceLeakDetector@317] - LEAK: ByteBuf.release() was not called before it's garbage-collected. See http://netty.io/wiki/reference-counted-objects.html for more information.
Recent access records: 
#1:
	io.netty.buffer.AdvancedLeakAwareByteBuf.writeLong(AdvancedLeakAwareByteBuf.java:568)
	org.apache.bookkeeper.proto.checksum.CRC32DigestManager.populateValueAndReset(CRC32DigestManager.java:61)
	org.apache.bookkeeper.proto.checksum.DigestManager.computeDigestAndPackageForSending(DigestManager.java:114)
	org.apache.bookkeeper.client.ClientUtil.generatePacket(ClientUtil.java:53)
	org.apache.bookkeeper.client.ClientUtil.generatePacket(ClientUtil.java:46)
	org.apache.bookkeeper.bookie.BookieJournalTest.writeV4Journal(BookieJournalTest.java:279)
	org.apache.bookkeeper.bookie.BookieJournalTest.testV4Journal(BookieJournalTest.java:392)
	java.base/jdk.internal.reflect.NativeMethodAccessorImpl.invoke0(Native Method)
	java.base/jdk.internal.reflect.NativeMethodAccessorImpl.invoke(NativeMethodAccessorImpl.java:62)
	java.base/jdk.internal.reflect.DelegatingMethodAccessorImpl.invoke(DelegatingMethodAccessorImpl.java:43)
	java.base/java.lang.reflect.Method.invoke(Method.java:566)
	org.junit.internal.runners.TestMethod.invoke(TestMethod.java:68)
	org.powermock.modules.junit4.internal.impl.PowerMockJUnit44RunnerDelegateImpl$PowerMockJUnit44MethodRunner.runTestMethod(PowerMockJUnit44RunnerDelegateImpl.java:326)
	org.junit.internal.runners.MethodRoadie$2.run(MethodRoadie.java:89)
	org.junit.internal.runners.MethodRoadie.runBeforesThenTestThenAfters(MethodRoadie.java:97)
	org.powermock.modules.junit4.internal.impl.PowerMockJUnit44RunnerDelegateImpl$PowerMockJUnit44MethodRunner.executeTest(PowerMockJUnit44RunnerDelegateImpl.java:310)
	org.powermock.modules.junit4.internal.impl.PowerMockJUnit47RunnerDelegateImpl$PowerMockJUnit47MethodRunner.executeTestInSuper(PowerMockJUnit47RunnerDelegateImpl.java:131)
	org.powermock.modules.junit4.internal.impl.PowerMockJUnit47RunnerDelegateImpl$PowerMockJUnit47MethodRunner.access$100(PowerMockJUnit47RunnerDelegateImpl.java:59)
	org.powermock.modules.junit4.internal.impl.PowerMockJUnit47RunnerDelegateImpl$PowerMockJUnit47MethodRunner$TestExecutorStatement.evaluate(PowerMockJUnit47RunnerDelegateImpl.java:147)
	org.powermock.modules.junit4.internal.impl.PowerMockJUnit47RunnerDelegateImpl$PowerMockJUnit47MethodRunner.evaluateStatement(PowerMockJUnit47RunnerDelegateImpl.java:107)
	org.powermock.modules.junit4.internal.impl.PowerMockJUnit47RunnerDelegateImpl$PowerMockJUnit47MethodRunner.executeTest(PowerMockJUnit47RunnerDelegateImpl.java:82)
	org.powermock.modules.junit4.internal.impl.PowerMockJUnit44RunnerDelegateImpl$PowerMockJUnit44MethodRunner.runBeforesThenTestThenAfters(PowerMockJUnit44RunnerDelegateImpl.java:298)
	org.junit.internal.runners.MethodRoadie.runTest(MethodRoadie.java:87)
	org.junit.internal.runners.MethodRoadie.run(MethodRoadie.java:50)
	org.powermock.modules.junit4.internal.impl.PowerMockJUnit44RunnerDelegateImpl.invokeTestMethod(PowerMockJUnit44RunnerDelegateImpl.java:218)
	org.powermock.modules.junit4.internal.impl.PowerMockJUnit44RunnerDelegateImpl.runMethods(PowerMockJUnit44RunnerDelegateImpl.java:160)
	org.powermock.modules.junit4.internal.impl.PowerMockJUnit44RunnerDelegateImpl$1.run(PowerMockJUnit44RunnerDelegateImpl.java:134)
	org.junit.internal.runners.ClassRoadie.runUnprotected(ClassRoadie.java:34)
	org.junit.internal.runners.ClassRoadie.runProtected(ClassRoadie.java:44)
	org.powermock.modules.junit4.internal.impl.PowerMockJUnit44RunnerDelegateImpl.run(PowerMockJUnit44RunnerDelegateImpl.java:136)
	org.powermock.modules.junit4.common.internal.impl.JUnit4TestSuiteChunkerImpl.run(JUnit4TestSuiteChunkerImpl.java:117)
	org.powermock.modules.junit4.common.internal.impl.AbstractCommonPowerMockRunner.run(AbstractCommonPowerMockRunner.java:57)
	org.powermock.modules.junit4.PowerMockRunner.run(PowerMockRunner.java:59)
	org.apache.maven.surefire.junit4.JUnit4Provider.execute(JUnit4Provider.java:365)
	org.apache.maven.surefire.junit4.JUnit4Provider.executeWithRerun(JUnit4Provider.java:290)
	org.apache.maven.surefire.junit4.JUnit4Provider.executeTestSet(JUnit4Provider.java:238)
	org.apache.maven.surefire.junit4.JUnit4Provider.invoke(JUnit4Provider.java:159)
	org.apache.maven.surefire.booter.ForkedBooter.invokeProviderInSameClassLoader(ForkedBooter.java:379)
	org.apache.maven.surefire.booter.ForkedBooter.runSuitesInProcess(ForkedBooter.java:340)
	org.apache.maven.surefire.booter.ForkedBooter.execute(ForkedBooter.java:125)
	org.apache.maven.surefire.booter.ForkedBooter.main(ForkedBooter.java:413)
#2:
	io.netty.buffer.AdvancedLeakAwareByteBuf.writeLong(AdvancedLeakAwareByteBuf.java:568)
	org.apache.bookkeeper.proto.checksum.DigestManager.computeDigestAndPackageForSending(DigestManager.java:109)
	org.apache.bookkeeper.client.ClientUtil.generatePacket(ClientUtil.java:53)
	org.apache.bookkeeper.client.ClientUtil.generatePacket(ClientUtil.java:46)
	org.apache.bookkeeper.bookie.BookieJournalTest.writeV4Journal(BookieJournalTest.java:279)
	org.apache.bookkeeper.bookie.BookieJournalTest.testV4Journal(BookieJournalTest.java:392)
	java.base/jdk.internal.reflect.NativeMethodAccessorImpl.invoke0(Native Method)
	java.base/jdk.internal.reflect.NativeMethodAccessorImpl.invoke(NativeMethodAccessorImpl.java:62)
	java.base/jdk.internal.reflect.DelegatingMethodAccessorImpl.invoke(DelegatingMethodAccessorImpl.java:43)
	java.base/java.lang.reflect.Method.invoke(Method.java:566)
	org.junit.internal.runners.TestMethod.invoke(TestMethod.java:68)
	org.powermock.modules.junit4.internal.impl.PowerMockJUnit44RunnerDelegateImpl$PowerMockJUnit44MethodRunner.runTestMethod(PowerMockJUnit44RunnerDelegateImpl.java:326)
	org.junit.internal.runners.MethodRoadie$2.run(MethodRoadie.java:89)
	org.junit.internal.runners.MethodRoadie.runBeforesThenTestThenAfters(MethodRoadie.java:97)
	org.powermock.modules.junit4.internal.impl.PowerMockJUnit44RunnerDelegateImpl$PowerMockJUnit44MethodRunner.executeTest(PowerMockJUnit44RunnerDelegateImpl.java:310)
	org.powermock.modules.junit4.internal.impl.PowerMockJUnit47RunnerDelegateImpl$PowerMockJUnit47MethodRunner.executeTestInSuper(PowerMockJUnit47RunnerDelegateImpl.java:131)
	org.powermock.modules.junit4.internal.impl.PowerMockJUnit47RunnerDelegateImpl$PowerMockJUnit47MethodRunner.access$100(PowerMockJUnit47RunnerDelegateImpl.java:59)
	org.powermock.modules.junit4.internal.impl.PowerMockJUnit47RunnerDelegateImpl$PowerMockJUnit47MethodRunner$TestExecutorStatement.evaluate(PowerMockJUnit47RunnerDelegateImpl.java:147)
	org.powermock.modules.junit4.internal.impl.PowerMockJUnit47RunnerDelegateImpl$PowerMockJUnit47MethodRunner.evaluateStatement(PowerMockJUnit47RunnerDelegateImpl.java:107)
	org.powermock.modules.junit4.internal.impl.PowerMockJUnit47RunnerDelegateImpl$PowerMockJUnit47MethodRunner.executeTest(PowerMockJUnit47RunnerDelegateImpl.java:82)
	org.powermock.modules.junit4.internal.impl.PowerMockJUnit44RunnerDelegateImpl$PowerMockJUnit44MethodRunner.runBeforesThenTestThenAfters(PowerMockJUnit44RunnerDelegateImpl.java:298)
	org.junit.internal.runners.MethodRoadie.runTest(MethodRoadie.java:87)
	org.junit.internal.runners.MethodRoadie.run(MethodRoadie.java:50)
	org.powermock.modules.junit4.internal.impl.PowerMockJUnit44RunnerDelegateImpl.invokeTestMethod(PowerMockJUnit44RunnerDelegateImpl.java:218)
	org.powermock.modules.junit4.internal.impl.PowerMockJUnit44RunnerDelegateImpl.runMethods(PowerMockJUnit44RunnerDelegateImpl.java:160)
	org.powermock.modules.junit4.internal.impl.PowerMockJUnit44RunnerDelegateImpl$1.run(PowerMockJUnit44RunnerDelegateImpl.java:134)
	org.junit.internal.runners.ClassRoadie.runUnprotected(ClassRoadie.java:34)
	org.junit.internal.runners.ClassRoadie.runProtected(ClassRoadie.java:44)
	org.powermock.modules.junit4.internal.impl.PowerMockJUnit44RunnerDelegateImpl.run(PowerMockJUnit44RunnerDelegateImpl.java:136)
	org.powermock.modules.junit4.common.internal.impl.JUnit4TestSuiteChunkerImpl.run(JUnit4TestSuiteChunkerImpl.java:117)
	org.powermock.modules.junit4.common.internal.impl.AbstractCommonPowerMockRunner.run(AbstractCommonPowerMockRunner.java:57)
	org.powermock.modules.junit4.PowerMockRunner.run(PowerMockRunner.java:59)
	org.apache.maven.surefire.junit4.JUnit4Provider.execute(JUnit4Provider.java:365)
	org.apache.maven.surefire.junit4.JUnit4Provider.executeWithRerun(JUnit4Provider.java:290)
	org.apache.maven.surefire.junit4.JUnit4Provider.executeTestSet(JUnit4Provider.java:238)
	org.apache.maven.surefire.junit4.JUnit4Provider.invoke(JUnit4Provider.java:159)
	org.apache.maven.surefire.booter.ForkedBooter.invokeProviderInSameClassLoader(ForkedBooter.java:379)
	org.apache.maven.surefire.booter.ForkedBooter.runSuitesInProcess(ForkedBooter.java:340)
	org.apache.maven.surefire.booter.ForkedBooter.execute(ForkedBooter.java:125)
	org.apache.maven.surefire.booter.ForkedBooter.main(ForkedBooter.java:413)
#3:
	io.netty.buffer.AdvancedLeakAwareByteBuf.writeLong(AdvancedLeakAwareByteBuf.java:568)
	org.apache.bookkeeper.proto.checksum.DigestManager.computeDigestAndPackageForSending(DigestManager.java:108)
	org.apache.bookkeeper.client.ClientUtil.generatePacket(ClientUtil.java:53)
	org.apache.bookkeeper.client.ClientUtil.generatePacket(ClientUtil.java:46)
	org.apache.bookkeeper.bookie.BookieJournalTest.writeV4Journal(BookieJournalTest.java:279)
	org.apache.bookkeeper.bookie.BookieJournalTest.testV4Journal(BookieJournalTest.java:392)
	java.base/jdk.internal.reflect.NativeMethodAccessorImpl.invoke0(Native Method)
	java.base/jdk.internal.reflect.NativeMethodAccessorImpl.invoke(NativeMethodAccessorImpl.java:62)
	java.base/jdk.internal.reflect.DelegatingMethodAccessorImpl.invoke(DelegatingMethodAccessorImpl.java:43)
	java.base/java.lang.reflect.Method.invoke(Method.java:566)
	org.junit.internal.runners.TestMethod.invoke(TestMethod.java:68)
	org.powermock.modules.junit4.internal.impl.PowerMockJUnit44RunnerDelegateImpl$PowerMockJUnit44MethodRunner.runTestMethod(PowerMockJUnit44RunnerDelegateImpl.java:326)
	org.junit.internal.runners.MethodRoadie$2.run(MethodRoadie.java:89)
	org.junit.internal.runners.MethodRoadie.runBeforesThenTestThenAfters(MethodRoadie.java:97)
	org.powermock.modules.junit4.internal.impl.PowerMockJUnit44RunnerDelegateImpl$PowerMockJUnit44MethodRunner.executeTest(PowerMockJUnit44RunnerDelegateImpl.java:310)
	org.powermock.modules.junit4.internal.impl.PowerMockJUnit47RunnerDelegateImpl$PowerMockJUnit47MethodRunner.executeTestInSuper(PowerMockJUnit47RunnerDelegateImpl.java:131)
	org.powermock.modules.junit4.internal.impl.PowerMockJUnit47RunnerDelegateImpl$PowerMockJUnit47MethodRunner.access$100(PowerMockJUnit47RunnerDelegateImpl.java:59)
	org.powermock.modules.junit4.internal.impl.PowerMockJUnit47RunnerDelegateImpl$PowerMockJUnit47MethodRunner$TestExecutorStatement.evaluate(PowerMockJUnit47RunnerDelegateImpl.java:147)
	org.powermock.modules.junit4.internal.impl.PowerMockJUnit47RunnerDelegateImpl$PowerMockJUnit47MethodRunner.evaluateStatement(PowerMockJUnit47RunnerDelegateImpl.java:107)
	org.powermock.modules.junit4.internal.impl.PowerMockJUnit47RunnerDelegateImpl$PowerMockJUnit47MethodRunner.executeTest(PowerMockJUnit47RunnerDelegateImpl.java:82)
	org.powermock.modules.junit4.internal.impl.PowerMockJUnit44RunnerDelegateImpl$PowerMockJUnit44MethodRunner.runBeforesThenTestThenAfters(PowerMockJUnit44RunnerDelegateImpl.java:298)
	org.junit.internal.runners.MethodRoadie.runTest(MethodRoadie.java:87)
	org.junit.internal.runners.MethodRoadie.run(MethodRoadie.java:50)
	org.powermock.modules.junit4.internal.impl.PowerMockJUnit44RunnerDelegateImpl.invokeTestMethod(PowerMockJUnit44RunnerDelegateImpl.java:218)
	org.powermock.modules.junit4.internal.impl.PowerMockJUnit44RunnerDelegateImpl.runMethods(PowerMockJUnit44RunnerDelegateImpl.java:160)
	org.powermock.modules.junit4.internal.impl.PowerMockJUnit44RunnerDelegateImpl$1.run(PowerMockJUnit44RunnerDelegateImpl.java:134)
	org.junit.internal.runners.ClassRoadie.runUnprotected(ClassRoadie.java:34)
	org.junit.internal.runners.ClassRoadie.runProtected(ClassRoadie.java:44)
	org.powermock.modules.junit4.internal.impl.PowerMockJUnit44RunnerDelegateImpl.run(PowerMockJUnit44RunnerDelegateImpl.java:136)
	org.powermock.modules.junit4.common.internal.impl.JUnit4TestSuiteChunkerImpl.run(JUnit4TestSuiteChunkerImpl.java:117)
	org.powermock.modules.junit4.common.internal.impl.AbstractCommonPowerMockRunner.run(AbstractCommonPowerMockRunner.java:57)
	org.powermock.modules.junit4.PowerMockRunner.run(PowerMockRunner.java:59)
	org.apache.maven.surefire.junit4.JUnit4Provider.execute(JUnit4Provider.java:365)
	org.apache.maven.surefire.junit4.JUnit4Provider.executeWithRerun(JUnit4Provider.java:290)
	org.apache.maven.surefire.junit4.JUnit4Provider.executeTestSet(JUnit4Provider.java:238)
	org.apache.maven.surefire.junit4.JUnit4Provider.invoke(JUnit4Provider.java:159)
	org.apache.maven.surefire.booter.ForkedBooter.invokeProviderInSameClassLoader(ForkedBooter.java:379)
	org.apache.maven.surefire.booter.ForkedBooter.runSuitesInProcess(ForkedBooter.java:340)
	org.apache.maven.surefire.booter.ForkedBooter.execute(ForkedBooter.java:125)
	org.apache.maven.surefire.booter.ForkedBooter.main(ForkedBooter.java:413)
#4:
	io.netty.buffer.AdvancedLeakAwareByteBuf.writeLong(AdvancedLeakAwareByteBuf.java:568)
	org.apache.bookkeeper.proto.checksum.DigestManager.computeDigestAndPackageForSending(DigestManager.java:107)
	org.apache.bookkeeper.client.ClientUtil.generatePacket(ClientUtil.java:53)
	org.apache.bookkeeper.client.ClientUtil.generatePacket(ClientUtil.java:46)
	org.apache.bookkeeper.bookie.BookieJournalTest.writeV4Journal(BookieJournalTest.java:279)
	org.apache.bookkeeper.bookie.BookieJournalTest.testV4Journal(BookieJournalTest.java:392)
	java.base/jdk.internal.reflect.NativeMethodAccessorImpl.invoke0(Native Method)
	java.base/jdk.internal.reflect.NativeMethodAccessorImpl.invoke(NativeMethodAccessorImpl.java:62)
	java.base/jdk.internal.reflect.DelegatingMethodAccessorImpl.invoke(DelegatingMethodAccessorImpl.java:43)
	java.base/java.lang.reflect.Method.invoke(Method.java:566)
	org.junit.internal.runners.TestMethod.invoke(TestMethod.java:68)
	org.powermock.modules.junit4.internal.impl.PowerMockJUnit44RunnerDelegateImpl$PowerMockJUnit44MethodRunner.runTestMethod(PowerMockJUnit44RunnerDelegateImpl.java:326)
	org.junit.internal.runners.MethodRoadie$2.run(MethodRoadie.java:89)
	org.junit.internal.runners.MethodRoadie.runBeforesThenTestThenAfters(MethodRoadie.java:97)
	org.powermock.modules.junit4.internal.impl.PowerMockJUnit44RunnerDelegateImpl$PowerMockJUnit44MethodRunner.executeTest(PowerMockJUnit44RunnerDelegateImpl.java:310)
	org.powermock.modules.junit4.internal.impl.PowerMockJUnit47RunnerDelegateImpl$PowerMockJUnit47MethodRunner.executeTestInSuper(PowerMockJUnit47RunnerDelegateImpl.java:131)
	org.powermock.modules.junit4.internal.impl.PowerMockJUnit47RunnerDelegateImpl$PowerMockJUnit47MethodRunner.access$100(PowerMockJUnit47RunnerDelegateImpl.java:59)
	org.powermock.modules.junit4.internal.impl.PowerMockJUnit47RunnerDelegateImpl$PowerMockJUnit47MethodRunner$TestExecutorStatement.evaluate(PowerMockJUnit47RunnerDelegateImpl.java:147)
	org.powermock.modules.junit4.internal.impl.PowerMockJUnit47RunnerDelegateImpl$PowerMockJUnit47MethodRunner.evaluateStatement(PowerMockJUnit47RunnerDelegateImpl.java:107)
	org.powermock.modules.junit4.internal.impl.PowerMockJUnit47RunnerDelegateImpl$PowerMockJUnit47MethodRunner.executeTest(PowerMockJUnit47RunnerDelegateImpl.java:82)
	org.powermock.modules.junit4.internal.impl.PowerMockJUnit44RunnerDelegateImpl$PowerMockJUnit44MethodRunner.runBeforesThenTestThenAfters(PowerMockJUnit44RunnerDelegateImpl.java:298)
	org.junit.internal.runners.MethodRoadie.runTest(MethodRoadie.java:87)
	org.junit.internal.runners.MethodRoadie.run(MethodRoadie.java:50)
	org.powermock.modules.junit4.internal.impl.PowerMockJUnit44RunnerDelegateImpl.invokeTestMethod(PowerMockJUnit44RunnerDelegateImpl.java:218)
	org.powermock.modules.junit4.internal.impl.PowerMockJUnit44RunnerDelegateImpl.runMethods(PowerMockJUnit44RunnerDelegateImpl.java:160)
	org.powermock.modules.junit4.internal.impl.PowerMockJUnit44RunnerDelegateImpl$1.run(PowerMockJUnit44RunnerDelegateImpl.java:134)
	org.junit.internal.runners.ClassRoadie.runUnprotected(ClassRoadie.java:34)
	org.junit.internal.runners.ClassRoadie.runProtected(ClassRoadie.java:44)
	org.powermock.modules.junit4.internal.impl.PowerMockJUnit44RunnerDelegateImpl.run(PowerMockJUnit44RunnerDelegateImpl.java:136)
	org.powermock.modules.junit4.common.internal.impl.JUnit4TestSuiteChunkerImpl.run(JUnit4TestSuiteChunkerImpl.java:117)
	org.powermock.modules.junit4.common.internal.impl.AbstractCommonPowerMockRunner.run(AbstractCommonPowerMockRunner.java:57)
	org.powermock.modules.junit4.PowerMockRunner.run(PowerMockRunner.java:59)
	org.apache.maven.surefire.junit4.JUnit4Provider.execute(JUnit4Provider.java:365)
	org.apache.maven.surefire.junit4.JUnit4Provider.executeWithRerun(JUnit4Provider.java:290)
	org.apache.maven.surefire.junit4.JUnit4Provider.executeTestSet(JUnit4Provider.java:238)
	org.apache.maven.surefire.junit4.JUnit4Provider.invoke(JUnit4Provider.java:159)
	org.apache.maven.surefire.booter.ForkedBooter.invokeProviderInSameClassLoader(ForkedBooter.java:379)
	org.apache.maven.surefire.booter.ForkedBooter.runSuitesInProcess(ForkedBooter.java:340)
	org.apache.maven.surefire.booter.ForkedBooter.execute(ForkedBooter.java:125)
	org.apache.maven.surefire.booter.ForkedBooter.main(ForkedBooter.java:413)
Created at:
	io.netty.buffer.UnpooledByteBufAllocator.newDirectBuffer(UnpooledByteBufAllocator.java:96)
	io.netty.buffer.AbstractByteBufAllocator.directBuffer(AbstractByteBufAllocator.java:185)
	io.netty.buffer.AbstractByteBufAllocator.directBuffer(AbstractByteBufAllocator.java:176)
	io.netty.buffer.AbstractByteBufAllocator.buffer(AbstractByteBufAllocator.java:113)
	org.apache.bookkeeper.proto.checksum.DigestManager.computeDigestAndPackageForSending(DigestManager.java:103)
	org.apache.bookkeeper.client.ClientUtil.generatePacket(ClientUtil.java:53)
	org.apache.bookkeeper.client.ClientUtil.generatePacket(ClientUtil.java:46)
	org.apache.bookkeeper.bookie.BookieJournalTest.writeV4Journal(BookieJournalTest.java:279)
	org.apache.bookkeeper.bookie.BookieJournalTest.testV4Journal(BookieJournalTest.java:392)
	java.base/jdk.internal.reflect.NativeMethodAccessorImpl.invoke0(Native Method)
	java.base/jdk.internal.reflect.NativeMethodAccessorImpl.invoke(NativeMethodAccessorImpl.java:62)
	java.base/jdk.internal.reflect.DelegatingMethodAccessorImpl.invoke(DelegatingMethodAccessorImpl.java:43)
	java.base/java.lang.reflect.Method.invoke(Method.java:566)
	org.junit.internal.runners.TestMethod.invoke(TestMethod.java:68)
	org.powermock.modules.junit4.internal.impl.PowerMockJUnit44RunnerDelegateImpl$PowerMockJUnit44MethodRunner.runTestMethod(PowerMockJUnit44RunnerDelegateImpl.java:326)
	org.junit.internal.runners.MethodRoadie$2.run(MethodRoadie.java:89)
	org.junit.internal.runners.MethodRoadie.runBeforesThenTestThenAfters(MethodRoadie.java:97)
	org.powermock.modules.junit4.internal.impl.PowerMockJUnit44RunnerDelegateImpl$PowerMockJUnit44MethodRunner.executeTest(PowerMockJUnit44RunnerDelegateImpl.java:310)
	org.powermock.modules.junit4.internal.impl.PowerMockJUnit47RunnerDelegateImpl$PowerMockJUnit47MethodRunner.executeTestInSuper(PowerMockJUnit47RunnerDelegateImpl.java:131)
	org.powermock.modules.junit4.internal.impl.PowerMockJUnit47RunnerDelegateImpl$PowerMockJUnit47MethodRunner.access$100(PowerMockJUnit47RunnerDelegateImpl.java:59)
	org.powermock.modules.junit4.internal.impl.PowerMockJUnit47RunnerDelegateImpl$PowerMockJUnit47MethodRunner$TestExecutorStatement.evaluate(PowerMockJUnit47RunnerDelegateImpl.java:147)
	org.powermock.modules.junit4.internal.impl.PowerMockJUnit47RunnerDelegateImpl$PowerMockJUnit47MethodRunner.evaluateStatement(PowerMockJUnit47RunnerDelegateImpl.java:107)
	org.powermock.modules.junit4.internal.impl.PowerMockJUnit47RunnerDelegateImpl$PowerMockJUnit47MethodRunner.executeTest(PowerMockJUnit47RunnerDelegateImpl.java:82)
	org.powermock.modules.junit4.internal.impl.PowerMockJUnit44RunnerDelegateImpl$PowerMockJUnit44MethodRunner.runBeforesThenTestThenAfters(PowerMockJUnit44RunnerDelegateImpl.java:298)
	org.junit.internal.runners.MethodRoadie.runTest(MethodRoadie.java:87)
	org.junit.internal.runners.MethodRoadie.run(MethodRoadie.java:50)
	org.powermock.modules.junit4.internal.impl.PowerMockJUnit44RunnerDelegateImpl.invokeTestMethod(PowerMockJUnit44RunnerDelegateImpl.java:218)
	org.powermock.modules.junit4.internal.impl.PowerMockJUnit44RunnerDelegateImpl.runMethods(PowerMockJUnit44RunnerDelegateImpl.java:160)
	org.powermock.modules.junit4.internal.impl.PowerMockJUnit44RunnerDelegateImpl$1.run(PowerMockJUnit44RunnerDelegateImpl.java:134)
	org.junit.internal.runners.ClassRoadie.runUnprotected(ClassRoadie.java:34)
	org.junit.internal.runners.ClassRoadie.runProtected(ClassRoadie.java:44)
	org.powermock.modules.junit4.internal.impl.PowerMockJUnit44RunnerDelegateImpl.run(PowerMockJUnit44RunnerDelegateImpl.java:136)
	org.powermock.modules.junit4.common.internal.impl.JUnit4TestSuiteChunkerImpl.run(JUnit4TestSuiteChunkerImpl.java:117)
	org.powermock.modules.junit4.common.internal.impl.AbstractCommonPowerMockRunner.run(AbstractCommonPowerMockRunner.java:57)
	org.powermock.modules.junit4.PowerMockRunner.run(PowerMockRunner.java:59)
	org.apache.maven.surefire.junit4.JUnit4Provider.execute(JUnit4Provider.java:365)
	org.apache.maven.surefire.junit4.JUnit4Provider.executeWithRerun(JUnit4Provider.java:290)
	org.apache.maven.surefire.junit4.JUnit4Provider.executeTestSet(JUnit4Provider.java:238)
	org.apache.maven.surefire.junit4.JUnit4Provider.invoke(JUnit4Provider.java:159)
	org.apache.maven.surefire.booter.ForkedBooter.invokeProviderInSameClassLoader(ForkedBooter.java:379)
	org.apache.maven.surefire.booter.ForkedBooter.runSuitesInProcess(ForkedBooter.java:340)
	org.apache.maven.surefire.booter.ForkedBooter.execute(ForkedBooter.java:125)
	org.apache.maven.surefire.booter.ForkedBooter.main(ForkedBooter.java:413)
: 1 leak records were discarded because the leak record count is targeted to 4. Use system property io.netty.leakDetection.targetRecords to increase the limit.
2020-08-10 23:35:52,986 - ERROR - [main:ResourceLeakDetector@317] - LEAK: ByteBuf.release() was not called before it's garbage-collected. See http://netty.io/wiki/reference-counted-objects.html for more information.
Recent access records: 
#1:
	io.netty.buffer.AdvancedLeakAwareByteBuf.writeLong(AdvancedLeakAwareByteBuf.java:568)
	org.apache.bookkeeper.proto.checksum.CRC32DigestManager.populateValueAndReset(CRC32DigestManager.java:61)
	org.apache.bookkeeper.proto.checksum.DigestManager.computeDigestAndPackageForSending(DigestManager.java:114)
	org.apache.bookkeeper.client.ClientUtil.generatePacket(ClientUtil.java:53)
	org.apache.bookkeeper.client.ClientUtil.generatePacket(ClientUtil.java:46)
	org.apache.bookkeeper.bookie.BookieJournalTest.writePreV2Journal(BookieJournalTest.java:168)
	org.apache.bookkeeper.bookie.BookieJournalTest.testPartialFileInfoPreV3Journal(BookieJournalTest.java:727)
	org.apache.bookkeeper.bookie.BookieJournalTest.testPartialFileInfoPreV3Journal1(BookieJournalTest.java:705)
	java.base/jdk.internal.reflect.NativeMethodAccessorImpl.invoke0(Native Method)
	java.base/jdk.internal.reflect.NativeMethodAccessorImpl.invoke(NativeMethodAccessorImpl.java:62)
	java.base/jdk.internal.reflect.DelegatingMethodAccessorImpl.invoke(DelegatingMethodAccessorImpl.java:43)
	java.base/java.lang.reflect.Method.invoke(Method.java:566)
	org.junit.internal.runners.TestMethod.invoke(TestMethod.java:68)
	org.powermock.modules.junit4.internal.impl.PowerMockJUnit44RunnerDelegateImpl$PowerMockJUnit44MethodRunner.runTestMethod(PowerMockJUnit44RunnerDelegateImpl.java:326)
	org.junit.internal.runners.MethodRoadie$2.run(MethodRoadie.java:89)
	org.junit.internal.runners.MethodRoadie.runBeforesThenTestThenAfters(MethodRoadie.java:97)
	org.powermock.modules.junit4.internal.impl.PowerMockJUnit44RunnerDelegateImpl$PowerMockJUnit44MethodRunner.executeTest(PowerMockJUnit44RunnerDelegateImpl.java:310)
	org.powermock.modules.junit4.internal.impl.PowerMockJUnit47RunnerDelegateImpl$PowerMockJUnit47MethodRunner.executeTestInSuper(PowerMockJUnit47RunnerDelegateImpl.java:131)
	org.powermock.modules.junit4.internal.impl.PowerMockJUnit47RunnerDelegateImpl$PowerMockJUnit47MethodRunner.access$100(PowerMockJUnit47RunnerDelegateImpl.java:59)
	org.powermock.modules.junit4.internal.impl.PowerMockJUnit47RunnerDelegateImpl$PowerMockJUnit47MethodRunner$TestExecutorStatement.evaluate(PowerMockJUnit47RunnerDelegateImpl.java:147)
	org.powermock.modules.junit4.internal.impl.PowerMockJUnit47RunnerDelegateImpl$PowerMockJUnit47MethodRunner.evaluateStatement(PowerMockJUnit47RunnerDelegateImpl.java:107)
	org.powermock.modules.junit4.internal.impl.PowerMockJUnit47RunnerDelegateImpl$PowerMockJUnit47MethodRunner.executeTest(PowerMockJUnit47RunnerDelegateImpl.java:82)
	org.powermock.modules.junit4.internal.impl.PowerMockJUnit44RunnerDelegateImpl$PowerMockJUnit44MethodRunner.runBeforesThenTestThenAfters(PowerMockJUnit44RunnerDelegateImpl.java:298)
	org.junit.internal.runners.MethodRoadie.runTest(MethodRoadie.java:87)
	org.junit.internal.runners.MethodRoadie.run(MethodRoadie.java:50)
	org.powermock.modules.junit4.internal.impl.PowerMockJUnit44RunnerDelegateImpl.invokeTestMethod(PowerMockJUnit44RunnerDelegateImpl.java:218)
	org.powermock.modules.junit4.internal.impl.PowerMockJUnit44RunnerDelegateImpl.runMethods(PowerMockJUnit44RunnerDelegateImpl.java:160)
	org.powermock.modules.junit4.internal.impl.PowerMockJUnit44RunnerDelegateImpl$1.run(PowerMockJUnit44RunnerDelegateImpl.java:134)
	org.junit.internal.runners.ClassRoadie.runUnprotected(ClassRoadie.java:34)
	org.junit.internal.runners.ClassRoadie.runProtected(ClassRoadie.java:44)
	org.powermock.modules.junit4.internal.impl.PowerMockJUnit44RunnerDelegateImpl.run(PowerMockJUnit44RunnerDelegateImpl.java:136)
	org.powermock.modules.junit4.common.internal.impl.JUnit4TestSuiteChunkerImpl.run(JUnit4TestSuiteChunkerImpl.java:117)
	org.powermock.modules.junit4.common.internal.impl.AbstractCommonPowerMockRunner.run(AbstractCommonPowerMockRunner.java:57)
	org.powermock.modules.junit4.PowerMockRunner.run(PowerMockRunner.java:59)
	org.apache.maven.surefire.junit4.JUnit4Provider.execute(JUnit4Provider.java:365)
	org.apache.maven.surefire.junit4.JUnit4Provider.executeWithRerun(JUnit4Provider.java:290)
	org.apache.maven.surefire.junit4.JUnit4Provider.executeTestSet(JUnit4Provider.java:238)
	org.apache.maven.surefire.junit4.JUnit4Provider.invoke(JUnit4Provider.java:159)
	org.apache.maven.surefire.booter.ForkedBooter.invokeProviderInSameClassLoader(ForkedBooter.java:379)
	org.apache.maven.surefire.booter.ForkedBooter.runSuitesInProcess(ForkedBooter.java:340)
	org.apache.maven.surefire.booter.ForkedBooter.execute(ForkedBooter.java:125)
	org.apache.maven.surefire.booter.ForkedBooter.main(ForkedBooter.java:413)
#2:
	io.netty.buffer.AdvancedLeakAwareByteBuf.writeLong(AdvancedLeakAwareByteBuf.java:568)
	org.apache.bookkeeper.proto.checksum.DigestManager.computeDigestAndPackageForSending(DigestManager.java:109)
	org.apache.bookkeeper.client.ClientUtil.generatePacket(ClientUtil.java:53)
	org.apache.bookkeeper.client.ClientUtil.generatePacket(ClientUtil.java:46)
	org.apache.bookkeeper.bookie.BookieJournalTest.writePreV2Journal(BookieJournalTest.java:168)
	org.apache.bookkeeper.bookie.BookieJournalTest.testPartialFileInfoPreV3Journal(BookieJournalTest.java:727)
	org.apache.bookkeeper.bookie.BookieJournalTest.testPartialFileInfoPreV3Journal1(BookieJournalTest.java:705)
	java.base/jdk.internal.reflect.NativeMethodAccessorImpl.invoke0(Native Method)
	java.base/jdk.internal.reflect.NativeMethodAccessorImpl.invoke(NativeMethodAccessorImpl.java:62)
	java.base/jdk.internal.reflect.DelegatingMethodAccessorImpl.invoke(DelegatingMethodAccessorImpl.java:43)
	java.base/java.lang.reflect.Method.invoke(Method.java:566)
	org.junit.internal.runners.TestMethod.invoke(TestMethod.java:68)
	org.powermock.modules.junit4.internal.impl.PowerMockJUnit44RunnerDelegateImpl$PowerMockJUnit44MethodRunner.runTestMethod(PowerMockJUnit44RunnerDelegateImpl.java:326)
	org.junit.internal.runners.MethodRoadie$2.run(MethodRoadie.java:89)
	org.junit.internal.runners.MethodRoadie.runBeforesThenTestThenAfters(MethodRoadie.java:97)
	org.powermock.modules.junit4.internal.impl.PowerMockJUnit44RunnerDelegateImpl$PowerMockJUnit44MethodRunner.executeTest(PowerMockJUnit44RunnerDelegateImpl.java:310)
	org.powermock.modules.junit4.internal.impl.PowerMockJUnit47RunnerDelegateImpl$PowerMockJUnit47MethodRunner.executeTestInSuper(PowerMockJUnit47RunnerDelegateImpl.java:131)
	org.powermock.modules.junit4.internal.impl.PowerMockJUnit47RunnerDelegateImpl$PowerMockJUnit47MethodRunner.access$100(PowerMockJUnit47RunnerDelegateImpl.java:59)
	org.powermock.modules.junit4.internal.impl.PowerMockJUnit47RunnerDelegateImpl$PowerMockJUnit47MethodRunner$TestExecutorStatement.evaluate(PowerMockJUnit47RunnerDelegateImpl.java:147)
	org.powermock.modules.junit4.internal.impl.PowerMockJUnit47RunnerDelegateImpl$PowerMockJUnit47MethodRunner.evaluateStatement(PowerMockJUnit47RunnerDelegateImpl.java:107)
	org.powermock.modules.junit4.internal.impl.PowerMockJUnit47RunnerDelegateImpl$PowerMockJUnit47MethodRunner.executeTest(PowerMockJUnit47RunnerDelegateImpl.java:82)
	org.powermock.modules.junit4.internal.impl.PowerMockJUnit44RunnerDelegateImpl$PowerMockJUnit44MethodRunner.runBeforesThenTestThenAfters(PowerMockJUnit44RunnerDelegateImpl.java:298)
	org.junit.internal.runners.MethodRoadie.runTest(MethodRoadie.java:87)
	org.junit.internal.runners.MethodRoadie.run(MethodRoadie.java:50)
	org.powermock.modules.junit4.internal.impl.PowerMockJUnit44RunnerDelegateImpl.invokeTestMethod(PowerMockJUnit44RunnerDelegateImpl.java:218)
	org.powermock.modules.junit4.internal.impl.PowerMockJUnit44RunnerDelegateImpl.runMethods(PowerMockJUnit44RunnerDelegateImpl.java:160)
	org.powermock.modules.junit4.internal.impl.PowerMockJUnit44RunnerDelegateImpl$1.run(PowerMockJUnit44RunnerDelegateImpl.java:134)
	org.junit.internal.runners.ClassRoadie.runUnprotected(ClassRoadie.java:34)
	org.junit.internal.runners.ClassRoadie.runProtected(ClassRoadie.java:44)
	org.powermock.modules.junit4.internal.impl.PowerMockJUnit44RunnerDelegateImpl.run(PowerMockJUnit44RunnerDelegateImpl.java:136)
	org.powermock.modules.junit4.common.internal.impl.JUnit4TestSuiteChunkerImpl.run(JUnit4TestSuiteChunkerImpl.java:117)
	org.powermock.modules.junit4.common.internal.impl.AbstractCommonPowerMockRunner.run(AbstractCommonPowerMockRunner.java:57)
	org.powermock.modules.junit4.PowerMockRunner.run(PowerMockRunner.java:59)
	org.apache.maven.surefire.junit4.JUnit4Provider.execute(JUnit4Provider.java:365)
	org.apache.maven.surefire.junit4.JUnit4Provider.executeWithRerun(JUnit4Provider.java:290)
	org.apache.maven.surefire.junit4.JUnit4Provider.executeTestSet(JUnit4Provider.java:238)
	org.apache.maven.surefire.junit4.JUnit4Provider.invoke(JUnit4Provider.java:159)
	org.apache.maven.surefire.booter.ForkedBooter.invokeProviderInSameClassLoader(ForkedBooter.java:379)
	org.apache.maven.surefire.booter.ForkedBooter.runSuitesInProcess(ForkedBooter.java:340)
	org.apache.maven.surefire.booter.ForkedBooter.execute(ForkedBooter.java:125)
	org.apache.maven.surefire.booter.ForkedBooter.main(ForkedBooter.java:413)
#3:
	io.netty.buffer.AdvancedLeakAwareByteBuf.writeLong(AdvancedLeakAwareByteBuf.java:568)
	org.apache.bookkeeper.proto.checksum.DigestManager.computeDigestAndPackageForSending(DigestManager.java:108)
	org.apache.bookkeeper.client.ClientUtil.generatePacket(ClientUtil.java:53)
	org.apache.bookkeeper.client.ClientUtil.generatePacket(ClientUtil.java:46)
	org.apache.bookkeeper.bookie.BookieJournalTest.writePreV2Journal(BookieJournalTest.java:168)
	org.apache.bookkeeper.bookie.BookieJournalTest.testPartialFileInfoPreV3Journal(BookieJournalTest.java:727)
	org.apache.bookkeeper.bookie.BookieJournalTest.testPartialFileInfoPreV3Journal1(BookieJournalTest.java:705)
	java.base/jdk.internal.reflect.NativeMethodAccessorImpl.invoke0(Native Method)
	java.base/jdk.internal.reflect.NativeMethodAccessorImpl.invoke(NativeMethodAccessorImpl.java:62)
	java.base/jdk.internal.reflect.DelegatingMethodAccessorImpl.invoke(DelegatingMethodAccessorImpl.java:43)
	java.base/java.lang.reflect.Method.invoke(Method.java:566)
	org.junit.internal.runners.TestMethod.invoke(TestMethod.java:68)
	org.powermock.modules.junit4.internal.impl.PowerMockJUnit44RunnerDelegateImpl$PowerMockJUnit44MethodRunner.runTestMethod(PowerMockJUnit44RunnerDelegateImpl.java:326)
	org.junit.internal.runners.MethodRoadie$2.run(MethodRoadie.java:89)
	org.junit.internal.runners.MethodRoadie.runBeforesThenTestThenAfters(MethodRoadie.java:97)
	org.powermock.modules.junit4.internal.impl.PowerMockJUnit44RunnerDelegateImpl$PowerMockJUnit44MethodRunner.executeTest(PowerMockJUnit44RunnerDelegateImpl.java:310)
	org.powermock.modules.junit4.internal.impl.PowerMockJUnit47RunnerDelegateImpl$PowerMockJUnit47MethodRunner.executeTestInSuper(PowerMockJUnit47RunnerDelegateImpl.java:131)
	org.powermock.modules.junit4.internal.impl.PowerMockJUnit47RunnerDelegateImpl$PowerMockJUnit47MethodRunner.access$100(PowerMockJUnit47RunnerDelegateImpl.java:59)
	org.powermock.modules.junit4.internal.impl.PowerMockJUnit47RunnerDelegateImpl$PowerMockJUnit47MethodRunner$TestExecutorStatement.evaluate(PowerMockJUnit47RunnerDelegateImpl.java:147)
	org.powermock.modules.junit4.internal.impl.PowerMockJUnit47RunnerDelegateImpl$PowerMockJUnit47MethodRunner.evaluateStatement(PowerMockJUnit47RunnerDelegateImpl.java:107)
	org.powermock.modules.junit4.internal.impl.PowerMockJUnit47RunnerDelegateImpl$PowerMockJUnit47MethodRunner.executeTest(PowerMockJUnit47RunnerDelegateImpl.java:82)
	org.powermock.modules.junit4.internal.impl.PowerMockJUnit44RunnerDelegateImpl$PowerMockJUnit44MethodRunner.runBeforesThenTestThenAfters(PowerMockJUnit44RunnerDelegateImpl.java:298)
	org.junit.internal.runners.MethodRoadie.runTest(MethodRoadie.java:87)
	org.junit.internal.runners.MethodRoadie.run(MethodRoadie.java:50)
	org.powermock.modules.junit4.internal.impl.PowerMockJUnit44RunnerDelegateImpl.invokeTestMethod(PowerMockJUnit44RunnerDelegateImpl.java:218)
	org.powermock.modules.junit4.internal.impl.PowerMockJUnit44RunnerDelegateImpl.runMethods(PowerMockJUnit44RunnerDelegateImpl.java:160)
	org.powermock.modules.junit4.internal.impl.PowerMockJUnit44RunnerDelegateImpl$1.run(PowerMockJUnit44RunnerDelegateImpl.java:134)
	org.junit.internal.runners.ClassRoadie.runUnprotected(ClassRoadie.java:34)
	org.junit.internal.runners.ClassRoadie.runProtected(ClassRoadie.java:44)
	org.powermock.modules.junit4.internal.impl.PowerMockJUnit44RunnerDelegateImpl.run(PowerMockJUnit44RunnerDelegateImpl.java:136)
	org.powermock.modules.junit4.common.internal.impl.JUnit4TestSuiteChunkerImpl.run(JUnit4TestSuiteChunkerImpl.java:117)
	org.powermock.modules.junit4.common.internal.impl.AbstractCommonPowerMockRunner.run(AbstractCommonPowerMockRunner.java:57)
	org.powermock.modules.junit4.PowerMockRunner.run(PowerMockRunner.java:59)
	org.apache.maven.surefire.junit4.JUnit4Provider.execute(JUnit4Provider.java:365)
	org.apache.maven.surefire.junit4.JUnit4Provider.executeWithRerun(JUnit4Provider.java:290)
	org.apache.maven.surefire.junit4.JUnit4Provider.executeTestSet(JUnit4Provider.java:238)
	org.apache.maven.surefire.junit4.JUnit4Provider.invoke(JUnit4Provider.java:159)
	org.apache.maven.surefire.booter.ForkedBooter.invokeProviderInSameClassLoader(ForkedBooter.java:379)
	org.apache.maven.surefire.booter.ForkedBooter.runSuitesInProcess(ForkedBooter.java:340)
	org.apache.maven.surefire.booter.ForkedBooter.execute(ForkedBooter.java:125)
	org.apache.maven.surefire.booter.ForkedBooter.main(ForkedBooter.java:413)
#4:
	io.netty.buffer.AdvancedLeakAwareByteBuf.writeLong(AdvancedLeakAwareByteBuf.java:568)
	org.apache.bookkeeper.proto.checksum.DigestManager.computeDigestAndPackageForSending(DigestManager.java:107)
	org.apache.bookkeeper.client.ClientUtil.generatePacket(ClientUtil.java:53)
	org.apache.bookkeeper.client.ClientUtil.generatePacket(ClientUtil.java:46)
	org.apache.bookkeeper.bookie.BookieJournalTest.writePreV2Journal(BookieJournalTest.java:168)
	org.apache.bookkeeper.bookie.BookieJournalTest.testPartialFileInfoPreV3Journal(BookieJournalTest.java:727)
	org.apache.bookkeeper.bookie.BookieJournalTest.testPartialFileInfoPreV3Journal1(BookieJournalTest.java:705)
	java.base/jdk.internal.reflect.NativeMethodAccessorImpl.invoke0(Native Method)
	java.base/jdk.internal.reflect.NativeMethodAccessorImpl.invoke(NativeMethodAccessorImpl.java:62)
	java.base/jdk.internal.reflect.DelegatingMethodAccessorImpl.invoke(DelegatingMethodAccessorImpl.java:43)
	java.base/java.lang.reflect.Method.invoke(Method.java:566)
	org.junit.internal.runners.TestMethod.invoke(TestMethod.java:68)
	org.powermock.modules.junit4.internal.impl.PowerMockJUnit44RunnerDelegateImpl$PowerMockJUnit44MethodRunner.runTestMethod(PowerMockJUnit44RunnerDelegateImpl.java:326)
	org.junit.internal.runners.MethodRoadie$2.run(MethodRoadie.java:89)
	org.junit.internal.runners.MethodRoadie.runBeforesThenTestThenAfters(MethodRoadie.java:97)
	org.powermock.modules.junit4.internal.impl.PowerMockJUnit44RunnerDelegateImpl$PowerMockJUnit44MethodRunner.executeTest(PowerMockJUnit44RunnerDelegateImpl.java:310)
	org.powermock.modules.junit4.internal.impl.PowerMockJUnit47RunnerDelegateImpl$PowerMockJUnit47MethodRunner.executeTestInSuper(PowerMockJUnit47RunnerDelegateImpl.java:131)
	org.powermock.modules.junit4.internal.impl.PowerMockJUnit47RunnerDelegateImpl$PowerMockJUnit47MethodRunner.access$100(PowerMockJUnit47RunnerDelegateImpl.java:59)
	org.powermock.modules.junit4.internal.impl.PowerMockJUnit47RunnerDelegateImpl$PowerMockJUnit47MethodRunner$TestExecutorStatement.evaluate(PowerMockJUnit47RunnerDelegateImpl.java:147)
	org.powermock.modules.junit4.internal.impl.PowerMockJUnit47RunnerDelegateImpl$PowerMockJUnit47MethodRunner.evaluateStatement(PowerMockJUnit47RunnerDelegateImpl.java:107)
	org.powermock.modules.junit4.internal.impl.PowerMockJUnit47RunnerDelegateImpl$PowerMockJUnit47MethodRunner.executeTest(PowerMockJUnit47RunnerDelegateImpl.java:82)
	org.powermock.modules.junit4.internal.impl.PowerMockJUnit44RunnerDelegateImpl$PowerMockJUnit44MethodRunner.runBeforesThenTestThenAfters(PowerMockJUnit44RunnerDelegateImpl.java:298)
	org.junit.internal.runners.MethodRoadie.runTest(MethodRoadie.java:87)
	org.junit.internal.runners.MethodRoadie.run(MethodRoadie.java:50)
	org.powermock.modules.junit4.internal.impl.PowerMockJUnit44RunnerDelegateImpl.invokeTestMethod(PowerMockJUnit44RunnerDelegateImpl.java:218)
	org.powermock.modules.junit4.internal.impl.PowerMockJUnit44RunnerDelegateImpl.runMethods(PowerMockJUnit44RunnerDelegateImpl.java:160)
	org.powermock.modules.junit4.internal.impl.PowerMockJUnit44RunnerDelegateImpl$1.run(PowerMockJUnit44RunnerDelegateImpl.java:134)
	org.junit.internal.runners.ClassRoadie.runUnprotected(ClassRoadie.java:34)
	org.junit.internal.runners.ClassRoadie.runProtected(ClassRoadie.java:44)
	org.powermock.modules.junit4.internal.impl.PowerMockJUnit44RunnerDelegateImpl.run(PowerMockJUnit44RunnerDelegateImpl.java:136)
	org.powermock.modules.junit4.common.internal.impl.JUnit4TestSuiteChunkerImpl.run(JUnit4TestSuiteChunkerImpl.java:117)
	org.powermock.modules.junit4.common.internal.impl.AbstractCommonPowerMockRunner.run(AbstractCommonPowerMockRunner.java:57)
	org.powermock.modules.junit4.PowerMockRunner.run(PowerMockRunner.java:59)
	org.apache.maven.surefire.junit4.JUnit4Provider.execute(JUnit4Provider.java:365)
	org.apache.maven.surefire.junit4.JUnit4Provider.executeWithRerun(JUnit4Provider.java:290)
	org.apache.maven.surefire.junit4.JUnit4Provider.executeTestSet(JUnit4Provider.java:238)
	org.apache.maven.surefire.junit4.JUnit4Provider.invoke(JUnit4Provider.java:159)
	org.apache.maven.surefire.booter.ForkedBooter.invokeProviderInSameClassLoader(ForkedBooter.java:379)
	org.apache.maven.surefire.booter.ForkedBooter.runSuitesInProcess(ForkedBooter.java:340)
	org.apache.maven.surefire.booter.ForkedBooter.execute(ForkedBooter.java:125)
	org.apache.maven.surefire.booter.ForkedBooter.main(ForkedBooter.java:413)
Created at:
	io.netty.buffer.UnpooledByteBufAllocator.newDirectBuffer(UnpooledByteBufAllocator.java:96)
	io.netty.buffer.AbstractByteBufAllocator.directBuffer(AbstractByteBufAllocator.java:185)
	io.netty.buffer.AbstractByteBufAllocator.directBuffer(AbstractByteBufAllocator.java:176)
	io.netty.buffer.AbstractByteBufAllocator.buffer(AbstractByteBufAllocator.java:113)
	org.apache.bookkeeper.proto.checksum.DigestManager.computeDigestAndPackageForSending(DigestManager.java:103)
	org.apache.bookkeeper.client.ClientUtil.generatePacket(ClientUtil.java:53)
	org.apache.bookkeeper.client.ClientUtil.generatePacket(ClientUtil.java:46)
	org.apache.bookkeeper.bookie.BookieJournalTest.writePreV2Journal(BookieJournalTest.java:168)
	org.apache.bookkeeper.bookie.BookieJournalTest.testPartialFileInfoPreV3Journal(BookieJournalTest.java:727)
	org.apache.bookkeeper.bookie.BookieJournalTest.testPartialFileInfoPreV3Journal1(BookieJournalTest.java:705)
	java.base/jdk.internal.reflect.NativeMethodAccessorImpl.invoke0(Native Method)
	java.base/jdk.internal.reflect.NativeMethodAccessorImpl.invoke(NativeMethodAccessorImpl.java:62)
	java.base/jdk.internal.reflect.DelegatingMethodAccessorImpl.invoke(DelegatingMethodAccessorImpl.java:43)
	java.base/java.lang.reflect.Method.invoke(Method.java:566)
	org.junit.internal.runners.TestMethod.invoke(TestMethod.java:68)
	org.powermock.modules.junit4.internal.impl.PowerMockJUnit44RunnerDelegateImpl$PowerMockJUnit44MethodRunner.runTestMethod(PowerMockJUnit44RunnerDelegateImpl.java:326)
	org.junit.internal.runners.MethodRoadie$2.run(MethodRoadie.java:89)
	org.junit.internal.runners.MethodRoadie.runBeforesThenTestThenAfters(MethodRoadie.java:97)
	org.powermock.modules.junit4.internal.impl.PowerMockJUnit44RunnerDelegateImpl$PowerMockJUnit44MethodRunner.executeTest(PowerMockJUnit44RunnerDelegateImpl.java:310)
	org.powermock.modules.junit4.internal.impl.PowerMockJUnit47RunnerDelegateImpl$PowerMockJUnit47MethodRunner.executeTestInSuper(PowerMockJUnit47RunnerDelegateImpl.java:131)
	org.powermock.modules.junit4.internal.impl.PowerMockJUnit47RunnerDelegateImpl$PowerMockJUnit47MethodRunner.access$100(PowerMockJUnit47RunnerDelegateImpl.java:59)
	org.powermock.modules.junit4.internal.impl.PowerMockJUnit47RunnerDelegateImpl$PowerMockJUnit47MethodRunner$TestExecutorStatement.evaluate(PowerMockJUnit47RunnerDelegateImpl.java:147)
	org.powermock.modules.junit4.internal.impl.PowerMockJUnit47RunnerDelegateImpl$PowerMockJUnit47MethodRunner.evaluateStatement(PowerMockJUnit47RunnerDelegateImpl.java:107)
	org.powermock.modules.junit4.internal.impl.PowerMockJUnit47RunnerDelegateImpl$PowerMockJUnit47MethodRunner.executeTest(PowerMockJUnit47RunnerDelegateImpl.java:82)
	org.powermock.modules.junit4.internal.impl.PowerMockJUnit44RunnerDelegateImpl$PowerMockJUnit44MethodRunner.runBeforesThenTestThenAfters(PowerMockJUnit44RunnerDelegateImpl.java:298)
	org.junit.internal.runners.MethodRoadie.runTest(MethodRoadie.java:87)
	org.junit.internal.runners.MethodRoadie.run(MethodRoadie.java:50)
	org.powermock.modules.junit4.internal.impl.PowerMockJUnit44RunnerDelegateImpl.invokeTestMethod(PowerMockJUnit44RunnerDelegateImpl.java:218)
	org.powermock.modules.junit4.internal.impl.PowerMockJUnit44RunnerDelegateImpl.runMethods(PowerMockJUnit44RunnerDelegateImpl.java:160)
	org.powermock.modules.junit4.internal.impl.PowerMockJUnit44RunnerDelegateImpl$1.run(PowerMockJUnit44RunnerDelegateImpl.java:134)
	org.junit.internal.runners.ClassRoadie.runUnprotected(ClassRoadie.java:34)
	org.junit.internal.runners.ClassRoadie.runProtected(ClassRoadie.java:44)
	org.powermock.modules.junit4.internal.impl.PowerMockJUnit44RunnerDelegateImpl.run(PowerMockJUnit44RunnerDelegateImpl.java:136)
	org.powermock.modules.junit4.common.internal.impl.JUnit4TestSuiteChunkerImpl.run(JUnit4TestSuiteChunkerImpl.java:117)
	org.powermock.modules.junit4.common.internal.impl.AbstractCommonPowerMockRunner.run(AbstractCommonPowerMockRunner.java:57)
	org.powermock.modules.junit4.PowerMockRunner.run(PowerMockRunner.java:59)
	org.apache.maven.surefire.junit4.JUnit4Provider.execute(JUnit4Provider.java:365)
	org.apache.maven.surefire.junit4.JUnit4Provider.executeWithRerun(JUnit4Provider.java:290)
	org.apache.maven.surefire.junit4.JUnit4Provider.executeTestSet(JUnit4Provider.java:238)
	org.apache.maven.surefire.junit4.JUnit4Provider.invoke(JUnit4Provider.java:159)
	org.apache.maven.surefire.booter.ForkedBooter.invokeProviderInSameClassLoader(ForkedBooter.java:379)
	org.apache.maven.surefire.booter.ForkedBooter.runSuitesInProcess(ForkedBooter.java:340)
	org.apache.maven.surefire.booter.ForkedBooter.execute(ForkedBooter.java:125)
	org.apache.maven.surefire.booter.ForkedBooter.main(ForkedBooter.java:413)
: 1 leak records were discarded because the leak record count is targeted to 4. Use system property io.netty.leakDetection.targetRecords to increase the limit.
2020-08-10 23:35:52,988 - ERROR - [main:ResourceLeakDetector@317] - LEAK: ByteBuf.release() was not called before it's garbage-collected. See http://netty.io/wiki/reference-counted-objects.html for more information.
Recent access records: 
#1:
	io.netty.buffer.AdvancedLeakAwareByteBuf.writeLong(AdvancedLeakAwareByteBuf.java:568)
	org.apache.bookkeeper.proto.checksum.CRC32DigestManager.populateValueAndReset(CRC32DigestManager.java:61)
	org.apache.bookkeeper.proto.checksum.DigestManager.computeDigestAndPackageForSending(DigestManager.java:114)
	org.apache.bookkeeper.client.ClientUtil.generatePacket(ClientUtil.java:53)
	org.apache.bookkeeper.client.ClientUtil.generatePacket(ClientUtil.java:46)
	org.apache.bookkeeper.bookie.BookieJournalTest.writeV2Journal(BookieJournalTest.java:212)
	org.apache.bookkeeper.bookie.BookieJournalTest.testSortedLedgerStorageReplayWithSmallMaxArenaSize(BookieJournalTest.java:679)
	java.base/jdk.internal.reflect.NativeMethodAccessorImpl.invoke0(Native Method)
	java.base/jdk.internal.reflect.NativeMethodAccessorImpl.invoke(NativeMethodAccessorImpl.java:62)
	java.base/jdk.internal.reflect.DelegatingMethodAccessorImpl.invoke(DelegatingMethodAccessorImpl.java:43)
	java.base/java.lang.reflect.Method.invoke(Method.java:566)
	org.junit.internal.runners.TestMethod.invoke(TestMethod.java:68)
	org.powermock.modules.junit4.internal.impl.PowerMockJUnit44RunnerDelegateImpl$PowerMockJUnit44MethodRunner.runTestMethod(PowerMockJUnit44RunnerDelegateImpl.java:326)
	org.junit.internal.runners.MethodRoadie$2.run(MethodRoadie.java:89)
	org.junit.internal.runners.MethodRoadie.runBeforesThenTestThenAfters(MethodRoadie.java:97)
	org.powermock.modules.junit4.internal.impl.PowerMockJUnit44RunnerDelegateImpl$PowerMockJUnit44MethodRunner.executeTest(PowerMockJUnit44RunnerDelegateImpl.java:310)
	org.powermock.modules.junit4.internal.impl.PowerMockJUnit47RunnerDelegateImpl$PowerMockJUnit47MethodRunner.executeTestInSuper(PowerMockJUnit47RunnerDelegateImpl.java:131)
	org.powermock.modules.junit4.internal.impl.PowerMockJUnit47RunnerDelegateImpl$PowerMockJUnit47MethodRunner.access$100(PowerMockJUnit47RunnerDelegateImpl.java:59)
	org.powermock.modules.junit4.internal.impl.PowerMockJUnit47RunnerDelegateImpl$PowerMockJUnit47MethodRunner$TestExecutorStatement.evaluate(PowerMockJUnit47RunnerDelegateImpl.java:147)
	org.powermock.modules.junit4.internal.impl.PowerMockJUnit47RunnerDelegateImpl$PowerMockJUnit47MethodRunner.evaluateStatement(PowerMockJUnit47RunnerDelegateImpl.java:107)
	org.powermock.modules.junit4.internal.impl.PowerMockJUnit47RunnerDelegateImpl$PowerMockJUnit47MethodRunner.executeTest(PowerMockJUnit47RunnerDelegateImpl.java:82)
	org.powermock.modules.junit4.internal.impl.PowerMockJUnit44RunnerDelegateImpl$PowerMockJUnit44MethodRunner.runBeforesThenTestThenAfters(PowerMockJUnit44RunnerDelegateImpl.java:298)
	org.junit.internal.runners.MethodRoadie.runTest(MethodRoadie.java:87)
	org.junit.internal.runners.MethodRoadie.run(MethodRoadie.java:50)
	org.powermock.modules.junit4.internal.impl.PowerMockJUnit44RunnerDelegateImpl.invokeTestMethod(PowerMockJUnit44RunnerDelegateImpl.java:218)
	org.powermock.modules.junit4.internal.impl.PowerMockJUnit44RunnerDelegateImpl.runMethods(PowerMockJUnit44RunnerDelegateImpl.java:160)
	org.powermock.modules.junit4.internal.impl.PowerMockJUnit44RunnerDelegateImpl$1.run(PowerMockJUnit44RunnerDelegateImpl.java:134)
	org.junit.internal.runners.ClassRoadie.runUnprotected(ClassRoadie.java:34)
	org.junit.internal.runners.ClassRoadie.runProtected(ClassRoadie.java:44)
	org.powermock.modules.junit4.internal.impl.PowerMockJUnit44RunnerDelegateImpl.run(PowerMockJUnit44RunnerDelegateImpl.java:136)
	org.powermock.modules.junit4.common.internal.impl.JUnit4TestSuiteChunkerImpl.run(JUnit4TestSuiteChunkerImpl.java:117)
	org.powermock.modules.junit4.common.internal.impl.AbstractCommonPowerMockRunner.run(AbstractCommonPowerMockRunner.java:57)
	org.powermock.modules.junit4.PowerMockRunner.run(PowerMockRunner.java:59)
	org.apache.maven.surefire.junit4.JUnit4Provider.execute(JUnit4Provider.java:365)
	org.apache.maven.surefire.junit4.JUnit4Provider.executeWithRerun(JUnit4Provider.java:290)
	org.apache.maven.surefire.junit4.JUnit4Provider.executeTestSet(JUnit4Provider.java:238)
	org.apache.maven.surefire.junit4.JUnit4Provider.invoke(JUnit4Provider.java:159)
	org.apache.maven.surefire.booter.ForkedBooter.invokeProviderInSameClassLoader(ForkedBooter.java:379)
	org.apache.maven.surefire.booter.ForkedBooter.runSuitesInProcess(ForkedBooter.java:340)
	org.apache.maven.surefire.booter.ForkedBooter.execute(ForkedBooter.java:125)
	org.apache.maven.surefire.booter.ForkedBooter.main(ForkedBooter.java:413)
#2:
	io.netty.buffer.AdvancedLeakAwareByteBuf.writeLong(AdvancedLeakAwareByteBuf.java:568)
	org.apache.bookkeeper.proto.checksum.DigestManager.computeDigestAndPackageForSending(DigestManager.java:110)
	org.apache.bookkeeper.client.ClientUtil.generatePacket(ClientUtil.java:53)
	org.apache.bookkeeper.client.ClientUtil.generatePacket(ClientUtil.java:46)
	org.apache.bookkeeper.bookie.BookieJournalTest.writeV2Journal(BookieJournalTest.java:212)
	org.apache.bookkeeper.bookie.BookieJournalTest.testSortedLedgerStorageReplayWithSmallMaxArenaSize(BookieJournalTest.java:679)
	java.base/jdk.internal.reflect.NativeMethodAccessorImpl.invoke0(Native Method)
	java.base/jdk.internal.reflect.NativeMethodAccessorImpl.invoke(NativeMethodAccessorImpl.java:62)
	java.base/jdk.internal.reflect.DelegatingMethodAccessorImpl.invoke(DelegatingMethodAccessorImpl.java:43)
	java.base/java.lang.reflect.Method.invoke(Method.java:566)
	org.junit.internal.runners.TestMethod.invoke(TestMethod.java:68)
	org.powermock.modules.junit4.internal.impl.PowerMockJUnit44RunnerDelegateImpl$PowerMockJUnit44MethodRunner.runTestMethod(PowerMockJUnit44RunnerDelegateImpl.java:326)
	org.junit.internal.runners.MethodRoadie$2.run(MethodRoadie.java:89)
	org.junit.internal.runners.MethodRoadie.runBeforesThenTestThenAfters(MethodRoadie.java:97)
	org.powermock.modules.junit4.internal.impl.PowerMockJUnit44RunnerDelegateImpl$PowerMockJUnit44MethodRunner.executeTest(PowerMockJUnit44RunnerDelegateImpl.java:310)
	org.powermock.modules.junit4.internal.impl.PowerMockJUnit47RunnerDelegateImpl$PowerMockJUnit47MethodRunner.executeTestInSuper(PowerMockJUnit47RunnerDelegateImpl.java:131)
	org.powermock.modules.junit4.internal.impl.PowerMockJUnit47RunnerDelegateImpl$PowerMockJUnit47MethodRunner.access$100(PowerMockJUnit47RunnerDelegateImpl.java:59)
	org.powermock.modules.junit4.internal.impl.PowerMockJUnit47RunnerDelegateImpl$PowerMockJUnit47MethodRunner$TestExecutorStatement.evaluate(PowerMockJUnit47RunnerDelegateImpl.java:147)
	org.powermock.modules.junit4.internal.impl.PowerMockJUnit47RunnerDelegateImpl$PowerMockJUnit47MethodRunner.evaluateStatement(PowerMockJUnit47RunnerDelegateImpl.java:107)
	org.powermock.modules.junit4.internal.impl.PowerMockJUnit47RunnerDelegateImpl$PowerMockJUnit47MethodRunner.executeTest(PowerMockJUnit47RunnerDelegateImpl.java:82)
	org.powermock.modules.junit4.internal.impl.PowerMockJUnit44RunnerDelegateImpl$PowerMockJUnit44MethodRunner.runBeforesThenTestThenAfters(PowerMockJUnit44RunnerDelegateImpl.java:298)
	org.junit.internal.runners.MethodRoadie.runTest(MethodRoadie.java:87)
	org.junit.internal.runners.MethodRoadie.run(MethodRoadie.java:50)
	org.powermock.modules.junit4.internal.impl.PowerMockJUnit44RunnerDelegateImpl.invokeTestMethod(PowerMockJUnit44RunnerDelegateImpl.java:218)
	org.powermock.modules.junit4.internal.impl.PowerMockJUnit44RunnerDelegateImpl.runMethods(PowerMockJUnit44RunnerDelegateImpl.java:160)
	org.powermock.modules.junit4.internal.impl.PowerMockJUnit44RunnerDelegateImpl$1.run(PowerMockJUnit44RunnerDelegateImpl.java:134)
	org.junit.internal.runners.ClassRoadie.runUnprotected(ClassRoadie.java:34)
	org.junit.internal.runners.ClassRoadie.runProtected(ClassRoadie.java:44)
	org.powermock.modules.junit4.internal.impl.PowerMockJUnit44RunnerDelegateImpl.run(PowerMockJUnit44RunnerDelegateImpl.java:136)
	org.powermock.modules.junit4.common.internal.impl.JUnit4TestSuiteChunkerImpl.run(JUnit4TestSuiteChunkerImpl.java:117)
	org.powermock.modules.junit4.common.internal.impl.AbstractCommonPowerMockRunner.run(AbstractCommonPowerMockRunner.java:57)
	org.powermock.modules.junit4.PowerMockRunner.run(PowerMockRunner.java:59)
	org.apache.maven.surefire.junit4.JUnit4Provider.execute(JUnit4Provider.java:365)
	org.apache.maven.surefire.junit4.JUnit4Provider.executeWithRerun(JUnit4Provider.java:290)
	org.apache.maven.surefire.junit4.JUnit4Provider.executeTestSet(JUnit4Provider.java:238)
	org.apache.maven.surefire.junit4.JUnit4Provider.invoke(JUnit4Provider.java:159)
	org.apache.maven.surefire.booter.ForkedBooter.invokeProviderInSameClassLoader(ForkedBooter.java:379)
	org.apache.maven.surefire.booter.ForkedBooter.runSuitesInProcess(ForkedBooter.java:340)
	org.apache.maven.surefire.booter.ForkedBooter.execute(ForkedBooter.java:125)
	org.apache.maven.surefire.booter.ForkedBooter.main(ForkedBooter.java:413)
#3:
	io.netty.buffer.AdvancedLeakAwareByteBuf.writeLong(AdvancedLeakAwareByteBuf.java:568)
	org.apache.bookkeeper.proto.checksum.DigestManager.computeDigestAndPackageForSending(DigestManager.java:109)
	org.apache.bookkeeper.client.ClientUtil.generatePacket(ClientUtil.java:53)
	org.apache.bookkeeper.client.ClientUtil.generatePacket(ClientUtil.java:46)
	org.apache.bookkeeper.bookie.BookieJournalTest.writeV2Journal(BookieJournalTest.java:212)
	org.apache.bookkeeper.bookie.BookieJournalTest.testSortedLedgerStorageReplayWithSmallMaxArenaSize(BookieJournalTest.java:679)
	java.base/jdk.internal.reflect.NativeMethodAccessorImpl.invoke0(Native Method)
	java.base/jdk.internal.reflect.NativeMethodAccessorImpl.invoke(NativeMethodAccessorImpl.java:62)
	java.base/jdk.internal.reflect.DelegatingMethodAccessorImpl.invoke(DelegatingMethodAccessorImpl.java:43)
	java.base/java.lang.reflect.Method.invoke(Method.java:566)
	org.junit.internal.runners.TestMethod.invoke(TestMethod.java:68)
	org.powermock.modules.junit4.internal.impl.PowerMockJUnit44RunnerDelegateImpl$PowerMockJUnit44MethodRunner.runTestMethod(PowerMockJUnit44RunnerDelegateImpl.java:326)
	org.junit.internal.runners.MethodRoadie$2.run(MethodRoadie.java:89)
	org.junit.internal.runners.MethodRoadie.runBeforesThenTestThenAfters(MethodRoadie.java:97)
	org.powermock.modules.junit4.internal.impl.PowerMockJUnit44RunnerDelegateImpl$PowerMockJUnit44MethodRunner.executeTest(PowerMockJUnit44RunnerDelegateImpl.java:310)
	org.powermock.modules.junit4.internal.impl.PowerMockJUnit47RunnerDelegateImpl$PowerMockJUnit47MethodRunner.executeTestInSuper(PowerMockJUnit47RunnerDelegateImpl.java:131)
	org.powermock.modules.junit4.internal.impl.PowerMockJUnit47RunnerDelegateImpl$PowerMockJUnit47MethodRunner.access$100(PowerMockJUnit47RunnerDelegateImpl.java:59)
	org.powermock.modules.junit4.internal.impl.PowerMockJUnit47RunnerDelegateImpl$PowerMockJUnit47MethodRunner$TestExecutorStatement.evaluate(PowerMockJUnit47RunnerDelegateImpl.java:147)
	org.powermock.modules.junit4.internal.impl.PowerMockJUnit47RunnerDelegateImpl$PowerMockJUnit47MethodRunner.evaluateStatement(PowerMockJUnit47RunnerDelegateImpl.java:107)
	org.powermock.modules.junit4.internal.impl.PowerMockJUnit47RunnerDelegateImpl$PowerMockJUnit47MethodRunner.executeTest(PowerMockJUnit47RunnerDelegateImpl.java:82)
	org.powermock.modules.junit4.internal.impl.PowerMockJUnit44RunnerDelegateImpl$PowerMockJUnit44MethodRunner.runBeforesThenTestThenAfters(PowerMockJUnit44RunnerDelegateImpl.java:298)
	org.junit.internal.runners.MethodRoadie.runTest(MethodRoadie.java:87)
	org.junit.internal.runners.MethodRoadie.run(MethodRoadie.java:50)
	org.powermock.modules.junit4.internal.impl.PowerMockJUnit44RunnerDelegateImpl.invokeTestMethod(PowerMockJUnit44RunnerDelegateImpl.java:218)
	org.powermock.modules.junit4.internal.impl.PowerMockJUnit44RunnerDelegateImpl.runMethods(PowerMockJUnit44RunnerDelegateImpl.java:160)
	org.powermock.modules.junit4.internal.impl.PowerMockJUnit44RunnerDelegateImpl$1.run(PowerMockJUnit44RunnerDelegateImpl.java:134)
	org.junit.internal.runners.ClassRoadie.runUnprotected(ClassRoadie.java:34)
	org.junit.internal.runners.ClassRoadie.runProtected(ClassRoadie.java:44)
	org.powermock.modules.junit4.internal.impl.PowerMockJUnit44RunnerDelegateImpl.run(PowerMockJUnit44RunnerDelegateImpl.java:136)
	org.powermock.modules.junit4.common.internal.impl.JUnit4TestSuiteChunkerImpl.run(JUnit4TestSuiteChunkerImpl.java:117)
	org.powermock.modules.junit4.common.internal.impl.AbstractCommonPowerMockRunner.run(AbstractCommonPowerMockRunner.java:57)
	org.powermock.modules.junit4.PowerMockRunner.run(PowerMockRunner.java:59)
	org.apache.maven.surefire.junit4.JUnit4Provider.execute(JUnit4Provider.java:365)
	org.apache.maven.surefire.junit4.JUnit4Provider.executeWithRerun(JUnit4Provider.java:290)
	org.apache.maven.surefire.junit4.JUnit4Provider.executeTestSet(JUnit4Provider.java:238)
	org.apache.maven.surefire.junit4.JUnit4Provider.invoke(JUnit4Provider.java:159)
	org.apache.maven.surefire.booter.ForkedBooter.invokeProviderInSameClassLoader(ForkedBooter.java:379)
	org.apache.maven.surefire.booter.ForkedBooter.runSuitesInProcess(ForkedBooter.java:340)
	org.apache.maven.surefire.booter.ForkedBooter.execute(ForkedBooter.java:125)
	org.apache.maven.surefire.booter.ForkedBooter.main(ForkedBooter.java:413)
#4:
	io.netty.buffer.AdvancedLeakAwareByteBuf.writeLong(AdvancedLeakAwareByteBuf.java:568)
	org.apache.bookkeeper.proto.checksum.DigestManager.computeDigestAndPackageForSending(DigestManager.java:108)
	org.apache.bookkeeper.client.ClientUtil.generatePacket(ClientUtil.java:53)
	org.apache.bookkeeper.client.ClientUtil.generatePacket(ClientUtil.java:46)
	org.apache.bookkeeper.bookie.BookieJournalTest.writeV2Journal(BookieJournalTest.java:212)
	org.apache.bookkeeper.bookie.BookieJournalTest.testSortedLedgerStorageReplayWithSmallMaxArenaSize(BookieJournalTest.java:679)
	java.base/jdk.internal.reflect.NativeMethodAccessorImpl.invoke0(Native Method)
	java.base/jdk.internal.reflect.NativeMethodAccessorImpl.invoke(NativeMethodAccessorImpl.java:62)
	java.base/jdk.internal.reflect.DelegatingMethodAccessorImpl.invoke(DelegatingMethodAccessorImpl.java:43)
	java.base/java.lang.reflect.Method.invoke(Method.java:566)
	org.junit.internal.runners.TestMethod.invoke(TestMethod.java:68)
	org.powermock.modules.junit4.internal.impl.PowerMockJUnit44RunnerDelegateImpl$PowerMockJUnit44MethodRunner.runTestMethod(PowerMockJUnit44RunnerDelegateImpl.java:326)
	org.junit.internal.runners.MethodRoadie$2.run(MethodRoadie.java:89)
	org.junit.internal.runners.MethodRoadie.runBeforesThenTestThenAfters(MethodRoadie.java:97)
	org.powermock.modules.junit4.internal.impl.PowerMockJUnit44RunnerDelegateImpl$PowerMockJUnit44MethodRunner.executeTest(PowerMockJUnit44RunnerDelegateImpl.java:310)
	org.powermock.modules.junit4.internal.impl.PowerMockJUnit47RunnerDelegateImpl$PowerMockJUnit47MethodRunner.executeTestInSuper(PowerMockJUnit47RunnerDelegateImpl.java:131)
	org.powermock.modules.junit4.internal.impl.PowerMockJUnit47RunnerDelegateImpl$PowerMockJUnit47MethodRunner.access$100(PowerMockJUnit47RunnerDelegateImpl.java:59)
	org.powermock.modules.junit4.internal.impl.PowerMockJUnit47RunnerDelegateImpl$PowerMockJUnit47MethodRunner$TestExecutorStatement.evaluate(PowerMockJUnit47RunnerDelegateImpl.java:147)
	org.powermock.modules.junit4.internal.impl.PowerMockJUnit47RunnerDelegateImpl$PowerMockJUnit47MethodRunner.evaluateStatement(PowerMockJUnit47RunnerDelegateImpl.java:107)
	org.powermock.modules.junit4.internal.impl.PowerMockJUnit47RunnerDelegateImpl$PowerMockJUnit47MethodRunner.executeTest(PowerMockJUnit47RunnerDelegateImpl.java:82)
	org.powermock.modules.junit4.internal.impl.PowerMockJUnit44RunnerDelegateImpl$PowerMockJUnit44MethodRunner.runBeforesThenTestThenAfters(PowerMockJUnit44RunnerDelegateImpl.java:298)
	org.junit.internal.runners.MethodRoadie.runTest(MethodRoadie.java:87)
	org.junit.internal.runners.MethodRoadie.run(MethodRoadie.java:50)
	org.powermock.modules.junit4.internal.impl.PowerMockJUnit44RunnerDelegateImpl.invokeTestMethod(PowerMockJUnit44RunnerDelegateImpl.java:218)
	org.powermock.modules.junit4.internal.impl.PowerMockJUnit44RunnerDelegateImpl.runMethods(PowerMockJUnit44RunnerDelegateImpl.java:160)
	org.powermock.modules.junit4.internal.impl.PowerMockJUnit44RunnerDelegateImpl$1.run(PowerMockJUnit44RunnerDelegateImpl.java:134)
	org.junit.internal.runners.ClassRoadie.runUnprotected(ClassRoadie.java:34)
	org.junit.internal.runners.ClassRoadie.runProtected(ClassRoadie.java:44)
	org.powermock.modules.junit4.internal.impl.PowerMockJUnit44RunnerDelegateImpl.run(PowerMockJUnit44RunnerDelegateImpl.java:136)
	org.powermock.modules.junit4.common.internal.impl.JUnit4TestSuiteChunkerImpl.run(JUnit4TestSuiteChunkerImpl.java:117)
	org.powermock.modules.junit4.common.internal.impl.AbstractCommonPowerMockRunner.run(AbstractCommonPowerMockRunner.java:57)
	org.powermock.modules.junit4.PowerMockRunner.run(PowerMockRunner.java:59)
	org.apache.maven.surefire.junit4.JUnit4Provider.execute(JUnit4Provider.java:365)
	org.apache.maven.surefire.junit4.JUnit4Provider.executeWithRerun(JUnit4Provider.java:290)
	org.apache.maven.surefire.junit4.JUnit4Provider.executeTestSet(JUnit4Provider.java:238)
	org.apache.maven.surefire.junit4.JUnit4Provider.invoke(JUnit4Provider.java:159)
	org.apache.maven.surefire.booter.ForkedBooter.invokeProviderInSameClassLoader(ForkedBooter.java:379)
	org.apache.maven.surefire.booter.ForkedBooter.runSuitesInProcess(ForkedBooter.java:340)
	org.apache.maven.surefire.booter.ForkedBooter.execute(ForkedBooter.java:125)
	org.apache.maven.surefire.booter.ForkedBooter.main(ForkedBooter.java:413)
#5:
	io.netty.buffer.AdvancedLeakAwareByteBuf.writeLong(AdvancedLeakAwareByteBuf.java:568)
	org.apache.bookkeeper.proto.checksum.DigestManager.computeDigestAndPackageForSending(DigestManager.java:107)
	org.apache.bookkeeper.client.ClientUtil.generatePacket(ClientUtil.java:53)
	org.apache.bookkeeper.client.ClientUtil.generatePacket(ClientUtil.java:46)
	org.apache.bookkeeper.bookie.BookieJournalTest.writeV2Journal(BookieJournalTest.java:212)
	org.apache.bookkeeper.bookie.BookieJournalTest.testSortedLedgerStorageReplayWithSmallMaxArenaSize(BookieJournalTest.java:679)
	java.base/jdk.internal.reflect.NativeMethodAccessorImpl.invoke0(Native Method)
	java.base/jdk.internal.reflect.NativeMethodAccessorImpl.invoke(NativeMethodAccessorImpl.java:62)
	java.base/jdk.internal.reflect.DelegatingMethodAccessorImpl.invoke(DelegatingMethodAccessorImpl.java:43)
	java.base/java.lang.reflect.Method.invoke(Method.java:566)
	org.junit.internal.runners.TestMethod.invoke(TestMethod.java:68)
	org.powermock.modules.junit4.internal.impl.PowerMockJUnit44RunnerDelegateImpl$PowerMockJUnit44MethodRunner.runTestMethod(PowerMockJUnit44RunnerDelegateImpl.java:326)
	org.junit.internal.runners.MethodRoadie$2.run(MethodRoadie.java:89)
	org.junit.internal.runners.MethodRoadie.runBeforesThenTestThenAfters(MethodRoadie.java:97)
	org.powermock.modules.junit4.internal.impl.PowerMockJUnit44RunnerDelegateImpl$PowerMockJUnit44MethodRunner.executeTest(PowerMockJUnit44RunnerDelegateImpl.java:310)
	org.powermock.modules.junit4.internal.impl.PowerMockJUnit47RunnerDelegateImpl$PowerMockJUnit47MethodRunner.executeTestInSuper(PowerMockJUnit47RunnerDelegateImpl.java:131)
	org.powermock.modules.junit4.internal.impl.PowerMockJUnit47RunnerDelegateImpl$PowerMockJUnit47MethodRunner.access$100(PowerMockJUnit47RunnerDelegateImpl.java:59)
	org.powermock.modules.junit4.internal.impl.PowerMockJUnit47RunnerDelegateImpl$PowerMockJUnit47MethodRunner$TestExecutorStatement.evaluate(PowerMockJUnit47RunnerDelegateImpl.java:147)
	org.powermock.modules.junit4.internal.impl.PowerMockJUnit47RunnerDelegateImpl$PowerMockJUnit47MethodRunner.evaluateStatement(PowerMockJUnit47RunnerDelegateImpl.java:107)
	org.powermock.modules.junit4.internal.impl.PowerMockJUnit47RunnerDelegateImpl$PowerMockJUnit47MethodRunner.executeTest(PowerMockJUnit47RunnerDelegateImpl.java:82)
	org.powermock.modules.junit4.internal.impl.PowerMockJUnit44RunnerDelegateImpl$PowerMockJUnit44MethodRunner.runBeforesThenTestThenAfters(PowerMockJUnit44RunnerDelegateImpl.java:298)
	org.junit.internal.runners.MethodRoadie.runTest(MethodRoadie.java:87)
	org.junit.internal.runners.MethodRoadie.run(MethodRoadie.java:50)
	org.powermock.modules.junit4.internal.impl.PowerMockJUnit44RunnerDelegateImpl.invokeTestMethod(PowerMockJUnit44RunnerDelegateImpl.java:218)
	org.powermock.modules.junit4.internal.impl.PowerMockJUnit44RunnerDelegateImpl.runMethods(PowerMockJUnit44RunnerDelegateImpl.java:160)
	org.powermock.modules.junit4.internal.impl.PowerMockJUnit44RunnerDelegateImpl$1.run(PowerMockJUnit44RunnerDelegateImpl.java:134)
	org.junit.internal.runners.ClassRoadie.runUnprotected(ClassRoadie.java:34)
	org.junit.internal.runners.ClassRoadie.runProtected(ClassRoadie.java:44)
	org.powermock.modules.junit4.internal.impl.PowerMockJUnit44RunnerDelegateImpl.run(PowerMockJUnit44RunnerDelegateImpl.java:136)
	org.powermock.modules.junit4.common.internal.impl.JUnit4TestSuiteChunkerImpl.run(JUnit4TestSuiteChunkerImpl.java:117)
	org.powermock.modules.junit4.common.internal.impl.AbstractCommonPowerMockRunner.run(AbstractCommonPowerMockRunner.java:57)
	org.powermock.modules.junit4.PowerMockRunner.run(PowerMockRunner.java:59)
	org.apache.maven.surefire.junit4.JUnit4Provider.execute(JUnit4Provider.java:365)
	org.apache.maven.surefire.junit4.JUnit4Provider.executeWithRerun(JUnit4Provider.java:290)
	org.apache.maven.surefire.junit4.JUnit4Provider.executeTestSet(JUnit4Provider.java:238)
	org.apache.maven.surefire.junit4.JUnit4Provider.invoke(JUnit4Provider.java:159)
	org.apache.maven.surefire.booter.ForkedBooter.invokeProviderInSameClassLoader(ForkedBooter.java:379)
	org.apache.maven.surefire.booter.ForkedBooter.runSuitesInProcess(ForkedBooter.java:340)
	org.apache.maven.surefire.booter.ForkedBooter.execute(ForkedBooter.java:125)
	org.apache.maven.surefire.booter.ForkedBooter.main(ForkedBooter.java:413)
Created at:
	io.netty.buffer.UnpooledByteBufAllocator.newDirectBuffer(UnpooledByteBufAllocator.java:96)
	io.netty.buffer.AbstractByteBufAllocator.directBuffer(AbstractByteBufAllocator.java:185)
	io.netty.buffer.AbstractByteBufAllocator.directBuffer(AbstractByteBufAllocator.java:176)
	io.netty.buffer.AbstractByteBufAllocator.buffer(AbstractByteBufAllocator.java:113)
	org.apache.bookkeeper.proto.checksum.DigestManager.computeDigestAndPackageForSending(DigestManager.java:103)
	org.apache.bookkeeper.client.ClientUtil.generatePacket(ClientUtil.java:53)
	org.apache.bookkeeper.client.ClientUtil.generatePacket(ClientUtil.java:46)
	org.apache.bookkeeper.bookie.BookieJournalTest.writeV2Journal(BookieJournalTest.java:212)
	org.apache.bookkeeper.bookie.BookieJournalTest.testSortedLedgerStorageReplayWithSmallMaxArenaSize(BookieJournalTest.java:679)
	java.base/jdk.internal.reflect.NativeMethodAccessorImpl.invoke0(Native Method)
	java.base/jdk.internal.reflect.NativeMethodAccessorImpl.invoke(NativeMethodAccessorImpl.java:62)
	java.base/jdk.internal.reflect.DelegatingMethodAccessorImpl.invoke(DelegatingMethodAccessorImpl.java:43)
	java.base/java.lang.reflect.Method.invoke(Method.java:566)
	org.junit.internal.runners.TestMethod.invoke(TestMethod.java:68)
	org.powermock.modules.junit4.internal.impl.PowerMockJUnit44RunnerDelegateImpl$PowerMockJUnit44MethodRunner.runTestMethod(PowerMockJUnit44RunnerDelegateImpl.java:326)
	org.junit.internal.runners.MethodRoadie$2.run(MethodRoadie.java:89)
	org.junit.internal.runners.MethodRoadie.runBeforesThenTestThenAfters(MethodRoadie.java:97)
	org.powermock.modules.junit4.internal.impl.PowerMockJUnit44RunnerDelegateImpl$PowerMockJUnit44MethodRunner.executeTest(PowerMockJUnit44RunnerDelegateImpl.java:310)
	org.powermock.modules.junit4.internal.impl.PowerMockJUnit47RunnerDelegateImpl$PowerMockJUnit47MethodRunner.executeTestInSuper(PowerMockJUnit47RunnerDelegateImpl.java:131)
	org.powermock.modules.junit4.internal.impl.PowerMockJUnit47RunnerDelegateImpl$PowerMockJUnit47MethodRunner.access$100(PowerMockJUnit47RunnerDelegateImpl.java:59)
	org.powermock.modules.junit4.internal.impl.PowerMockJUnit47RunnerDelegateImpl$PowerMockJUnit47MethodRunner$TestExecutorStatement.evaluate(PowerMockJUnit47RunnerDelegateImpl.java:147)
	org.powermock.modules.junit4.internal.impl.PowerMockJUnit47RunnerDelegateImpl$PowerMockJUnit47MethodRunner.evaluateStatement(PowerMockJUnit47RunnerDelegateImpl.java:107)
	org.powermock.modules.junit4.internal.impl.PowerMockJUnit47RunnerDelegateImpl$PowerMockJUnit47MethodRunner.executeTest(PowerMockJUnit47RunnerDelegateImpl.java:82)
	org.powermock.modules.junit4.internal.impl.PowerMockJUnit44RunnerDelegateImpl$PowerMockJUnit44MethodRunner.runBeforesThenTestThenAfters(PowerMockJUnit44RunnerDelegateImpl.java:298)
	org.junit.internal.runners.MethodRoadie.runTest(MethodRoadie.java:87)
	org.junit.internal.runners.MethodRoadie.run(MethodRoadie.java:50)
	org.powermock.modules.junit4.internal.impl.PowerMockJUnit44RunnerDelegateImpl.invokeTestMethod(PowerMockJUnit44RunnerDelegateImpl.java:218)
	org.powermock.modules.junit4.internal.impl.PowerMockJUnit44RunnerDelegateImpl.runMethods(PowerMockJUnit44RunnerDelegateImpl.java:160)
	org.powermock.modules.junit4.internal.impl.PowerMockJUnit44RunnerDelegateImpl$1.run(PowerMockJUnit44RunnerDelegateImpl.java:134)
	org.junit.internal.runners.ClassRoadie.runUnprotected(ClassRoadie.java:34)
	org.junit.internal.runners.ClassRoadie.runProtected(ClassRoadie.java:44)
	org.powermock.modules.junit4.internal.impl.PowerMockJUnit44RunnerDelegateImpl.run(PowerMockJUnit44RunnerDelegateImpl.java:136)
	org.powermock.modules.junit4.common.internal.impl.JUnit4TestSuiteChunkerImpl.run(JUnit4TestSuiteChunkerImpl.java:117)
	org.powermock.modules.junit4.common.internal.impl.AbstractCommonPowerMockRunner.run(AbstractCommonPowerMockRunner.java:57)
	org.powermock.modules.junit4.PowerMockRunner.run(PowerMockRunner.java:59)
	org.apache.maven.surefire.junit4.JUnit4Provider.execute(JUnit4Provider.java:365)
	org.apache.maven.surefire.junit4.JUnit4Provider.executeWithRerun(JUnit4Provider.java:290)
	org.apache.maven.surefire.junit4.JUnit4Provider.executeTestSet(JUnit4Provider.java:238)
	org.apache.maven.surefire.junit4.JUnit4Provider.invoke(JUnit4Provider.java:159)
	org.apache.maven.surefire.booter.ForkedBooter.invokeProviderInSameClassLoader(ForkedBooter.java:379)
	org.apache.maven.surefire.booter.ForkedBooter.runSuitesInProcess(ForkedBooter.java:340)
	org.apache.maven.surefire.booter.ForkedBooter.execute(ForkedBooter.java:125)
	org.apache.maven.surefire.booter.ForkedBooter.main(ForkedBooter.java:413)
2020-08-10 23:35:52,990 - ERROR - [main:ResourceLeakDetector@317] - LEAK: ByteBuf.release() was not called before it's garbage-collected. See http://netty.io/wiki/reference-counted-objects.html for more information.
Recent access records: 
#1:
	io.netty.buffer.AdvancedLeakAwareByteBuf.writeLong(AdvancedLeakAwareByteBuf.java:568)
	org.apache.bookkeeper.proto.checksum.CRC32DigestManager.populateValueAndReset(CRC32DigestManager.java:61)
	org.apache.bookkeeper.proto.checksum.DigestManager.computeDigestAndPackageForSending(DigestManager.java:114)
	org.apache.bookkeeper.client.ClientUtil.generatePacket(ClientUtil.java:53)
	org.apache.bookkeeper.client.ClientUtil.generatePacket(ClientUtil.java:46)
	org.apache.bookkeeper.bookie.BookieJournalTest.writeV3Journal(BookieJournalTest.java:245)
	org.apache.bookkeeper.bookie.BookieJournalTest.testPartialFileInfoPostV3Journal(BookieJournalTest.java:785)
	org.apache.bookkeeper.bookie.BookieJournalTest.testPartialFileInfoPostV3Journal1(BookieJournalTest.java:761)
	java.base/jdk.internal.reflect.NativeMethodAccessorImpl.invoke0(Native Method)
	java.base/jdk.internal.reflect.NativeMethodAccessorImpl.invoke(NativeMethodAccessorImpl.java:62)
	java.base/jdk.internal.reflect.DelegatingMethodAccessorImpl.invoke(DelegatingMethodAccessorImpl.java:43)
	java.base/java.lang.reflect.Method.invoke(Method.java:566)
	org.junit.internal.runners.TestMethod.invoke(TestMethod.java:68)
	org.powermock.modules.junit4.internal.impl.PowerMockJUnit44RunnerDelegateImpl$PowerMockJUnit44MethodRunner.runTestMethod(PowerMockJUnit44RunnerDelegateImpl.java:326)
	org.junit.internal.runners.MethodRoadie$2.run(MethodRoadie.java:89)
	org.junit.internal.runners.MethodRoadie.runBeforesThenTestThenAfters(MethodRoadie.java:97)
	org.powermock.modules.junit4.internal.impl.PowerMockJUnit44RunnerDelegateImpl$PowerMockJUnit44MethodRunner.executeTest(PowerMockJUnit44RunnerDelegateImpl.java:310)
	org.powermock.modules.junit4.internal.impl.PowerMockJUnit47RunnerDelegateImpl$PowerMockJUnit47MethodRunner.executeTestInSuper(PowerMockJUnit47RunnerDelegateImpl.java:131)
	org.powermock.modules.junit4.internal.impl.PowerMockJUnit47RunnerDelegateImpl$PowerMockJUnit47MethodRunner.access$100(PowerMockJUnit47RunnerDelegateImpl.java:59)
	org.powermock.modules.junit4.internal.impl.PowerMockJUnit47RunnerDelegateImpl$PowerMockJUnit47MethodRunner$TestExecutorStatement.evaluate(PowerMockJUnit47RunnerDelegateImpl.java:147)
	org.powermock.modules.junit4.internal.impl.PowerMockJUnit47RunnerDelegateImpl$PowerMockJUnit47MethodRunner.evaluateStatement(PowerMockJUnit47RunnerDelegateImpl.java:107)
	org.powermock.modules.junit4.internal.impl.PowerMockJUnit47RunnerDelegateImpl$PowerMockJUnit47MethodRunner.executeTest(PowerMockJUnit47RunnerDelegateImpl.java:82)
	org.powermock.modules.junit4.internal.impl.PowerMockJUnit44RunnerDelegateImpl$PowerMockJUnit44MethodRunner.runBeforesThenTestThenAfters(PowerMockJUnit44RunnerDelegateImpl.java:298)
	org.junit.internal.runners.MethodRoadie.runTest(MethodRoadie.java:87)
	org.junit.internal.runners.MethodRoadie.run(MethodRoadie.java:50)
	org.powermock.modules.junit4.internal.impl.PowerMockJUnit44RunnerDelegateImpl.invokeTestMethod(PowerMockJUnit44RunnerDelegateImpl.java:218)
	org.powermock.modules.junit4.internal.impl.PowerMockJUnit44RunnerDelegateImpl.runMethods(PowerMockJUnit44RunnerDelegateImpl.java:160)
	org.powermock.modules.junit4.internal.impl.PowerMockJUnit44RunnerDelegateImpl$1.run(PowerMockJUnit44RunnerDelegateImpl.java:134)
	org.junit.internal.runners.ClassRoadie.runUnprotected(ClassRoadie.java:34)
	org.junit.internal.runners.ClassRoadie.runProtected(ClassRoadie.java:44)
	org.powermock.modules.junit4.internal.impl.PowerMockJUnit44RunnerDelegateImpl.run(PowerMockJUnit44RunnerDelegateImpl.java:136)
	org.powermock.modules.junit4.common.internal.impl.JUnit4TestSuiteChunkerImpl.run(JUnit4TestSuiteChunkerImpl.java:117)
	org.powermock.modules.junit4.common.internal.impl.AbstractCommonPowerMockRunner.run(AbstractCommonPowerMockRunner.java:57)
	org.powermock.modules.junit4.PowerMockRunner.run(PowerMockRunner.java:59)
	org.apache.maven.surefire.junit4.JUnit4Provider.execute(JUnit4Provider.java:365)
	org.apache.maven.surefire.junit4.JUnit4Provider.executeWithRerun(JUnit4Provider.java:290)
	org.apache.maven.surefire.junit4.JUnit4Provider.executeTestSet(JUnit4Provider.java:238)
	org.apache.maven.surefire.junit4.JUnit4Provider.invoke(JUnit4Provider.java:159)
	org.apache.maven.surefire.booter.ForkedBooter.invokeProviderInSameClassLoader(ForkedBooter.java:379)
	org.apache.maven.surefire.booter.ForkedBooter.runSuitesInProcess(ForkedBooter.java:340)
	org.apache.maven.surefire.booter.ForkedBooter.execute(ForkedBooter.java:125)
	org.apache.maven.surefire.booter.ForkedBooter.main(ForkedBooter.java:413)
#2:
	io.netty.buffer.AdvancedLeakAwareByteBuf.writeLong(AdvancedLeakAwareByteBuf.java:568)
	org.apache.bookkeeper.proto.checksum.DigestManager.computeDigestAndPackageForSending(DigestManager.java:110)
	org.apache.bookkeeper.client.ClientUtil.generatePacket(ClientUtil.java:53)
	org.apache.bookkeeper.client.ClientUtil.generatePacket(ClientUtil.java:46)
	org.apache.bookkeeper.bookie.BookieJournalTest.writeV3Journal(BookieJournalTest.java:245)
	org.apache.bookkeeper.bookie.BookieJournalTest.testPartialFileInfoPostV3Journal(BookieJournalTest.java:785)
	org.apache.bookkeeper.bookie.BookieJournalTest.testPartialFileInfoPostV3Journal1(BookieJournalTest.java:761)
	java.base/jdk.internal.reflect.NativeMethodAccessorImpl.invoke0(Native Method)
	java.base/jdk.internal.reflect.NativeMethodAccessorImpl.invoke(NativeMethodAccessorImpl.java:62)
	java.base/jdk.internal.reflect.DelegatingMethodAccessorImpl.invoke(DelegatingMethodAccessorImpl.java:43)
	java.base/java.lang.reflect.Method.invoke(Method.java:566)
	org.junit.internal.runners.TestMethod.invoke(TestMethod.java:68)
	org.powermock.modules.junit4.internal.impl.PowerMockJUnit44RunnerDelegateImpl$PowerMockJUnit44MethodRunner.runTestMethod(PowerMockJUnit44RunnerDelegateImpl.java:326)
	org.junit.internal.runners.MethodRoadie$2.run(MethodRoadie.java:89)
	org.junit.internal.runners.MethodRoadie.runBeforesThenTestThenAfters(MethodRoadie.java:97)
	org.powermock.modules.junit4.internal.impl.PowerMockJUnit44RunnerDelegateImpl$PowerMockJUnit44MethodRunner.executeTest(PowerMockJUnit44RunnerDelegateImpl.java:310)
	org.powermock.modules.junit4.internal.impl.PowerMockJUnit47RunnerDelegateImpl$PowerMockJUnit47MethodRunner.executeTestInSuper(PowerMockJUnit47RunnerDelegateImpl.java:131)
	org.powermock.modules.junit4.internal.impl.PowerMockJUnit47RunnerDelegateImpl$PowerMockJUnit47MethodRunner.access$100(PowerMockJUnit47RunnerDelegateImpl.java:59)
	org.powermock.modules.junit4.internal.impl.PowerMockJUnit47RunnerDelegateImpl$PowerMockJUnit47MethodRunner$TestExecutorStatement.evaluate(PowerMockJUnit47RunnerDelegateImpl.java:147)
	org.powermock.modules.junit4.internal.impl.PowerMockJUnit47RunnerDelegateImpl$PowerMockJUnit47MethodRunner.evaluateStatement(PowerMockJUnit47RunnerDelegateImpl.java:107)
	org.powermock.modules.junit4.internal.impl.PowerMockJUnit47RunnerDelegateImpl$PowerMockJUnit47MethodRunner.executeTest(PowerMockJUnit47RunnerDelegateImpl.java:82)
	org.powermock.modules.junit4.internal.impl.PowerMockJUnit44RunnerDelegateImpl$PowerMockJUnit44MethodRunner.runBeforesThenTestThenAfters(PowerMockJUnit44RunnerDelegateImpl.java:298)
	org.junit.internal.runners.MethodRoadie.runTest(MethodRoadie.java:87)
	org.junit.internal.runners.MethodRoadie.run(MethodRoadie.java:50)
	org.powermock.modules.junit4.internal.impl.PowerMockJUnit44RunnerDelegateImpl.invokeTestMethod(PowerMockJUnit44RunnerDelegateImpl.java:218)
	org.powermock.modules.junit4.internal.impl.PowerMockJUnit44RunnerDelegateImpl.runMethods(PowerMockJUnit44RunnerDelegateImpl.java:160)
	org.powermock.modules.junit4.internal.impl.PowerMockJUnit44RunnerDelegateImpl$1.run(PowerMockJUnit44RunnerDelegateImpl.java:134)
	org.junit.internal.runners.ClassRoadie.runUnprotected(ClassRoadie.java:34)
	org.junit.internal.runners.ClassRoadie.runProtected(ClassRoadie.java:44)
	org.powermock.modules.junit4.internal.impl.PowerMockJUnit44RunnerDelegateImpl.run(PowerMockJUnit44RunnerDelegateImpl.java:136)
	org.powermock.modules.junit4.common.internal.impl.JUnit4TestSuiteChunkerImpl.run(JUnit4TestSuiteChunkerImpl.java:117)
	org.powermock.modules.junit4.common.internal.impl.AbstractCommonPowerMockRunner.run(AbstractCommonPowerMockRunner.java:57)
	org.powermock.modules.junit4.PowerMockRunner.run(PowerMockRunner.java:59)
	org.apache.maven.surefire.junit4.JUnit4Provider.execute(JUnit4Provider.java:365)
	org.apache.maven.surefire.junit4.JUnit4Provider.executeWithRerun(JUnit4Provider.java:290)
	org.apache.maven.surefire.junit4.JUnit4Provider.executeTestSet(JUnit4Provider.java:238)
	org.apache.maven.surefire.junit4.JUnit4Provider.invoke(JUnit4Provider.java:159)
	org.apache.maven.surefire.booter.ForkedBooter.invokeProviderInSameClassLoader(ForkedBooter.java:379)
	org.apache.maven.surefire.booter.ForkedBooter.runSuitesInProcess(ForkedBooter.java:340)
	org.apache.maven.surefire.booter.ForkedBooter.execute(ForkedBooter.java:125)
	org.apache.maven.surefire.booter.ForkedBooter.main(ForkedBooter.java:413)
#3:
	io.netty.buffer.AdvancedLeakAwareByteBuf.writeLong(AdvancedLeakAwareByteBuf.java:568)
	org.apache.bookkeeper.proto.checksum.DigestManager.computeDigestAndPackageForSending(DigestManager.java:109)
	org.apache.bookkeeper.client.ClientUtil.generatePacket(ClientUtil.java:53)
	org.apache.bookkeeper.client.ClientUtil.generatePacket(ClientUtil.java:46)
	org.apache.bookkeeper.bookie.BookieJournalTest.writeV3Journal(BookieJournalTest.java:245)
	org.apache.bookkeeper.bookie.BookieJournalTest.testPartialFileInfoPostV3Journal(BookieJournalTest.java:785)
	org.apache.bookkeeper.bookie.BookieJournalTest.testPartialFileInfoPostV3Journal1(BookieJournalTest.java:761)
	java.base/jdk.internal.reflect.NativeMethodAccessorImpl.invoke0(Native Method)
	java.base/jdk.internal.reflect.NativeMethodAccessorImpl.invoke(NativeMethodAccessorImpl.java:62)
	java.base/jdk.internal.reflect.DelegatingMethodAccessorImpl.invoke(DelegatingMethodAccessorImpl.java:43)
	java.base/java.lang.reflect.Method.invoke(Method.java:566)
	org.junit.internal.runners.TestMethod.invoke(TestMethod.java:68)
	org.powermock.modules.junit4.internal.impl.PowerMockJUnit44RunnerDelegateImpl$PowerMockJUnit44MethodRunner.runTestMethod(PowerMockJUnit44RunnerDelegateImpl.java:326)
	org.junit.internal.runners.MethodRoadie$2.run(MethodRoadie.java:89)
	org.junit.internal.runners.MethodRoadie.runBeforesThenTestThenAfters(MethodRoadie.java:97)
	org.powermock.modules.junit4.internal.impl.PowerMockJUnit44RunnerDelegateImpl$PowerMockJUnit44MethodRunner.executeTest(PowerMockJUnit44RunnerDelegateImpl.java:310)
	org.powermock.modules.junit4.internal.impl.PowerMockJUnit47RunnerDelegateImpl$PowerMockJUnit47MethodRunner.executeTestInSuper(PowerMockJUnit47RunnerDelegateImpl.java:131)
	org.powermock.modules.junit4.internal.impl.PowerMockJUnit47RunnerDelegateImpl$PowerMockJUnit47MethodRunner.access$100(PowerMockJUnit47RunnerDelegateImpl.java:59)
	org.powermock.modules.junit4.internal.impl.PowerMockJUnit47RunnerDelegateImpl$PowerMockJUnit47MethodRunner$TestExecutorStatement.evaluate(PowerMockJUnit47RunnerDelegateImpl.java:147)
	org.powermock.modules.junit4.internal.impl.PowerMockJUnit47RunnerDelegateImpl$PowerMockJUnit47MethodRunner.evaluateStatement(PowerMockJUnit47RunnerDelegateImpl.java:107)
	org.powermock.modules.junit4.internal.impl.PowerMockJUnit47RunnerDelegateImpl$PowerMockJUnit47MethodRunner.executeTest(PowerMockJUnit47RunnerDelegateImpl.java:82)
	org.powermock.modules.junit4.internal.impl.PowerMockJUnit44RunnerDelegateImpl$PowerMockJUnit44MethodRunner.runBeforesThenTestThenAfters(PowerMockJUnit44RunnerDelegateImpl.java:298)
	org.junit.internal.runners.MethodRoadie.runTest(MethodRoadie.java:87)
	org.junit.internal.runners.MethodRoadie.run(MethodRoadie.java:50)
	org.powermock.modules.junit4.internal.impl.PowerMockJUnit44RunnerDelegateImpl.invokeTestMethod(PowerMockJUnit44RunnerDelegateImpl.java:218)
	org.powermock.modules.junit4.internal.impl.PowerMockJUnit44RunnerDelegateImpl.runMethods(PowerMockJUnit44RunnerDelegateImpl.java:160)
	org.powermock.modules.junit4.internal.impl.PowerMockJUnit44RunnerDelegateImpl$1.run(PowerMockJUnit44RunnerDelegateImpl.java:134)
	org.junit.internal.runners.ClassRoadie.runUnprotected(ClassRoadie.java:34)
	org.junit.internal.runners.ClassRoadie.runProtected(ClassRoadie.java:44)
	org.powermock.modules.junit4.internal.impl.PowerMockJUnit44RunnerDelegateImpl.run(PowerMockJUnit44RunnerDelegateImpl.java:136)
	org.powermock.modules.junit4.common.internal.impl.JUnit4TestSuiteChunkerImpl.run(JUnit4TestSuiteChunkerImpl.java:117)
	org.powermock.modules.junit4.common.internal.impl.AbstractCommonPowerMockRunner.run(AbstractCommonPowerMockRunner.java:57)
	org.powermock.modules.junit4.PowerMockRunner.run(PowerMockRunner.java:59)
	org.apache.maven.surefire.junit4.JUnit4Provider.execute(JUnit4Provider.java:365)
	org.apache.maven.surefire.junit4.JUnit4Provider.executeWithRerun(JUnit4Provider.java:290)
	org.apache.maven.surefire.junit4.JUnit4Provider.executeTestSet(JUnit4Provider.java:238)
	org.apache.maven.surefire.junit4.JUnit4Provider.invoke(JUnit4Provider.java:159)
	org.apache.maven.surefire.booter.ForkedBooter.invokeProviderInSameClassLoader(ForkedBooter.java:379)
	org.apache.maven.surefire.booter.ForkedBooter.runSuitesInProcess(ForkedBooter.java:340)
	org.apache.maven.surefire.booter.ForkedBooter.execute(ForkedBooter.java:125)
	org.apache.maven.surefire.booter.ForkedBooter.main(ForkedBooter.java:413)
#4:
	io.netty.buffer.AdvancedLeakAwareByteBuf.writeLong(AdvancedLeakAwareByteBuf.java:568)
	org.apache.bookkeeper.proto.checksum.DigestManager.computeDigestAndPackageForSending(DigestManager.java:108)
	org.apache.bookkeeper.client.ClientUtil.generatePacket(ClientUtil.java:53)
	org.apache.bookkeeper.client.ClientUtil.generatePacket(ClientUtil.java:46)
	org.apache.bookkeeper.bookie.BookieJournalTest.writeV3Journal(BookieJournalTest.java:245)
	org.apache.bookkeeper.bookie.BookieJournalTest.testPartialFileInfoPostV3Journal(BookieJournalTest.java:785)
	org.apache.bookkeeper.bookie.BookieJournalTest.testPartialFileInfoPostV3Journal1(BookieJournalTest.java:761)
	java.base/jdk.internal.reflect.NativeMethodAccessorImpl.invoke0(Native Method)
	java.base/jdk.internal.reflect.NativeMethodAccessorImpl.invoke(NativeMethodAccessorImpl.java:62)
	java.base/jdk.internal.reflect.DelegatingMethodAccessorImpl.invoke(DelegatingMethodAccessorImpl.java:43)
	java.base/java.lang.reflect.Method.invoke(Method.java:566)
	org.junit.internal.runners.TestMethod.invoke(TestMethod.java:68)
	org.powermock.modules.junit4.internal.impl.PowerMockJUnit44RunnerDelegateImpl$PowerMockJUnit44MethodRunner.runTestMethod(PowerMockJUnit44RunnerDelegateImpl.java:326)
	org.junit.internal.runners.MethodRoadie$2.run(MethodRoadie.java:89)
	org.junit.internal.runners.MethodRoadie.runBeforesThenTestThenAfters(MethodRoadie.java:97)
	org.powermock.modules.junit4.internal.impl.PowerMockJUnit44RunnerDelegateImpl$PowerMockJUnit44MethodRunner.executeTest(PowerMockJUnit44RunnerDelegateImpl.java:310)
	org.powermock.modules.junit4.internal.impl.PowerMockJUnit47RunnerDelegateImpl$PowerMockJUnit47MethodRunner.executeTestInSuper(PowerMockJUnit47RunnerDelegateImpl.java:131)
	org.powermock.modules.junit4.internal.impl.PowerMockJUnit47RunnerDelegateImpl$PowerMockJUnit47MethodRunner.access$100(PowerMockJUnit47RunnerDelegateImpl.java:59)
	org.powermock.modules.junit4.internal.impl.PowerMockJUnit47RunnerDelegateImpl$PowerMockJUnit47MethodRunner$TestExecutorStatement.evaluate(PowerMockJUnit47RunnerDelegateImpl.java:147)
	org.powermock.modules.junit4.internal.impl.PowerMockJUnit47RunnerDelegateImpl$PowerMockJUnit47MethodRunner.evaluateStatement(PowerMockJUnit47RunnerDelegateImpl.java:107)
	org.powermock.modules.junit4.internal.impl.PowerMockJUnit47RunnerDelegateImpl$PowerMockJUnit47MethodRunner.executeTest(PowerMockJUnit47RunnerDelegateImpl.java:82)
	org.powermock.modules.junit4.internal.impl.PowerMockJUnit44RunnerDelegateImpl$PowerMockJUnit44MethodRunner.runBeforesThenTestThenAfters(PowerMockJUnit44RunnerDelegateImpl.java:298)
	org.junit.internal.runners.MethodRoadie.runTest(MethodRoadie.java:87)
	org.junit.internal.runners.MethodRoadie.run(MethodRoadie.java:50)
	org.powermock.modules.junit4.internal.impl.PowerMockJUnit44RunnerDelegateImpl.invokeTestMethod(PowerMockJUnit44RunnerDelegateImpl.java:218)
	org.powermock.modules.junit4.internal.impl.PowerMockJUnit44RunnerDelegateImpl.runMethods(PowerMockJUnit44RunnerDelegateImpl.java:160)
	org.powermock.modules.junit4.internal.impl.PowerMockJUnit44RunnerDelegateImpl$1.run(PowerMockJUnit44RunnerDelegateImpl.java:134)
	org.junit.internal.runners.ClassRoadie.runUnprotected(ClassRoadie.java:34)
	org.junit.internal.runners.ClassRoadie.runProtected(ClassRoadie.java:44)
	org.powermock.modules.junit4.internal.impl.PowerMockJUnit44RunnerDelegateImpl.run(PowerMockJUnit44RunnerDelegateImpl.java:136)
	org.powermock.modules.junit4.common.internal.impl.JUnit4TestSuiteChunkerImpl.run(JUnit4TestSuiteChunkerImpl.java:117)
	org.powermock.modules.junit4.common.internal.impl.AbstractCommonPowerMockRunner.run(AbstractCommonPowerMockRunner.java:57)
	org.powermock.modules.junit4.PowerMockRunner.run(PowerMockRunner.java:59)
	org.apache.maven.surefire.junit4.JUnit4Provider.execute(JUnit4Provider.java:365)
	org.apache.maven.surefire.junit4.JUnit4Provider.executeWithRerun(JUnit4Provider.java:290)
	org.apache.maven.surefire.junit4.JUnit4Provider.executeTestSet(JUnit4Provider.java:238)
	org.apache.maven.surefire.junit4.JUnit4Provider.invoke(JUnit4Provider.java:159)
	org.apache.maven.surefire.booter.ForkedBooter.invokeProviderInSameClassLoader(ForkedBooter.java:379)
	org.apache.maven.surefire.booter.ForkedBooter.runSuitesInProcess(ForkedBooter.java:340)
	org.apache.maven.surefire.booter.ForkedBooter.execute(ForkedBooter.java:125)
	org.apache.maven.surefire.booter.ForkedBooter.main(ForkedBooter.java:413)
#5:
	io.netty.buffer.AdvancedLeakAwareByteBuf.writeLong(AdvancedLeakAwareByteBuf.java:568)
	org.apache.bookkeeper.proto.checksum.DigestManager.computeDigestAndPackageForSending(DigestManager.java:107)
	org.apache.bookkeeper.client.ClientUtil.generatePacket(ClientUtil.java:53)
	org.apache.bookkeeper.client.ClientUtil.generatePacket(ClientUtil.java:46)
	org.apache.bookkeeper.bookie.BookieJournalTest.writeV3Journal(BookieJournalTest.java:245)
	org.apache.bookkeeper.bookie.BookieJournalTest.testPartialFileInfoPostV3Journal(BookieJournalTest.java:785)
	org.apache.bookkeeper.bookie.BookieJournalTest.testPartialFileInfoPostV3Journal1(BookieJournalTest.java:761)
	java.base/jdk.internal.reflect.NativeMethodAccessorImpl.invoke0(Native Method)
	java.base/jdk.internal.reflect.NativeMethodAccessorImpl.invoke(NativeMethodAccessorImpl.java:62)
	java.base/jdk.internal.reflect.DelegatingMethodAccessorImpl.invoke(DelegatingMethodAccessorImpl.java:43)
	java.base/java.lang.reflect.Method.invoke(Method.java:566)
	org.junit.internal.runners.TestMethod.invoke(TestMethod.java:68)
	org.powermock.modules.junit4.internal.impl.PowerMockJUnit44RunnerDelegateImpl$PowerMockJUnit44MethodRunner.runTestMethod(PowerMockJUnit44RunnerDelegateImpl.java:326)
	org.junit.internal.runners.MethodRoadie$2.run(MethodRoadie.java:89)
	org.junit.internal.runners.MethodRoadie.runBeforesThenTestThenAfters(MethodRoadie.java:97)
	org.powermock.modules.junit4.internal.impl.PowerMockJUnit44RunnerDelegateImpl$PowerMockJUnit44MethodRunner.executeTest(PowerMockJUnit44RunnerDelegateImpl.java:310)
	org.powermock.modules.junit4.internal.impl.PowerMockJUnit47RunnerDelegateImpl$PowerMockJUnit47MethodRunner.executeTestInSuper(PowerMockJUnit47RunnerDelegateImpl.java:131)
	org.powermock.modules.junit4.internal.impl.PowerMockJUnit47RunnerDelegateImpl$PowerMockJUnit47MethodRunner.access$100(PowerMockJUnit47RunnerDelegateImpl.java:59)
	org.powermock.modules.junit4.internal.impl.PowerMockJUnit47RunnerDelegateImpl$PowerMockJUnit47MethodRunner$TestExecutorStatement.evaluate(PowerMockJUnit47RunnerDelegateImpl.java:147)
	org.powermock.modules.junit4.internal.impl.PowerMockJUnit47RunnerDelegateImpl$PowerMockJUnit47MethodRunner.evaluateStatement(PowerMockJUnit47RunnerDelegateImpl.java:107)
	org.powermock.modules.junit4.internal.impl.PowerMockJUnit47RunnerDelegateImpl$PowerMockJUnit47MethodRunner.executeTest(PowerMockJUnit47RunnerDelegateImpl.java:82)
	org.powermock.modules.junit4.internal.impl.PowerMockJUnit44RunnerDelegateImpl$PowerMockJUnit44MethodRunner.runBeforesThenTestThenAfters(PowerMockJUnit44RunnerDelegateImpl.java:298)
	org.junit.internal.runners.MethodRoadie.runTest(MethodRoadie.java:87)
	org.junit.internal.runners.MethodRoadie.run(MethodRoadie.java:50)
	org.powermock.modules.junit4.internal.impl.PowerMockJUnit44RunnerDelegateImpl.invokeTestMethod(PowerMockJUnit44RunnerDelegateImpl.java:218)
	org.powermock.modules.junit4.internal.impl.PowerMockJUnit44RunnerDelegateImpl.runMethods(PowerMockJUnit44RunnerDelegateImpl.java:160)
	org.powermock.modules.junit4.internal.impl.PowerMockJUnit44RunnerDelegateImpl$1.run(PowerMockJUnit44RunnerDelegateImpl.java:134)
	org.junit.internal.runners.ClassRoadie.runUnprotected(ClassRoadie.java:34)
	org.junit.internal.runners.ClassRoadie.runProtected(ClassRoadie.java:44)
	org.powermock.modules.junit4.internal.impl.PowerMockJUnit44RunnerDelegateImpl.run(PowerMockJUnit44RunnerDelegateImpl.java:136)
	org.powermock.modules.junit4.common.internal.impl.JUnit4TestSuiteChunkerImpl.run(JUnit4TestSuiteChunkerImpl.java:117)
	org.powermock.modules.junit4.common.internal.impl.AbstractCommonPowerMockRunner.run(AbstractCommonPowerMockRunner.java:57)
	org.powermock.modules.junit4.PowerMockRunner.run(PowerMockRunner.java:59)
	org.apache.maven.surefire.junit4.JUnit4Provider.execute(JUnit4Provider.java:365)
	org.apache.maven.surefire.junit4.JUnit4Provider.executeWithRerun(JUnit4Provider.java:290)
	org.apache.maven.surefire.junit4.JUnit4Provider.executeTestSet(JUnit4Provider.java:238)
	org.apache.maven.surefire.junit4.JUnit4Provider.invoke(JUnit4Provider.java:159)
	org.apache.maven.surefire.booter.ForkedBooter.invokeProviderInSameClassLoader(ForkedBooter.java:379)
	org.apache.maven.surefire.booter.ForkedBooter.runSuitesInProcess(ForkedBooter.java:340)
	org.apache.maven.surefire.booter.ForkedBooter.execute(ForkedBooter.java:125)
	org.apache.maven.surefire.booter.ForkedBooter.main(ForkedBooter.java:413)
Created at:
	io.netty.buffer.UnpooledByteBufAllocator.newDirectBuffer(UnpooledByteBufAllocator.java:96)
	io.netty.buffer.AbstractByteBufAllocator.directBuffer(AbstractByteBufAllocator.java:185)
	io.netty.buffer.AbstractByteBufAllocator.directBuffer(AbstractByteBufAllocator.java:176)
	io.netty.buffer.AbstractByteBufAllocator.buffer(AbstractByteBufAllocator.java:113)
	org.apache.bookkeeper.proto.checksum.DigestManager.computeDigestAndPackageForSending(DigestManager.java:103)
	org.apache.bookkeeper.client.ClientUtil.generatePacket(ClientUtil.java:53)
	org.apache.bookkeeper.client.ClientUtil.generatePacket(ClientUtil.java:46)
	org.apache.bookkeeper.bookie.BookieJournalTest.writeV3Journal(BookieJournalTest.java:245)
	org.apache.bookkeeper.bookie.BookieJournalTest.testPartialFileInfoPostV3Journal(BookieJournalTest.java:785)
	org.apache.bookkeeper.bookie.BookieJournalTest.testPartialFileInfoPostV3Journal1(BookieJournalTest.java:761)
	java.base/jdk.internal.reflect.NativeMethodAccessorImpl.invoke0(Native Method)
	java.base/jdk.internal.reflect.NativeMethodAccessorImpl.invoke(NativeMethodAccessorImpl.java:62)
	java.base/jdk.internal.reflect.DelegatingMethodAccessorImpl.invoke(DelegatingMethodAccessorImpl.java:43)
	java.base/java.lang.reflect.Method.invoke(Method.java:566)
	org.junit.internal.runners.TestMethod.invoke(TestMethod.java:68)
	org.powermock.modules.junit4.internal.impl.PowerMockJUnit44RunnerDelegateImpl$PowerMockJUnit44MethodRunner.runTestMethod(PowerMockJUnit44RunnerDelegateImpl.java:326)
	org.junit.internal.runners.MethodRoadie$2.run(MethodRoadie.java:89)
	org.junit.internal.runners.MethodRoadie.runBeforesThenTestThenAfters(MethodRoadie.java:97)
	org.powermock.modules.junit4.internal.impl.PowerMockJUnit44RunnerDelegateImpl$PowerMockJUnit44MethodRunner.executeTest(PowerMockJUnit44RunnerDelegateImpl.java:310)
	org.powermock.modules.junit4.internal.impl.PowerMockJUnit47RunnerDelegateImpl$PowerMockJUnit47MethodRunner.executeTestInSuper(PowerMockJUnit47RunnerDelegateImpl.java:131)
	org.powermock.modules.junit4.internal.impl.PowerMockJUnit47RunnerDelegateImpl$PowerMockJUnit47MethodRunner.access$100(PowerMockJUnit47RunnerDelegateImpl.java:59)
	org.powermock.modules.junit4.internal.impl.PowerMockJUnit47RunnerDelegateImpl$PowerMockJUnit47MethodRunner$TestExecutorStatement.evaluate(PowerMockJUnit47RunnerDelegateImpl.java:147)
	org.powermock.modules.junit4.internal.impl.PowerMockJUnit47RunnerDelegateImpl$PowerMockJUnit47MethodRunner.evaluateStatement(PowerMockJUnit47RunnerDelegateImpl.java:107)
	org.powermock.modules.junit4.internal.impl.PowerMockJUnit47RunnerDelegateImpl$PowerMockJUnit47MethodRunner.executeTest(PowerMockJUnit47RunnerDelegateImpl.java:82)
	org.powermock.modules.junit4.internal.impl.PowerMockJUnit44RunnerDelegateImpl$PowerMockJUnit44MethodRunner.runBeforesThenTestThenAfters(PowerMockJUnit44RunnerDelegateImpl.java:298)
	org.junit.internal.runners.MethodRoadie.runTest(MethodRoadie.java:87)
	org.junit.internal.runners.MethodRoadie.run(MethodRoadie.java:50)
	org.powermock.modules.junit4.internal.impl.PowerMockJUnit44RunnerDelegateImpl.invokeTestMethod(PowerMockJUnit44RunnerDelegateImpl.java:218)
	org.powermock.modules.junit4.internal.impl.PowerMockJUnit44RunnerDelegateImpl.runMethods(PowerMockJUnit44RunnerDelegateImpl.java:160)
	org.powermock.modules.junit4.internal.impl.PowerMockJUnit44RunnerDelegateImpl$1.run(PowerMockJUnit44RunnerDelegateImpl.java:134)
	org.junit.internal.runners.ClassRoadie.runUnprotected(ClassRoadie.java:34)
	org.junit.internal.runners.ClassRoadie.runProtected(ClassRoadie.java:44)
	org.powermock.modules.junit4.internal.impl.PowerMockJUnit44RunnerDelegateImpl.run(PowerMockJUnit44RunnerDelegateImpl.java:136)
	org.powermock.modules.junit4.common.internal.impl.JUnit4TestSuiteChunkerImpl.run(JUnit4TestSuiteChunkerImpl.java:117)
	org.powermock.modules.junit4.common.internal.impl.AbstractCommonPowerMockRunner.run(AbstractCommonPowerMockRunner.java:57)
	org.powermock.modules.junit4.PowerMockRunner.run(PowerMockRunner.java:59)
	org.apache.maven.surefire.junit4.JUnit4Provider.execute(JUnit4Provider.java:365)
	org.apache.maven.surefire.junit4.JUnit4Provider.executeWithRerun(JUnit4Provider.java:290)
	org.apache.maven.surefire.junit4.JUnit4Provider.executeTestSet(JUnit4Provider.java:238)
	org.apache.maven.surefire.junit4.JUnit4Provider.invoke(JUnit4Provider.java:159)
	org.apache.maven.surefire.booter.ForkedBooter.invokeProviderInSameClassLoader(ForkedBooter.java:379)
	org.apache.maven.surefire.booter.ForkedBooter.runSuitesInProcess(ForkedBooter.java:340)
	org.apache.maven.surefire.booter.ForkedBooter.execute(ForkedBooter.java:125)
	org.apache.maven.surefire.booter.ForkedBooter.main(ForkedBooter.java:413)
2020-08-10 23:35:52,991 - ERROR - [main:ResourceLeakDetector@317] - LEAK: ByteBuf.release() was not called before it's garbage-collected. See http://netty.io/wiki/reference-counted-objects.html for more information.
Recent access records: 
#1:
	io.netty.buffer.AdvancedLeakAwareByteBuf.writeLong(AdvancedLeakAwareByteBuf.java:568)
	org.apache.bookkeeper.proto.checksum.CRC32DigestManager.populateValueAndReset(CRC32DigestManager.java:61)
	org.apache.bookkeeper.proto.checksum.DigestManager.computeDigestAndPackageForSending(DigestManager.java:114)
	org.apache.bookkeeper.client.ClientUtil.generatePacket(ClientUtil.java:53)
	org.apache.bookkeeper.client.ClientUtil.generatePacket(ClientUtil.java:46)
	org.apache.bookkeeper.bookie.BookieJournalTest.writeV4Journal(BookieJournalTest.java:279)
	org.apache.bookkeeper.bookie.BookieJournalTest.testJournalScanIOException(BookieJournalTest.java:816)
	java.base/jdk.internal.reflect.NativeMethodAccessorImpl.invoke0(Native Method)
	java.base/jdk.internal.reflect.NativeMethodAccessorImpl.invoke(NativeMethodAccessorImpl.java:62)
	java.base/jdk.internal.reflect.DelegatingMethodAccessorImpl.invoke(DelegatingMethodAccessorImpl.java:43)
	java.base/java.lang.reflect.Method.invoke(Method.java:566)
	org.junit.internal.runners.TestMethod.invoke(TestMethod.java:68)
	org.powermock.modules.junit4.internal.impl.PowerMockJUnit44RunnerDelegateImpl$PowerMockJUnit44MethodRunner.runTestMethod(PowerMockJUnit44RunnerDelegateImpl.java:326)
	org.junit.internal.runners.MethodRoadie$2.run(MethodRoadie.java:89)
	org.junit.internal.runners.MethodRoadie.runBeforesThenTestThenAfters(MethodRoadie.java:97)
	org.powermock.modules.junit4.internal.impl.PowerMockJUnit44RunnerDelegateImpl$PowerMockJUnit44MethodRunner.executeTest(PowerMockJUnit44RunnerDelegateImpl.java:310)
	org.powermock.modules.junit4.internal.impl.PowerMockJUnit47RunnerDelegateImpl$PowerMockJUnit47MethodRunner.executeTestInSuper(PowerMockJUnit47RunnerDelegateImpl.java:131)
	org.powermock.modules.junit4.internal.impl.PowerMockJUnit47RunnerDelegateImpl$PowerMockJUnit47MethodRunner.access$100(PowerMockJUnit47RunnerDelegateImpl.java:59)
	org.powermock.modules.junit4.internal.impl.PowerMockJUnit47RunnerDelegateImpl$PowerMockJUnit47MethodRunner$TestExecutorStatement.evaluate(PowerMockJUnit47RunnerDelegateImpl.java:147)
	org.powermock.modules.junit4.internal.impl.PowerMockJUnit47RunnerDelegateImpl$PowerMockJUnit47MethodRunner.evaluateStatement(PowerMockJUnit47RunnerDelegateImpl.java:107)
	org.powermock.modules.junit4.internal.impl.PowerMockJUnit47RunnerDelegateImpl$PowerMockJUnit47MethodRunner.executeTest(PowerMockJUnit47RunnerDelegateImpl.java:82)
	org.powermock.modules.junit4.internal.impl.PowerMockJUnit44RunnerDelegateImpl$PowerMockJUnit44MethodRunner.runBeforesThenTestThenAfters(PowerMockJUnit44RunnerDelegateImpl.java:298)
	org.junit.internal.runners.MethodRoadie.runTest(MethodRoadie.java:87)
	org.junit.internal.runners.MethodRoadie.run(MethodRoadie.java:50)
	org.powermock.modules.junit4.internal.impl.PowerMockJUnit44RunnerDelegateImpl.invokeTestMethod(PowerMockJUnit44RunnerDelegateImpl.java:218)
	org.powermock.modules.junit4.internal.impl.PowerMockJUnit44RunnerDelegateImpl.runMethods(PowerMockJUnit44RunnerDelegateImpl.java:160)
	org.powermock.modules.junit4.internal.impl.PowerMockJUnit44RunnerDelegateImpl$1.run(PowerMockJUnit44RunnerDelegateImpl.java:134)
	org.junit.internal.runners.ClassRoadie.runUnprotected(ClassRoadie.java:34)
	org.junit.internal.runners.ClassRoadie.runProtected(ClassRoadie.java:44)
	org.powermock.modules.junit4.internal.impl.PowerMockJUnit44RunnerDelegateImpl.run(PowerMockJUnit44RunnerDelegateImpl.java:136)
	org.powermock.modules.junit4.common.internal.impl.JUnit4TestSuiteChunkerImpl.run(JUnit4TestSuiteChunkerImpl.java:117)
	org.powermock.modules.junit4.common.internal.impl.AbstractCommonPowerMockRunner.run(AbstractCommonPowerMockRunner.java:57)
	org.powermock.modules.junit4.PowerMockRunner.run(PowerMockRunner.java:59)
	org.apache.maven.surefire.junit4.JUnit4Provider.execute(JUnit4Provider.java:365)
	org.apache.maven.surefire.junit4.JUnit4Provider.executeWithRerun(JUnit4Provider.java:290)
	org.apache.maven.surefire.junit4.JUnit4Provider.executeTestSet(JUnit4Provider.java:238)
	org.apache.maven.surefire.junit4.JUnit4Provider.invoke(JUnit4Provider.java:159)
	org.apache.maven.surefire.booter.ForkedBooter.invokeProviderInSameClassLoader(ForkedBooter.java:379)
	org.apache.maven.surefire.booter.ForkedBooter.runSuitesInProcess(ForkedBooter.java:340)
	org.apache.maven.surefire.booter.ForkedBooter.execute(ForkedBooter.java:125)
	org.apache.maven.surefire.booter.ForkedBooter.main(ForkedBooter.java:413)
#2:
	io.netty.buffer.AdvancedLeakAwareByteBuf.writeLong(AdvancedLeakAwareByteBuf.java:568)
	org.apache.bookkeeper.proto.checksum.DigestManager.computeDigestAndPackageForSending(DigestManager.java:109)
	org.apache.bookkeeper.client.ClientUtil.generatePacket(ClientUtil.java:53)
	org.apache.bookkeeper.client.ClientUtil.generatePacket(ClientUtil.java:46)
	org.apache.bookkeeper.bookie.BookieJournalTest.writeV4Journal(BookieJournalTest.java:279)
	org.apache.bookkeeper.bookie.BookieJournalTest.testJournalScanIOException(BookieJournalTest.java:816)
	java.base/jdk.internal.reflect.NativeMethodAccessorImpl.invoke0(Native Method)
	java.base/jdk.internal.reflect.NativeMethodAccessorImpl.invoke(NativeMethodAccessorImpl.java:62)
	java.base/jdk.internal.reflect.DelegatingMethodAccessorImpl.invoke(DelegatingMethodAccessorImpl.java:43)
	java.base/java.lang.reflect.Method.invoke(Method.java:566)
	org.junit.internal.runners.TestMethod.invoke(TestMethod.java:68)
	org.powermock.modules.junit4.internal.impl.PowerMockJUnit44RunnerDelegateImpl$PowerMockJUnit44MethodRunner.runTestMethod(PowerMockJUnit44RunnerDelegateImpl.java:326)
	org.junit.internal.runners.MethodRoadie$2.run(MethodRoadie.java:89)
	org.junit.internal.runners.MethodRoadie.runBeforesThenTestThenAfters(MethodRoadie.java:97)
	org.powermock.modules.junit4.internal.impl.PowerMockJUnit44RunnerDelegateImpl$PowerMockJUnit44MethodRunner.executeTest(PowerMockJUnit44RunnerDelegateImpl.java:310)
	org.powermock.modules.junit4.internal.impl.PowerMockJUnit47RunnerDelegateImpl$PowerMockJUnit47MethodRunner.executeTestInSuper(PowerMockJUnit47RunnerDelegateImpl.java:131)
	org.powermock.modules.junit4.internal.impl.PowerMockJUnit47RunnerDelegateImpl$PowerMockJUnit47MethodRunner.access$100(PowerMockJUnit47RunnerDelegateImpl.java:59)
	org.powermock.modules.junit4.internal.impl.PowerMockJUnit47RunnerDelegateImpl$PowerMockJUnit47MethodRunner$TestExecutorStatement.evaluate(PowerMockJUnit47RunnerDelegateImpl.java:147)
	org.powermock.modules.junit4.internal.impl.PowerMockJUnit47RunnerDelegateImpl$PowerMockJUnit47MethodRunner.evaluateStatement(PowerMockJUnit47RunnerDelegateImpl.java:107)
	org.powermock.modules.junit4.internal.impl.PowerMockJUnit47RunnerDelegateImpl$PowerMockJUnit47MethodRunner.executeTest(PowerMockJUnit47RunnerDelegateImpl.java:82)
	org.powermock.modules.junit4.internal.impl.PowerMockJUnit44RunnerDelegateImpl$PowerMockJUnit44MethodRunner.runBeforesThenTestThenAfters(PowerMockJUnit44RunnerDelegateImpl.java:298)
	org.junit.internal.runners.MethodRoadie.runTest(MethodRoadie.java:87)
	org.junit.internal.runners.MethodRoadie.run(MethodRoadie.java:50)
	org.powermock.modules.junit4.internal.impl.PowerMockJUnit44RunnerDelegateImpl.invokeTestMethod(PowerMockJUnit44RunnerDelegateImpl.java:218)
	org.powermock.modules.junit4.internal.impl.PowerMockJUnit44RunnerDelegateImpl.runMethods(PowerMockJUnit44RunnerDelegateImpl.java:160)
	org.powermock.modules.junit4.internal.impl.PowerMockJUnit44RunnerDelegateImpl$1.run(PowerMockJUnit44RunnerDelegateImpl.java:134)
	org.junit.internal.runners.ClassRoadie.runUnprotected(ClassRoadie.java:34)
	org.junit.internal.runners.ClassRoadie.runProtected(ClassRoadie.java:44)
	org.powermock.modules.junit4.internal.impl.PowerMockJUnit44RunnerDelegateImpl.run(PowerMockJUnit44RunnerDelegateImpl.java:136)
	org.powermock.modules.junit4.common.internal.impl.JUnit4TestSuiteChunkerImpl.run(JUnit4TestSuiteChunkerImpl.java:117)
	org.powermock.modules.junit4.common.internal.impl.AbstractCommonPowerMockRunner.run(AbstractCommonPowerMockRunner.java:57)
	org.powermock.modules.junit4.PowerMockRunner.run(PowerMockRunner.java:59)
	org.apache.maven.surefire.junit4.JUnit4Provider.execute(JUnit4Provider.java:365)
	org.apache.maven.surefire.junit4.JUnit4Provider.executeWithRerun(JUnit4Provider.java:290)
	org.apache.maven.surefire.junit4.JUnit4Provider.executeTestSet(JUnit4Provider.java:238)
	org.apache.maven.surefire.junit4.JUnit4Provider.invoke(JUnit4Provider.java:159)
	org.apache.maven.surefire.booter.ForkedBooter.invokeProviderInSameClassLoader(ForkedBooter.java:379)
	org.apache.maven.surefire.booter.ForkedBooter.runSuitesInProcess(ForkedBooter.java:340)
	org.apache.maven.surefire.booter.ForkedBooter.execute(ForkedBooter.java:125)
	org.apache.maven.surefire.booter.ForkedBooter.main(ForkedBooter.java:413)
#3:
	io.netty.buffer.AdvancedLeakAwareByteBuf.writeLong(AdvancedLeakAwareByteBuf.java:568)
	org.apache.bookkeeper.proto.checksum.DigestManager.computeDigestAndPackageForSending(DigestManager.java:108)
	org.apache.bookkeeper.client.ClientUtil.generatePacket(ClientUtil.java:53)
	org.apache.bookkeeper.client.ClientUtil.generatePacket(ClientUtil.java:46)
	org.apache.bookkeeper.bookie.BookieJournalTest.writeV4Journal(BookieJournalTest.java:279)
	org.apache.bookkeeper.bookie.BookieJournalTest.testJournalScanIOException(BookieJournalTest.java:816)
	java.base/jdk.internal.reflect.NativeMethodAccessorImpl.invoke0(Native Method)
	java.base/jdk.internal.reflect.NativeMethodAccessorImpl.invoke(NativeMethodAccessorImpl.java:62)
	java.base/jdk.internal.reflect.DelegatingMethodAccessorImpl.invoke(DelegatingMethodAccessorImpl.java:43)
	java.base/java.lang.reflect.Method.invoke(Method.java:566)
	org.junit.internal.runners.TestMethod.invoke(TestMethod.java:68)
	org.powermock.modules.junit4.internal.impl.PowerMockJUnit44RunnerDelegateImpl$PowerMockJUnit44MethodRunner.runTestMethod(PowerMockJUnit44RunnerDelegateImpl.java:326)
	org.junit.internal.runners.MethodRoadie$2.run(MethodRoadie.java:89)
	org.junit.internal.runners.MethodRoadie.runBeforesThenTestThenAfters(MethodRoadie.java:97)
	org.powermock.modules.junit4.internal.impl.PowerMockJUnit44RunnerDelegateImpl$PowerMockJUnit44MethodRunner.executeTest(PowerMockJUnit44RunnerDelegateImpl.java:310)
	org.powermock.modules.junit4.internal.impl.PowerMockJUnit47RunnerDelegateImpl$PowerMockJUnit47MethodRunner.executeTestInSuper(PowerMockJUnit47RunnerDelegateImpl.java:131)
	org.powermock.modules.junit4.internal.impl.PowerMockJUnit47RunnerDelegateImpl$PowerMockJUnit47MethodRunner.access$100(PowerMockJUnit47RunnerDelegateImpl.java:59)
	org.powermock.modules.junit4.internal.impl.PowerMockJUnit47RunnerDelegateImpl$PowerMockJUnit47MethodRunner$TestExecutorStatement.evaluate(PowerMockJUnit47RunnerDelegateImpl.java:147)
	org.powermock.modules.junit4.internal.impl.PowerMockJUnit47RunnerDelegateImpl$PowerMockJUnit47MethodRunner.evaluateStatement(PowerMockJUnit47RunnerDelegateImpl.java:107)
	org.powermock.modules.junit4.internal.impl.PowerMockJUnit47RunnerDelegateImpl$PowerMockJUnit47MethodRunner.executeTest(PowerMockJUnit47RunnerDelegateImpl.java:82)
	org.powermock.modules.junit4.internal.impl.PowerMockJUnit44RunnerDelegateImpl$PowerMockJUnit44MethodRunner.runBeforesThenTestThenAfters(PowerMockJUnit44RunnerDelegateImpl.java:298)
	org.junit.internal.runners.MethodRoadie.runTest(MethodRoadie.java:87)
	org.junit.internal.runners.MethodRoadie.run(MethodRoadie.java:50)
	org.powermock.modules.junit4.internal.impl.PowerMockJUnit44RunnerDelegateImpl.invokeTestMethod(PowerMockJUnit44RunnerDelegateImpl.java:218)
	org.powermock.modules.junit4.internal.impl.PowerMockJUnit44RunnerDelegateImpl.runMethods(PowerMockJUnit44RunnerDelegateImpl.java:160)
	org.powermock.modules.junit4.internal.impl.PowerMockJUnit44RunnerDelegateImpl$1.run(PowerMockJUnit44RunnerDelegateImpl.java:134)
	org.junit.internal.runners.ClassRoadie.runUnprotected(ClassRoadie.java:34)
	org.junit.internal.runners.ClassRoadie.runProtected(ClassRoadie.java:44)
	org.powermock.modules.junit4.internal.impl.PowerMockJUnit44RunnerDelegateImpl.run(PowerMockJUnit44RunnerDelegateImpl.java:136)
	org.powermock.modules.junit4.common.internal.impl.JUnit4TestSuiteChunkerImpl.run(JUnit4TestSuiteChunkerImpl.java:117)
	org.powermock.modules.junit4.common.internal.impl.AbstractCommonPowerMockRunner.run(AbstractCommonPowerMockRunner.java:57)
	org.powermock.modules.junit4.PowerMockRunner.run(PowerMockRunner.java:59)
	org.apache.maven.surefire.junit4.JUnit4Provider.execute(JUnit4Provider.java:365)
	org.apache.maven.surefire.junit4.JUnit4Provider.executeWithRerun(JUnit4Provider.java:290)
	org.apache.maven.surefire.junit4.JUnit4Provider.executeTestSet(JUnit4Provider.java:238)
	org.apache.maven.surefire.junit4.JUnit4Provider.invoke(JUnit4Provider.java:159)
	org.apache.maven.surefire.booter.ForkedBooter.invokeProviderInSameClassLoader(ForkedBooter.java:379)
	org.apache.maven.surefire.booter.ForkedBooter.runSuitesInProcess(ForkedBooter.java:340)
	org.apache.maven.surefire.booter.ForkedBooter.execute(ForkedBooter.java:125)
	org.apache.maven.surefire.booter.ForkedBooter.main(ForkedBooter.java:413)
#4:
	io.netty.buffer.AdvancedLeakAwareByteBuf.writeLong(AdvancedLeakAwareByteBuf.java:568)
	org.apache.bookkeeper.proto.checksum.DigestManager.computeDigestAndPackageForSending(DigestManager.java:107)
	org.apache.bookkeeper.client.ClientUtil.generatePacket(ClientUtil.java:53)
	org.apache.bookkeeper.client.ClientUtil.generatePacket(ClientUtil.java:46)
	org.apache.bookkeeper.bookie.BookieJournalTest.writeV4Journal(BookieJournalTest.java:279)
	org.apache.bookkeeper.bookie.BookieJournalTest.testJournalScanIOException(BookieJournalTest.java:816)
	java.base/jdk.internal.reflect.NativeMethodAccessorImpl.invoke0(Native Method)
	java.base/jdk.internal.reflect.NativeMethodAccessorImpl.invoke(NativeMethodAccessorImpl.java:62)
	java.base/jdk.internal.reflect.DelegatingMethodAccessorImpl.invoke(DelegatingMethodAccessorImpl.java:43)
	java.base/java.lang.reflect.Method.invoke(Method.java:566)
	org.junit.internal.runners.TestMethod.invoke(TestMethod.java:68)
	org.powermock.modules.junit4.internal.impl.PowerMockJUnit44RunnerDelegateImpl$PowerMockJUnit44MethodRunner.runTestMethod(PowerMockJUnit44RunnerDelegateImpl.java:326)
	org.junit.internal.runners.MethodRoadie$2.run(MethodRoadie.java:89)
	org.junit.internal.runners.MethodRoadie.runBeforesThenTestThenAfters(MethodRoadie.java:97)
	org.powermock.modules.junit4.internal.impl.PowerMockJUnit44RunnerDelegateImpl$PowerMockJUnit44MethodRunner.executeTest(PowerMockJUnit44RunnerDelegateImpl.java:310)
	org.powermock.modules.junit4.internal.impl.PowerMockJUnit47RunnerDelegateImpl$PowerMockJUnit47MethodRunner.executeTestInSuper(PowerMockJUnit47RunnerDelegateImpl.java:131)
	org.powermock.modules.junit4.internal.impl.PowerMockJUnit47RunnerDelegateImpl$PowerMockJUnit47MethodRunner.access$100(PowerMockJUnit47RunnerDelegateImpl.java:59)
	org.powermock.modules.junit4.internal.impl.PowerMockJUnit47RunnerDelegateImpl$PowerMockJUnit47MethodRunner$TestExecutorStatement.evaluate(PowerMockJUnit47RunnerDelegateImpl.java:147)
	org.powermock.modules.junit4.internal.impl.PowerMockJUnit47RunnerDelegateImpl$PowerMockJUnit47MethodRunner.evaluateStatement(PowerMockJUnit47RunnerDelegateImpl.java:107)
	org.powermock.modules.junit4.internal.impl.PowerMockJUnit47RunnerDelegateImpl$PowerMockJUnit47MethodRunner.executeTest(PowerMockJUnit47RunnerDelegateImpl.java:82)
	org.powermock.modules.junit4.internal.impl.PowerMockJUnit44RunnerDelegateImpl$PowerMockJUnit44MethodRunner.runBeforesThenTestThenAfters(PowerMockJUnit44RunnerDelegateImpl.java:298)
	org.junit.internal.runners.MethodRoadie.runTest(MethodRoadie.java:87)
	org.junit.internal.runners.MethodRoadie.run(MethodRoadie.java:50)
	org.powermock.modules.junit4.internal.impl.PowerMockJUnit44RunnerDelegateImpl.invokeTestMethod(PowerMockJUnit44RunnerDelegateImpl.java:218)
	org.powermock.modules.junit4.internal.impl.PowerMockJUnit44RunnerDelegateImpl.runMethods(PowerMockJUnit44RunnerDelegateImpl.java:160)
	org.powermock.modules.junit4.internal.impl.PowerMockJUnit44RunnerDelegateImpl$1.run(PowerMockJUnit44RunnerDelegateImpl.java:134)
	org.junit.internal.runners.ClassRoadie.runUnprotected(ClassRoadie.java:34)
	org.junit.internal.runners.ClassRoadie.runProtected(ClassRoadie.java:44)
	org.powermock.modules.junit4.internal.impl.PowerMockJUnit44RunnerDelegateImpl.run(PowerMockJUnit44RunnerDelegateImpl.java:136)
	org.powermock.modules.junit4.common.internal.impl.JUnit4TestSuiteChunkerImpl.run(JUnit4TestSuiteChunkerImpl.java:117)
	org.powermock.modules.junit4.common.internal.impl.AbstractCommonPowerMockRunner.run(AbstractCommonPowerMockRunner.java:57)
	org.powermock.modules.junit4.PowerMockRunner.run(PowerMockRunner.java:59)
	org.apache.maven.surefire.junit4.JUnit4Provider.execute(JUnit4Provider.java:365)
	org.apache.maven.surefire.junit4.JUnit4Provider.executeWithRerun(JUnit4Provider.java:290)
	org.apache.maven.surefire.junit4.JUnit4Provider.executeTestSet(JUnit4Provider.java:238)
	org.apache.maven.surefire.junit4.JUnit4Provider.invoke(JUnit4Provider.java:159)
	org.apache.maven.surefire.booter.ForkedBooter.invokeProviderInSameClassLoader(ForkedBooter.java:379)
	org.apache.maven.surefire.booter.ForkedBooter.runSuitesInProcess(ForkedBooter.java:340)
	org.apache.maven.surefire.booter.ForkedBooter.execute(ForkedBooter.java:125)
	org.apache.maven.surefire.booter.ForkedBooter.main(ForkedBooter.java:413)
Created at:
	io.netty.buffer.UnpooledByteBufAllocator.newDirectBuffer(UnpooledByteBufAllocator.java:96)
	io.netty.buffer.AbstractByteBufAllocator.directBuffer(AbstractByteBufAllocator.java:185)
	io.netty.buffer.AbstractByteBufAllocator.directBuffer(AbstractByteBufAllocator.java:176)
	io.netty.buffer.AbstractByteBufAllocator.buffer(AbstractByteBufAllocator.java:113)
	org.apache.bookkeeper.proto.checksum.DigestManager.computeDigestAndPackageForSending(DigestManager.java:103)
	org.apache.bookkeeper.client.ClientUtil.generatePacket(ClientUtil.java:53)
	org.apache.bookkeeper.client.ClientUtil.generatePacket(ClientUtil.java:46)
	org.apache.bookkeeper.bookie.BookieJournalTest.writeV4Journal(BookieJournalTest.java:279)
	org.apache.bookkeeper.bookie.BookieJournalTest.testJournalScanIOException(BookieJournalTest.java:816)
	java.base/jdk.internal.reflect.NativeMethodAccessorImpl.invoke0(Native Method)
	java.base/jdk.internal.reflect.NativeMethodAccessorImpl.invoke(NativeMethodAccessorImpl.java:62)
	java.base/jdk.internal.reflect.DelegatingMethodAccessorImpl.invoke(DelegatingMethodAccessorImpl.java:43)
	java.base/java.lang.reflect.Method.invoke(Method.java:566)
	org.junit.internal.runners.TestMethod.invoke(TestMethod.java:68)
	org.powermock.modules.junit4.internal.impl.PowerMockJUnit44RunnerDelegateImpl$PowerMockJUnit44MethodRunner.runTestMethod(PowerMockJUnit44RunnerDelegateImpl.java:326)
	org.junit.internal.runners.MethodRoadie$2.run(MethodRoadie.java:89)
	org.junit.internal.runners.MethodRoadie.runBeforesThenTestThenAfters(MethodRoadie.java:97)
	org.powermock.modules.junit4.internal.impl.PowerMockJUnit44RunnerDelegateImpl$PowerMockJUnit44MethodRunner.executeTest(PowerMockJUnit44RunnerDelegateImpl.java:310)
	org.powermock.modules.junit4.internal.impl.PowerMockJUnit47RunnerDelegateImpl$PowerMockJUnit47MethodRunner.executeTestInSuper(PowerMockJUnit47RunnerDelegateImpl.java:131)
	org.powermock.modules.junit4.internal.impl.PowerMockJUnit47RunnerDelegateImpl$PowerMockJUnit47MethodRunner.access$100(PowerMockJUnit47RunnerDelegateImpl.java:59)
	org.powermock.modules.junit4.internal.impl.PowerMockJUnit47RunnerDelegateImpl$PowerMockJUnit47MethodRunner$TestExecutorStatement.evaluate(PowerMockJUnit47RunnerDelegateImpl.java:147)
	org.powermock.modules.junit4.internal.impl.PowerMockJUnit47RunnerDelegateImpl$PowerMockJUnit47MethodRunner.evaluateStatement(PowerMockJUnit47RunnerDelegateImpl.java:107)
	org.powermock.modules.junit4.internal.impl.PowerMockJUnit47RunnerDelegateImpl$PowerMockJUnit47MethodRunner.executeTest(PowerMockJUnit47RunnerDelegateImpl.java:82)
	org.powermock.modules.junit4.internal.impl.PowerMockJUnit44RunnerDelegateImpl$PowerMockJUnit44MethodRunner.runBeforesThenTestThenAfters(PowerMockJUnit44RunnerDelegateImpl.java:298)
	org.junit.internal.runners.MethodRoadie.runTest(MethodRoadie.java:87)
	org.junit.internal.runners.MethodRoadie.run(MethodRoadie.java:50)
	org.powermock.modules.junit4.internal.impl.PowerMockJUnit44RunnerDelegateImpl.invokeTestMethod(PowerMockJUnit44RunnerDelegateImpl.java:218)
	org.powermock.modules.junit4.internal.impl.PowerMockJUnit44RunnerDelegateImpl.runMethods(PowerMockJUnit44RunnerDelegateImpl.java:160)
	org.powermock.modules.junit4.internal.impl.PowerMockJUnit44RunnerDelegateImpl$1.run(PowerMockJUnit44RunnerDelegateImpl.java:134)
	org.junit.internal.runners.ClassRoadie.runUnprotected(ClassRoadie.java:34)
	org.junit.internal.runners.ClassRoadie.runProtected(ClassRoadie.java:44)
	org.powermock.modules.junit4.internal.impl.PowerMockJUnit44RunnerDelegateImpl.run(PowerMockJUnit44RunnerDelegateImpl.java:136)
	org.powermock.modules.junit4.common.internal.impl.JUnit4TestSuiteChunkerImpl.run(JUnit4TestSuiteChunkerImpl.java:117)
	org.powermock.modules.junit4.common.internal.impl.AbstractCommonPowerMockRunner.run(AbstractCommonPowerMockRunner.java:57)
	org.powermock.modules.junit4.PowerMockRunner.run(PowerMockRunner.java:59)
	org.apache.maven.surefire.junit4.JUnit4Provider.execute(JUnit4Provider.java:365)
	org.apache.maven.surefire.junit4.JUnit4Provider.executeWithRerun(JUnit4Provider.java:290)
	org.apache.maven.surefire.junit4.JUnit4Provider.executeTestSet(JUnit4Provider.java:238)
	org.apache.maven.surefire.junit4.JUnit4Provider.invoke(JUnit4Provider.java:159)
	org.apache.maven.surefire.booter.ForkedBooter.invokeProviderInSameClassLoader(ForkedBooter.java:379)
	org.apache.maven.surefire.booter.ForkedBooter.runSuitesInProcess(ForkedBooter.java:340)
	org.apache.maven.surefire.booter.ForkedBooter.execute(ForkedBooter.java:125)
	org.apache.maven.surefire.booter.ForkedBooter.main(ForkedBooter.java:413)
: 1 leak records were discarded because the leak record count is targeted to 4. Use system property io.netty.leakDetection.targetRecords to increase the limit.
2020-08-10 23:35:52,994 - ERROR - [main:ResourceLeakDetector@317] - LEAK: ByteBuf.release() was not called before it's garbage-collected. See http://netty.io/wiki/reference-counted-objects.html for more information.
Recent access records: 
#1:
	io.netty.buffer.AdvancedLeakAwareByteBuf.writeLong(AdvancedLeakAwareByteBuf.java:568)
	org.apache.bookkeeper.proto.checksum.CRC32DigestManager.populateValueAndReset(CRC32DigestManager.java:61)
	org.apache.bookkeeper.proto.checksum.DigestManager.computeDigestAndPackageForSending(DigestManager.java:114)
	org.apache.bookkeeper.client.ClientUtil.generatePacket(ClientUtil.java:53)
	org.apache.bookkeeper.client.ClientUtil.generatePacket(ClientUtil.java:46)
	org.apache.bookkeeper.bookie.BookieJournalTest.writeV2Journal(BookieJournalTest.java:212)
	org.apache.bookkeeper.bookie.BookieJournalTest.testTruncatedInEntryJournal(BookieJournalTest.java:615)
	java.base/jdk.internal.reflect.NativeMethodAccessorImpl.invoke0(Native Method)
	java.base/jdk.internal.reflect.NativeMethodAccessorImpl.invoke(NativeMethodAccessorImpl.java:62)
	java.base/jdk.internal.reflect.DelegatingMethodAccessorImpl.invoke(DelegatingMethodAccessorImpl.java:43)
	java.base/java.lang.reflect.Method.invoke(Method.java:566)
	org.junit.internal.runners.TestMethod.invoke(TestMethod.java:68)
	org.powermock.modules.junit4.internal.impl.PowerMockJUnit44RunnerDelegateImpl$PowerMockJUnit44MethodRunner.runTestMethod(PowerMockJUnit44RunnerDelegateImpl.java:326)
	org.junit.internal.runners.MethodRoadie$2.run(MethodRoadie.java:89)
	org.junit.internal.runners.MethodRoadie.runBeforesThenTestThenAfters(MethodRoadie.java:97)
	org.powermock.modules.junit4.internal.impl.PowerMockJUnit44RunnerDelegateImpl$PowerMockJUnit44MethodRunner.executeTest(PowerMockJUnit44RunnerDelegateImpl.java:310)
	org.powermock.modules.junit4.internal.impl.PowerMockJUnit47RunnerDelegateImpl$PowerMockJUnit47MethodRunner.executeTestInSuper(PowerMockJUnit47RunnerDelegateImpl.java:131)
	org.powermock.modules.junit4.internal.impl.PowerMockJUnit47RunnerDelegateImpl$PowerMockJUnit47MethodRunner.access$100(PowerMockJUnit47RunnerDelegateImpl.java:59)
	org.powermock.modules.junit4.internal.impl.PowerMockJUnit47RunnerDelegateImpl$PowerMockJUnit47MethodRunner$TestExecutorStatement.evaluate(PowerMockJUnit47RunnerDelegateImpl.java:147)
	org.powermock.modules.junit4.internal.impl.PowerMockJUnit47RunnerDelegateImpl$PowerMockJUnit47MethodRunner.evaluateStatement(PowerMockJUnit47RunnerDelegateImpl.java:107)
	org.powermock.modules.junit4.internal.impl.PowerMockJUnit47RunnerDelegateImpl$PowerMockJUnit47MethodRunner.executeTest(PowerMockJUnit47RunnerDelegateImpl.java:82)
	org.powermock.modules.junit4.internal.impl.PowerMockJUnit44RunnerDelegateImpl$PowerMockJUnit44MethodRunner.runBeforesThenTestThenAfters(PowerMockJUnit44RunnerDelegateImpl.java:298)
	org.junit.internal.runners.MethodRoadie.runTest(MethodRoadie.java:87)
	org.junit.internal.runners.MethodRoadie.run(MethodRoadie.java:50)
	org.powermock.modules.junit4.internal.impl.PowerMockJUnit44RunnerDelegateImpl.invokeTestMethod(PowerMockJUnit44RunnerDelegateImpl.java:218)
	org.powermock.modules.junit4.internal.impl.PowerMockJUnit44RunnerDelegateImpl.runMethods(PowerMockJUnit44RunnerDelegateImpl.java:160)
	org.powermock.modules.junit4.internal.impl.PowerMockJUnit44RunnerDelegateImpl$1.run(PowerMockJUnit44RunnerDelegateImpl.java:134)
	org.junit.internal.runners.ClassRoadie.runUnprotected(ClassRoadie.java:34)
	org.junit.internal.runners.ClassRoadie.runProtected(ClassRoadie.java:44)
	org.powermock.modules.junit4.internal.impl.PowerMockJUnit44RunnerDelegateImpl.run(PowerMockJUnit44RunnerDelegateImpl.java:136)
	org.powermock.modules.junit4.common.internal.impl.JUnit4TestSuiteChunkerImpl.run(JUnit4TestSuiteChunkerImpl.java:117)
	org.powermock.modules.junit4.common.internal.impl.AbstractCommonPowerMockRunner.run(AbstractCommonPowerMockRunner.java:57)
	org.powermock.modules.junit4.PowerMockRunner.run(PowerMockRunner.java:59)
	org.apache.maven.surefire.junit4.JUnit4Provider.execute(JUnit4Provider.java:365)
	org.apache.maven.surefire.junit4.JUnit4Provider.executeWithRerun(JUnit4Provider.java:290)
	org.apache.maven.surefire.junit4.JUnit4Provider.executeTestSet(JUnit4Provider.java:238)
	org.apache.maven.surefire.junit4.JUnit4Provider.invoke(JUnit4Provider.java:159)
	org.apache.maven.surefire.booter.ForkedBooter.invokeProviderInSameClassLoader(ForkedBooter.java:379)
	org.apache.maven.surefire.booter.ForkedBooter.runSuitesInProcess(ForkedBooter.java:340)
	org.apache.maven.surefire.booter.ForkedBooter.execute(ForkedBooter.java:125)
	org.apache.maven.surefire.booter.ForkedBooter.main(ForkedBooter.java:413)
#2:
	io.netty.buffer.AdvancedLeakAwareByteBuf.writeLong(AdvancedLeakAwareByteBuf.java:568)
	org.apache.bookkeeper.proto.checksum.DigestManager.computeDigestAndPackageForSending(DigestManager.java:109)
	org.apache.bookkeeper.client.ClientUtil.generatePacket(ClientUtil.java:53)
	org.apache.bookkeeper.client.ClientUtil.generatePacket(ClientUtil.java:46)
	org.apache.bookkeeper.bookie.BookieJournalTest.writeV2Journal(BookieJournalTest.java:212)
	org.apache.bookkeeper.bookie.BookieJournalTest.testTruncatedInEntryJournal(BookieJournalTest.java:615)
	java.base/jdk.internal.reflect.NativeMethodAccessorImpl.invoke0(Native Method)
	java.base/jdk.internal.reflect.NativeMethodAccessorImpl.invoke(NativeMethodAccessorImpl.java:62)
	java.base/jdk.internal.reflect.DelegatingMethodAccessorImpl.invoke(DelegatingMethodAccessorImpl.java:43)
	java.base/java.lang.reflect.Method.invoke(Method.java:566)
	org.junit.internal.runners.TestMethod.invoke(TestMethod.java:68)
	org.powermock.modules.junit4.internal.impl.PowerMockJUnit44RunnerDelegateImpl$PowerMockJUnit44MethodRunner.runTestMethod(PowerMockJUnit44RunnerDelegateImpl.java:326)
	org.junit.internal.runners.MethodRoadie$2.run(MethodRoadie.java:89)
	org.junit.internal.runners.MethodRoadie.runBeforesThenTestThenAfters(MethodRoadie.java:97)
	org.powermock.modules.junit4.internal.impl.PowerMockJUnit44RunnerDelegateImpl$PowerMockJUnit44MethodRunner.executeTest(PowerMockJUnit44RunnerDelegateImpl.java:310)
	org.powermock.modules.junit4.internal.impl.PowerMockJUnit47RunnerDelegateImpl$PowerMockJUnit47MethodRunner.executeTestInSuper(PowerMockJUnit47RunnerDelegateImpl.java:131)
	org.powermock.modules.junit4.internal.impl.PowerMockJUnit47RunnerDelegateImpl$PowerMockJUnit47MethodRunner.access$100(PowerMockJUnit47RunnerDelegateImpl.java:59)
	org.powermock.modules.junit4.internal.impl.PowerMockJUnit47RunnerDelegateImpl$PowerMockJUnit47MethodRunner$TestExecutorStatement.evaluate(PowerMockJUnit47RunnerDelegateImpl.java:147)
	org.powermock.modules.junit4.internal.impl.PowerMockJUnit47RunnerDelegateImpl$PowerMockJUnit47MethodRunner.evaluateStatement(PowerMockJUnit47RunnerDelegateImpl.java:107)
	org.powermock.modules.junit4.internal.impl.PowerMockJUnit47RunnerDelegateImpl$PowerMockJUnit47MethodRunner.executeTest(PowerMockJUnit47RunnerDelegateImpl.java:82)
	org.powermock.modules.junit4.internal.impl.PowerMockJUnit44RunnerDelegateImpl$PowerMockJUnit44MethodRunner.runBeforesThenTestThenAfters(PowerMockJUnit44RunnerDelegateImpl.java:298)
	org.junit.internal.runners.MethodRoadie.runTest(MethodRoadie.java:87)
	org.junit.internal.runners.MethodRoadie.run(MethodRoadie.java:50)
	org.powermock.modules.junit4.internal.impl.PowerMockJUnit44RunnerDelegateImpl.invokeTestMethod(PowerMockJUnit44RunnerDelegateImpl.java:218)
	org.powermock.modules.junit4.internal.impl.PowerMockJUnit44RunnerDelegateImpl.runMethods(PowerMockJUnit44RunnerDelegateImpl.java:160)
	org.powermock.modules.junit4.internal.impl.PowerMockJUnit44RunnerDelegateImpl$1.run(PowerMockJUnit44RunnerDelegateImpl.java:134)
	org.junit.internal.runners.ClassRoadie.runUnprotected(ClassRoadie.java:34)
	org.junit.internal.runners.ClassRoadie.runProtected(ClassRoadie.java:44)
	org.powermock.modules.junit4.internal.impl.PowerMockJUnit44RunnerDelegateImpl.run(PowerMockJUnit44RunnerDelegateImpl.java:136)
	org.powermock.modules.junit4.common.internal.impl.JUnit4TestSuiteChunkerImpl.run(JUnit4TestSuiteChunkerImpl.java:117)
	org.powermock.modules.junit4.common.internal.impl.AbstractCommonPowerMockRunner.run(AbstractCommonPowerMockRunner.java:57)
	org.powermock.modules.junit4.PowerMockRunner.run(PowerMockRunner.java:59)
	org.apache.maven.surefire.junit4.JUnit4Provider.execute(JUnit4Provider.java:365)
	org.apache.maven.surefire.junit4.JUnit4Provider.executeWithRerun(JUnit4Provider.java:290)
	org.apache.maven.surefire.junit4.JUnit4Provider.executeTestSet(JUnit4Provider.java:238)
	org.apache.maven.surefire.junit4.JUnit4Provider.invoke(JUnit4Provider.java:159)
	org.apache.maven.surefire.booter.ForkedBooter.invokeProviderInSameClassLoader(ForkedBooter.java:379)
	org.apache.maven.surefire.booter.ForkedBooter.runSuitesInProcess(ForkedBooter.java:340)
	org.apache.maven.surefire.booter.ForkedBooter.execute(ForkedBooter.java:125)
	org.apache.maven.surefire.booter.ForkedBooter.main(ForkedBooter.java:413)
#3:
	io.netty.buffer.AdvancedLeakAwareByteBuf.writeLong(AdvancedLeakAwareByteBuf.java:568)
	org.apache.bookkeeper.proto.checksum.DigestManager.computeDigestAndPackageForSending(DigestManager.java:108)
	org.apache.bookkeeper.client.ClientUtil.generatePacket(ClientUtil.java:53)
	org.apache.bookkeeper.client.ClientUtil.generatePacket(ClientUtil.java:46)
	org.apache.bookkeeper.bookie.BookieJournalTest.writeV2Journal(BookieJournalTest.java:212)
	org.apache.bookkeeper.bookie.BookieJournalTest.testTruncatedInEntryJournal(BookieJournalTest.java:615)
	java.base/jdk.internal.reflect.NativeMethodAccessorImpl.invoke0(Native Method)
	java.base/jdk.internal.reflect.NativeMethodAccessorImpl.invoke(NativeMethodAccessorImpl.java:62)
	java.base/jdk.internal.reflect.DelegatingMethodAccessorImpl.invoke(DelegatingMethodAccessorImpl.java:43)
	java.base/java.lang.reflect.Method.invoke(Method.java:566)
	org.junit.internal.runners.TestMethod.invoke(TestMethod.java:68)
	org.powermock.modules.junit4.internal.impl.PowerMockJUnit44RunnerDelegateImpl$PowerMockJUnit44MethodRunner.runTestMethod(PowerMockJUnit44RunnerDelegateImpl.java:326)
	org.junit.internal.runners.MethodRoadie$2.run(MethodRoadie.java:89)
	org.junit.internal.runners.MethodRoadie.runBeforesThenTestThenAfters(MethodRoadie.java:97)
	org.powermock.modules.junit4.internal.impl.PowerMockJUnit44RunnerDelegateImpl$PowerMockJUnit44MethodRunner.executeTest(PowerMockJUnit44RunnerDelegateImpl.java:310)
	org.powermock.modules.junit4.internal.impl.PowerMockJUnit47RunnerDelegateImpl$PowerMockJUnit47MethodRunner.executeTestInSuper(PowerMockJUnit47RunnerDelegateImpl.java:131)
	org.powermock.modules.junit4.internal.impl.PowerMockJUnit47RunnerDelegateImpl$PowerMockJUnit47MethodRunner.access$100(PowerMockJUnit47RunnerDelegateImpl.java:59)
	org.powermock.modules.junit4.internal.impl.PowerMockJUnit47RunnerDelegateImpl$PowerMockJUnit47MethodRunner$TestExecutorStatement.evaluate(PowerMockJUnit47RunnerDelegateImpl.java:147)
	org.powermock.modules.junit4.internal.impl.PowerMockJUnit47RunnerDelegateImpl$PowerMockJUnit47MethodRunner.evaluateStatement(PowerMockJUnit47RunnerDelegateImpl.java:107)
	org.powermock.modules.junit4.internal.impl.PowerMockJUnit47RunnerDelegateImpl$PowerMockJUnit47MethodRunner.executeTest(PowerMockJUnit47RunnerDelegateImpl.java:82)
	org.powermock.modules.junit4.internal.impl.PowerMockJUnit44RunnerDelegateImpl$PowerMockJUnit44MethodRunner.runBeforesThenTestThenAfters(PowerMockJUnit44RunnerDelegateImpl.java:298)
	org.junit.internal.runners.MethodRoadie.runTest(MethodRoadie.java:87)
	org.junit.internal.runners.MethodRoadie.run(MethodRoadie.java:50)
	org.powermock.modules.junit4.internal.impl.PowerMockJUnit44RunnerDelegateImpl.invokeTestMethod(PowerMockJUnit44RunnerDelegateImpl.java:218)
	org.powermock.modules.junit4.internal.impl.PowerMockJUnit44RunnerDelegateImpl.runMethods(PowerMockJUnit44RunnerDelegateImpl.java:160)
	org.powermock.modules.junit4.internal.impl.PowerMockJUnit44RunnerDelegateImpl$1.run(PowerMockJUnit44RunnerDelegateImpl.java:134)
	org.junit.internal.runners.ClassRoadie.runUnprotected(ClassRoadie.java:34)
	org.junit.internal.runners.ClassRoadie.runProtected(ClassRoadie.java:44)
	org.powermock.modules.junit4.internal.impl.PowerMockJUnit44RunnerDelegateImpl.run(PowerMockJUnit44RunnerDelegateImpl.java:136)
	org.powermock.modules.junit4.common.internal.impl.JUnit4TestSuiteChunkerImpl.run(JUnit4TestSuiteChunkerImpl.java:117)
	org.powermock.modules.junit4.common.internal.impl.AbstractCommonPowerMockRunner.run(AbstractCommonPowerMockRunner.java:57)
	org.powermock.modules.junit4.PowerMockRunner.run(PowerMockRunner.java:59)
	org.apache.maven.surefire.junit4.JUnit4Provider.execute(JUnit4Provider.java:365)
	org.apache.maven.surefire.junit4.JUnit4Provider.executeWithRerun(JUnit4Provider.java:290)
	org.apache.maven.surefire.junit4.JUnit4Provider.executeTestSet(JUnit4Provider.java:238)
	org.apache.maven.surefire.junit4.JUnit4Provider.invoke(JUnit4Provider.java:159)
	org.apache.maven.surefire.booter.ForkedBooter.invokeProviderInSameClassLoader(ForkedBooter.java:379)
	org.apache.maven.surefire.booter.ForkedBooter.runSuitesInProcess(ForkedBooter.java:340)
	org.apache.maven.surefire.booter.ForkedBooter.execute(ForkedBooter.java:125)
	org.apache.maven.surefire.booter.ForkedBooter.main(ForkedBooter.java:413)
#4:
	io.netty.buffer.AdvancedLeakAwareByteBuf.writeLong(AdvancedLeakAwareByteBuf.java:568)
	org.apache.bookkeeper.proto.checksum.DigestManager.computeDigestAndPackageForSending(DigestManager.java:107)
	org.apache.bookkeeper.client.ClientUtil.generatePacket(ClientUtil.java:53)
	org.apache.bookkeeper.client.ClientUtil.generatePacket(ClientUtil.java:46)
	org.apache.bookkeeper.bookie.BookieJournalTest.writeV2Journal(BookieJournalTest.java:212)
	org.apache.bookkeeper.bookie.BookieJournalTest.testTruncatedInEntryJournal(BookieJournalTest.java:615)
	java.base/jdk.internal.reflect.NativeMethodAccessorImpl.invoke0(Native Method)
	java.base/jdk.internal.reflect.NativeMethodAccessorImpl.invoke(NativeMethodAccessorImpl.java:62)
	java.base/jdk.internal.reflect.DelegatingMethodAccessorImpl.invoke(DelegatingMethodAccessorImpl.java:43)
	java.base/java.lang.reflect.Method.invoke(Method.java:566)
	org.junit.internal.runners.TestMethod.invoke(TestMethod.java:68)
	org.powermock.modules.junit4.internal.impl.PowerMockJUnit44RunnerDelegateImpl$PowerMockJUnit44MethodRunner.runTestMethod(PowerMockJUnit44RunnerDelegateImpl.java:326)
	org.junit.internal.runners.MethodRoadie$2.run(MethodRoadie.java:89)
	org.junit.internal.runners.MethodRoadie.runBeforesThenTestThenAfters(MethodRoadie.java:97)
	org.powermock.modules.junit4.internal.impl.PowerMockJUnit44RunnerDelegateImpl$PowerMockJUnit44MethodRunner.executeTest(PowerMockJUnit44RunnerDelegateImpl.java:310)
	org.powermock.modules.junit4.internal.impl.PowerMockJUnit47RunnerDelegateImpl$PowerMockJUnit47MethodRunner.executeTestInSuper(PowerMockJUnit47RunnerDelegateImpl.java:131)
	org.powermock.modules.junit4.internal.impl.PowerMockJUnit47RunnerDelegateImpl$PowerMockJUnit47MethodRunner.access$100(PowerMockJUnit47RunnerDelegateImpl.java:59)
	org.powermock.modules.junit4.internal.impl.PowerMockJUnit47RunnerDelegateImpl$PowerMockJUnit47MethodRunner$TestExecutorStatement.evaluate(PowerMockJUnit47RunnerDelegateImpl.java:147)
	org.powermock.modules.junit4.internal.impl.PowerMockJUnit47RunnerDelegateImpl$PowerMockJUnit47MethodRunner.evaluateStatement(PowerMockJUnit47RunnerDelegateImpl.java:107)
	org.powermock.modules.junit4.internal.impl.PowerMockJUnit47RunnerDelegateImpl$PowerMockJUnit47MethodRunner.executeTest(PowerMockJUnit47RunnerDelegateImpl.java:82)
	org.powermock.modules.junit4.internal.impl.PowerMockJUnit44RunnerDelegateImpl$PowerMockJUnit44MethodRunner.runBeforesThenTestThenAfters(PowerMockJUnit44RunnerDelegateImpl.java:298)
	org.junit.internal.runners.MethodRoadie.runTest(MethodRoadie.java:87)
	org.junit.internal.runners.MethodRoadie.run(MethodRoadie.java:50)
	org.powermock.modules.junit4.internal.impl.PowerMockJUnit44RunnerDelegateImpl.invokeTestMethod(PowerMockJUnit44RunnerDelegateImpl.java:218)
	org.powermock.modules.junit4.internal.impl.PowerMockJUnit44RunnerDelegateImpl.runMethods(PowerMockJUnit44RunnerDelegateImpl.java:160)
	org.powermock.modules.junit4.internal.impl.PowerMockJUnit44RunnerDelegateImpl$1.run(PowerMockJUnit44RunnerDelegateImpl.java:134)
	org.junit.internal.runners.ClassRoadie.runUnprotected(ClassRoadie.java:34)
	org.junit.internal.runners.ClassRoadie.runProtected(ClassRoadie.java:44)
	org.powermock.modules.junit4.internal.impl.PowerMockJUnit44RunnerDelegateImpl.run(PowerMockJUnit44RunnerDelegateImpl.java:136)
	org.powermock.modules.junit4.common.internal.impl.JUnit4TestSuiteChunkerImpl.run(JUnit4TestSuiteChunkerImpl.java:117)
	org.powermock.modules.junit4.common.internal.impl.AbstractCommonPowerMockRunner.run(AbstractCommonPowerMockRunner.java:57)
	org.powermock.modules.junit4.PowerMockRunner.run(PowerMockRunner.java:59)
	org.apache.maven.surefire.junit4.JUnit4Provider.execute(JUnit4Provider.java:365)
	org.apache.maven.surefire.junit4.JUnit4Provider.executeWithRerun(JUnit4Provider.java:290)
	org.apache.maven.surefire.junit4.JUnit4Provider.executeTestSet(JUnit4Provider.java:238)
	org.apache.maven.surefire.junit4.JUnit4Provider.invoke(JUnit4Provider.java:159)
	org.apache.maven.surefire.booter.ForkedBooter.invokeProviderInSameClassLoader(ForkedBooter.java:379)
	org.apache.maven.surefire.booter.ForkedBooter.runSuitesInProcess(ForkedBooter.java:340)
	org.apache.maven.surefire.booter.ForkedBooter.execute(ForkedBooter.java:125)
	org.apache.maven.surefire.booter.ForkedBooter.main(ForkedBooter.java:413)
Created at:
	io.netty.buffer.UnpooledByteBufAllocator.newDirectBuffer(UnpooledByteBufAllocator.java:96)
	io.netty.buffer.AbstractByteBufAllocator.directBuffer(AbstractByteBufAllocator.java:185)
	io.netty.buffer.AbstractByteBufAllocator.directBuffer(AbstractByteBufAllocator.java:176)
	io.netty.buffer.AbstractByteBufAllocator.buffer(AbstractByteBufAllocator.java:113)
	org.apache.bookkeeper.proto.checksum.DigestManager.computeDigestAndPackageForSending(DigestManager.java:103)
	org.apache.bookkeeper.client.ClientUtil.generatePacket(ClientUtil.java:53)
	org.apache.bookkeeper.client.ClientUtil.generatePacket(ClientUtil.java:46)
	org.apache.bookkeeper.bookie.BookieJournalTest.writeV2Journal(BookieJournalTest.java:212)
	org.apache.bookkeeper.bookie.BookieJournalTest.testTruncatedInEntryJournal(BookieJournalTest.java:615)
	java.base/jdk.internal.reflect.NativeMethodAccessorImpl.invoke0(Native Method)
	java.base/jdk.internal.reflect.NativeMethodAccessorImpl.invoke(NativeMethodAccessorImpl.java:62)
	java.base/jdk.internal.reflect.DelegatingMethodAccessorImpl.invoke(DelegatingMethodAccessorImpl.java:43)
	java.base/java.lang.reflect.Method.invoke(Method.java:566)
	org.junit.internal.runners.TestMethod.invoke(TestMethod.java:68)
	org.powermock.modules.junit4.internal.impl.PowerMockJUnit44RunnerDelegateImpl$PowerMockJUnit44MethodRunner.runTestMethod(PowerMockJUnit44RunnerDelegateImpl.java:326)
	org.junit.internal.runners.MethodRoadie$2.run(MethodRoadie.java:89)
	org.junit.internal.runners.MethodRoadie.runBeforesThenTestThenAfters(MethodRoadie.java:97)
	org.powermock.modules.junit4.internal.impl.PowerMockJUnit44RunnerDelegateImpl$PowerMockJUnit44MethodRunner.executeTest(PowerMockJUnit44RunnerDelegateImpl.java:310)
	org.powermock.modules.junit4.internal.impl.PowerMockJUnit47RunnerDelegateImpl$PowerMockJUnit47MethodRunner.executeTestInSuper(PowerMockJUnit47RunnerDelegateImpl.java:131)
	org.powermock.modules.junit4.internal.impl.PowerMockJUnit47RunnerDelegateImpl$PowerMockJUnit47MethodRunner.access$100(PowerMockJUnit47RunnerDelegateImpl.java:59)
	org.powermock.modules.junit4.internal.impl.PowerMockJUnit47RunnerDelegateImpl$PowerMockJUnit47MethodRunner$TestExecutorStatement.evaluate(PowerMockJUnit47RunnerDelegateImpl.java:147)
	org.powermock.modules.junit4.internal.impl.PowerMockJUnit47RunnerDelegateImpl$PowerMockJUnit47MethodRunner.evaluateStatement(PowerMockJUnit47RunnerDelegateImpl.java:107)
	org.powermock.modules.junit4.internal.impl.PowerMockJUnit47RunnerDelegateImpl$PowerMockJUnit47MethodRunner.executeTest(PowerMockJUnit47RunnerDelegateImpl.java:82)
	org.powermock.modules.junit4.internal.impl.PowerMockJUnit44RunnerDelegateImpl$PowerMockJUnit44MethodRunner.runBeforesThenTestThenAfters(PowerMockJUnit44RunnerDelegateImpl.java:298)
	org.junit.internal.runners.MethodRoadie.runTest(MethodRoadie.java:87)
	org.junit.internal.runners.MethodRoadie.run(MethodRoadie.java:50)
	org.powermock.modules.junit4.internal.impl.PowerMockJUnit44RunnerDelegateImpl.invokeTestMethod(PowerMockJUnit44RunnerDelegateImpl.java:218)
	org.powermock.modules.junit4.internal.impl.PowerMockJUnit44RunnerDelegateImpl.runMethods(PowerMockJUnit44RunnerDelegateImpl.java:160)
	org.powermock.modules.junit4.internal.impl.PowerMockJUnit44RunnerDelegateImpl$1.run(PowerMockJUnit44RunnerDelegateImpl.java:134)
	org.junit.internal.runners.ClassRoadie.runUnprotected(ClassRoadie.java:34)
	org.junit.internal.runners.ClassRoadie.runProtected(ClassRoadie.java:44)
	org.powermock.modules.junit4.internal.impl.PowerMockJUnit44RunnerDelegateImpl.run(PowerMockJUnit44RunnerDelegateImpl.java:136)
	org.powermock.modules.junit4.common.internal.impl.JUnit4TestSuiteChunkerImpl.run(JUnit4TestSuiteChunkerImpl.java:117)
	org.powermock.modules.junit4.common.internal.impl.AbstractCommonPowerMockRunner.run(AbstractCommonPowerMockRunner.java:57)
	org.powermock.modules.junit4.PowerMockRunner.run(PowerMockRunner.java:59)
	org.apache.maven.surefire.junit4.JUnit4Provider.execute(JUnit4Provider.java:365)
	org.apache.maven.surefire.junit4.JUnit4Provider.executeWithRerun(JUnit4Provider.java:290)
	org.apache.maven.surefire.junit4.JUnit4Provider.executeTestSet(JUnit4Provider.java:238)
	org.apache.maven.surefire.junit4.JUnit4Provider.invoke(JUnit4Provider.java:159)
	org.apache.maven.surefire.booter.ForkedBooter.invokeProviderInSameClassLoader(ForkedBooter.java:379)
	org.apache.maven.surefire.booter.ForkedBooter.runSuitesInProcess(ForkedBooter.java:340)
	org.apache.maven.surefire.booter.ForkedBooter.execute(ForkedBooter.java:125)
	org.apache.maven.surefire.booter.ForkedBooter.main(ForkedBooter.java:413)
: 1 leak records were discarded because the leak record count is targeted to 4. Use system property io.netty.leakDetection.targetRecords to increase the limit.
2020-08-10 23:35:52,998 - ERROR - [main:ResourceLeakDetector@317] - LEAK: ByteBuf.release() was not called before it's garbage-collected. See http://netty.io/wiki/reference-counted-objects.html for more information.
Recent access records: 
#1:
	io.netty.buffer.AdvancedLeakAwareByteBuf.writeLong(AdvancedLeakAwareByteBuf.java:568)
	org.apache.bookkeeper.proto.checksum.CRC32DigestManager.populateValueAndReset(CRC32DigestManager.java:61)
	org.apache.bookkeeper.proto.checksum.DigestManager.computeDigestAndPackageForSending(DigestManager.java:114)
	org.apache.bookkeeper.client.ClientUtil.generatePacket(ClientUtil.java:53)
	org.apache.bookkeeper.client.ClientUtil.generatePacket(ClientUtil.java:46)
	org.apache.bookkeeper.bookie.BookieJournalTest.writeV4Journal(BookieJournalTest.java:279)
	org.apache.bookkeeper.bookie.BookieJournalTest.testJournalScanIOException(BookieJournalTest.java:816)
	java.base/jdk.internal.reflect.NativeMethodAccessorImpl.invoke0(Native Method)
	java.base/jdk.internal.reflect.NativeMethodAccessorImpl.invoke(NativeMethodAccessorImpl.java:62)
	java.base/jdk.internal.reflect.DelegatingMethodAccessorImpl.invoke(DelegatingMethodAccessorImpl.java:43)
	java.base/java.lang.reflect.Method.invoke(Method.java:566)
	org.junit.internal.runners.TestMethod.invoke(TestMethod.java:68)
	org.powermock.modules.junit4.internal.impl.PowerMockJUnit44RunnerDelegateImpl$PowerMockJUnit44MethodRunner.runTestMethod(PowerMockJUnit44RunnerDelegateImpl.java:326)
	org.junit.internal.runners.MethodRoadie$2.run(MethodRoadie.java:89)
	org.junit.internal.runners.MethodRoadie.runBeforesThenTestThenAfters(MethodRoadie.java:97)
	org.powermock.modules.junit4.internal.impl.PowerMockJUnit44RunnerDelegateImpl$PowerMockJUnit44MethodRunner.executeTest(PowerMockJUnit44RunnerDelegateImpl.java:310)
	org.powermock.modules.junit4.internal.impl.PowerMockJUnit47RunnerDelegateImpl$PowerMockJUnit47MethodRunner.executeTestInSuper(PowerMockJUnit47RunnerDelegateImpl.java:131)
	org.powermock.modules.junit4.internal.impl.PowerMockJUnit47RunnerDelegateImpl$PowerMockJUnit47MethodRunner.access$100(PowerMockJUnit47RunnerDelegateImpl.java:59)
	org.powermock.modules.junit4.internal.impl.PowerMockJUnit47RunnerDelegateImpl$PowerMockJUnit47MethodRunner$TestExecutorStatement.evaluate(PowerMockJUnit47RunnerDelegateImpl.java:147)
	org.powermock.modules.junit4.internal.impl.PowerMockJUnit47RunnerDelegateImpl$PowerMockJUnit47MethodRunner.evaluateStatement(PowerMockJUnit47RunnerDelegateImpl.java:107)
	org.powermock.modules.junit4.internal.impl.PowerMockJUnit47RunnerDelegateImpl$PowerMockJUnit47MethodRunner.executeTest(PowerMockJUnit47RunnerDelegateImpl.java:82)
	org.powermock.modules.junit4.internal.impl.PowerMockJUnit44RunnerDelegateImpl$PowerMockJUnit44MethodRunner.runBeforesThenTestThenAfters(PowerMockJUnit44RunnerDelegateImpl.java:298)
	org.junit.internal.runners.MethodRoadie.runTest(MethodRoadie.java:87)
	org.junit.internal.runners.MethodRoadie.run(MethodRoadie.java:50)
	org.powermock.modules.junit4.internal.impl.PowerMockJUnit44RunnerDelegateImpl.invokeTestMethod(PowerMockJUnit44RunnerDelegateImpl.java:218)
	org.powermock.modules.junit4.internal.impl.PowerMockJUnit44RunnerDelegateImpl.runMethods(PowerMockJUnit44RunnerDelegateImpl.java:160)
	org.powermock.modules.junit4.internal.impl.PowerMockJUnit44RunnerDelegateImpl$1.run(PowerMockJUnit44RunnerDelegateImpl.java:134)
	org.junit.internal.runners.ClassRoadie.runUnprotected(ClassRoadie.java:34)
	org.junit.internal.runners.ClassRoadie.runProtected(ClassRoadie.java:44)
	org.powermock.modules.junit4.internal.impl.PowerMockJUnit44RunnerDelegateImpl.run(PowerMockJUnit44RunnerDelegateImpl.java:136)
	org.powermock.modules.junit4.common.internal.impl.JUnit4TestSuiteChunkerImpl.run(JUnit4TestSuiteChunkerImpl.java:117)
	org.powermock.modules.junit4.common.internal.impl.AbstractCommonPowerMockRunner.run(AbstractCommonPowerMockRunner.java:57)
	org.powermock.modules.junit4.PowerMockRunner.run(PowerMockRunner.java:59)
	org.apache.maven.surefire.junit4.JUnit4Provider.execute(JUnit4Provider.java:365)
	org.apache.maven.surefire.junit4.JUnit4Provider.executeWithRerun(JUnit4Provider.java:290)
	org.apache.maven.surefire.junit4.JUnit4Provider.executeTestSet(JUnit4Provider.java:238)
	org.apache.maven.surefire.junit4.JUnit4Provider.invoke(JUnit4Provider.java:159)
	org.apache.maven.surefire.booter.ForkedBooter.invokeProviderInSameClassLoader(ForkedBooter.java:379)
	org.apache.maven.surefire.booter.ForkedBooter.runSuitesInProcess(ForkedBooter.java:340)
	org.apache.maven.surefire.booter.ForkedBooter.execute(ForkedBooter.java:125)
	org.apache.maven.surefire.booter.ForkedBooter.main(ForkedBooter.java:413)
#2:
	io.netty.buffer.AdvancedLeakAwareByteBuf.writeLong(AdvancedLeakAwareByteBuf.java:568)
	org.apache.bookkeeper.proto.checksum.DigestManager.computeDigestAndPackageForSending(DigestManager.java:110)
	org.apache.bookkeeper.client.ClientUtil.generatePacket(ClientUtil.java:53)
	org.apache.bookkeeper.client.ClientUtil.generatePacket(ClientUtil.java:46)
	org.apache.bookkeeper.bookie.BookieJournalTest.writeV4Journal(BookieJournalTest.java:279)
	org.apache.bookkeeper.bookie.BookieJournalTest.testJournalScanIOException(BookieJournalTest.java:816)
	java.base/jdk.internal.reflect.NativeMethodAccessorImpl.invoke0(Native Method)
	java.base/jdk.internal.reflect.NativeMethodAccessorImpl.invoke(NativeMethodAccessorImpl.java:62)
	java.base/jdk.internal.reflect.DelegatingMethodAccessorImpl.invoke(DelegatingMethodAccessorImpl.java:43)
	java.base/java.lang.reflect.Method.invoke(Method.java:566)
	org.junit.internal.runners.TestMethod.invoke(TestMethod.java:68)
	org.powermock.modules.junit4.internal.impl.PowerMockJUnit44RunnerDelegateImpl$PowerMockJUnit44MethodRunner.runTestMethod(PowerMockJUnit44RunnerDelegateImpl.java:326)
	org.junit.internal.runners.MethodRoadie$2.run(MethodRoadie.java:89)
	org.junit.internal.runners.MethodRoadie.runBeforesThenTestThenAfters(MethodRoadie.java:97)
	org.powermock.modules.junit4.internal.impl.PowerMockJUnit44RunnerDelegateImpl$PowerMockJUnit44MethodRunner.executeTest(PowerMockJUnit44RunnerDelegateImpl.java:310)
	org.powermock.modules.junit4.internal.impl.PowerMockJUnit47RunnerDelegateImpl$PowerMockJUnit47MethodRunner.executeTestInSuper(PowerMockJUnit47RunnerDelegateImpl.java:131)
	org.powermock.modules.junit4.internal.impl.PowerMockJUnit47RunnerDelegateImpl$PowerMockJUnit47MethodRunner.access$100(PowerMockJUnit47RunnerDelegateImpl.java:59)
	org.powermock.modules.junit4.internal.impl.PowerMockJUnit47RunnerDelegateImpl$PowerMockJUnit47MethodRunner$TestExecutorStatement.evaluate(PowerMockJUnit47RunnerDelegateImpl.java:147)
	org.powermock.modules.junit4.internal.impl.PowerMockJUnit47RunnerDelegateImpl$PowerMockJUnit47MethodRunner.evaluateStatement(PowerMockJUnit47RunnerDelegateImpl.java:107)
	org.powermock.modules.junit4.internal.impl.PowerMockJUnit47RunnerDelegateImpl$PowerMockJUnit47MethodRunner.executeTest(PowerMockJUnit47RunnerDelegateImpl.java:82)
	org.powermock.modules.junit4.internal.impl.PowerMockJUnit44RunnerDelegateImpl$PowerMockJUnit44MethodRunner.runBeforesThenTestThenAfters(PowerMockJUnit44RunnerDelegateImpl.java:298)
	org.junit.internal.runners.MethodRoadie.runTest(MethodRoadie.java:87)
	org.junit.internal.runners.MethodRoadie.run(MethodRoadie.java:50)
	org.powermock.modules.junit4.internal.impl.PowerMockJUnit44RunnerDelegateImpl.invokeTestMethod(PowerMockJUnit44RunnerDelegateImpl.java:218)
	org.powermock.modules.junit4.internal.impl.PowerMockJUnit44RunnerDelegateImpl.runMethods(PowerMockJUnit44RunnerDelegateImpl.java:160)
	org.powermock.modules.junit4.internal.impl.PowerMockJUnit44RunnerDelegateImpl$1.run(PowerMockJUnit44RunnerDelegateImpl.java:134)
	org.junit.internal.runners.ClassRoadie.runUnprotected(ClassRoadie.java:34)
	org.junit.internal.runners.ClassRoadie.runProtected(ClassRoadie.java:44)
	org.powermock.modules.junit4.internal.impl.PowerMockJUnit44RunnerDelegateImpl.run(PowerMockJUnit44RunnerDelegateImpl.java:136)
	org.powermock.modules.junit4.common.internal.impl.JUnit4TestSuiteChunkerImpl.run(JUnit4TestSuiteChunkerImpl.java:117)
	org.powermock.modules.junit4.common.internal.impl.AbstractCommonPowerMockRunner.run(AbstractCommonPowerMockRunner.java:57)
	org.powermock.modules.junit4.PowerMockRunner.run(PowerMockRunner.java:59)
	org.apache.maven.surefire.junit4.JUnit4Provider.execute(JUnit4Provider.java:365)
	org.apache.maven.surefire.junit4.JUnit4Provider.executeWithRerun(JUnit4Provider.java:290)
	org.apache.maven.surefire.junit4.JUnit4Provider.executeTestSet(JUnit4Provider.java:238)
	org.apache.maven.surefire.junit4.JUnit4Provider.invoke(JUnit4Provider.java:159)
	org.apache.maven.surefire.booter.ForkedBooter.invokeProviderInSameClassLoader(ForkedBooter.java:379)
	org.apache.maven.surefire.booter.ForkedBooter.runSuitesInProcess(ForkedBooter.java:340)
	org.apache.maven.surefire.booter.ForkedBooter.execute(ForkedBooter.java:125)
	org.apache.maven.surefire.booter.ForkedBooter.main(ForkedBooter.java:413)
#3:
	io.netty.buffer.AdvancedLeakAwareByteBuf.writeLong(AdvancedLeakAwareByteBuf.java:568)
	org.apache.bookkeeper.proto.checksum.DigestManager.computeDigestAndPackageForSending(DigestManager.java:109)
	org.apache.bookkeeper.client.ClientUtil.generatePacket(ClientUtil.java:53)
	org.apache.bookkeeper.client.ClientUtil.generatePacket(ClientUtil.java:46)
	org.apache.bookkeeper.bookie.BookieJournalTest.writeV4Journal(BookieJournalTest.java:279)
	org.apache.bookkeeper.bookie.BookieJournalTest.testJournalScanIOException(BookieJournalTest.java:816)
	java.base/jdk.internal.reflect.NativeMethodAccessorImpl.invoke0(Native Method)
	java.base/jdk.internal.reflect.NativeMethodAccessorImpl.invoke(NativeMethodAccessorImpl.java:62)
	java.base/jdk.internal.reflect.DelegatingMethodAccessorImpl.invoke(DelegatingMethodAccessorImpl.java:43)
	java.base/java.lang.reflect.Method.invoke(Method.java:566)
	org.junit.internal.runners.TestMethod.invoke(TestMethod.java:68)
	org.powermock.modules.junit4.internal.impl.PowerMockJUnit44RunnerDelegateImpl$PowerMockJUnit44MethodRunner.runTestMethod(PowerMockJUnit44RunnerDelegateImpl.java:326)
	org.junit.internal.runners.MethodRoadie$2.run(MethodRoadie.java:89)
	org.junit.internal.runners.MethodRoadie.runBeforesThenTestThenAfters(MethodRoadie.java:97)
	org.powermock.modules.junit4.internal.impl.PowerMockJUnit44RunnerDelegateImpl$PowerMockJUnit44MethodRunner.executeTest(PowerMockJUnit44RunnerDelegateImpl.java:310)
	org.powermock.modules.junit4.internal.impl.PowerMockJUnit47RunnerDelegateImpl$PowerMockJUnit47MethodRunner.executeTestInSuper(PowerMockJUnit47RunnerDelegateImpl.java:131)
	org.powermock.modules.junit4.internal.impl.PowerMockJUnit47RunnerDelegateImpl$PowerMockJUnit47MethodRunner.access$100(PowerMockJUnit47RunnerDelegateImpl.java:59)
	org.powermock.modules.junit4.internal.impl.PowerMockJUnit47RunnerDelegateImpl$PowerMockJUnit47MethodRunner$TestExecutorStatement.evaluate(PowerMockJUnit47RunnerDelegateImpl.java:147)
	org.powermock.modules.junit4.internal.impl.PowerMockJUnit47RunnerDelegateImpl$PowerMockJUnit47MethodRunner.evaluateStatement(PowerMockJUnit47RunnerDelegateImpl.java:107)
	org.powermock.modules.junit4.internal.impl.PowerMockJUnit47RunnerDelegateImpl$PowerMockJUnit47MethodRunner.executeTest(PowerMockJUnit47RunnerDelegateImpl.java:82)
	org.powermock.modules.junit4.internal.impl.PowerMockJUnit44RunnerDelegateImpl$PowerMockJUnit44MethodRunner.runBeforesThenTestThenAfters(PowerMockJUnit44RunnerDelegateImpl.java:298)
	org.junit.internal.runners.MethodRoadie.runTest(MethodRoadie.java:87)
	org.junit.internal.runners.MethodRoadie.run(MethodRoadie.java:50)
	org.powermock.modules.junit4.internal.impl.PowerMockJUnit44RunnerDelegateImpl.invokeTestMethod(PowerMockJUnit44RunnerDelegateImpl.java:218)
	org.powermock.modules.junit4.internal.impl.PowerMockJUnit44RunnerDelegateImpl.runMethods(PowerMockJUnit44RunnerDelegateImpl.java:160)
	org.powermock.modules.junit4.internal.impl.PowerMockJUnit44RunnerDelegateImpl$1.run(PowerMockJUnit44RunnerDelegateImpl.java:134)
	org.junit.internal.runners.ClassRoadie.runUnprotected(ClassRoadie.java:34)
	org.junit.internal.runners.ClassRoadie.runProtected(ClassRoadie.java:44)
	org.powermock.modules.junit4.internal.impl.PowerMockJUnit44RunnerDelegateImpl.run(PowerMockJUnit44RunnerDelegateImpl.java:136)
	org.powermock.modules.junit4.common.internal.impl.JUnit4TestSuiteChunkerImpl.run(JUnit4TestSuiteChunkerImpl.java:117)
	org.powermock.modules.junit4.common.internal.impl.AbstractCommonPowerMockRunner.run(AbstractCommonPowerMockRunner.java:57)
	org.powermock.modules.junit4.PowerMockRunner.run(PowerMockRunner.java:59)
	org.apache.maven.surefire.junit4.JUnit4Provider.execute(JUnit4Provider.java:365)
	org.apache.maven.surefire.junit4.JUnit4Provider.executeWithRerun(JUnit4Provider.java:290)
	org.apache.maven.surefire.junit4.JUnit4Provider.executeTestSet(JUnit4Provider.java:238)
	org.apache.maven.surefire.junit4.JUnit4Provider.invoke(JUnit4Provider.java:159)
	org.apache.maven.surefire.booter.ForkedBooter.invokeProviderInSameClassLoader(ForkedBooter.java:379)
	org.apache.maven.surefire.booter.ForkedBooter.runSuitesInProcess(ForkedBooter.java:340)
	org.apache.maven.surefire.booter.ForkedBooter.execute(ForkedBooter.java:125)
	org.apache.maven.surefire.booter.ForkedBooter.main(ForkedBooter.java:413)
#4:
	io.netty.buffer.AdvancedLeakAwareByteBuf.writeLong(AdvancedLeakAwareByteBuf.java:568)
	org.apache.bookkeeper.proto.checksum.DigestManager.computeDigestAndPackageForSending(DigestManager.java:108)
	org.apache.bookkeeper.client.ClientUtil.generatePacket(ClientUtil.java:53)
	org.apache.bookkeeper.client.ClientUtil.generatePacket(ClientUtil.java:46)
	org.apache.bookkeeper.bookie.BookieJournalTest.writeV4Journal(BookieJournalTest.java:279)
	org.apache.bookkeeper.bookie.BookieJournalTest.testJournalScanIOException(BookieJournalTest.java:816)
	java.base/jdk.internal.reflect.NativeMethodAccessorImpl.invoke0(Native Method)
	java.base/jdk.internal.reflect.NativeMethodAccessorImpl.invoke(NativeMethodAccessorImpl.java:62)
	java.base/jdk.internal.reflect.DelegatingMethodAccessorImpl.invoke(DelegatingMethodAccessorImpl.java:43)
	java.base/java.lang.reflect.Method.invoke(Method.java:566)
	org.junit.internal.runners.TestMethod.invoke(TestMethod.java:68)
	org.powermock.modules.junit4.internal.impl.PowerMockJUnit44RunnerDelegateImpl$PowerMockJUnit44MethodRunner.runTestMethod(PowerMockJUnit44RunnerDelegateImpl.java:326)
	org.junit.internal.runners.MethodRoadie$2.run(MethodRoadie.java:89)
	org.junit.internal.runners.MethodRoadie.runBeforesThenTestThenAfters(MethodRoadie.java:97)
	org.powermock.modules.junit4.internal.impl.PowerMockJUnit44RunnerDelegateImpl$PowerMockJUnit44MethodRunner.executeTest(PowerMockJUnit44RunnerDelegateImpl.java:310)
	org.powermock.modules.junit4.internal.impl.PowerMockJUnit47RunnerDelegateImpl$PowerMockJUnit47MethodRunner.executeTestInSuper(PowerMockJUnit47RunnerDelegateImpl.java:131)
	org.powermock.modules.junit4.internal.impl.PowerMockJUnit47RunnerDelegateImpl$PowerMockJUnit47MethodRunner.access$100(PowerMockJUnit47RunnerDelegateImpl.java:59)
	org.powermock.modules.junit4.internal.impl.PowerMockJUnit47RunnerDelegateImpl$PowerMockJUnit47MethodRunner$TestExecutorStatement.evaluate(PowerMockJUnit47RunnerDelegateImpl.java:147)
	org.powermock.modules.junit4.internal.impl.PowerMockJUnit47RunnerDelegateImpl$PowerMockJUnit47MethodRunner.evaluateStatement(PowerMockJUnit47RunnerDelegateImpl.java:107)
	org.powermock.modules.junit4.internal.impl.PowerMockJUnit47RunnerDelegateImpl$PowerMockJUnit47MethodRunner.executeTest(PowerMockJUnit47RunnerDelegateImpl.java:82)
	org.powermock.modules.junit4.internal.impl.PowerMockJUnit44RunnerDelegateImpl$PowerMockJUnit44MethodRunner.runBeforesThenTestThenAfters(PowerMockJUnit44RunnerDelegateImpl.java:298)
	org.junit.internal.runners.MethodRoadie.runTest(MethodRoadie.java:87)
	org.junit.internal.runners.MethodRoadie.run(MethodRoadie.java:50)
	org.powermock.modules.junit4.internal.impl.PowerMockJUnit44RunnerDelegateImpl.invokeTestMethod(PowerMockJUnit44RunnerDelegateImpl.java:218)
	org.powermock.modules.junit4.internal.impl.PowerMockJUnit44RunnerDelegateImpl.runMethods(PowerMockJUnit44RunnerDelegateImpl.java:160)
	org.powermock.modules.junit4.internal.impl.PowerMockJUnit44RunnerDelegateImpl$1.run(PowerMockJUnit44RunnerDelegateImpl.java:134)
	org.junit.internal.runners.ClassRoadie.runUnprotected(ClassRoadie.java:34)
	org.junit.internal.runners.ClassRoadie.runProtected(ClassRoadie.java:44)
	org.powermock.modules.junit4.internal.impl.PowerMockJUnit44RunnerDelegateImpl.run(PowerMockJUnit44RunnerDelegateImpl.java:136)
	org.powermock.modules.junit4.common.internal.impl.JUnit4TestSuiteChunkerImpl.run(JUnit4TestSuiteChunkerImpl.java:117)
	org.powermock.modules.junit4.common.internal.impl.AbstractCommonPowerMockRunner.run(AbstractCommonPowerMockRunner.java:57)
	org.powermock.modules.junit4.PowerMockRunner.run(PowerMockRunner.java:59)
	org.apache.maven.surefire.junit4.JUnit4Provider.execute(JUnit4Provider.java:365)
	org.apache.maven.surefire.junit4.JUnit4Provider.executeWithRerun(JUnit4Provider.java:290)
	org.apache.maven.surefire.junit4.JUnit4Provider.executeTestSet(JUnit4Provider.java:238)
	org.apache.maven.surefire.junit4.JUnit4Provider.invoke(JUnit4Provider.java:159)
	org.apache.maven.surefire.booter.ForkedBooter.invokeProviderInSameClassLoader(ForkedBooter.java:379)
	org.apache.maven.surefire.booter.ForkedBooter.runSuitesInProcess(ForkedBooter.java:340)
	org.apache.maven.surefire.booter.ForkedBooter.execute(ForkedBooter.java:125)
	org.apache.maven.surefire.booter.ForkedBooter.main(ForkedBooter.java:413)
#5:
	io.netty.buffer.AdvancedLeakAwareByteBuf.writeLong(AdvancedLeakAwareByteBuf.java:568)
	org.apache.bookkeeper.proto.checksum.DigestManager.computeDigestAndPackageForSending(DigestManager.java:107)
	org.apache.bookkeeper.client.ClientUtil.generatePacket(ClientUtil.java:53)
	org.apache.bookkeeper.client.ClientUtil.generatePacket(ClientUtil.java:46)
	org.apache.bookkeeper.bookie.BookieJournalTest.writeV4Journal(BookieJournalTest.java:279)
	org.apache.bookkeeper.bookie.BookieJournalTest.testJournalScanIOException(BookieJournalTest.java:816)
	java.base/jdk.internal.reflect.NativeMethodAccessorImpl.invoke0(Native Method)
	java.base/jdk.internal.reflect.NativeMethodAccessorImpl.invoke(NativeMethodAccessorImpl.java:62)
	java.base/jdk.internal.reflect.DelegatingMethodAccessorImpl.invoke(DelegatingMethodAccessorImpl.java:43)
	java.base/java.lang.reflect.Method.invoke(Method.java:566)
	org.junit.internal.runners.TestMethod.invoke(TestMethod.java:68)
	org.powermock.modules.junit4.internal.impl.PowerMockJUnit44RunnerDelegateImpl$PowerMockJUnit44MethodRunner.runTestMethod(PowerMockJUnit44RunnerDelegateImpl.java:326)
	org.junit.internal.runners.MethodRoadie$2.run(MethodRoadie.java:89)
	org.junit.internal.runners.MethodRoadie.runBeforesThenTestThenAfters(MethodRoadie.java:97)
	org.powermock.modules.junit4.internal.impl.PowerMockJUnit44RunnerDelegateImpl$PowerMockJUnit44MethodRunner.executeTest(PowerMockJUnit44RunnerDelegateImpl.java:310)
	org.powermock.modules.junit4.internal.impl.PowerMockJUnit47RunnerDelegateImpl$PowerMockJUnit47MethodRunner.executeTestInSuper(PowerMockJUnit47RunnerDelegateImpl.java:131)
	org.powermock.modules.junit4.internal.impl.PowerMockJUnit47RunnerDelegateImpl$PowerMockJUnit47MethodRunner.access$100(PowerMockJUnit47RunnerDelegateImpl.java:59)
	org.powermock.modules.junit4.internal.impl.PowerMockJUnit47RunnerDelegateImpl$PowerMockJUnit47MethodRunner$TestExecutorStatement.evaluate(PowerMockJUnit47RunnerDelegateImpl.java:147)
	org.powermock.modules.junit4.internal.impl.PowerMockJUnit47RunnerDelegateImpl$PowerMockJUnit47MethodRunner.evaluateStatement(PowerMockJUnit47RunnerDelegateImpl.java:107)
	org.powermock.modules.junit4.internal.impl.PowerMockJUnit47RunnerDelegateImpl$PowerMockJUnit47MethodRunner.executeTest(PowerMockJUnit47RunnerDelegateImpl.java:82)
	org.powermock.modules.junit4.internal.impl.PowerMockJUnit44RunnerDelegateImpl$PowerMockJUnit44MethodRunner.runBeforesThenTestThenAfters(PowerMockJUnit44RunnerDelegateImpl.java:298)
	org.junit.internal.runners.MethodRoadie.runTest(MethodRoadie.java:87)
	org.junit.internal.runners.MethodRoadie.run(MethodRoadie.java:50)
	org.powermock.modules.junit4.internal.impl.PowerMockJUnit44RunnerDelegateImpl.invokeTestMethod(PowerMockJUnit44RunnerDelegateImpl.java:218)
	org.powermock.modules.junit4.internal.impl.PowerMockJUnit44RunnerDelegateImpl.runMethods(PowerMockJUnit44RunnerDelegateImpl.java:160)
	org.powermock.modules.junit4.internal.impl.PowerMockJUnit44RunnerDelegateImpl$1.run(PowerMockJUnit44RunnerDelegateImpl.java:134)
	org.junit.internal.runners.ClassRoadie.runUnprotected(ClassRoadie.java:34)
	org.junit.internal.runners.ClassRoadie.runProtected(ClassRoadie.java:44)
	org.powermock.modules.junit4.internal.impl.PowerMockJUnit44RunnerDelegateImpl.run(PowerMockJUnit44RunnerDelegateImpl.java:136)
	org.powermock.modules.junit4.common.internal.impl.JUnit4TestSuiteChunkerImpl.run(JUnit4TestSuiteChunkerImpl.java:117)
	org.powermock.modules.junit4.common.internal.impl.AbstractCommonPowerMockRunner.run(AbstractCommonPowerMockRunner.java:57)
	org.powermock.modules.junit4.PowerMockRunner.run(PowerMockRunner.java:59)
	org.apache.maven.surefire.junit4.JUnit4Provider.execute(JUnit4Provider.java:365)
	org.apache.maven.surefire.junit4.JUnit4Provider.executeWithRerun(JUnit4Provider.java:290)
	org.apache.maven.surefire.junit4.JUnit4Provider.executeTestSet(JUnit4Provider.java:238)
	org.apache.maven.surefire.junit4.JUnit4Provider.invoke(JUnit4Provider.java:159)
	org.apache.maven.surefire.booter.ForkedBooter.invokeProviderInSameClassLoader(ForkedBooter.java:379)
	org.apache.maven.surefire.booter.ForkedBooter.runSuitesInProcess(ForkedBooter.java:340)
	org.apache.maven.surefire.booter.ForkedBooter.execute(ForkedBooter.java:125)
	org.apache.maven.surefire.booter.ForkedBooter.main(ForkedBooter.java:413)
Created at:
	io.netty.buffer.UnpooledByteBufAllocator.newDirectBuffer(UnpooledByteBufAllocator.java:96)
	io.netty.buffer.AbstractByteBufAllocator.directBuffer(AbstractByteBufAllocator.java:185)
	io.netty.buffer.AbstractByteBufAllocator.directBuffer(AbstractByteBufAllocator.java:176)
	io.netty.buffer.AbstractByteBufAllocator.buffer(AbstractByteBufAllocator.java:113)
	org.apache.bookkeeper.proto.checksum.DigestManager.computeDigestAndPackageForSending(DigestManager.java:103)
	org.apache.bookkeeper.client.ClientUtil.generatePacket(ClientUtil.java:53)
	org.apache.bookkeeper.client.ClientUtil.generatePacket(ClientUtil.java:46)
	org.apache.bookkeeper.bookie.BookieJournalTest.writeV4Journal(BookieJournalTest.java:279)
	org.apache.bookkeeper.bookie.BookieJournalTest.testJournalScanIOException(BookieJournalTest.java:816)
	java.base/jdk.internal.reflect.NativeMethodAccessorImpl.invoke0(Native Method)
	java.base/jdk.internal.reflect.NativeMethodAccessorImpl.invoke(NativeMethodAccessorImpl.java:62)
	java.base/jdk.internal.reflect.DelegatingMethodAccessorImpl.invoke(DelegatingMethodAccessorImpl.java:43)
	java.base/java.lang.reflect.Method.invoke(Method.java:566)
	org.junit.internal.runners.TestMethod.invoke(TestMethod.java:68)
	org.powermock.modules.junit4.internal.impl.PowerMockJUnit44RunnerDelegateImpl$PowerMockJUnit44MethodRunner.runTestMethod(PowerMockJUnit44RunnerDelegateImpl.java:326)
	org.junit.internal.runners.MethodRoadie$2.run(MethodRoadie.java:89)
	org.junit.internal.runners.MethodRoadie.runBeforesThenTestThenAfters(MethodRoadie.java:97)
	org.powermock.modules.junit4.internal.impl.PowerMockJUnit44RunnerDelegateImpl$PowerMockJUnit44MethodRunner.executeTest(PowerMockJUnit44RunnerDelegateImpl.java:310)
	org.powermock.modules.junit4.internal.impl.PowerMockJUnit47RunnerDelegateImpl$PowerMockJUnit47MethodRunner.executeTestInSuper(PowerMockJUnit47RunnerDelegateImpl.java:131)
	org.powermock.modules.junit4.internal.impl.PowerMockJUnit47RunnerDelegateImpl$PowerMockJUnit47MethodRunner.access$100(PowerMockJUnit47RunnerDelegateImpl.java:59)
	org.powermock.modules.junit4.internal.impl.PowerMockJUnit47RunnerDelegateImpl$PowerMockJUnit47MethodRunner$TestExecutorStatement.evaluate(PowerMockJUnit47RunnerDelegateImpl.java:147)
	org.powermock.modules.junit4.internal.impl.PowerMockJUnit47RunnerDelegateImpl$PowerMockJUnit47MethodRunner.evaluateStatement(PowerMockJUnit47RunnerDelegateImpl.java:107)
	org.powermock.modules.junit4.internal.impl.PowerMockJUnit47RunnerDelegateImpl$PowerMockJUnit47MethodRunner.executeTest(PowerMockJUnit47RunnerDelegateImpl.java:82)
	org.powermock.modules.junit4.internal.impl.PowerMockJUnit44RunnerDelegateImpl$PowerMockJUnit44MethodRunner.runBeforesThenTestThenAfters(PowerMockJUnit44RunnerDelegateImpl.java:298)
	org.junit.internal.runners.MethodRoadie.runTest(MethodRoadie.java:87)
	org.junit.internal.runners.MethodRoadie.run(MethodRoadie.java:50)
	org.powermock.modules.junit4.internal.impl.PowerMockJUnit44RunnerDelegateImpl.invokeTestMethod(PowerMockJUnit44RunnerDelegateImpl.java:218)
	org.powermock.modules.junit4.internal.impl.PowerMockJUnit44RunnerDelegateImpl.runMethods(PowerMockJUnit44RunnerDelegateImpl.java:160)
	org.powermock.modules.junit4.internal.impl.PowerMockJUnit44RunnerDelegateImpl$1.run(PowerMockJUnit44RunnerDelegateImpl.java:134)
	org.junit.internal.runners.ClassRoadie.runUnprotected(ClassRoadie.java:34)
	org.junit.internal.runners.ClassRoadie.runProtected(ClassRoadie.java:44)
	org.powermock.modules.junit4.internal.impl.PowerMockJUnit44RunnerDelegateImpl.run(PowerMockJUnit44RunnerDelegateImpl.java:136)
	org.powermock.modules.junit4.common.internal.impl.JUnit4TestSuiteChunkerImpl.run(JUnit4TestSuiteChunkerImpl.java:117)
	org.powermock.modules.junit4.common.internal.impl.AbstractCommonPowerMockRunner.run(AbstractCommonPowerMockRunner.java:57)
	org.powermock.modules.junit4.PowerMockRunner.run(PowerMockRunner.java:59)
	org.apache.maven.surefire.junit4.JUnit4Provider.execute(JUnit4Provider.java:365)
	org.apache.maven.surefire.junit4.JUnit4Provider.executeWithRerun(JUnit4Provider.java:290)
	org.apache.maven.surefire.junit4.JUnit4Provider.executeTestSet(JUnit4Provider.java:238)
	org.apache.maven.surefire.junit4.JUnit4Provider.invoke(JUnit4Provider.java:159)
	org.apache.maven.surefire.booter.ForkedBooter.invokeProviderInSameClassLoader(ForkedBooter.java:379)
	org.apache.maven.surefire.booter.ForkedBooter.runSuitesInProcess(ForkedBooter.java:340)
	org.apache.maven.surefire.booter.ForkedBooter.execute(ForkedBooter.java:125)
	org.apache.maven.surefire.booter.ForkedBooter.main(ForkedBooter.java:413)
2020-08-10 23:35:53,002 - ERROR - [main:ResourceLeakDetector@317] - LEAK: ByteBuf.release() was not called before it's garbage-collected. See http://netty.io/wiki/reference-counted-objects.html for more information.
Recent access records: 
#1:
	io.netty.buffer.AdvancedLeakAwareByteBuf.writeLong(AdvancedLeakAwareByteBuf.java:568)
	org.apache.bookkeeper.proto.checksum.CRC32DigestManager.populateValueAndReset(CRC32DigestManager.java:61)
	org.apache.bookkeeper.proto.checksum.DigestManager.computeDigestAndPackageForSending(DigestManager.java:114)
	org.apache.bookkeeper.client.ClientUtil.generatePacket(ClientUtil.java:53)
	org.apache.bookkeeper.client.ClientUtil.generatePacket(ClientUtil.java:46)
	org.apache.bookkeeper.bookie.BookieJournalTest.writePreV2Journal(BookieJournalTest.java:168)
	org.apache.bookkeeper.bookie.BookieJournalTest.testPreV2Journal(BookieJournalTest.java:363)
	java.base/jdk.internal.reflect.NativeMethodAccessorImpl.invoke0(Native Method)
	java.base/jdk.internal.reflect.NativeMethodAccessorImpl.invoke(NativeMethodAccessorImpl.java:62)
	java.base/jdk.internal.reflect.DelegatingMethodAccessorImpl.invoke(DelegatingMethodAccessorImpl.java:43)
	java.base/java.lang.reflect.Method.invoke(Method.java:566)
	org.junit.internal.runners.TestMethod.invoke(TestMethod.java:68)
	org.powermock.modules.junit4.internal.impl.PowerMockJUnit44RunnerDelegateImpl$PowerMockJUnit44MethodRunner.runTestMethod(PowerMockJUnit44RunnerDelegateImpl.java:326)
	org.junit.internal.runners.MethodRoadie$2.run(MethodRoadie.java:89)
	org.junit.internal.runners.MethodRoadie.runBeforesThenTestThenAfters(MethodRoadie.java:97)
	org.powermock.modules.junit4.internal.impl.PowerMockJUnit44RunnerDelegateImpl$PowerMockJUnit44MethodRunner.executeTest(PowerMockJUnit44RunnerDelegateImpl.java:310)
	org.powermock.modules.junit4.internal.impl.PowerMockJUnit47RunnerDelegateImpl$PowerMockJUnit47MethodRunner.executeTestInSuper(PowerMockJUnit47RunnerDelegateImpl.java:131)
	org.powermock.modules.junit4.internal.impl.PowerMockJUnit47RunnerDelegateImpl$PowerMockJUnit47MethodRunner.access$100(PowerMockJUnit47RunnerDelegateImpl.java:59)
	org.powermock.modules.junit4.internal.impl.PowerMockJUnit47RunnerDelegateImpl$PowerMockJUnit47MethodRunner$TestExecutorStatement.evaluate(PowerMockJUnit47RunnerDelegateImpl.java:147)
	org.powermock.modules.junit4.internal.impl.PowerMockJUnit47RunnerDelegateImpl$PowerMockJUnit47MethodRunner.evaluateStatement(PowerMockJUnit47RunnerDelegateImpl.java:107)
	org.powermock.modules.junit4.internal.impl.PowerMockJUnit47RunnerDelegateImpl$PowerMockJUnit47MethodRunner.executeTest(PowerMockJUnit47RunnerDelegateImpl.java:82)
	org.powermock.modules.junit4.internal.impl.PowerMockJUnit44RunnerDelegateImpl$PowerMockJUnit44MethodRunner.runBeforesThenTestThenAfters(PowerMockJUnit44RunnerDelegateImpl.java:298)
	org.junit.internal.runners.MethodRoadie.runTest(MethodRoadie.java:87)
	org.junit.internal.runners.MethodRoadie.run(MethodRoadie.java:50)
	org.powermock.modules.junit4.internal.impl.PowerMockJUnit44RunnerDelegateImpl.invokeTestMethod(PowerMockJUnit44RunnerDelegateImpl.java:218)
	org.powermock.modules.junit4.internal.impl.PowerMockJUnit44RunnerDelegateImpl.runMethods(PowerMockJUnit44RunnerDelegateImpl.java:160)
	org.powermock.modules.junit4.internal.impl.PowerMockJUnit44RunnerDelegateImpl$1.run(PowerMockJUnit44RunnerDelegateImpl.java:134)
	org.junit.internal.runners.ClassRoadie.runUnprotected(ClassRoadie.java:34)
	org.junit.internal.runners.ClassRoadie.runProtected(ClassRoadie.java:44)
	org.powermock.modules.junit4.internal.impl.PowerMockJUnit44RunnerDelegateImpl.run(PowerMockJUnit44RunnerDelegateImpl.java:136)
	org.powermock.modules.junit4.common.internal.impl.JUnit4TestSuiteChunkerImpl.run(JUnit4TestSuiteChunkerImpl.java:117)
	org.powermock.modules.junit4.common.internal.impl.AbstractCommonPowerMockRunner.run(AbstractCommonPowerMockRunner.java:57)
	org.powermock.modules.junit4.PowerMockRunner.run(PowerMockRunner.java:59)
	org.apache.maven.surefire.junit4.JUnit4Provider.execute(JUnit4Provider.java:365)
	org.apache.maven.surefire.junit4.JUnit4Provider.executeWithRerun(JUnit4Provider.java:290)
	org.apache.maven.surefire.junit4.JUnit4Provider.executeTestSet(JUnit4Provider.java:238)
	org.apache.maven.surefire.junit4.JUnit4Provider.invoke(JUnit4Provider.java:159)
	org.apache.maven.surefire.booter.ForkedBooter.invokeProviderInSameClassLoader(ForkedBooter.java:379)
	org.apache.maven.surefire.booter.ForkedBooter.runSuitesInProcess(ForkedBooter.java:340)
	org.apache.maven.surefire.booter.ForkedBooter.execute(ForkedBooter.java:125)
	org.apache.maven.surefire.booter.ForkedBooter.main(ForkedBooter.java:413)
#2:
	io.netty.buffer.AdvancedLeakAwareByteBuf.writeLong(AdvancedLeakAwareByteBuf.java:568)
	org.apache.bookkeeper.proto.checksum.DigestManager.computeDigestAndPackageForSending(DigestManager.java:110)
	org.apache.bookkeeper.client.ClientUtil.generatePacket(ClientUtil.java:53)
	org.apache.bookkeeper.client.ClientUtil.generatePacket(ClientUtil.java:46)
	org.apache.bookkeeper.bookie.BookieJournalTest.writePreV2Journal(BookieJournalTest.java:168)
	org.apache.bookkeeper.bookie.BookieJournalTest.testPreV2Journal(BookieJournalTest.java:363)
	java.base/jdk.internal.reflect.NativeMethodAccessorImpl.invoke0(Native Method)
	java.base/jdk.internal.reflect.NativeMethodAccessorImpl.invoke(NativeMethodAccessorImpl.java:62)
	java.base/jdk.internal.reflect.DelegatingMethodAccessorImpl.invoke(DelegatingMethodAccessorImpl.java:43)
	java.base/java.lang.reflect.Method.invoke(Method.java:566)
	org.junit.internal.runners.TestMethod.invoke(TestMethod.java:68)
	org.powermock.modules.junit4.internal.impl.PowerMockJUnit44RunnerDelegateImpl$PowerMockJUnit44MethodRunner.runTestMethod(PowerMockJUnit44RunnerDelegateImpl.java:326)
	org.junit.internal.runners.MethodRoadie$2.run(MethodRoadie.java:89)
	org.junit.internal.runners.MethodRoadie.runBeforesThenTestThenAfters(MethodRoadie.java:97)
	org.powermock.modules.junit4.internal.impl.PowerMockJUnit44RunnerDelegateImpl$PowerMockJUnit44MethodRunner.executeTest(PowerMockJUnit44RunnerDelegateImpl.java:310)
	org.powermock.modules.junit4.internal.impl.PowerMockJUnit47RunnerDelegateImpl$PowerMockJUnit47MethodRunner.executeTestInSuper(PowerMockJUnit47RunnerDelegateImpl.java:131)
	org.powermock.modules.junit4.internal.impl.PowerMockJUnit47RunnerDelegateImpl$PowerMockJUnit47MethodRunner.access$100(PowerMockJUnit47RunnerDelegateImpl.java:59)
	org.powermock.modules.junit4.internal.impl.PowerMockJUnit47RunnerDelegateImpl$PowerMockJUnit47MethodRunner$TestExecutorStatement.evaluate(PowerMockJUnit47RunnerDelegateImpl.java:147)
	org.powermock.modules.junit4.internal.impl.PowerMockJUnit47RunnerDelegateImpl$PowerMockJUnit47MethodRunner.evaluateStatement(PowerMockJUnit47RunnerDelegateImpl.java:107)
	org.powermock.modules.junit4.internal.impl.PowerMockJUnit47RunnerDelegateImpl$PowerMockJUnit47MethodRunner.executeTest(PowerMockJUnit47RunnerDelegateImpl.java:82)
	org.powermock.modules.junit4.internal.impl.PowerMockJUnit44RunnerDelegateImpl$PowerMockJUnit44MethodRunner.runBeforesThenTestThenAfters(PowerMockJUnit44RunnerDelegateImpl.java:298)
	org.junit.internal.runners.MethodRoadie.runTest(MethodRoadie.java:87)
	org.junit.internal.runners.MethodRoadie.run(MethodRoadie.java:50)
	org.powermock.modules.junit4.internal.impl.PowerMockJUnit44RunnerDelegateImpl.invokeTestMethod(PowerMockJUnit44RunnerDelegateImpl.java:218)
	org.powermock.modules.junit4.internal.impl.PowerMockJUnit44RunnerDelegateImpl.runMethods(PowerMockJUnit44RunnerDelegateImpl.java:160)
	org.powermock.modules.junit4.internal.impl.PowerMockJUnit44RunnerDelegateImpl$1.run(PowerMockJUnit44RunnerDelegateImpl.java:134)
	org.junit.internal.runners.ClassRoadie.runUnprotected(ClassRoadie.java:34)
	org.junit.internal.runners.ClassRoadie.runProtected(ClassRoadie.java:44)
	org.powermock.modules.junit4.internal.impl.PowerMockJUnit44RunnerDelegateImpl.run(PowerMockJUnit44RunnerDelegateImpl.java:136)
	org.powermock.modules.junit4.common.internal.impl.JUnit4TestSuiteChunkerImpl.run(JUnit4TestSuiteChunkerImpl.java:117)
	org.powermock.modules.junit4.common.internal.impl.AbstractCommonPowerMockRunner.run(AbstractCommonPowerMockRunner.java:57)
	org.powermock.modules.junit4.PowerMockRunner.run(PowerMockRunner.java:59)
	org.apache.maven.surefire.junit4.JUnit4Provider.execute(JUnit4Provider.java:365)
	org.apache.maven.surefire.junit4.JUnit4Provider.executeWithRerun(JUnit4Provider.java:290)
	org.apache.maven.surefire.junit4.JUnit4Provider.executeTestSet(JUnit4Provider.java:238)
	org.apache.maven.surefire.junit4.JUnit4Provider.invoke(JUnit4Provider.java:159)
	org.apache.maven.surefire.booter.ForkedBooter.invokeProviderInSameClassLoader(ForkedBooter.java:379)
	org.apache.maven.surefire.booter.ForkedBooter.runSuitesInProcess(ForkedBooter.java:340)
	org.apache.maven.surefire.booter.ForkedBooter.execute(ForkedBooter.java:125)
	org.apache.maven.surefire.booter.ForkedBooter.main(ForkedBooter.java:413)
#3:
	io.netty.buffer.AdvancedLeakAwareByteBuf.writeLong(AdvancedLeakAwareByteBuf.java:568)
	org.apache.bookkeeper.proto.checksum.DigestManager.computeDigestAndPackageForSending(DigestManager.java:109)
	org.apache.bookkeeper.client.ClientUtil.generatePacket(ClientUtil.java:53)
	org.apache.bookkeeper.client.ClientUtil.generatePacket(ClientUtil.java:46)
	org.apache.bookkeeper.bookie.BookieJournalTest.writePreV2Journal(BookieJournalTest.java:168)
	org.apache.bookkeeper.bookie.BookieJournalTest.testPreV2Journal(BookieJournalTest.java:363)
	java.base/jdk.internal.reflect.NativeMethodAccessorImpl.invoke0(Native Method)
	java.base/jdk.internal.reflect.NativeMethodAccessorImpl.invoke(NativeMethodAccessorImpl.java:62)
	java.base/jdk.internal.reflect.DelegatingMethodAccessorImpl.invoke(DelegatingMethodAccessorImpl.java:43)
	java.base/java.lang.reflect.Method.invoke(Method.java:566)
	org.junit.internal.runners.TestMethod.invoke(TestMethod.java:68)
	org.powermock.modules.junit4.internal.impl.PowerMockJUnit44RunnerDelegateImpl$PowerMockJUnit44MethodRunner.runTestMethod(PowerMockJUnit44RunnerDelegateImpl.java:326)
	org.junit.internal.runners.MethodRoadie$2.run(MethodRoadie.java:89)
	org.junit.internal.runners.MethodRoadie.runBeforesThenTestThenAfters(MethodRoadie.java:97)
	org.powermock.modules.junit4.internal.impl.PowerMockJUnit44RunnerDelegateImpl$PowerMockJUnit44MethodRunner.executeTest(PowerMockJUnit44RunnerDelegateImpl.java:310)
	org.powermock.modules.junit4.internal.impl.PowerMockJUnit47RunnerDelegateImpl$PowerMockJUnit47MethodRunner.executeTestInSuper(PowerMockJUnit47RunnerDelegateImpl.java:131)
	org.powermock.modules.junit4.internal.impl.PowerMockJUnit47RunnerDelegateImpl$PowerMockJUnit47MethodRunner.access$100(PowerMockJUnit47RunnerDelegateImpl.java:59)
	org.powermock.modules.junit4.internal.impl.PowerMockJUnit47RunnerDelegateImpl$PowerMockJUnit47MethodRunner$TestExecutorStatement.evaluate(PowerMockJUnit47RunnerDelegateImpl.java:147)
	org.powermock.modules.junit4.internal.impl.PowerMockJUnit47RunnerDelegateImpl$PowerMockJUnit47MethodRunner.evaluateStatement(PowerMockJUnit47RunnerDelegateImpl.java:107)
	org.powermock.modules.junit4.internal.impl.PowerMockJUnit47RunnerDelegateImpl$PowerMockJUnit47MethodRunner.executeTest(PowerMockJUnit47RunnerDelegateImpl.java:82)
	org.powermock.modules.junit4.internal.impl.PowerMockJUnit44RunnerDelegateImpl$PowerMockJUnit44MethodRunner.runBeforesThenTestThenAfters(PowerMockJUnit44RunnerDelegateImpl.java:298)
	org.junit.internal.runners.MethodRoadie.runTest(MethodRoadie.java:87)
	org.junit.internal.runners.MethodRoadie.run(MethodRoadie.java:50)
	org.powermock.modules.junit4.internal.impl.PowerMockJUnit44RunnerDelegateImpl.invokeTestMethod(PowerMockJUnit44RunnerDelegateImpl.java:218)
	org.powermock.modules.junit4.internal.impl.PowerMockJUnit44RunnerDelegateImpl.runMethods(PowerMockJUnit44RunnerDelegateImpl.java:160)
	org.powermock.modules.junit4.internal.impl.PowerMockJUnit44RunnerDelegateImpl$1.run(PowerMockJUnit44RunnerDelegateImpl.java:134)
	org.junit.internal.runners.ClassRoadie.runUnprotected(ClassRoadie.java:34)
	org.junit.internal.runners.ClassRoadie.runProtected(ClassRoadie.java:44)
	org.powermock.modules.junit4.internal.impl.PowerMockJUnit44RunnerDelegateImpl.run(PowerMockJUnit44RunnerDelegateImpl.java:136)
	org.powermock.modules.junit4.common.internal.impl.JUnit4TestSuiteChunkerImpl.run(JUnit4TestSuiteChunkerImpl.java:117)
	org.powermock.modules.junit4.common.internal.impl.AbstractCommonPowerMockRunner.run(AbstractCommonPowerMockRunner.java:57)
	org.powermock.modules.junit4.PowerMockRunner.run(PowerMockRunner.java:59)
	org.apache.maven.surefire.junit4.JUnit4Provider.execute(JUnit4Provider.java:365)
	org.apache.maven.surefire.junit4.JUnit4Provider.executeWithRerun(JUnit4Provider.java:290)
	org.apache.maven.surefire.junit4.JUnit4Provider.executeTestSet(JUnit4Provider.java:238)
	org.apache.maven.surefire.junit4.JUnit4Provider.invoke(JUnit4Provider.java:159)
	org.apache.maven.surefire.booter.ForkedBooter.invokeProviderInSameClassLoader(ForkedBooter.java:379)
	org.apache.maven.surefire.booter.ForkedBooter.runSuitesInProcess(ForkedBooter.java:340)
	org.apache.maven.surefire.booter.ForkedBooter.execute(ForkedBooter.java:125)
	org.apache.maven.surefire.booter.ForkedBooter.main(ForkedBooter.java:413)
#4:
	io.netty.buffer.AdvancedLeakAwareByteBuf.writeLong(AdvancedLeakAwareByteBuf.java:568)
	org.apache.bookkeeper.proto.checksum.DigestManager.computeDigestAndPackageForSending(DigestManager.java:108)
	org.apache.bookkeeper.client.ClientUtil.generatePacket(ClientUtil.java:53)
	org.apache.bookkeeper.client.ClientUtil.generatePacket(ClientUtil.java:46)
	org.apache.bookkeeper.bookie.BookieJournalTest.writePreV2Journal(BookieJournalTest.java:168)
	org.apache.bookkeeper.bookie.BookieJournalTest.testPreV2Journal(BookieJournalTest.java:363)
	java.base/jdk.internal.reflect.NativeMethodAccessorImpl.invoke0(Native Method)
	java.base/jdk.internal.reflect.NativeMethodAccessorImpl.invoke(NativeMethodAccessorImpl.java:62)
	java.base/jdk.internal.reflect.DelegatingMethodAccessorImpl.invoke(DelegatingMethodAccessorImpl.java:43)
	java.base/java.lang.reflect.Method.invoke(Method.java:566)
	org.junit.internal.runners.TestMethod.invoke(TestMethod.java:68)
	org.powermock.modules.junit4.internal.impl.PowerMockJUnit44RunnerDelegateImpl$PowerMockJUnit44MethodRunner.runTestMethod(PowerMockJUnit44RunnerDelegateImpl.java:326)
	org.junit.internal.runners.MethodRoadie$2.run(MethodRoadie.java:89)
	org.junit.internal.runners.MethodRoadie.runBeforesThenTestThenAfters(MethodRoadie.java:97)
	org.powermock.modules.junit4.internal.impl.PowerMockJUnit44RunnerDelegateImpl$PowerMockJUnit44MethodRunner.executeTest(PowerMockJUnit44RunnerDelegateImpl.java:310)
	org.powermock.modules.junit4.internal.impl.PowerMockJUnit47RunnerDelegateImpl$PowerMockJUnit47MethodRunner.executeTestInSuper(PowerMockJUnit47RunnerDelegateImpl.java:131)
	org.powermock.modules.junit4.internal.impl.PowerMockJUnit47RunnerDelegateImpl$PowerMockJUnit47MethodRunner.access$100(PowerMockJUnit47RunnerDelegateImpl.java:59)
	org.powermock.modules.junit4.internal.impl.PowerMockJUnit47RunnerDelegateImpl$PowerMockJUnit47MethodRunner$TestExecutorStatement.evaluate(PowerMockJUnit47RunnerDelegateImpl.java:147)
	org.powermock.modules.junit4.internal.impl.PowerMockJUnit47RunnerDelegateImpl$PowerMockJUnit47MethodRunner.evaluateStatement(PowerMockJUnit47RunnerDelegateImpl.java:107)
	org.powermock.modules.junit4.internal.impl.PowerMockJUnit47RunnerDelegateImpl$PowerMockJUnit47MethodRunner.executeTest(PowerMockJUnit47RunnerDelegateImpl.java:82)
	org.powermock.modules.junit4.internal.impl.PowerMockJUnit44RunnerDelegateImpl$PowerMockJUnit44MethodRunner.runBeforesThenTestThenAfters(PowerMockJUnit44RunnerDelegateImpl.java:298)
	org.junit.internal.runners.MethodRoadie.runTest(MethodRoadie.java:87)
	org.junit.internal.runners.MethodRoadie.run(MethodRoadie.java:50)
	org.powermock.modules.junit4.internal.impl.PowerMockJUnit44RunnerDelegateImpl.invokeTestMethod(PowerMockJUnit44RunnerDelegateImpl.java:218)
	org.powermock.modules.junit4.internal.impl.PowerMockJUnit44RunnerDelegateImpl.runMethods(PowerMockJUnit44RunnerDelegateImpl.java:160)
	org.powermock.modules.junit4.internal.impl.PowerMockJUnit44RunnerDelegateImpl$1.run(PowerMockJUnit44RunnerDelegateImpl.java:134)
	org.junit.internal.runners.ClassRoadie.runUnprotected(ClassRoadie.java:34)
	org.junit.internal.runners.ClassRoadie.runProtected(ClassRoadie.java:44)
	org.powermock.modules.junit4.internal.impl.PowerMockJUnit44RunnerDelegateImpl.run(PowerMockJUnit44RunnerDelegateImpl.java:136)
	org.powermock.modules.junit4.common.internal.impl.JUnit4TestSuiteChunkerImpl.run(JUnit4TestSuiteChunkerImpl.java:117)
	org.powermock.modules.junit4.common.internal.impl.AbstractCommonPowerMockRunner.run(AbstractCommonPowerMockRunner.java:57)
	org.powermock.modules.junit4.PowerMockRunner.run(PowerMockRunner.java:59)
	org.apache.maven.surefire.junit4.JUnit4Provider.execute(JUnit4Provider.java:365)
	org.apache.maven.surefire.junit4.JUnit4Provider.executeWithRerun(JUnit4Provider.java:290)
	org.apache.maven.surefire.junit4.JUnit4Provider.executeTestSet(JUnit4Provider.java:238)
	org.apache.maven.surefire.junit4.JUnit4Provider.invoke(JUnit4Provider.java:159)
	org.apache.maven.surefire.booter.ForkedBooter.invokeProviderInSameClassLoader(ForkedBooter.java:379)
	org.apache.maven.surefire.booter.ForkedBooter.runSuitesInProcess(ForkedBooter.java:340)
	org.apache.maven.surefire.booter.ForkedBooter.execute(ForkedBooter.java:125)
	org.apache.maven.surefire.booter.ForkedBooter.main(ForkedBooter.java:413)
#5:
	io.netty.buffer.AdvancedLeakAwareByteBuf.writeLong(AdvancedLeakAwareByteBuf.java:568)
	org.apache.bookkeeper.proto.checksum.DigestManager.computeDigestAndPackageForSending(DigestManager.java:107)
	org.apache.bookkeeper.client.ClientUtil.generatePacket(ClientUtil.java:53)
	org.apache.bookkeeper.client.ClientUtil.generatePacket(ClientUtil.java:46)
	org.apache.bookkeeper.bookie.BookieJournalTest.writePreV2Journal(BookieJournalTest.java:168)
	org.apache.bookkeeper.bookie.BookieJournalTest.testPreV2Journal(BookieJournalTest.java:363)
	java.base/jdk.internal.reflect.NativeMethodAccessorImpl.invoke0(Native Method)
	java.base/jdk.internal.reflect.NativeMethodAccessorImpl.invoke(NativeMethodAccessorImpl.java:62)
	java.base/jdk.internal.reflect.DelegatingMethodAccessorImpl.invoke(DelegatingMethodAccessorImpl.java:43)
	java.base/java.lang.reflect.Method.invoke(Method.java:566)
	org.junit.internal.runners.TestMethod.invoke(TestMethod.java:68)
	org.powermock.modules.junit4.internal.impl.PowerMockJUnit44RunnerDelegateImpl$PowerMockJUnit44MethodRunner.runTestMethod(PowerMockJUnit44RunnerDelegateImpl.java:326)
	org.junit.internal.runners.MethodRoadie$2.run(MethodRoadie.java:89)
	org.junit.internal.runners.MethodRoadie.runBeforesThenTestThenAfters(MethodRoadie.java:97)
	org.powermock.modules.junit4.internal.impl.PowerMockJUnit44RunnerDelegateImpl$PowerMockJUnit44MethodRunner.executeTest(PowerMockJUnit44RunnerDelegateImpl.java:310)
	org.powermock.modules.junit4.internal.impl.PowerMockJUnit47RunnerDelegateImpl$PowerMockJUnit47MethodRunner.executeTestInSuper(PowerMockJUnit47RunnerDelegateImpl.java:131)
	org.powermock.modules.junit4.internal.impl.PowerMockJUnit47RunnerDelegateImpl$PowerMockJUnit47MethodRunner.access$100(PowerMockJUnit47RunnerDelegateImpl.java:59)
	org.powermock.modules.junit4.internal.impl.PowerMockJUnit47RunnerDelegateImpl$PowerMockJUnit47MethodRunner$TestExecutorStatement.evaluate(PowerMockJUnit47RunnerDelegateImpl.java:147)
	org.powermock.modules.junit4.internal.impl.PowerMockJUnit47RunnerDelegateImpl$PowerMockJUnit47MethodRunner.evaluateStatement(PowerMockJUnit47RunnerDelegateImpl.java:107)
	org.powermock.modules.junit4.internal.impl.PowerMockJUnit47RunnerDelegateImpl$PowerMockJUnit47MethodRunner.executeTest(PowerMockJUnit47RunnerDelegateImpl.java:82)
	org.powermock.modules.junit4.internal.impl.PowerMockJUnit44RunnerDelegateImpl$PowerMockJUnit44MethodRunner.runBeforesThenTestThenAfters(PowerMockJUnit44RunnerDelegateImpl.java:298)
	org.junit.internal.runners.MethodRoadie.runTest(MethodRoadie.java:87)
	org.junit.internal.runners.MethodRoadie.run(MethodRoadie.java:50)
	org.powermock.modules.junit4.internal.impl.PowerMockJUnit44RunnerDelegateImpl.invokeTestMethod(PowerMockJUnit44RunnerDelegateImpl.java:218)
	org.powermock.modules.junit4.internal.impl.PowerMockJUnit44RunnerDelegateImpl.runMethods(PowerMockJUnit44RunnerDelegateImpl.java:160)
	org.powermock.modules.junit4.internal.impl.PowerMockJUnit44RunnerDelegateImpl$1.run(PowerMockJUnit44RunnerDelegateImpl.java:134)
	org.junit.internal.runners.ClassRoadie.runUnprotected(ClassRoadie.java:34)
	org.junit.internal.runners.ClassRoadie.runProtected(ClassRoadie.java:44)
	org.powermock.modules.junit4.internal.impl.PowerMockJUnit44RunnerDelegateImpl.run(PowerMockJUnit44RunnerDelegateImpl.java:136)
	org.powermock.modules.junit4.common.internal.impl.JUnit4TestSuiteChunkerImpl.run(JUnit4TestSuiteChunkerImpl.java:117)
	org.powermock.modules.junit4.common.internal.impl.AbstractCommonPowerMockRunner.run(AbstractCommonPowerMockRunner.java:57)
	org.powermock.modules.junit4.PowerMockRunner.run(PowerMockRunner.java:59)
	org.apache.maven.surefire.junit4.JUnit4Provider.execute(JUnit4Provider.java:365)
	org.apache.maven.surefire.junit4.JUnit4Provider.executeWithRerun(JUnit4Provider.java:290)
	org.apache.maven.surefire.junit4.JUnit4Provider.executeTestSet(JUnit4Provider.java:238)
	org.apache.maven.surefire.junit4.JUnit4Provider.invoke(JUnit4Provider.java:159)
	org.apache.maven.surefire.booter.ForkedBooter.invokeProviderInSameClassLoader(ForkedBooter.java:379)
	org.apache.maven.surefire.booter.ForkedBooter.runSuitesInProcess(ForkedBooter.java:340)
	org.apache.maven.surefire.booter.ForkedBooter.execute(ForkedBooter.java:125)
	org.apache.maven.surefire.booter.ForkedBooter.main(ForkedBooter.java:413)
Created at:
	io.netty.buffer.UnpooledByteBufAllocator.newDirectBuffer(UnpooledByteBufAllocator.java:96)
	io.netty.buffer.AbstractByteBufAllocator.directBuffer(AbstractByteBufAllocator.java:185)
	io.netty.buffer.AbstractByteBufAllocator.directBuffer(AbstractByteBufAllocator.java:176)
	io.netty.buffer.AbstractByteBufAllocator.buffer(AbstractByteBufAllocator.java:113)
	org.apache.bookkeeper.proto.checksum.DigestManager.computeDigestAndPackageForSending(DigestManager.java:103)
	org.apache.bookkeeper.client.ClientUtil.generatePacket(ClientUtil.java:53)
	org.apache.bookkeeper.client.ClientUtil.generatePacket(ClientUtil.java:46)
	org.apache.bookkeeper.bookie.BookieJournalTest.writePreV2Journal(BookieJournalTest.java:168)
	org.apache.bookkeeper.bookie.BookieJournalTest.testPreV2Journal(BookieJournalTest.java:363)
	java.base/jdk.internal.reflect.NativeMethodAccessorImpl.invoke0(Native Method)
	java.base/jdk.internal.reflect.NativeMethodAccessorImpl.invoke(NativeMethodAccessorImpl.java:62)
	java.base/jdk.internal.reflect.DelegatingMethodAccessorImpl.invoke(DelegatingMethodAccessorImpl.java:43)
	java.base/java.lang.reflect.Method.invoke(Method.java:566)
	org.junit.internal.runners.TestMethod.invoke(TestMethod.java:68)
	org.powermock.modules.junit4.internal.impl.PowerMockJUnit44RunnerDelegateImpl$PowerMockJUnit44MethodRunner.runTestMethod(PowerMockJUnit44RunnerDelegateImpl.java:326)
	org.junit.internal.runners.MethodRoadie$2.run(MethodRoadie.java:89)
	org.junit.internal.runners.MethodRoadie.runBeforesThenTestThenAfters(MethodRoadie.java:97)
	org.powermock.modules.junit4.internal.impl.PowerMockJUnit44RunnerDelegateImpl$PowerMockJUnit44MethodRunner.executeTest(PowerMockJUnit44RunnerDelegateImpl.java:310)
	org.powermock.modules.junit4.internal.impl.PowerMockJUnit47RunnerDelegateImpl$PowerMockJUnit47MethodRunner.executeTestInSuper(PowerMockJUnit47RunnerDelegateImpl.java:131)
	org.powermock.modules.junit4.internal.impl.PowerMockJUnit47RunnerDelegateImpl$PowerMockJUnit47MethodRunner.access$100(PowerMockJUnit47RunnerDelegateImpl.java:59)
	org.powermock.modules.junit4.internal.impl.PowerMockJUnit47RunnerDelegateImpl$PowerMockJUnit47MethodRunner$TestExecutorStatement.evaluate(PowerMockJUnit47RunnerDelegateImpl.java:147)
	org.powermock.modules.junit4.internal.impl.PowerMockJUnit47RunnerDelegateImpl$PowerMockJUnit47MethodRunner.evaluateStatement(PowerMockJUnit47RunnerDelegateImpl.java:107)
	org.powermock.modules.junit4.internal.impl.PowerMockJUnit47RunnerDelegateImpl$PowerMockJUnit47MethodRunner.executeTest(PowerMockJUnit47RunnerDelegateImpl.java:82)
	org.powermock.modules.junit4.internal.impl.PowerMockJUnit44RunnerDelegateImpl$PowerMockJUnit44MethodRunner.runBeforesThenTestThenAfters(PowerMockJUnit44RunnerDelegateImpl.java:298)
	org.junit.internal.runners.MethodRoadie.runTest(MethodRoadie.java:87)
	org.junit.internal.runners.MethodRoadie.run(MethodRoadie.java:50)
	org.powermock.modules.junit4.internal.impl.PowerMockJUnit44RunnerDelegateImpl.invokeTestMethod(PowerMockJUnit44RunnerDelegateImpl.java:218)
	org.powermock.modules.junit4.internal.impl.PowerMockJUnit44RunnerDelegateImpl.runMethods(PowerMockJUnit44RunnerDelegateImpl.java:160)
	org.powermock.modules.junit4.internal.impl.PowerMockJUnit44RunnerDelegateImpl$1.run(PowerMockJUnit44RunnerDelegateImpl.java:134)
	org.junit.internal.runners.ClassRoadie.runUnprotected(ClassRoadie.java:34)
	org.junit.internal.runners.ClassRoadie.runProtected(ClassRoadie.java:44)
	org.powermock.modules.junit4.internal.impl.PowerMockJUnit44RunnerDelegateImpl.run(PowerMockJUnit44RunnerDelegateImpl.java:136)
	org.powermock.modules.junit4.common.internal.impl.JUnit4TestSuiteChunkerImpl.run(JUnit4TestSuiteChunkerImpl.java:117)
	org.powermock.modules.junit4.common.internal.impl.AbstractCommonPowerMockRunner.run(AbstractCommonPowerMockRunner.java:57)
	org.powermock.modules.junit4.PowerMockRunner.run(PowerMockRunner.java:59)
	org.apache.maven.surefire.junit4.JUnit4Provider.execute(JUnit4Provider.java:365)
	org.apache.maven.surefire.junit4.JUnit4Provider.executeWithRerun(JUnit4Provider.java:290)
	org.apache.maven.surefire.junit4.JUnit4Provider.executeTestSet(JUnit4Provider.java:238)
	org.apache.maven.surefire.junit4.JUnit4Provider.invoke(JUnit4Provider.java:159)
	org.apache.maven.surefire.booter.ForkedBooter.invokeProviderInSameClassLoader(ForkedBooter.java:379)
	org.apache.maven.surefire.booter.ForkedBooter.runSuitesInProcess(ForkedBooter.java:340)
	org.apache.maven.surefire.booter.ForkedBooter.execute(ForkedBooter.java:125)
	org.apache.maven.surefire.booter.ForkedBooter.main(ForkedBooter.java:413)
2020-08-10 23:35:53,008 - ERROR - [main:ResourceLeakDetector@317] - LEAK: ByteBuf.release() was not called before it's garbage-collected. See http://netty.io/wiki/reference-counted-objects.html for more information.
Recent access records: 
#1:
	io.netty.buffer.AdvancedLeakAwareByteBuf.writeLong(AdvancedLeakAwareByteBuf.java:568)
	org.apache.bookkeeper.proto.checksum.CRC32DigestManager.populateValueAndReset(CRC32DigestManager.java:61)
	org.apache.bookkeeper.proto.checksum.DigestManager.computeDigestAndPackageForSending(DigestManager.java:114)
	org.apache.bookkeeper.client.ClientUtil.generatePacket(ClientUtil.java:53)
	org.apache.bookkeeper.client.ClientUtil.generatePacket(ClientUtil.java:46)
	org.apache.bookkeeper.bookie.BookieJournalTest.writePreV2Journal(BookieJournalTest.java:168)
	org.apache.bookkeeper.bookie.BookieJournalTest.testPreV2Journal(BookieJournalTest.java:363)
	java.base/jdk.internal.reflect.NativeMethodAccessorImpl.invoke0(Native Method)
	java.base/jdk.internal.reflect.NativeMethodAccessorImpl.invoke(NativeMethodAccessorImpl.java:62)
	java.base/jdk.internal.reflect.DelegatingMethodAccessorImpl.invoke(DelegatingMethodAccessorImpl.java:43)
	java.base/java.lang.reflect.Method.invoke(Method.java:566)
	org.junit.internal.runners.TestMethod.invoke(TestMethod.java:68)
	org.powermock.modules.junit4.internal.impl.PowerMockJUnit44RunnerDelegateImpl$PowerMockJUnit44MethodRunner.runTestMethod(PowerMockJUnit44RunnerDelegateImpl.java:326)
	org.junit.internal.runners.MethodRoadie$2.run(MethodRoadie.java:89)
	org.junit.internal.runners.MethodRoadie.runBeforesThenTestThenAfters(MethodRoadie.java:97)
	org.powermock.modules.junit4.internal.impl.PowerMockJUnit44RunnerDelegateImpl$PowerMockJUnit44MethodRunner.executeTest(PowerMockJUnit44RunnerDelegateImpl.java:310)
	org.powermock.modules.junit4.internal.impl.PowerMockJUnit47RunnerDelegateImpl$PowerMockJUnit47MethodRunner.executeTestInSuper(PowerMockJUnit47RunnerDelegateImpl.java:131)
	org.powermock.modules.junit4.internal.impl.PowerMockJUnit47RunnerDelegateImpl$PowerMockJUnit47MethodRunner.access$100(PowerMockJUnit47RunnerDelegateImpl.java:59)
	org.powermock.modules.junit4.internal.impl.PowerMockJUnit47RunnerDelegateImpl$PowerMockJUnit47MethodRunner$TestExecutorStatement.evaluate(PowerMockJUnit47RunnerDelegateImpl.java:147)
	org.powermock.modules.junit4.internal.impl.PowerMockJUnit47RunnerDelegateImpl$PowerMockJUnit47MethodRunner.evaluateStatement(PowerMockJUnit47RunnerDelegateImpl.java:107)
	org.powermock.modules.junit4.internal.impl.PowerMockJUnit47RunnerDelegateImpl$PowerMockJUnit47MethodRunner.executeTest(PowerMockJUnit47RunnerDelegateImpl.java:82)
	org.powermock.modules.junit4.internal.impl.PowerMockJUnit44RunnerDelegateImpl$PowerMockJUnit44MethodRunner.runBeforesThenTestThenAfters(PowerMockJUnit44RunnerDelegateImpl.java:298)
	org.junit.internal.runners.MethodRoadie.runTest(MethodRoadie.java:87)
	org.junit.internal.runners.MethodRoadie.run(MethodRoadie.java:50)
	org.powermock.modules.junit4.internal.impl.PowerMockJUnit44RunnerDelegateImpl.invokeTestMethod(PowerMockJUnit44RunnerDelegateImpl.java:218)
	org.powermock.modules.junit4.internal.impl.PowerMockJUnit44RunnerDelegateImpl.runMethods(PowerMockJUnit44RunnerDelegateImpl.java:160)
	org.powermock.modules.junit4.internal.impl.PowerMockJUnit44RunnerDelegateImpl$1.run(PowerMockJUnit44RunnerDelegateImpl.java:134)
	org.junit.internal.runners.ClassRoadie.runUnprotected(ClassRoadie.java:34)
	org.junit.internal.runners.ClassRoadie.runProtected(ClassRoadie.java:44)
	org.powermock.modules.junit4.internal.impl.PowerMockJUnit44RunnerDelegateImpl.run(PowerMockJUnit44RunnerDelegateImpl.java:136)
	org.powermock.modules.junit4.common.internal.impl.JUnit4TestSuiteChunkerImpl.run(JUnit4TestSuiteChunkerImpl.java:117)
	org.powermock.modules.junit4.common.internal.impl.AbstractCommonPowerMockRunner.run(AbstractCommonPowerMockRunner.java:57)
	org.powermock.modules.junit4.PowerMockRunner.run(PowerMockRunner.java:59)
	org.apache.maven.surefire.junit4.JUnit4Provider.execute(JUnit4Provider.java:365)
	org.apache.maven.surefire.junit4.JUnit4Provider.executeWithRerun(JUnit4Provider.java:290)
	org.apache.maven.surefire.junit4.JUnit4Provider.executeTestSet(JUnit4Provider.java:238)
	org.apache.maven.surefire.junit4.JUnit4Provider.invoke(JUnit4Provider.java:159)
	org.apache.maven.surefire.booter.ForkedBooter.invokeProviderInSameClassLoader(ForkedBooter.java:379)
	org.apache.maven.surefire.booter.ForkedBooter.runSuitesInProcess(ForkedBooter.java:340)
	org.apache.maven.surefire.booter.ForkedBooter.execute(ForkedBooter.java:125)
	org.apache.maven.surefire.booter.ForkedBooter.main(ForkedBooter.java:413)
#2:
	io.netty.buffer.AdvancedLeakAwareByteBuf.writeLong(AdvancedLeakAwareByteBuf.java:568)
	org.apache.bookkeeper.proto.checksum.DigestManager.computeDigestAndPackageForSending(DigestManager.java:109)
	org.apache.bookkeeper.client.ClientUtil.generatePacket(ClientUtil.java:53)
	org.apache.bookkeeper.client.ClientUtil.generatePacket(ClientUtil.java:46)
	org.apache.bookkeeper.bookie.BookieJournalTest.writePreV2Journal(BookieJournalTest.java:168)
	org.apache.bookkeeper.bookie.BookieJournalTest.testPreV2Journal(BookieJournalTest.java:363)
	java.base/jdk.internal.reflect.NativeMethodAccessorImpl.invoke0(Native Method)
	java.base/jdk.internal.reflect.NativeMethodAccessorImpl.invoke(NativeMethodAccessorImpl.java:62)
	java.base/jdk.internal.reflect.DelegatingMethodAccessorImpl.invoke(DelegatingMethodAccessorImpl.java:43)
	java.base/java.lang.reflect.Method.invoke(Method.java:566)
	org.junit.internal.runners.TestMethod.invoke(TestMethod.java:68)
	org.powermock.modules.junit4.internal.impl.PowerMockJUnit44RunnerDelegateImpl$PowerMockJUnit44MethodRunner.runTestMethod(PowerMockJUnit44RunnerDelegateImpl.java:326)
	org.junit.internal.runners.MethodRoadie$2.run(MethodRoadie.java:89)
	org.junit.internal.runners.MethodRoadie.runBeforesThenTestThenAfters(MethodRoadie.java:97)
	org.powermock.modules.junit4.internal.impl.PowerMockJUnit44RunnerDelegateImpl$PowerMockJUnit44MethodRunner.executeTest(PowerMockJUnit44RunnerDelegateImpl.java:310)
	org.powermock.modules.junit4.internal.impl.PowerMockJUnit47RunnerDelegateImpl$PowerMockJUnit47MethodRunner.executeTestInSuper(PowerMockJUnit47RunnerDelegateImpl.java:131)
	org.powermock.modules.junit4.internal.impl.PowerMockJUnit47RunnerDelegateImpl$PowerMockJUnit47MethodRunner.access$100(PowerMockJUnit47RunnerDelegateImpl.java:59)
	org.powermock.modules.junit4.internal.impl.PowerMockJUnit47RunnerDelegateImpl$PowerMockJUnit47MethodRunner$TestExecutorStatement.evaluate(PowerMockJUnit47RunnerDelegateImpl.java:147)
	org.powermock.modules.junit4.internal.impl.PowerMockJUnit47RunnerDelegateImpl$PowerMockJUnit47MethodRunner.evaluateStatement(PowerMockJUnit47RunnerDelegateImpl.java:107)
	org.powermock.modules.junit4.internal.impl.PowerMockJUnit47RunnerDelegateImpl$PowerMockJUnit47MethodRunner.executeTest(PowerMockJUnit47RunnerDelegateImpl.java:82)
	org.powermock.modules.junit4.internal.impl.PowerMockJUnit44RunnerDelegateImpl$PowerMockJUnit44MethodRunner.runBeforesThenTestThenAfters(PowerMockJUnit44RunnerDelegateImpl.java:298)
	org.junit.internal.runners.MethodRoadie.runTest(MethodRoadie.java:87)
	org.junit.internal.runners.MethodRoadie.run(MethodRoadie.java:50)
	org.powermock.modules.junit4.internal.impl.PowerMockJUnit44RunnerDelegateImpl.invokeTestMethod(PowerMockJUnit44RunnerDelegateImpl.java:218)
	org.powermock.modules.junit4.internal.impl.PowerMockJUnit44RunnerDelegateImpl.runMethods(PowerMockJUnit44RunnerDelegateImpl.java:160)
	org.powermock.modules.junit4.internal.impl.PowerMockJUnit44RunnerDelegateImpl$1.run(PowerMockJUnit44RunnerDelegateImpl.java:134)
	org.junit.internal.runners.ClassRoadie.runUnprotected(ClassRoadie.java:34)
	org.junit.internal.runners.ClassRoadie.runProtected(ClassRoadie.java:44)
	org.powermock.modules.junit4.internal.impl.PowerMockJUnit44RunnerDelegateImpl.run(PowerMockJUnit44RunnerDelegateImpl.java:136)
	org.powermock.modules.junit4.common.internal.impl.JUnit4TestSuiteChunkerImpl.run(JUnit4TestSuiteChunkerImpl.java:117)
	org.powermock.modules.junit4.common.internal.impl.AbstractCommonPowerMockRunner.run(AbstractCommonPowerMockRunner.java:57)
	org.powermock.modules.junit4.PowerMockRunner.run(PowerMockRunner.java:59)
	org.apache.maven.surefire.junit4.JUnit4Provider.execute(JUnit4Provider.java:365)
	org.apache.maven.surefire.junit4.JUnit4Provider.executeWithRerun(JUnit4Provider.java:290)
	org.apache.maven.surefire.junit4.JUnit4Provider.executeTestSet(JUnit4Provider.java:238)
	org.apache.maven.surefire.junit4.JUnit4Provider.invoke(JUnit4Provider.java:159)
	org.apache.maven.surefire.booter.ForkedBooter.invokeProviderInSameClassLoader(ForkedBooter.java:379)
	org.apache.maven.surefire.booter.ForkedBooter.runSuitesInProcess(ForkedBooter.java:340)
	org.apache.maven.surefire.booter.ForkedBooter.execute(ForkedBooter.java:125)
	org.apache.maven.surefire.booter.ForkedBooter.main(ForkedBooter.java:413)
#3:
	io.netty.buffer.AdvancedLeakAwareByteBuf.writeLong(AdvancedLeakAwareByteBuf.java:568)
	org.apache.bookkeeper.proto.checksum.DigestManager.computeDigestAndPackageForSending(DigestManager.java:108)
	org.apache.bookkeeper.client.ClientUtil.generatePacket(ClientUtil.java:53)
	org.apache.bookkeeper.client.ClientUtil.generatePacket(ClientUtil.java:46)
	org.apache.bookkeeper.bookie.BookieJournalTest.writePreV2Journal(BookieJournalTest.java:168)
	org.apache.bookkeeper.bookie.BookieJournalTest.testPreV2Journal(BookieJournalTest.java:363)
	java.base/jdk.internal.reflect.NativeMethodAccessorImpl.invoke0(Native Method)
	java.base/jdk.internal.reflect.NativeMethodAccessorImpl.invoke(NativeMethodAccessorImpl.java:62)
	java.base/jdk.internal.reflect.DelegatingMethodAccessorImpl.invoke(DelegatingMethodAccessorImpl.java:43)
	java.base/java.lang.reflect.Method.invoke(Method.java:566)
	org.junit.internal.runners.TestMethod.invoke(TestMethod.java:68)
	org.powermock.modules.junit4.internal.impl.PowerMockJUnit44RunnerDelegateImpl$PowerMockJUnit44MethodRunner.runTestMethod(PowerMockJUnit44RunnerDelegateImpl.java:326)
	org.junit.internal.runners.MethodRoadie$2.run(MethodRoadie.java:89)
	org.junit.internal.runners.MethodRoadie.runBeforesThenTestThenAfters(MethodRoadie.java:97)
	org.powermock.modules.junit4.internal.impl.PowerMockJUnit44RunnerDelegateImpl$PowerMockJUnit44MethodRunner.executeTest(PowerMockJUnit44RunnerDelegateImpl.java:310)
	org.powermock.modules.junit4.internal.impl.PowerMockJUnit47RunnerDelegateImpl$PowerMockJUnit47MethodRunner.executeTestInSuper(PowerMockJUnit47RunnerDelegateImpl.java:131)
	org.powermock.modules.junit4.internal.impl.PowerMockJUnit47RunnerDelegateImpl$PowerMockJUnit47MethodRunner.access$100(PowerMockJUnit47RunnerDelegateImpl.java:59)
	org.powermock.modules.junit4.internal.impl.PowerMockJUnit47RunnerDelegateImpl$PowerMockJUnit47MethodRunner$TestExecutorStatement.evaluate(PowerMockJUnit47RunnerDelegateImpl.java:147)
	org.powermock.modules.junit4.internal.impl.PowerMockJUnit47RunnerDelegateImpl$PowerMockJUnit47MethodRunner.evaluateStatement(PowerMockJUnit47RunnerDelegateImpl.java:107)
	org.powermock.modules.junit4.internal.impl.PowerMockJUnit47RunnerDelegateImpl$PowerMockJUnit47MethodRunner.executeTest(PowerMockJUnit47RunnerDelegateImpl.java:82)
	org.powermock.modules.junit4.internal.impl.PowerMockJUnit44RunnerDelegateImpl$PowerMockJUnit44MethodRunner.runBeforesThenTestThenAfters(PowerMockJUnit44RunnerDelegateImpl.java:298)
	org.junit.internal.runners.MethodRoadie.runTest(MethodRoadie.java:87)
	org.junit.internal.runners.MethodRoadie.run(MethodRoadie.java:50)
	org.powermock.modules.junit4.internal.impl.PowerMockJUnit44RunnerDelegateImpl.invokeTestMethod(PowerMockJUnit44RunnerDelegateImpl.java:218)
	org.powermock.modules.junit4.internal.impl.PowerMockJUnit44RunnerDelegateImpl.runMethods(PowerMockJUnit44RunnerDelegateImpl.java:160)
	org.powermock.modules.junit4.internal.impl.PowerMockJUnit44RunnerDelegateImpl$1.run(PowerMockJUnit44RunnerDelegateImpl.java:134)
	org.junit.internal.runners.ClassRoadie.runUnprotected(ClassRoadie.java:34)
	org.junit.internal.runners.ClassRoadie.runProtected(ClassRoadie.java:44)
	org.powermock.modules.junit4.internal.impl.PowerMockJUnit44RunnerDelegateImpl.run(PowerMockJUnit44RunnerDelegateImpl.java:136)
	org.powermock.modules.junit4.common.internal.impl.JUnit4TestSuiteChunkerImpl.run(JUnit4TestSuiteChunkerImpl.java:117)
	org.powermock.modules.junit4.common.internal.impl.AbstractCommonPowerMockRunner.run(AbstractCommonPowerMockRunner.java:57)
	org.powermock.modules.junit4.PowerMockRunner.run(PowerMockRunner.java:59)
	org.apache.maven.surefire.junit4.JUnit4Provider.execute(JUnit4Provider.java:365)
	org.apache.maven.surefire.junit4.JUnit4Provider.executeWithRerun(JUnit4Provider.java:290)
	org.apache.maven.surefire.junit4.JUnit4Provider.executeTestSet(JUnit4Provider.java:238)
	org.apache.maven.surefire.junit4.JUnit4Provider.invoke(JUnit4Provider.java:159)
	org.apache.maven.surefire.booter.ForkedBooter.invokeProviderInSameClassLoader(ForkedBooter.java:379)
	org.apache.maven.surefire.booter.ForkedBooter.runSuitesInProcess(ForkedBooter.java:340)
	org.apache.maven.surefire.booter.ForkedBooter.execute(ForkedBooter.java:125)
	org.apache.maven.surefire.booter.ForkedBooter.main(ForkedBooter.java:413)
#4:
	io.netty.buffer.AdvancedLeakAwareByteBuf.writeLong(AdvancedLeakAwareByteBuf.java:568)
	org.apache.bookkeeper.proto.checksum.DigestManager.computeDigestAndPackageForSending(DigestManager.java:107)
	org.apache.bookkeeper.client.ClientUtil.generatePacket(ClientUtil.java:53)
	org.apache.bookkeeper.client.ClientUtil.generatePacket(ClientUtil.java:46)
	org.apache.bookkeeper.bookie.BookieJournalTest.writePreV2Journal(BookieJournalTest.java:168)
	org.apache.bookkeeper.bookie.BookieJournalTest.testPreV2Journal(BookieJournalTest.java:363)
	java.base/jdk.internal.reflect.NativeMethodAccessorImpl.invoke0(Native Method)
	java.base/jdk.internal.reflect.NativeMethodAccessorImpl.invoke(NativeMethodAccessorImpl.java:62)
	java.base/jdk.internal.reflect.DelegatingMethodAccessorImpl.invoke(DelegatingMethodAccessorImpl.java:43)
	java.base/java.lang.reflect.Method.invoke(Method.java:566)
	org.junit.internal.runners.TestMethod.invoke(TestMethod.java:68)
	org.powermock.modules.junit4.internal.impl.PowerMockJUnit44RunnerDelegateImpl$PowerMockJUnit44MethodRunner.runTestMethod(PowerMockJUnit44RunnerDelegateImpl.java:326)
	org.junit.internal.runners.MethodRoadie$2.run(MethodRoadie.java:89)
	org.junit.internal.runners.MethodRoadie.runBeforesThenTestThenAfters(MethodRoadie.java:97)
	org.powermock.modules.junit4.internal.impl.PowerMockJUnit44RunnerDelegateImpl$PowerMockJUnit44MethodRunner.executeTest(PowerMockJUnit44RunnerDelegateImpl.java:310)
	org.powermock.modules.junit4.internal.impl.PowerMockJUnit47RunnerDelegateImpl$PowerMockJUnit47MethodRunner.executeTestInSuper(PowerMockJUnit47RunnerDelegateImpl.java:131)
	org.powermock.modules.junit4.internal.impl.PowerMockJUnit47RunnerDelegateImpl$PowerMockJUnit47MethodRunner.access$100(PowerMockJUnit47RunnerDelegateImpl.java:59)
	org.powermock.modules.junit4.internal.impl.PowerMockJUnit47RunnerDelegateImpl$PowerMockJUnit47MethodRunner$TestExecutorStatement.evaluate(PowerMockJUnit47RunnerDelegateImpl.java:147)
	org.powermock.modules.junit4.internal.impl.PowerMockJUnit47RunnerDelegateImpl$PowerMockJUnit47MethodRunner.evaluateStatement(PowerMockJUnit47RunnerDelegateImpl.java:107)
	org.powermock.modules.junit4.internal.impl.PowerMockJUnit47RunnerDelegateImpl$PowerMockJUnit47MethodRunner.executeTest(PowerMockJUnit47RunnerDelegateImpl.java:82)
	org.powermock.modules.junit4.internal.impl.PowerMockJUnit44RunnerDelegateImpl$PowerMockJUnit44MethodRunner.runBeforesThenTestThenAfters(PowerMockJUnit44RunnerDelegateImpl.java:298)
	org.junit.internal.runners.MethodRoadie.runTest(MethodRoadie.java:87)
	org.junit.internal.runners.MethodRoadie.run(MethodRoadie.java:50)
	org.powermock.modules.junit4.internal.impl.PowerMockJUnit44RunnerDelegateImpl.invokeTestMethod(PowerMockJUnit44RunnerDelegateImpl.java:218)
	org.powermock.modules.junit4.internal.impl.PowerMockJUnit44RunnerDelegateImpl.runMethods(PowerMockJUnit44RunnerDelegateImpl.java:160)
	org.powermock.modules.junit4.internal.impl.PowerMockJUnit44RunnerDelegateImpl$1.run(PowerMockJUnit44RunnerDelegateImpl.java:134)
	org.junit.internal.runners.ClassRoadie.runUnprotected(ClassRoadie.java:34)
	org.junit.internal.runners.ClassRoadie.runProtected(ClassRoadie.java:44)
	org.powermock.modules.junit4.internal.impl.PowerMockJUnit44RunnerDelegateImpl.run(PowerMockJUnit44RunnerDelegateImpl.java:136)
	org.powermock.modules.junit4.common.internal.impl.JUnit4TestSuiteChunkerImpl.run(JUnit4TestSuiteChunkerImpl.java:117)
	org.powermock.modules.junit4.common.internal.impl.AbstractCommonPowerMockRunner.run(AbstractCommonPowerMockRunner.java:57)
	org.powermock.modules.junit4.PowerMockRunner.run(PowerMockRunner.java:59)
	org.apache.maven.surefire.junit4.JUnit4Provider.execute(JUnit4Provider.java:365)
	org.apache.maven.surefire.junit4.JUnit4Provider.executeWithRerun(JUnit4Provider.java:290)
	org.apache.maven.surefire.junit4.JUnit4Provider.executeTestSet(JUnit4Provider.java:238)
	org.apache.maven.surefire.junit4.JUnit4Provider.invoke(JUnit4Provider.java:159)
	org.apache.maven.surefire.booter.ForkedBooter.invokeProviderInSameClassLoader(ForkedBooter.java:379)
	org.apache.maven.surefire.booter.ForkedBooter.runSuitesInProcess(ForkedBooter.java:340)
	org.apache.maven.surefire.booter.ForkedBooter.execute(ForkedBooter.java:125)
	org.apache.maven.surefire.booter.ForkedBooter.main(ForkedBooter.java:413)
Created at:
	io.netty.buffer.UnpooledByteBufAllocator.newDirectBuffer(UnpooledByteBufAllocator.java:96)
	io.netty.buffer.AbstractByteBufAllocator.directBuffer(AbstractByteBufAllocator.java:185)
	io.netty.buffer.AbstractByteBufAllocator.directBuffer(AbstractByteBufAllocator.java:176)
	io.netty.buffer.AbstractByteBufAllocator.buffer(AbstractByteBufAllocator.java:113)
	org.apache.bookkeeper.proto.checksum.DigestManager.computeDigestAndPackageForSending(DigestManager.java:103)
	org.apache.bookkeeper.client.ClientUtil.generatePacket(ClientUtil.java:53)
	org.apache.bookkeeper.client.ClientUtil.generatePacket(ClientUtil.java:46)
	org.apache.bookkeeper.bookie.BookieJournalTest.writePreV2Journal(BookieJournalTest.java:168)
	org.apache.bookkeeper.bookie.BookieJournalTest.testPreV2Journal(BookieJournalTest.java:363)
	java.base/jdk.internal.reflect.NativeMethodAccessorImpl.invoke0(Native Method)
	java.base/jdk.internal.reflect.NativeMethodAccessorImpl.invoke(NativeMethodAccessorImpl.java:62)
	java.base/jdk.internal.reflect.DelegatingMethodAccessorImpl.invoke(DelegatingMethodAccessorImpl.java:43)
	java.base/java.lang.reflect.Method.invoke(Method.java:566)
	org.junit.internal.runners.TestMethod.invoke(TestMethod.java:68)
	org.powermock.modules.junit4.internal.impl.PowerMockJUnit44RunnerDelegateImpl$PowerMockJUnit44MethodRunner.runTestMethod(PowerMockJUnit44RunnerDelegateImpl.java:326)
	org.junit.internal.runners.MethodRoadie$2.run(MethodRoadie.java:89)
	org.junit.internal.runners.MethodRoadie.runBeforesThenTestThenAfters(MethodRoadie.java:97)
	org.powermock.modules.junit4.internal.impl.PowerMockJUnit44RunnerDelegateImpl$PowerMockJUnit44MethodRunner.executeTest(PowerMockJUnit44RunnerDelegateImpl.java:310)
	org.powermock.modules.junit4.internal.impl.PowerMockJUnit47RunnerDelegateImpl$PowerMockJUnit47MethodRunner.executeTestInSuper(PowerMockJUnit47RunnerDelegateImpl.java:131)
	org.powermock.modules.junit4.internal.impl.PowerMockJUnit47RunnerDelegateImpl$PowerMockJUnit47MethodRunner.access$100(PowerMockJUnit47RunnerDelegateImpl.java:59)
	org.powermock.modules.junit4.internal.impl.PowerMockJUnit47RunnerDelegateImpl$PowerMockJUnit47MethodRunner$TestExecutorStatement.evaluate(PowerMockJUnit47RunnerDelegateImpl.java:147)
	org.powermock.modules.junit4.internal.impl.PowerMockJUnit47RunnerDelegateImpl$PowerMockJUnit47MethodRunner.evaluateStatement(PowerMockJUnit47RunnerDelegateImpl.java:107)
	org.powermock.modules.junit4.internal.impl.PowerMockJUnit47RunnerDelegateImpl$PowerMockJUnit47MethodRunner.executeTest(PowerMockJUnit47RunnerDelegateImpl.java:82)
	org.powermock.modules.junit4.internal.impl.PowerMockJUnit44RunnerDelegateImpl$PowerMockJUnit44MethodRunner.runBeforesThenTestThenAfters(PowerMockJUnit44RunnerDelegateImpl.java:298)
	org.junit.internal.runners.MethodRoadie.runTest(MethodRoadie.java:87)
	org.junit.internal.runners.MethodRoadie.run(MethodRoadie.java:50)
	org.powermock.modules.junit4.internal.impl.PowerMockJUnit44RunnerDelegateImpl.invokeTestMethod(PowerMockJUnit44RunnerDelegateImpl.java:218)
	org.powermock.modules.junit4.internal.impl.PowerMockJUnit44RunnerDelegateImpl.runMethods(PowerMockJUnit44RunnerDelegateImpl.java:160)
	org.powermock.modules.junit4.internal.impl.PowerMockJUnit44RunnerDelegateImpl$1.run(PowerMockJUnit44RunnerDelegateImpl.java:134)
	org.junit.internal.runners.ClassRoadie.runUnprotected(ClassRoadie.java:34)
	org.junit.internal.runners.ClassRoadie.runProtected(ClassRoadie.java:44)
	org.powermock.modules.junit4.internal.impl.PowerMockJUnit44RunnerDelegateImpl.run(PowerMockJUnit44RunnerDelegateImpl.java:136)
	org.powermock.modules.junit4.common.internal.impl.JUnit4TestSuiteChunkerImpl.run(JUnit4TestSuiteChunkerImpl.java:117)
	org.powermock.modules.junit4.common.internal.impl.AbstractCommonPowerMockRunner.run(AbstractCommonPowerMockRunner.java:57)
	org.powermock.modules.junit4.PowerMockRunner.run(PowerMockRunner.java:59)
	org.apache.maven.surefire.junit4.JUnit4Provider.execute(JUnit4Provider.java:365)
	org.apache.maven.surefire.junit4.JUnit4Provider.executeWithRerun(JUnit4Provider.java:290)
	org.apache.maven.surefire.junit4.JUnit4Provider.executeTestSet(JUnit4Provider.java:238)
	org.apache.maven.surefire.junit4.JUnit4Provider.invoke(JUnit4Provider.java:159)
	org.apache.maven.surefire.booter.ForkedBooter.invokeProviderInSameClassLoader(ForkedBooter.java:379)
	org.apache.maven.surefire.booter.ForkedBooter.runSuitesInProcess(ForkedBooter.java:340)
	org.apache.maven.surefire.booter.ForkedBooter.execute(ForkedBooter.java:125)
	org.apache.maven.surefire.booter.ForkedBooter.main(ForkedBooter.java:413)
: 1 leak records were discarded because the leak record count is targeted to 4. Use system property io.netty.leakDetection.targetRecords to increase the limit.
2020-08-10 23:35:53,010 - ERROR - [main:ResourceLeakDetector@317] - LEAK: ByteBuf.release() was not called before it's garbage-collected. See http://netty.io/wiki/reference-counted-objects.html for more information.
Recent access records: 
#1:
	io.netty.buffer.AdvancedLeakAwareByteBuf.writeLong(AdvancedLeakAwareByteBuf.java:568)
	org.apache.bookkeeper.proto.checksum.CRC32DigestManager.populateValueAndReset(CRC32DigestManager.java:61)
	org.apache.bookkeeper.proto.checksum.DigestManager.computeDigestAndPackageForSending(DigestManager.java:114)
	org.apache.bookkeeper.client.ClientUtil.generatePacket(ClientUtil.java:53)
	org.apache.bookkeeper.client.ClientUtil.generatePacket(ClientUtil.java:46)
	org.apache.bookkeeper.bookie.BookieJournalTest.writeV2Journal(BookieJournalTest.java:212)
	org.apache.bookkeeper.bookie.BookieJournalTest.testTruncatedInEntryJournal(BookieJournalTest.java:615)
	java.base/jdk.internal.reflect.NativeMethodAccessorImpl.invoke0(Native Method)
	java.base/jdk.internal.reflect.NativeMethodAccessorImpl.invoke(NativeMethodAccessorImpl.java:62)
	java.base/jdk.internal.reflect.DelegatingMethodAccessorImpl.invoke(DelegatingMethodAccessorImpl.java:43)
	java.base/java.lang.reflect.Method.invoke(Method.java:566)
	org.junit.internal.runners.TestMethod.invoke(TestMethod.java:68)
	org.powermock.modules.junit4.internal.impl.PowerMockJUnit44RunnerDelegateImpl$PowerMockJUnit44MethodRunner.runTestMethod(PowerMockJUnit44RunnerDelegateImpl.java:326)
	org.junit.internal.runners.MethodRoadie$2.run(MethodRoadie.java:89)
	org.junit.internal.runners.MethodRoadie.runBeforesThenTestThenAfters(MethodRoadie.java:97)
	org.powermock.modules.junit4.internal.impl.PowerMockJUnit44RunnerDelegateImpl$PowerMockJUnit44MethodRunner.executeTest(PowerMockJUnit44RunnerDelegateImpl.java:310)
	org.powermock.modules.junit4.internal.impl.PowerMockJUnit47RunnerDelegateImpl$PowerMockJUnit47MethodRunner.executeTestInSuper(PowerMockJUnit47RunnerDelegateImpl.java:131)
	org.powermock.modules.junit4.internal.impl.PowerMockJUnit47RunnerDelegateImpl$PowerMockJUnit47MethodRunner.access$100(PowerMockJUnit47RunnerDelegateImpl.java:59)
	org.powermock.modules.junit4.internal.impl.PowerMockJUnit47RunnerDelegateImpl$PowerMockJUnit47MethodRunner$TestExecutorStatement.evaluate(PowerMockJUnit47RunnerDelegateImpl.java:147)
	org.powermock.modules.junit4.internal.impl.PowerMockJUnit47RunnerDelegateImpl$PowerMockJUnit47MethodRunner.evaluateStatement(PowerMockJUnit47RunnerDelegateImpl.java:107)
	org.powermock.modules.junit4.internal.impl.PowerMockJUnit47RunnerDelegateImpl$PowerMockJUnit47MethodRunner.executeTest(PowerMockJUnit47RunnerDelegateImpl.java:82)
	org.powermock.modules.junit4.internal.impl.PowerMockJUnit44RunnerDelegateImpl$PowerMockJUnit44MethodRunner.runBeforesThenTestThenAfters(PowerMockJUnit44RunnerDelegateImpl.java:298)
	org.junit.internal.runners.MethodRoadie.runTest(MethodRoadie.java:87)
	org.junit.internal.runners.MethodRoadie.run(MethodRoadie.java:50)
	org.powermock.modules.junit4.internal.impl.PowerMockJUnit44RunnerDelegateImpl.invokeTestMethod(PowerMockJUnit44RunnerDelegateImpl.java:218)
	org.powermock.modules.junit4.internal.impl.PowerMockJUnit44RunnerDelegateImpl.runMethods(PowerMockJUnit44RunnerDelegateImpl.java:160)
	org.powermock.modules.junit4.internal.impl.PowerMockJUnit44RunnerDelegateImpl$1.run(PowerMockJUnit44RunnerDelegateImpl.java:134)
	org.junit.internal.runners.ClassRoadie.runUnprotected(ClassRoadie.java:34)
	org.junit.internal.runners.ClassRoadie.runProtected(ClassRoadie.java:44)
	org.powermock.modules.junit4.internal.impl.PowerMockJUnit44RunnerDelegateImpl.run(PowerMockJUnit44RunnerDelegateImpl.java:136)
	org.powermock.modules.junit4.common.internal.impl.JUnit4TestSuiteChunkerImpl.run(JUnit4TestSuiteChunkerImpl.java:117)
	org.powermock.modules.junit4.common.internal.impl.AbstractCommonPowerMockRunner.run(AbstractCommonPowerMockRunner.java:57)
	org.powermock.modules.junit4.PowerMockRunner.run(PowerMockRunner.java:59)
	org.apache.maven.surefire.junit4.JUnit4Provider.execute(JUnit4Provider.java:365)
	org.apache.maven.surefire.junit4.JUnit4Provider.executeWithRerun(JUnit4Provider.java:290)
	org.apache.maven.surefire.junit4.JUnit4Provider.executeTestSet(JUnit4Provider.java:238)
	org.apache.maven.surefire.junit4.JUnit4Provider.invoke(JUnit4Provider.java:159)
	org.apache.maven.surefire.booter.ForkedBooter.invokeProviderInSameClassLoader(ForkedBooter.java:379)
	org.apache.maven.surefire.booter.ForkedBooter.runSuitesInProcess(ForkedBooter.java:340)
	org.apache.maven.surefire.booter.ForkedBooter.execute(ForkedBooter.java:125)
	org.apache.maven.surefire.booter.ForkedBooter.main(ForkedBooter.java:413)
#2:
	io.netty.buffer.AdvancedLeakAwareByteBuf.writeLong(AdvancedLeakAwareByteBuf.java:568)
	org.apache.bookkeeper.proto.checksum.DigestManager.computeDigestAndPackageForSending(DigestManager.java:110)
	org.apache.bookkeeper.client.ClientUtil.generatePacket(ClientUtil.java:53)
	org.apache.bookkeeper.client.ClientUtil.generatePacket(ClientUtil.java:46)
	org.apache.bookkeeper.bookie.BookieJournalTest.writeV2Journal(BookieJournalTest.java:212)
	org.apache.bookkeeper.bookie.BookieJournalTest.testTruncatedInEntryJournal(BookieJournalTest.java:615)
	java.base/jdk.internal.reflect.NativeMethodAccessorImpl.invoke0(Native Method)
	java.base/jdk.internal.reflect.NativeMethodAccessorImpl.invoke(NativeMethodAccessorImpl.java:62)
	java.base/jdk.internal.reflect.DelegatingMethodAccessorImpl.invoke(DelegatingMethodAccessorImpl.java:43)
	java.base/java.lang.reflect.Method.invoke(Method.java:566)
	org.junit.internal.runners.TestMethod.invoke(TestMethod.java:68)
	org.powermock.modules.junit4.internal.impl.PowerMockJUnit44RunnerDelegateImpl$PowerMockJUnit44MethodRunner.runTestMethod(PowerMockJUnit44RunnerDelegateImpl.java:326)
	org.junit.internal.runners.MethodRoadie$2.run(MethodRoadie.java:89)
	org.junit.internal.runners.MethodRoadie.runBeforesThenTestThenAfters(MethodRoadie.java:97)
	org.powermock.modules.junit4.internal.impl.PowerMockJUnit44RunnerDelegateImpl$PowerMockJUnit44MethodRunner.executeTest(PowerMockJUnit44RunnerDelegateImpl.java:310)
	org.powermock.modules.junit4.internal.impl.PowerMockJUnit47RunnerDelegateImpl$PowerMockJUnit47MethodRunner.executeTestInSuper(PowerMockJUnit47RunnerDelegateImpl.java:131)
	org.powermock.modules.junit4.internal.impl.PowerMockJUnit47RunnerDelegateImpl$PowerMockJUnit47MethodRunner.access$100(PowerMockJUnit47RunnerDelegateImpl.java:59)
	org.powermock.modules.junit4.internal.impl.PowerMockJUnit47RunnerDelegateImpl$PowerMockJUnit47MethodRunner$TestExecutorStatement.evaluate(PowerMockJUnit47RunnerDelegateImpl.java:147)
	org.powermock.modules.junit4.internal.impl.PowerMockJUnit47RunnerDelegateImpl$PowerMockJUnit47MethodRunner.evaluateStatement(PowerMockJUnit47RunnerDelegateImpl.java:107)
	org.powermock.modules.junit4.internal.impl.PowerMockJUnit47RunnerDelegateImpl$PowerMockJUnit47MethodRunner.executeTest(PowerMockJUnit47RunnerDelegateImpl.java:82)
	org.powermock.modules.junit4.internal.impl.PowerMockJUnit44RunnerDelegateImpl$PowerMockJUnit44MethodRunner.runBeforesThenTestThenAfters(PowerMockJUnit44RunnerDelegateImpl.java:298)
	org.junit.internal.runners.MethodRoadie.runTest(MethodRoadie.java:87)
	org.junit.internal.runners.MethodRoadie.run(MethodRoadie.java:50)
	org.powermock.modules.junit4.internal.impl.PowerMockJUnit44RunnerDelegateImpl.invokeTestMethod(PowerMockJUnit44RunnerDelegateImpl.java:218)
	org.powermock.modules.junit4.internal.impl.PowerMockJUnit44RunnerDelegateImpl.runMethods(PowerMockJUnit44RunnerDelegateImpl.java:160)
	org.powermock.modules.junit4.internal.impl.PowerMockJUnit44RunnerDelegateImpl$1.run(PowerMockJUnit44RunnerDelegateImpl.java:134)
	org.junit.internal.runners.ClassRoadie.runUnprotected(ClassRoadie.java:34)
	org.junit.internal.runners.ClassRoadie.runProtected(ClassRoadie.java:44)
	org.powermock.modules.junit4.internal.impl.PowerMockJUnit44RunnerDelegateImpl.run(PowerMockJUnit44RunnerDelegateImpl.java:136)
	org.powermock.modules.junit4.common.internal.impl.JUnit4TestSuiteChunkerImpl.run(JUnit4TestSuiteChunkerImpl.java:117)
	org.powermock.modules.junit4.common.internal.impl.AbstractCommonPowerMockRunner.run(AbstractCommonPowerMockRunner.java:57)
	org.powermock.modules.junit4.PowerMockRunner.run(PowerMockRunner.java:59)
	org.apache.maven.surefire.junit4.JUnit4Provider.execute(JUnit4Provider.java:365)
	org.apache.maven.surefire.junit4.JUnit4Provider.executeWithRerun(JUnit4Provider.java:290)
	org.apache.maven.surefire.junit4.JUnit4Provider.executeTestSet(JUnit4Provider.java:238)
	org.apache.maven.surefire.junit4.JUnit4Provider.invoke(JUnit4Provider.java:159)
	org.apache.maven.surefire.booter.ForkedBooter.invokeProviderInSameClassLoader(ForkedBooter.java:379)
	org.apache.maven.surefire.booter.ForkedBooter.runSuitesInProcess(ForkedBooter.java:340)
	org.apache.maven.surefire.booter.ForkedBooter.execute(ForkedBooter.java:125)
	org.apache.maven.surefire.booter.ForkedBooter.main(ForkedBooter.java:413)
#3:
	io.netty.buffer.AdvancedLeakAwareByteBuf.writeLong(AdvancedLeakAwareByteBuf.java:568)
	org.apache.bookkeeper.proto.checksum.DigestManager.computeDigestAndPackageForSending(DigestManager.java:109)
	org.apache.bookkeeper.client.ClientUtil.generatePacket(ClientUtil.java:53)
	org.apache.bookkeeper.client.ClientUtil.generatePacket(ClientUtil.java:46)
	org.apache.bookkeeper.bookie.BookieJournalTest.writeV2Journal(BookieJournalTest.java:212)
	org.apache.bookkeeper.bookie.BookieJournalTest.testTruncatedInEntryJournal(BookieJournalTest.java:615)
	java.base/jdk.internal.reflect.NativeMethodAccessorImpl.invoke0(Native Method)
	java.base/jdk.internal.reflect.NativeMethodAccessorImpl.invoke(NativeMethodAccessorImpl.java:62)
	java.base/jdk.internal.reflect.DelegatingMethodAccessorImpl.invoke(DelegatingMethodAccessorImpl.java:43)
	java.base/java.lang.reflect.Method.invoke(Method.java:566)
	org.junit.internal.runners.TestMethod.invoke(TestMethod.java:68)
	org.powermock.modules.junit4.internal.impl.PowerMockJUnit44RunnerDelegateImpl$PowerMockJUnit44MethodRunner.runTestMethod(PowerMockJUnit44RunnerDelegateImpl.java:326)
	org.junit.internal.runners.MethodRoadie$2.run(MethodRoadie.java:89)
	org.junit.internal.runners.MethodRoadie.runBeforesThenTestThenAfters(MethodRoadie.java:97)
	org.powermock.modules.junit4.internal.impl.PowerMockJUnit44RunnerDelegateImpl$PowerMockJUnit44MethodRunner.executeTest(PowerMockJUnit44RunnerDelegateImpl.java:310)
	org.powermock.modules.junit4.internal.impl.PowerMockJUnit47RunnerDelegateImpl$PowerMockJUnit47MethodRunner.executeTestInSuper(PowerMockJUnit47RunnerDelegateImpl.java:131)
	org.powermock.modules.junit4.internal.impl.PowerMockJUnit47RunnerDelegateImpl$PowerMockJUnit47MethodRunner.access$100(PowerMockJUnit47RunnerDelegateImpl.java:59)
	org.powermock.modules.junit4.internal.impl.PowerMockJUnit47RunnerDelegateImpl$PowerMockJUnit47MethodRunner$TestExecutorStatement.evaluate(PowerMockJUnit47RunnerDelegateImpl.java:147)
	org.powermock.modules.junit4.internal.impl.PowerMockJUnit47RunnerDelegateImpl$PowerMockJUnit47MethodRunner.evaluateStatement(PowerMockJUnit47RunnerDelegateImpl.java:107)
	org.powermock.modules.junit4.internal.impl.PowerMockJUnit47RunnerDelegateImpl$PowerMockJUnit47MethodRunner.executeTest(PowerMockJUnit47RunnerDelegateImpl.java:82)
	org.powermock.modules.junit4.internal.impl.PowerMockJUnit44RunnerDelegateImpl$PowerMockJUnit44MethodRunner.runBeforesThenTestThenAfters(PowerMockJUnit44RunnerDelegateImpl.java:298)
	org.junit.internal.runners.MethodRoadie.runTest(MethodRoadie.java:87)
	org.junit.internal.runners.MethodRoadie.run(MethodRoadie.java:50)
	org.powermock.modules.junit4.internal.impl.PowerMockJUnit44RunnerDelegateImpl.invokeTestMethod(PowerMockJUnit44RunnerDelegateImpl.java:218)
	org.powermock.modules.junit4.internal.impl.PowerMockJUnit44RunnerDelegateImpl.runMethods(PowerMockJUnit44RunnerDelegateImpl.java:160)
	org.powermock.modules.junit4.internal.impl.PowerMockJUnit44RunnerDelegateImpl$1.run(PowerMockJUnit44RunnerDelegateImpl.java:134)
	org.junit.internal.runners.ClassRoadie.runUnprotected(ClassRoadie.java:34)
	org.junit.internal.runners.ClassRoadie.runProtected(ClassRoadie.java:44)
	org.powermock.modules.junit4.internal.impl.PowerMockJUnit44RunnerDelegateImpl.run(PowerMockJUnit44RunnerDelegateImpl.java:136)
	org.powermock.modules.junit4.common.internal.impl.JUnit4TestSuiteChunkerImpl.run(JUnit4TestSuiteChunkerImpl.java:117)
	org.powermock.modules.junit4.common.internal.impl.AbstractCommonPowerMockRunner.run(AbstractCommonPowerMockRunner.java:57)
	org.powermock.modules.junit4.PowerMockRunner.run(PowerMockRunner.java:59)
	org.apache.maven.surefire.junit4.JUnit4Provider.execute(JUnit4Provider.java:365)
	org.apache.maven.surefire.junit4.JUnit4Provider.executeWithRerun(JUnit4Provider.java:290)
	org.apache.maven.surefire.junit4.JUnit4Provider.executeTestSet(JUnit4Provider.java:238)
	org.apache.maven.surefire.junit4.JUnit4Provider.invoke(JUnit4Provider.java:159)
	org.apache.maven.surefire.booter.ForkedBooter.invokeProviderInSameClassLoader(ForkedBooter.java:379)
	org.apache.maven.surefire.booter.ForkedBooter.runSuitesInProcess(ForkedBooter.java:340)
	org.apache.maven.surefire.booter.ForkedBooter.execute(ForkedBooter.java:125)
	org.apache.maven.surefire.booter.ForkedBooter.main(ForkedBooter.java:413)
#4:
	io.netty.buffer.AdvancedLeakAwareByteBuf.writeLong(AdvancedLeakAwareByteBuf.java:568)
	org.apache.bookkeeper.proto.checksum.DigestManager.computeDigestAndPackageForSending(DigestManager.java:108)
	org.apache.bookkeeper.client.ClientUtil.generatePacket(ClientUtil.java:53)
	org.apache.bookkeeper.client.ClientUtil.generatePacket(ClientUtil.java:46)
	org.apache.bookkeeper.bookie.BookieJournalTest.writeV2Journal(BookieJournalTest.java:212)
	org.apache.bookkeeper.bookie.BookieJournalTest.testTruncatedInEntryJournal(BookieJournalTest.java:615)
	java.base/jdk.internal.reflect.NativeMethodAccessorImpl.invoke0(Native Method)
	java.base/jdk.internal.reflect.NativeMethodAccessorImpl.invoke(NativeMethodAccessorImpl.java:62)
	java.base/jdk.internal.reflect.DelegatingMethodAccessorImpl.invoke(DelegatingMethodAccessorImpl.java:43)
	java.base/java.lang.reflect.Method.invoke(Method.java:566)
	org.junit.internal.runners.TestMethod.invoke(TestMethod.java:68)
	org.powermock.modules.junit4.internal.impl.PowerMockJUnit44RunnerDelegateImpl$PowerMockJUnit44MethodRunner.runTestMethod(PowerMockJUnit44RunnerDelegateImpl.java:326)
	org.junit.internal.runners.MethodRoadie$2.run(MethodRoadie.java:89)
	org.junit.internal.runners.MethodRoadie.runBeforesThenTestThenAfters(MethodRoadie.java:97)
	org.powermock.modules.junit4.internal.impl.PowerMockJUnit44RunnerDelegateImpl$PowerMockJUnit44MethodRunner.executeTest(PowerMockJUnit44RunnerDelegateImpl.java:310)
	org.powermock.modules.junit4.internal.impl.PowerMockJUnit47RunnerDelegateImpl$PowerMockJUnit47MethodRunner.executeTestInSuper(PowerMockJUnit47RunnerDelegateImpl.java:131)
	org.powermock.modules.junit4.internal.impl.PowerMockJUnit47RunnerDelegateImpl$PowerMockJUnit47MethodRunner.access$100(PowerMockJUnit47RunnerDelegateImpl.java:59)
	org.powermock.modules.junit4.internal.impl.PowerMockJUnit47RunnerDelegateImpl$PowerMockJUnit47MethodRunner$TestExecutorStatement.evaluate(PowerMockJUnit47RunnerDelegateImpl.java:147)
	org.powermock.modules.junit4.internal.impl.PowerMockJUnit47RunnerDelegateImpl$PowerMockJUnit47MethodRunner.evaluateStatement(PowerMockJUnit47RunnerDelegateImpl.java:107)
	org.powermock.modules.junit4.internal.impl.PowerMockJUnit47RunnerDelegateImpl$PowerMockJUnit47MethodRunner.executeTest(PowerMockJUnit47RunnerDelegateImpl.java:82)
	org.powermock.modules.junit4.internal.impl.PowerMockJUnit44RunnerDelegateImpl$PowerMockJUnit44MethodRunner.runBeforesThenTestThenAfters(PowerMockJUnit44RunnerDelegateImpl.java:298)
	org.junit.internal.runners.MethodRoadie.runTest(MethodRoadie.java:87)
	org.junit.internal.runners.MethodRoadie.run(MethodRoadie.java:50)
	org.powermock.modules.junit4.internal.impl.PowerMockJUnit44RunnerDelegateImpl.invokeTestMethod(PowerMockJUnit44RunnerDelegateImpl.java:218)
	org.powermock.modules.junit4.internal.impl.PowerMockJUnit44RunnerDelegateImpl.runMethods(PowerMockJUnit44RunnerDelegateImpl.java:160)
	org.powermock.modules.junit4.internal.impl.PowerMockJUnit44RunnerDelegateImpl$1.run(PowerMockJUnit44RunnerDelegateImpl.java:134)
	org.junit.internal.runners.ClassRoadie.runUnprotected(ClassRoadie.java:34)
	org.junit.internal.runners.ClassRoadie.runProtected(ClassRoadie.java:44)
	org.powermock.modules.junit4.internal.impl.PowerMockJUnit44RunnerDelegateImpl.run(PowerMockJUnit44RunnerDelegateImpl.java:136)
	org.powermock.modules.junit4.common.internal.impl.JUnit4TestSuiteChunkerImpl.run(JUnit4TestSuiteChunkerImpl.java:117)
	org.powermock.modules.junit4.common.internal.impl.AbstractCommonPowerMockRunner.run(AbstractCommonPowerMockRunner.java:57)
	org.powermock.modules.junit4.PowerMockRunner.run(PowerMockRunner.java:59)
	org.apache.maven.surefire.junit4.JUnit4Provider.execute(JUnit4Provider.java:365)
	org.apache.maven.surefire.junit4.JUnit4Provider.executeWithRerun(JUnit4Provider.java:290)
	org.apache.maven.surefire.junit4.JUnit4Provider.executeTestSet(JUnit4Provider.java:238)
	org.apache.maven.surefire.junit4.JUnit4Provider.invoke(JUnit4Provider.java:159)
	org.apache.maven.surefire.booter.ForkedBooter.invokeProviderInSameClassLoader(ForkedBooter.java:379)
	org.apache.maven.surefire.booter.ForkedBooter.runSuitesInProcess(ForkedBooter.java:340)
	org.apache.maven.surefire.booter.ForkedBooter.execute(ForkedBooter.java:125)
	org.apache.maven.surefire.booter.ForkedBooter.main(ForkedBooter.java:413)
#5:
	io.netty.buffer.AdvancedLeakAwareByteBuf.writeLong(AdvancedLeakAwareByteBuf.java:568)
	org.apache.bookkeeper.proto.checksum.DigestManager.computeDigestAndPackageForSending(DigestManager.java:107)
	org.apache.bookkeeper.client.ClientUtil.generatePacket(ClientUtil.java:53)
	org.apache.bookkeeper.client.ClientUtil.generatePacket(ClientUtil.java:46)
	org.apache.bookkeeper.bookie.BookieJournalTest.writeV2Journal(BookieJournalTest.java:212)
	org.apache.bookkeeper.bookie.BookieJournalTest.testTruncatedInEntryJournal(BookieJournalTest.java:615)
	java.base/jdk.internal.reflect.NativeMethodAccessorImpl.invoke0(Native Method)
	java.base/jdk.internal.reflect.NativeMethodAccessorImpl.invoke(NativeMethodAccessorImpl.java:62)
	java.base/jdk.internal.reflect.DelegatingMethodAccessorImpl.invoke(DelegatingMethodAccessorImpl.java:43)
	java.base/java.lang.reflect.Method.invoke(Method.java:566)
	org.junit.internal.runners.TestMethod.invoke(TestMethod.java:68)
	org.powermock.modules.junit4.internal.impl.PowerMockJUnit44RunnerDelegateImpl$PowerMockJUnit44MethodRunner.runTestMethod(PowerMockJUnit44RunnerDelegateImpl.java:326)
	org.junit.internal.runners.MethodRoadie$2.run(MethodRoadie.java:89)
	org.junit.internal.runners.MethodRoadie.runBeforesThenTestThenAfters(MethodRoadie.java:97)
	org.powermock.modules.junit4.internal.impl.PowerMockJUnit44RunnerDelegateImpl$PowerMockJUnit44MethodRunner.executeTest(PowerMockJUnit44RunnerDelegateImpl.java:310)
	org.powermock.modules.junit4.internal.impl.PowerMockJUnit47RunnerDelegateImpl$PowerMockJUnit47MethodRunner.executeTestInSuper(PowerMockJUnit47RunnerDelegateImpl.java:131)
	org.powermock.modules.junit4.internal.impl.PowerMockJUnit47RunnerDelegateImpl$PowerMockJUnit47MethodRunner.access$100(PowerMockJUnit47RunnerDelegateImpl.java:59)
	org.powermock.modules.junit4.internal.impl.PowerMockJUnit47RunnerDelegateImpl$PowerMockJUnit47MethodRunner$TestExecutorStatement.evaluate(PowerMockJUnit47RunnerDelegateImpl.java:147)
	org.powermock.modules.junit4.internal.impl.PowerMockJUnit47RunnerDelegateImpl$PowerMockJUnit47MethodRunner.evaluateStatement(PowerMockJUnit47RunnerDelegateImpl.java:107)
	org.powermock.modules.junit4.internal.impl.PowerMockJUnit47RunnerDelegateImpl$PowerMockJUnit47MethodRunner.executeTest(PowerMockJUnit47RunnerDelegateImpl.java:82)
	org.powermock.modules.junit4.internal.impl.PowerMockJUnit44RunnerDelegateImpl$PowerMockJUnit44MethodRunner.runBeforesThenTestThenAfters(PowerMockJUnit44RunnerDelegateImpl.java:298)
	org.junit.internal.runners.MethodRoadie.runTest(MethodRoadie.java:87)
	org.junit.internal.runners.MethodRoadie.run(MethodRoadie.java:50)
	org.powermock.modules.junit4.internal.impl.PowerMockJUnit44RunnerDelegateImpl.invokeTestMethod(PowerMockJUnit44RunnerDelegateImpl.java:218)
	org.powermock.modules.junit4.internal.impl.PowerMockJUnit44RunnerDelegateImpl.runMethods(PowerMockJUnit44RunnerDelegateImpl.java:160)
	org.powermock.modules.junit4.internal.impl.PowerMockJUnit44RunnerDelegateImpl$1.run(PowerMockJUnit44RunnerDelegateImpl.java:134)
	org.junit.internal.runners.ClassRoadie.runUnprotected(ClassRoadie.java:34)
	org.junit.internal.runners.ClassRoadie.runProtected(ClassRoadie.java:44)
	org.powermock.modules.junit4.internal.impl.PowerMockJUnit44RunnerDelegateImpl.run(PowerMockJUnit44RunnerDelegateImpl.java:136)
	org.powermock.modules.junit4.common.internal.impl.JUnit4TestSuiteChunkerImpl.run(JUnit4TestSuiteChunkerImpl.java:117)
	org.powermock.modules.junit4.common.internal.impl.AbstractCommonPowerMockRunner.run(AbstractCommonPowerMockRunner.java:57)
	org.powermock.modules.junit4.PowerMockRunner.run(PowerMockRunner.java:59)
	org.apache.maven.surefire.junit4.JUnit4Provider.execute(JUnit4Provider.java:365)
	org.apache.maven.surefire.junit4.JUnit4Provider.executeWithRerun(JUnit4Provider.java:290)
	org.apache.maven.surefire.junit4.JUnit4Provider.executeTestSet(JUnit4Provider.java:238)
	org.apache.maven.surefire.junit4.JUnit4Provider.invoke(JUnit4Provider.java:159)
	org.apache.maven.surefire.booter.ForkedBooter.invokeProviderInSameClassLoader(ForkedBooter.java:379)
	org.apache.maven.surefire.booter.ForkedBooter.runSuitesInProcess(ForkedBooter.java:340)
	org.apache.maven.surefire.booter.ForkedBooter.execute(ForkedBooter.java:125)
	org.apache.maven.surefire.booter.ForkedBooter.main(ForkedBooter.java:413)
Created at:
	io.netty.buffer.UnpooledByteBufAllocator.newDirectBuffer(UnpooledByteBufAllocator.java:96)
	io.netty.buffer.AbstractByteBufAllocator.directBuffer(AbstractByteBufAllocator.java:185)
	io.netty.buffer.AbstractByteBufAllocator.directBuffer(AbstractByteBufAllocator.java:176)
	io.netty.buffer.AbstractByteBufAllocator.buffer(AbstractByteBufAllocator.java:113)
	org.apache.bookkeeper.proto.checksum.DigestManager.computeDigestAndPackageForSending(DigestManager.java:103)
	org.apache.bookkeeper.client.ClientUtil.generatePacket(ClientUtil.java:53)
	org.apache.bookkeeper.client.ClientUtil.generatePacket(ClientUtil.java:46)
	org.apache.bookkeeper.bookie.BookieJournalTest.writeV2Journal(BookieJournalTest.java:212)
	org.apache.bookkeeper.bookie.BookieJournalTest.testTruncatedInEntryJournal(BookieJournalTest.java:615)
	java.base/jdk.internal.reflect.NativeMethodAccessorImpl.invoke0(Native Method)
	java.base/jdk.internal.reflect.NativeMethodAccessorImpl.invoke(NativeMethodAccessorImpl.java:62)
	java.base/jdk.internal.reflect.DelegatingMethodAccessorImpl.invoke(DelegatingMethodAccessorImpl.java:43)
	java.base/java.lang.reflect.Method.invoke(Method.java:566)
	org.junit.internal.runners.TestMethod.invoke(TestMethod.java:68)
	org.powermock.modules.junit4.internal.impl.PowerMockJUnit44RunnerDelegateImpl$PowerMockJUnit44MethodRunner.runTestMethod(PowerMockJUnit44RunnerDelegateImpl.java:326)
	org.junit.internal.runners.MethodRoadie$2.run(MethodRoadie.java:89)
	org.junit.internal.runners.MethodRoadie.runBeforesThenTestThenAfters(MethodRoadie.java:97)
	org.powermock.modules.junit4.internal.impl.PowerMockJUnit44RunnerDelegateImpl$PowerMockJUnit44MethodRunner.executeTest(PowerMockJUnit44RunnerDelegateImpl.java:310)
	org.powermock.modules.junit4.internal.impl.PowerMockJUnit47RunnerDelegateImpl$PowerMockJUnit47MethodRunner.executeTestInSuper(PowerMockJUnit47RunnerDelegateImpl.java:131)
	org.powermock.modules.junit4.internal.impl.PowerMockJUnit47RunnerDelegateImpl$PowerMockJUnit47MethodRunner.access$100(PowerMockJUnit47RunnerDelegateImpl.java:59)
	org.powermock.modules.junit4.internal.impl.PowerMockJUnit47RunnerDelegateImpl$PowerMockJUnit47MethodRunner$TestExecutorStatement.evaluate(PowerMockJUnit47RunnerDelegateImpl.java:147)
	org.powermock.modules.junit4.internal.impl.PowerMockJUnit47RunnerDelegateImpl$PowerMockJUnit47MethodRunner.evaluateStatement(PowerMockJUnit47RunnerDelegateImpl.java:107)
	org.powermock.modules.junit4.internal.impl.PowerMockJUnit47RunnerDelegateImpl$PowerMockJUnit47MethodRunner.executeTest(PowerMockJUnit47RunnerDelegateImpl.java:82)
	org.powermock.modules.junit4.internal.impl.PowerMockJUnit44RunnerDelegateImpl$PowerMockJUnit44MethodRunner.runBeforesThenTestThenAfters(PowerMockJUnit44RunnerDelegateImpl.java:298)
	org.junit.internal.runners.MethodRoadie.runTest(MethodRoadie.java:87)
	org.junit.internal.runners.MethodRoadie.run(MethodRoadie.java:50)
	org.powermock.modules.junit4.internal.impl.PowerMockJUnit44RunnerDelegateImpl.invokeTestMethod(PowerMockJUnit44RunnerDelegateImpl.java:218)
	org.powermock.modules.junit4.internal.impl.PowerMockJUnit44RunnerDelegateImpl.runMethods(PowerMockJUnit44RunnerDelegateImpl.java:160)
	org.powermock.modules.junit4.internal.impl.PowerMockJUnit44RunnerDelegateImpl$1.run(PowerMockJUnit44RunnerDelegateImpl.java:134)
	org.junit.internal.runners.ClassRoadie.runUnprotected(ClassRoadie.java:34)
	org.junit.internal.runners.ClassRoadie.runProtected(ClassRoadie.java:44)
	org.powermock.modules.junit4.internal.impl.PowerMockJUnit44RunnerDelegateImpl.run(PowerMockJUnit44RunnerDelegateImpl.java:136)
	org.powermock.modules.junit4.common.internal.impl.JUnit4TestSuiteChunkerImpl.run(JUnit4TestSuiteChunkerImpl.java:117)
	org.powermock.modules.junit4.common.internal.impl.AbstractCommonPowerMockRunner.run(AbstractCommonPowerMockRunner.java:57)
	org.powermock.modules.junit4.PowerMockRunner.run(PowerMockRunner.java:59)
	org.apache.maven.surefire.junit4.JUnit4Provider.execute(JUnit4Provider.java:365)
	org.apache.maven.surefire.junit4.JUnit4Provider.executeWithRerun(JUnit4Provider.java:290)
	org.apache.maven.surefire.junit4.JUnit4Provider.executeTestSet(JUnit4Provider.java:238)
	org.apache.maven.surefire.junit4.JUnit4Provider.invoke(JUnit4Provider.java:159)
	org.apache.maven.surefire.booter.ForkedBooter.invokeProviderInSameClassLoader(ForkedBooter.java:379)
	org.apache.maven.surefire.booter.ForkedBooter.runSuitesInProcess(ForkedBooter.java:340)
	org.apache.maven.surefire.booter.ForkedBooter.execute(ForkedBooter.java:125)
	org.apache.maven.surefire.booter.ForkedBooter.main(ForkedBooter.java:413)
2020-08-10 23:35:53,014 - ERROR - [main:ResourceLeakDetector@317] - LEAK: ByteBuf.release() was not called before it's garbage-collected. See http://netty.io/wiki/reference-counted-objects.html for more information.
Recent access records: 
#1:
	io.netty.buffer.AdvancedLeakAwareByteBuf.writeLong(AdvancedLeakAwareByteBuf.java:568)
	org.apache.bookkeeper.proto.checksum.CRC32DigestManager.populateValueAndReset(CRC32DigestManager.java:61)
	org.apache.bookkeeper.proto.checksum.DigestManager.computeDigestAndPackageForSending(DigestManager.java:114)
	org.apache.bookkeeper.client.ClientUtil.generatePacket(ClientUtil.java:53)
	org.apache.bookkeeper.client.ClientUtil.generatePacket(ClientUtil.java:46)
	org.apache.bookkeeper.bookie.BookieJournalTest.writePreV2Journal(BookieJournalTest.java:168)
	org.apache.bookkeeper.bookie.BookieJournalTest.testPartialFileInfoPreV3Journal(BookieJournalTest.java:727)
	org.apache.bookkeeper.bookie.BookieJournalTest.testPartialFileInfoPreV3Journal2(BookieJournalTest.java:713)
	java.base/jdk.internal.reflect.NativeMethodAccessorImpl.invoke0(Native Method)
	java.base/jdk.internal.reflect.NativeMethodAccessorImpl.invoke(NativeMethodAccessorImpl.java:62)
	java.base/jdk.internal.reflect.DelegatingMethodAccessorImpl.invoke(DelegatingMethodAccessorImpl.java:43)
	java.base/java.lang.reflect.Method.invoke(Method.java:566)
	org.junit.internal.runners.TestMethod.invoke(TestMethod.java:68)
	org.powermock.modules.junit4.internal.impl.PowerMockJUnit44RunnerDelegateImpl$PowerMockJUnit44MethodRunner.runTestMethod(PowerMockJUnit44RunnerDelegateImpl.java:326)
	org.junit.internal.runners.MethodRoadie$2.run(MethodRoadie.java:89)
	org.junit.internal.runners.MethodRoadie.runBeforesThenTestThenAfters(MethodRoadie.java:97)
	org.powermock.modules.junit4.internal.impl.PowerMockJUnit44RunnerDelegateImpl$PowerMockJUnit44MethodRunner.executeTest(PowerMockJUnit44RunnerDelegateImpl.java:310)
	org.powermock.modules.junit4.internal.impl.PowerMockJUnit47RunnerDelegateImpl$PowerMockJUnit47MethodRunner.executeTestInSuper(PowerMockJUnit47RunnerDelegateImpl.java:131)
	org.powermock.modules.junit4.internal.impl.PowerMockJUnit47RunnerDelegateImpl$PowerMockJUnit47MethodRunner.access$100(PowerMockJUnit47RunnerDelegateImpl.java:59)
	org.powermock.modules.junit4.internal.impl.PowerMockJUnit47RunnerDelegateImpl$PowerMockJUnit47MethodRunner$TestExecutorStatement.evaluate(PowerMockJUnit47RunnerDelegateImpl.java:147)
	org.powermock.modules.junit4.internal.impl.PowerMockJUnit47RunnerDelegateImpl$PowerMockJUnit47MethodRunner.evaluateStatement(PowerMockJUnit47RunnerDelegateImpl.java:107)
	org.powermock.modules.junit4.internal.impl.PowerMockJUnit47RunnerDelegateImpl$PowerMockJUnit47MethodRunner.executeTest(PowerMockJUnit47RunnerDelegateImpl.java:82)
	org.powermock.modules.junit4.internal.impl.PowerMockJUnit44RunnerDelegateImpl$PowerMockJUnit44MethodRunner.runBeforesThenTestThenAfters(PowerMockJUnit44RunnerDelegateImpl.java:298)
	org.junit.internal.runners.MethodRoadie.runTest(MethodRoadie.java:87)
	org.junit.internal.runners.MethodRoadie.run(MethodRoadie.java:50)
	org.powermock.modules.junit4.internal.impl.PowerMockJUnit44RunnerDelegateImpl.invokeTestMethod(PowerMockJUnit44RunnerDelegateImpl.java:218)
	org.powermock.modules.junit4.internal.impl.PowerMockJUnit44RunnerDelegateImpl.runMethods(PowerMockJUnit44RunnerDelegateImpl.java:160)
	org.powermock.modules.junit4.internal.impl.PowerMockJUnit44RunnerDelegateImpl$1.run(PowerMockJUnit44RunnerDelegateImpl.java:134)
	org.junit.internal.runners.ClassRoadie.runUnprotected(ClassRoadie.java:34)
	org.junit.internal.runners.ClassRoadie.runProtected(ClassRoadie.java:44)
	org.powermock.modules.junit4.internal.impl.PowerMockJUnit44RunnerDelegateImpl.run(PowerMockJUnit44RunnerDelegateImpl.java:136)
	org.powermock.modules.junit4.common.internal.impl.JUnit4TestSuiteChunkerImpl.run(JUnit4TestSuiteChunkerImpl.java:117)
	org.powermock.modules.junit4.common.internal.impl.AbstractCommonPowerMockRunner.run(AbstractCommonPowerMockRunner.java:57)
	org.powermock.modules.junit4.PowerMockRunner.run(PowerMockRunner.java:59)
	org.apache.maven.surefire.junit4.JUnit4Provider.execute(JUnit4Provider.java:365)
	org.apache.maven.surefire.junit4.JUnit4Provider.executeWithRerun(JUnit4Provider.java:290)
	org.apache.maven.surefire.junit4.JUnit4Provider.executeTestSet(JUnit4Provider.java:238)
	org.apache.maven.surefire.junit4.JUnit4Provider.invoke(JUnit4Provider.java:159)
	org.apache.maven.surefire.booter.ForkedBooter.invokeProviderInSameClassLoader(ForkedBooter.java:379)
	org.apache.maven.surefire.booter.ForkedBooter.runSuitesInProcess(ForkedBooter.java:340)
	org.apache.maven.surefire.booter.ForkedBooter.execute(ForkedBooter.java:125)
	org.apache.maven.surefire.booter.ForkedBooter.main(ForkedBooter.java:413)
#2:
	io.netty.buffer.AdvancedLeakAwareByteBuf.writeLong(AdvancedLeakAwareByteBuf.java:568)
	org.apache.bookkeeper.proto.checksum.DigestManager.computeDigestAndPackageForSending(DigestManager.java:110)
	org.apache.bookkeeper.client.ClientUtil.generatePacket(ClientUtil.java:53)
	org.apache.bookkeeper.client.ClientUtil.generatePacket(ClientUtil.java:46)
	org.apache.bookkeeper.bookie.BookieJournalTest.writePreV2Journal(BookieJournalTest.java:168)
	org.apache.bookkeeper.bookie.BookieJournalTest.testPartialFileInfoPreV3Journal(BookieJournalTest.java:727)
	org.apache.bookkeeper.bookie.BookieJournalTest.testPartialFileInfoPreV3Journal2(BookieJournalTest.java:713)
	java.base/jdk.internal.reflect.NativeMethodAccessorImpl.invoke0(Native Method)
	java.base/jdk.internal.reflect.NativeMethodAccessorImpl.invoke(NativeMethodAccessorImpl.java:62)
	java.base/jdk.internal.reflect.DelegatingMethodAccessorImpl.invoke(DelegatingMethodAccessorImpl.java:43)
	java.base/java.lang.reflect.Method.invoke(Method.java:566)
	org.junit.internal.runners.TestMethod.invoke(TestMethod.java:68)
	org.powermock.modules.junit4.internal.impl.PowerMockJUnit44RunnerDelegateImpl$PowerMockJUnit44MethodRunner.runTestMethod(PowerMockJUnit44RunnerDelegateImpl.java:326)
	org.junit.internal.runners.MethodRoadie$2.run(MethodRoadie.java:89)
	org.junit.internal.runners.MethodRoadie.runBeforesThenTestThenAfters(MethodRoadie.java:97)
	org.powermock.modules.junit4.internal.impl.PowerMockJUnit44RunnerDelegateImpl$PowerMockJUnit44MethodRunner.executeTest(PowerMockJUnit44RunnerDelegateImpl.java:310)
	org.powermock.modules.junit4.internal.impl.PowerMockJUnit47RunnerDelegateImpl$PowerMockJUnit47MethodRunner.executeTestInSuper(PowerMockJUnit47RunnerDelegateImpl.java:131)
	org.powermock.modules.junit4.internal.impl.PowerMockJUnit47RunnerDelegateImpl$PowerMockJUnit47MethodRunner.access$100(PowerMockJUnit47RunnerDelegateImpl.java:59)
	org.powermock.modules.junit4.internal.impl.PowerMockJUnit47RunnerDelegateImpl$PowerMockJUnit47MethodRunner$TestExecutorStatement.evaluate(PowerMockJUnit47RunnerDelegateImpl.java:147)
	org.powermock.modules.junit4.internal.impl.PowerMockJUnit47RunnerDelegateImpl$PowerMockJUnit47MethodRunner.evaluateStatement(PowerMockJUnit47RunnerDelegateImpl.java:107)
	org.powermock.modules.junit4.internal.impl.PowerMockJUnit47RunnerDelegateImpl$PowerMockJUnit47MethodRunner.executeTest(PowerMockJUnit47RunnerDelegateImpl.java:82)
	org.powermock.modules.junit4.internal.impl.PowerMockJUnit44RunnerDelegateImpl$PowerMockJUnit44MethodRunner.runBeforesThenTestThenAfters(PowerMockJUnit44RunnerDelegateImpl.java:298)
	org.junit.internal.runners.MethodRoadie.runTest(MethodRoadie.java:87)
	org.junit.internal.runners.MethodRoadie.run(MethodRoadie.java:50)
	org.powermock.modules.junit4.internal.impl.PowerMockJUnit44RunnerDelegateImpl.invokeTestMethod(PowerMockJUnit44RunnerDelegateImpl.java:218)
	org.powermock.modules.junit4.internal.impl.PowerMockJUnit44RunnerDelegateImpl.runMethods(PowerMockJUnit44RunnerDelegateImpl.java:160)
	org.powermock.modules.junit4.internal.impl.PowerMockJUnit44RunnerDelegateImpl$1.run(PowerMockJUnit44RunnerDelegateImpl.java:134)
	org.junit.internal.runners.ClassRoadie.runUnprotected(ClassRoadie.java:34)
	org.junit.internal.runners.ClassRoadie.runProtected(ClassRoadie.java:44)
	org.powermock.modules.junit4.internal.impl.PowerMockJUnit44RunnerDelegateImpl.run(PowerMockJUnit44RunnerDelegateImpl.java:136)
	org.powermock.modules.junit4.common.internal.impl.JUnit4TestSuiteChunkerImpl.run(JUnit4TestSuiteChunkerImpl.java:117)
	org.powermock.modules.junit4.common.internal.impl.AbstractCommonPowerMockRunner.run(AbstractCommonPowerMockRunner.java:57)
	org.powermock.modules.junit4.PowerMockRunner.run(PowerMockRunner.java:59)
	org.apache.maven.surefire.junit4.JUnit4Provider.execute(JUnit4Provider.java:365)
	org.apache.maven.surefire.junit4.JUnit4Provider.executeWithRerun(JUnit4Provider.java:290)
	org.apache.maven.surefire.junit4.JUnit4Provider.executeTestSet(JUnit4Provider.java:238)
	org.apache.maven.surefire.junit4.JUnit4Provider.invoke(JUnit4Provider.java:159)
	org.apache.maven.surefire.booter.ForkedBooter.invokeProviderInSameClassLoader(ForkedBooter.java:379)
	org.apache.maven.surefire.booter.ForkedBooter.runSuitesInProcess(ForkedBooter.java:340)
	org.apache.maven.surefire.booter.ForkedBooter.execute(ForkedBooter.java:125)
	org.apache.maven.surefire.booter.ForkedBooter.main(ForkedBooter.java:413)
#3:
	io.netty.buffer.AdvancedLeakAwareByteBuf.writeLong(AdvancedLeakAwareByteBuf.java:568)
	org.apache.bookkeeper.proto.checksum.DigestManager.computeDigestAndPackageForSending(DigestManager.java:109)
	org.apache.bookkeeper.client.ClientUtil.generatePacket(ClientUtil.java:53)
	org.apache.bookkeeper.client.ClientUtil.generatePacket(ClientUtil.java:46)
	org.apache.bookkeeper.bookie.BookieJournalTest.writePreV2Journal(BookieJournalTest.java:168)
	org.apache.bookkeeper.bookie.BookieJournalTest.testPartialFileInfoPreV3Journal(BookieJournalTest.java:727)
	org.apache.bookkeeper.bookie.BookieJournalTest.testPartialFileInfoPreV3Journal2(BookieJournalTest.java:713)
	java.base/jdk.internal.reflect.NativeMethodAccessorImpl.invoke0(Native Method)
	java.base/jdk.internal.reflect.NativeMethodAccessorImpl.invoke(NativeMethodAccessorImpl.java:62)
	java.base/jdk.internal.reflect.DelegatingMethodAccessorImpl.invoke(DelegatingMethodAccessorImpl.java:43)
	java.base/java.lang.reflect.Method.invoke(Method.java:566)
	org.junit.internal.runners.TestMethod.invoke(TestMethod.java:68)
	org.powermock.modules.junit4.internal.impl.PowerMockJUnit44RunnerDelegateImpl$PowerMockJUnit44MethodRunner.runTestMethod(PowerMockJUnit44RunnerDelegateImpl.java:326)
	org.junit.internal.runners.MethodRoadie$2.run(MethodRoadie.java:89)
	org.junit.internal.runners.MethodRoadie.runBeforesThenTestThenAfters(MethodRoadie.java:97)
	org.powermock.modules.junit4.internal.impl.PowerMockJUnit44RunnerDelegateImpl$PowerMockJUnit44MethodRunner.executeTest(PowerMockJUnit44RunnerDelegateImpl.java:310)
	org.powermock.modules.junit4.internal.impl.PowerMockJUnit47RunnerDelegateImpl$PowerMockJUnit47MethodRunner.executeTestInSuper(PowerMockJUnit47RunnerDelegateImpl.java:131)
	org.powermock.modules.junit4.internal.impl.PowerMockJUnit47RunnerDelegateImpl$PowerMockJUnit47MethodRunner.access$100(PowerMockJUnit47RunnerDelegateImpl.java:59)
	org.powermock.modules.junit4.internal.impl.PowerMockJUnit47RunnerDelegateImpl$PowerMockJUnit47MethodRunner$TestExecutorStatement.evaluate(PowerMockJUnit47RunnerDelegateImpl.java:147)
	org.powermock.modules.junit4.internal.impl.PowerMockJUnit47RunnerDelegateImpl$PowerMockJUnit47MethodRunner.evaluateStatement(PowerMockJUnit47RunnerDelegateImpl.java:107)
	org.powermock.modules.junit4.internal.impl.PowerMockJUnit47RunnerDelegateImpl$PowerMockJUnit47MethodRunner.executeTest(PowerMockJUnit47RunnerDelegateImpl.java:82)
	org.powermock.modules.junit4.internal.impl.PowerMockJUnit44RunnerDelegateImpl$PowerMockJUnit44MethodRunner.runBeforesThenTestThenAfters(PowerMockJUnit44RunnerDelegateImpl.java:298)
	org.junit.internal.runners.MethodRoadie.runTest(MethodRoadie.java:87)
	org.junit.internal.runners.MethodRoadie.run(MethodRoadie.java:50)
	org.powermock.modules.junit4.internal.impl.PowerMockJUnit44RunnerDelegateImpl.invokeTestMethod(PowerMockJUnit44RunnerDelegateImpl.java:218)
	org.powermock.modules.junit4.internal.impl.PowerMockJUnit44RunnerDelegateImpl.runMethods(PowerMockJUnit44RunnerDelegateImpl.java:160)
	org.powermock.modules.junit4.internal.impl.PowerMockJUnit44RunnerDelegateImpl$1.run(PowerMockJUnit44RunnerDelegateImpl.java:134)
	org.junit.internal.runners.ClassRoadie.runUnprotected(ClassRoadie.java:34)
	org.junit.internal.runners.ClassRoadie.runProtected(ClassRoadie.java:44)
	org.powermock.modules.junit4.internal.impl.PowerMockJUnit44RunnerDelegateImpl.run(PowerMockJUnit44RunnerDelegateImpl.java:136)
	org.powermock.modules.junit4.common.internal.impl.JUnit4TestSuiteChunkerImpl.run(JUnit4TestSuiteChunkerImpl.java:117)
	org.powermock.modules.junit4.common.internal.impl.AbstractCommonPowerMockRunner.run(AbstractCommonPowerMockRunner.java:57)
	org.powermock.modules.junit4.PowerMockRunner.run(PowerMockRunner.java:59)
	org.apache.maven.surefire.junit4.JUnit4Provider.execute(JUnit4Provider.java:365)
	org.apache.maven.surefire.junit4.JUnit4Provider.executeWithRerun(JUnit4Provider.java:290)
	org.apache.maven.surefire.junit4.JUnit4Provider.executeTestSet(JUnit4Provider.java:238)
	org.apache.maven.surefire.junit4.JUnit4Provider.invoke(JUnit4Provider.java:159)
	org.apache.maven.surefire.booter.ForkedBooter.invokeProviderInSameClassLoader(ForkedBooter.java:379)
	org.apache.maven.surefire.booter.ForkedBooter.runSuitesInProcess(ForkedBooter.java:340)
	org.apache.maven.surefire.booter.ForkedBooter.execute(ForkedBooter.java:125)
	org.apache.maven.surefire.booter.ForkedBooter.main(ForkedBooter.java:413)
#4:
	io.netty.buffer.AdvancedLeakAwareByteBuf.writeLong(AdvancedLeakAwareByteBuf.java:568)
	org.apache.bookkeeper.proto.checksum.DigestManager.computeDigestAndPackageForSending(DigestManager.java:108)
	org.apache.bookkeeper.client.ClientUtil.generatePacket(ClientUtil.java:53)
	org.apache.bookkeeper.client.ClientUtil.generatePacket(ClientUtil.java:46)
	org.apache.bookkeeper.bookie.BookieJournalTest.writePreV2Journal(BookieJournalTest.java:168)
	org.apache.bookkeeper.bookie.BookieJournalTest.testPartialFileInfoPreV3Journal(BookieJournalTest.java:727)
	org.apache.bookkeeper.bookie.BookieJournalTest.testPartialFileInfoPreV3Journal2(BookieJournalTest.java:713)
	java.base/jdk.internal.reflect.NativeMethodAccessorImpl.invoke0(Native Method)
	java.base/jdk.internal.reflect.NativeMethodAccessorImpl.invoke(NativeMethodAccessorImpl.java:62)
	java.base/jdk.internal.reflect.DelegatingMethodAccessorImpl.invoke(DelegatingMethodAccessorImpl.java:43)
	java.base/java.lang.reflect.Method.invoke(Method.java:566)
	org.junit.internal.runners.TestMethod.invoke(TestMethod.java:68)
	org.powermock.modules.junit4.internal.impl.PowerMockJUnit44RunnerDelegateImpl$PowerMockJUnit44MethodRunner.runTestMethod(PowerMockJUnit44RunnerDelegateImpl.java:326)
	org.junit.internal.runners.MethodRoadie$2.run(MethodRoadie.java:89)
	org.junit.internal.runners.MethodRoadie.runBeforesThenTestThenAfters(MethodRoadie.java:97)
	org.powermock.modules.junit4.internal.impl.PowerMockJUnit44RunnerDelegateImpl$PowerMockJUnit44MethodRunner.executeTest(PowerMockJUnit44RunnerDelegateImpl.java:310)
	org.powermock.modules.junit4.internal.impl.PowerMockJUnit47RunnerDelegateImpl$PowerMockJUnit47MethodRunner.executeTestInSuper(PowerMockJUnit47RunnerDelegateImpl.java:131)
	org.powermock.modules.junit4.internal.impl.PowerMockJUnit47RunnerDelegateImpl$PowerMockJUnit47MethodRunner.access$100(PowerMockJUnit47RunnerDelegateImpl.java:59)
	org.powermock.modules.junit4.internal.impl.PowerMockJUnit47RunnerDelegateImpl$PowerMockJUnit47MethodRunner$TestExecutorStatement.evaluate(PowerMockJUnit47RunnerDelegateImpl.java:147)
	org.powermock.modules.junit4.internal.impl.PowerMockJUnit47RunnerDelegateImpl$PowerMockJUnit47MethodRunner.evaluateStatement(PowerMockJUnit47RunnerDelegateImpl.java:107)
	org.powermock.modules.junit4.internal.impl.PowerMockJUnit47RunnerDelegateImpl$PowerMockJUnit47MethodRunner.executeTest(PowerMockJUnit47RunnerDelegateImpl.java:82)
	org.powermock.modules.junit4.internal.impl.PowerMockJUnit44RunnerDelegateImpl$PowerMockJUnit44MethodRunner.runBeforesThenTestThenAfters(PowerMockJUnit44RunnerDelegateImpl.java:298)
	org.junit.internal.runners.MethodRoadie.runTest(MethodRoadie.java:87)
	org.junit.internal.runners.MethodRoadie.run(MethodRoadie.java:50)
	org.powermock.modules.junit4.internal.impl.PowerMockJUnit44RunnerDelegateImpl.invokeTestMethod(PowerMockJUnit44RunnerDelegateImpl.java:218)
	org.powermock.modules.junit4.internal.impl.PowerMockJUnit44RunnerDelegateImpl.runMethods(PowerMockJUnit44RunnerDelegateImpl.java:160)
	org.powermock.modules.junit4.internal.impl.PowerMockJUnit44RunnerDelegateImpl$1.run(PowerMockJUnit44RunnerDelegateImpl.java:134)
	org.junit.internal.runners.ClassRoadie.runUnprotected(ClassRoadie.java:34)
	org.junit.internal.runners.ClassRoadie.runProtected(ClassRoadie.java:44)
	org.powermock.modules.junit4.internal.impl.PowerMockJUnit44RunnerDelegateImpl.run(PowerMockJUnit44RunnerDelegateImpl.java:136)
	org.powermock.modules.junit4.common.internal.impl.JUnit4TestSuiteChunkerImpl.run(JUnit4TestSuiteChunkerImpl.java:117)
	org.powermock.modules.junit4.common.internal.impl.AbstractCommonPowerMockRunner.run(AbstractCommonPowerMockRunner.java:57)
	org.powermock.modules.junit4.PowerMockRunner.run(PowerMockRunner.java:59)
	org.apache.maven.surefire.junit4.JUnit4Provider.execute(JUnit4Provider.java:365)
	org.apache.maven.surefire.junit4.JUnit4Provider.executeWithRerun(JUnit4Provider.java:290)
	org.apache.maven.surefire.junit4.JUnit4Provider.executeTestSet(JUnit4Provider.java:238)
	org.apache.maven.surefire.junit4.JUnit4Provider.invoke(JUnit4Provider.java:159)
	org.apache.maven.surefire.booter.ForkedBooter.invokeProviderInSameClassLoader(ForkedBooter.java:379)
	org.apache.maven.surefire.booter.ForkedBooter.runSuitesInProcess(ForkedBooter.java:340)
	org.apache.maven.surefire.booter.ForkedBooter.execute(ForkedBooter.java:125)
	org.apache.maven.surefire.booter.ForkedBooter.main(ForkedBooter.java:413)
#5:
	io.netty.buffer.AdvancedLeakAwareByteBuf.writeLong(AdvancedLeakAwareByteBuf.java:568)
	org.apache.bookkeeper.proto.checksum.DigestManager.computeDigestAndPackageForSending(DigestManager.java:107)
	org.apache.bookkeeper.client.ClientUtil.generatePacket(ClientUtil.java:53)
	org.apache.bookkeeper.client.ClientUtil.generatePacket(ClientUtil.java:46)
	org.apache.bookkeeper.bookie.BookieJournalTest.writePreV2Journal(BookieJournalTest.java:168)
	org.apache.bookkeeper.bookie.BookieJournalTest.testPartialFileInfoPreV3Journal(BookieJournalTest.java:727)
	org.apache.bookkeeper.bookie.BookieJournalTest.testPartialFileInfoPreV3Journal2(BookieJournalTest.java:713)
	java.base/jdk.internal.reflect.NativeMethodAccessorImpl.invoke0(Native Method)
	java.base/jdk.internal.reflect.NativeMethodAccessorImpl.invoke(NativeMethodAccessorImpl.java:62)
	java.base/jdk.internal.reflect.DelegatingMethodAccessorImpl.invoke(DelegatingMethodAccessorImpl.java:43)
	java.base/java.lang.reflect.Method.invoke(Method.java:566)
	org.junit.internal.runners.TestMethod.invoke(TestMethod.java:68)
	org.powermock.modules.junit4.internal.impl.PowerMockJUnit44RunnerDelegateImpl$PowerMockJUnit44MethodRunner.runTestMethod(PowerMockJUnit44RunnerDelegateImpl.java:326)
	org.junit.internal.runners.MethodRoadie$2.run(MethodRoadie.java:89)
	org.junit.internal.runners.MethodRoadie.runBeforesThenTestThenAfters(MethodRoadie.java:97)
	org.powermock.modules.junit4.internal.impl.PowerMockJUnit44RunnerDelegateImpl$PowerMockJUnit44MethodRunner.executeTest(PowerMockJUnit44RunnerDelegateImpl.java:310)
	org.powermock.modules.junit4.internal.impl.PowerMockJUnit47RunnerDelegateImpl$PowerMockJUnit47MethodRunner.executeTestInSuper(PowerMockJUnit47RunnerDelegateImpl.java:131)
	org.powermock.modules.junit4.internal.impl.PowerMockJUnit47RunnerDelegateImpl$PowerMockJUnit47MethodRunner.access$100(PowerMockJUnit47RunnerDelegateImpl.java:59)
	org.powermock.modules.junit4.internal.impl.PowerMockJUnit47RunnerDelegateImpl$PowerMockJUnit47MethodRunner$TestExecutorStatement.evaluate(PowerMockJUnit47RunnerDelegateImpl.java:147)
	org.powermock.modules.junit4.internal.impl.PowerMockJUnit47RunnerDelegateImpl$PowerMockJUnit47MethodRunner.evaluateStatement(PowerMockJUnit47RunnerDelegateImpl.java:107)
	org.powermock.modules.junit4.internal.impl.PowerMockJUnit47RunnerDelegateImpl$PowerMockJUnit47MethodRunner.executeTest(PowerMockJUnit47RunnerDelegateImpl.java:82)
	org.powermock.modules.junit4.internal.impl.PowerMockJUnit44RunnerDelegateImpl$PowerMockJUnit44MethodRunner.runBeforesThenTestThenAfters(PowerMockJUnit44RunnerDelegateImpl.java:298)
	org.junit.internal.runners.MethodRoadie.runTest(MethodRoadie.java:87)
	org.junit.internal.runners.MethodRoadie.run(MethodRoadie.java:50)
	org.powermock.modules.junit4.internal.impl.PowerMockJUnit44RunnerDelegateImpl.invokeTestMethod(PowerMockJUnit44RunnerDelegateImpl.java:218)
	org.powermock.modules.junit4.internal.impl.PowerMockJUnit44RunnerDelegateImpl.runMethods(PowerMockJUnit44RunnerDelegateImpl.java:160)
	org.powermock.modules.junit4.internal.impl.PowerMockJUnit44RunnerDelegateImpl$1.run(PowerMockJUnit44RunnerDelegateImpl.java:134)
	org.junit.internal.runners.ClassRoadie.runUnprotected(ClassRoadie.java:34)
	org.junit.internal.runners.ClassRoadie.runProtected(ClassRoadie.java:44)
	org.powermock.modules.junit4.internal.impl.PowerMockJUnit44RunnerDelegateImpl.run(PowerMockJUnit44RunnerDelegateImpl.java:136)
	org.powermock.modules.junit4.common.internal.impl.JUnit4TestSuiteChunkerImpl.run(JUnit4TestSuiteChunkerImpl.java:117)
	org.powermock.modules.junit4.common.internal.impl.AbstractCommonPowerMockRunner.run(AbstractCommonPowerMockRunner.java:57)
	org.powermock.modules.junit4.PowerMockRunner.run(PowerMockRunner.java:59)
	org.apache.maven.surefire.junit4.JUnit4Provider.execute(JUnit4Provider.java:365)
	org.apache.maven.surefire.junit4.JUnit4Provider.executeWithRerun(JUnit4Provider.java:290)
	org.apache.maven.surefire.junit4.JUnit4Provider.executeTestSet(JUnit4Provider.java:238)
	org.apache.maven.surefire.junit4.JUnit4Provider.invoke(JUnit4Provider.java:159)
	org.apache.maven.surefire.booter.ForkedBooter.invokeProviderInSameClassLoader(ForkedBooter.java:379)
	org.apache.maven.surefire.booter.ForkedBooter.runSuitesInProcess(ForkedBooter.java:340)
	org.apache.maven.surefire.booter.ForkedBooter.execute(ForkedBooter.java:125)
	org.apache.maven.surefire.booter.ForkedBooter.main(ForkedBooter.java:413)
Created at:
	io.netty.buffer.UnpooledByteBufAllocator.newDirectBuffer(UnpooledByteBufAllocator.java:96)
	io.netty.buffer.AbstractByteBufAllocator.directBuffer(AbstractByteBufAllocator.java:185)
	io.netty.buffer.AbstractByteBufAllocator.directBuffer(AbstractByteBufAllocator.java:176)
	io.netty.buffer.AbstractByteBufAllocator.buffer(AbstractByteBufAllocator.java:113)
	org.apache.bookkeeper.proto.checksum.DigestManager.computeDigestAndPackageForSending(DigestManager.java:103)
	org.apache.bookkeeper.client.ClientUtil.generatePacket(ClientUtil.java:53)
	org.apache.bookkeeper.client.ClientUtil.generatePacket(ClientUtil.java:46)
	org.apache.bookkeeper.bookie.BookieJournalTest.writePreV2Journal(BookieJournalTest.java:168)
	org.apache.bookkeeper.bookie.BookieJournalTest.testPartialFileInfoPreV3Journal(BookieJournalTest.java:727)
	org.apache.bookkeeper.bookie.BookieJournalTest.testPartialFileInfoPreV3Journal2(BookieJournalTest.java:713)
	java.base/jdk.internal.reflect.NativeMethodAccessorImpl.invoke0(Native Method)
	java.base/jdk.internal.reflect.NativeMethodAccessorImpl.invoke(NativeMethodAccessorImpl.java:62)
	java.base/jdk.internal.reflect.DelegatingMethodAccessorImpl.invoke(DelegatingMethodAccessorImpl.java:43)
	java.base/java.lang.reflect.Method.invoke(Method.java:566)
	org.junit.internal.runners.TestMethod.invoke(TestMethod.java:68)
	org.powermock.modules.junit4.internal.impl.PowerMockJUnit44RunnerDelegateImpl$PowerMockJUnit44MethodRunner.runTestMethod(PowerMockJUnit44RunnerDelegateImpl.java:326)
	org.junit.internal.runners.MethodRoadie$2.run(MethodRoadie.java:89)
	org.junit.internal.runners.MethodRoadie.runBeforesThenTestThenAfters(MethodRoadie.java:97)
	org.powermock.modules.junit4.internal.impl.PowerMockJUnit44RunnerDelegateImpl$PowerMockJUnit44MethodRunner.executeTest(PowerMockJUnit44RunnerDelegateImpl.java:310)
	org.powermock.modules.junit4.internal.impl.PowerMockJUnit47RunnerDelegateImpl$PowerMockJUnit47MethodRunner.executeTestInSuper(PowerMockJUnit47RunnerDelegateImpl.java:131)
	org.powermock.modules.junit4.internal.impl.PowerMockJUnit47RunnerDelegateImpl$PowerMockJUnit47MethodRunner.access$100(PowerMockJUnit47RunnerDelegateImpl.java:59)
	org.powermock.modules.junit4.internal.impl.PowerMockJUnit47RunnerDelegateImpl$PowerMockJUnit47MethodRunner$TestExecutorStatement.evaluate(PowerMockJUnit47RunnerDelegateImpl.java:147)
	org.powermock.modules.junit4.internal.impl.PowerMockJUnit47RunnerDelegateImpl$PowerMockJUnit47MethodRunner.evaluateStatement(PowerMockJUnit47RunnerDelegateImpl.java:107)
	org.powermock.modules.junit4.internal.impl.PowerMockJUnit47RunnerDelegateImpl$PowerMockJUnit47MethodRunner.executeTest(PowerMockJUnit47RunnerDelegateImpl.java:82)
	org.powermock.modules.junit4.internal.impl.PowerMockJUnit44RunnerDelegateImpl$PowerMockJUnit44MethodRunner.runBeforesThenTestThenAfters(PowerMockJUnit44RunnerDelegateImpl.java:298)
	org.junit.internal.runners.MethodRoadie.runTest(MethodRoadie.java:87)
	org.junit.internal.runners.MethodRoadie.run(MethodRoadie.java:50)
	org.powermock.modules.junit4.internal.impl.PowerMockJUnit44RunnerDelegateImpl.invokeTestMethod(PowerMockJUnit44RunnerDelegateImpl.java:218)
	org.powermock.modules.junit4.internal.impl.PowerMockJUnit44RunnerDelegateImpl.runMethods(PowerMockJUnit44RunnerDelegateImpl.java:160)
	org.powermock.modules.junit4.internal.impl.PowerMockJUnit44RunnerDelegateImpl$1.run(PowerMockJUnit44RunnerDelegateImpl.java:134)
	org.junit.internal.runners.ClassRoadie.runUnprotected(ClassRoadie.java:34)
	org.junit.internal.runners.ClassRoadie.runProtected(ClassRoadie.java:44)
	org.powermock.modules.junit4.internal.impl.PowerMockJUnit44RunnerDelegateImpl.run(PowerMockJUnit44RunnerDelegateImpl.java:136)
	org.powermock.modules.junit4.common.internal.impl.JUnit4TestSuiteChunkerImpl.run(JUnit4TestSuiteChunkerImpl.java:117)
	org.powermock.modules.junit4.common.internal.impl.AbstractCommonPowerMockRunner.run(AbstractCommonPowerMockRunner.java:57)
	org.powermock.modules.junit4.PowerMockRunner.run(PowerMockRunner.java:59)
	org.apache.maven.surefire.junit4.JUnit4Provider.execute(JUnit4Provider.java:365)
	org.apache.maven.surefire.junit4.JUnit4Provider.executeWithRerun(JUnit4Provider.java:290)
	org.apache.maven.surefire.junit4.JUnit4Provider.executeTestSet(JUnit4Provider.java:238)
	org.apache.maven.surefire.junit4.JUnit4Provider.invoke(JUnit4Provider.java:159)
	org.apache.maven.surefire.booter.ForkedBooter.invokeProviderInSameClassLoader(ForkedBooter.java:379)
	org.apache.maven.surefire.booter.ForkedBooter.runSuitesInProcess(ForkedBooter.java:340)
	org.apache.maven.surefire.booter.ForkedBooter.execute(ForkedBooter.java:125)
	org.apache.maven.surefire.booter.ForkedBooter.main(ForkedBooter.java:413)
2020-08-10 23:35:53,020 - ERROR - [main:ResourceLeakDetector@317] - LEAK: ByteBuf.release() was not called before it's garbage-collected. See http://netty.io/wiki/reference-counted-objects.html for more information.
Recent access records: 
#1:
	io.netty.buffer.AdvancedLeakAwareByteBuf.writeLong(AdvancedLeakAwareByteBuf.java:568)
	org.apache.bookkeeper.proto.checksum.CRC32DigestManager.populateValueAndReset(CRC32DigestManager.java:61)
	org.apache.bookkeeper.proto.checksum.DigestManager.computeDigestAndPackageForSending(DigestManager.java:114)
	org.apache.bookkeeper.client.ClientUtil.generatePacket(ClientUtil.java:53)
	org.apache.bookkeeper.client.ClientUtil.generatePacket(ClientUtil.java:46)
	org.apache.bookkeeper.bookie.BookieJournalTest.writeV3Journal(BookieJournalTest.java:245)
	org.apache.bookkeeper.bookie.BookieJournalTest.testPartialFileInfoPostV3Journal(BookieJournalTest.java:785)
	org.apache.bookkeeper.bookie.BookieJournalTest.testPartialFileInfoPostV3Journal1(BookieJournalTest.java:761)
	java.base/jdk.internal.reflect.NativeMethodAccessorImpl.invoke0(Native Method)
	java.base/jdk.internal.reflect.NativeMethodAccessorImpl.invoke(NativeMethodAccessorImpl.java:62)
	java.base/jdk.internal.reflect.DelegatingMethodAccessorImpl.invoke(DelegatingMethodAccessorImpl.java:43)
	java.base/java.lang.reflect.Method.invoke(Method.java:566)
	org.junit.internal.runners.TestMethod.invoke(TestMethod.java:68)
	org.powermock.modules.junit4.internal.impl.PowerMockJUnit44RunnerDelegateImpl$PowerMockJUnit44MethodRunner.runTestMethod(PowerMockJUnit44RunnerDelegateImpl.java:326)
	org.junit.internal.runners.MethodRoadie$2.run(MethodRoadie.java:89)
	org.junit.internal.runners.MethodRoadie.runBeforesThenTestThenAfters(MethodRoadie.java:97)
	org.powermock.modules.junit4.internal.impl.PowerMockJUnit44RunnerDelegateImpl$PowerMockJUnit44MethodRunner.executeTest(PowerMockJUnit44RunnerDelegateImpl.java:310)
	org.powermock.modules.junit4.internal.impl.PowerMockJUnit47RunnerDelegateImpl$PowerMockJUnit47MethodRunner.executeTestInSuper(PowerMockJUnit47RunnerDelegateImpl.java:131)
	org.powermock.modules.junit4.internal.impl.PowerMockJUnit47RunnerDelegateImpl$PowerMockJUnit47MethodRunner.access$100(PowerMockJUnit47RunnerDelegateImpl.java:59)
	org.powermock.modules.junit4.internal.impl.PowerMockJUnit47RunnerDelegateImpl$PowerMockJUnit47MethodRunner$TestExecutorStatement.evaluate(PowerMockJUnit47RunnerDelegateImpl.java:147)
	org.powermock.modules.junit4.internal.impl.PowerMockJUnit47RunnerDelegateImpl$PowerMockJUnit47MethodRunner.evaluateStatement(PowerMockJUnit47RunnerDelegateImpl.java:107)
	org.powermock.modules.junit4.internal.impl.PowerMockJUnit47RunnerDelegateImpl$PowerMockJUnit47MethodRunner.executeTest(PowerMockJUnit47RunnerDelegateImpl.java:82)
	org.powermock.modules.junit4.internal.impl.PowerMockJUnit44RunnerDelegateImpl$PowerMockJUnit44MethodRunner.runBeforesThenTestThenAfters(PowerMockJUnit44RunnerDelegateImpl.java:298)
	org.junit.internal.runners.MethodRoadie.runTest(MethodRoadie.java:87)
	org.junit.internal.runners.MethodRoadie.run(MethodRoadie.java:50)
	org.powermock.modules.junit4.internal.impl.PowerMockJUnit44RunnerDelegateImpl.invokeTestMethod(PowerMockJUnit44RunnerDelegateImpl.java:218)
	org.powermock.modules.junit4.internal.impl.PowerMockJUnit44RunnerDelegateImpl.runMethods(PowerMockJUnit44RunnerDelegateImpl.java:160)
	org.powermock.modules.junit4.internal.impl.PowerMockJUnit44RunnerDelegateImpl$1.run(PowerMockJUnit44RunnerDelegateImpl.java:134)
	org.junit.internal.runners.ClassRoadie.runUnprotected(ClassRoadie.java:34)
	org.junit.internal.runners.ClassRoadie.runProtected(ClassRoadie.java:44)
	org.powermock.modules.junit4.internal.impl.PowerMockJUnit44RunnerDelegateImpl.run(PowerMockJUnit44RunnerDelegateImpl.java:136)
	org.powermock.modules.junit4.common.internal.impl.JUnit4TestSuiteChunkerImpl.run(JUnit4TestSuiteChunkerImpl.java:117)
	org.powermock.modules.junit4.common.internal.impl.AbstractCommonPowerMockRunner.run(AbstractCommonPowerMockRunner.java:57)
	org.powermock.modules.junit4.PowerMockRunner.run(PowerMockRunner.java:59)
	org.apache.maven.surefire.junit4.JUnit4Provider.execute(JUnit4Provider.java:365)
	org.apache.maven.surefire.junit4.JUnit4Provider.executeWithRerun(JUnit4Provider.java:290)
	org.apache.maven.surefire.junit4.JUnit4Provider.executeTestSet(JUnit4Provider.java:238)
	org.apache.maven.surefire.junit4.JUnit4Provider.invoke(JUnit4Provider.java:159)
	org.apache.maven.surefire.booter.ForkedBooter.invokeProviderInSameClassLoader(ForkedBooter.java:379)
	org.apache.maven.surefire.booter.ForkedBooter.runSuitesInProcess(ForkedBooter.java:340)
	org.apache.maven.surefire.booter.ForkedBooter.execute(ForkedBooter.java:125)
	org.apache.maven.surefire.booter.ForkedBooter.main(ForkedBooter.java:413)
#2:
	io.netty.buffer.AdvancedLeakAwareByteBuf.writeLong(AdvancedLeakAwareByteBuf.java:568)
	org.apache.bookkeeper.proto.checksum.DigestManager.computeDigestAndPackageForSending(DigestManager.java:109)
	org.apache.bookkeeper.client.ClientUtil.generatePacket(ClientUtil.java:53)
	org.apache.bookkeeper.client.ClientUtil.generatePacket(ClientUtil.java:46)
	org.apache.bookkeeper.bookie.BookieJournalTest.writeV3Journal(BookieJournalTest.java:245)
	org.apache.bookkeeper.bookie.BookieJournalTest.testPartialFileInfoPostV3Journal(BookieJournalTest.java:785)
	org.apache.bookkeeper.bookie.BookieJournalTest.testPartialFileInfoPostV3Journal1(BookieJournalTest.java:761)
	java.base/jdk.internal.reflect.NativeMethodAccessorImpl.invoke0(Native Method)
	java.base/jdk.internal.reflect.NativeMethodAccessorImpl.invoke(NativeMethodAccessorImpl.java:62)
	java.base/jdk.internal.reflect.DelegatingMethodAccessorImpl.invoke(DelegatingMethodAccessorImpl.java:43)
	java.base/java.lang.reflect.Method.invoke(Method.java:566)
	org.junit.internal.runners.TestMethod.invoke(TestMethod.java:68)
	org.powermock.modules.junit4.internal.impl.PowerMockJUnit44RunnerDelegateImpl$PowerMockJUnit44MethodRunner.runTestMethod(PowerMockJUnit44RunnerDelegateImpl.java:326)
	org.junit.internal.runners.MethodRoadie$2.run(MethodRoadie.java:89)
	org.junit.internal.runners.MethodRoadie.runBeforesThenTestThenAfters(MethodRoadie.java:97)
	org.powermock.modules.junit4.internal.impl.PowerMockJUnit44RunnerDelegateImpl$PowerMockJUnit44MethodRunner.executeTest(PowerMockJUnit44RunnerDelegateImpl.java:310)
	org.powermock.modules.junit4.internal.impl.PowerMockJUnit47RunnerDelegateImpl$PowerMockJUnit47MethodRunner.executeTestInSuper(PowerMockJUnit47RunnerDelegateImpl.java:131)
	org.powermock.modules.junit4.internal.impl.PowerMockJUnit47RunnerDelegateImpl$PowerMockJUnit47MethodRunner.access$100(PowerMockJUnit47RunnerDelegateImpl.java:59)
	org.powermock.modules.junit4.internal.impl.PowerMockJUnit47RunnerDelegateImpl$PowerMockJUnit47MethodRunner$TestExecutorStatement.evaluate(PowerMockJUnit47RunnerDelegateImpl.java:147)
	org.powermock.modules.junit4.internal.impl.PowerMockJUnit47RunnerDelegateImpl$PowerMockJUnit47MethodRunner.evaluateStatement(PowerMockJUnit47RunnerDelegateImpl.java:107)
	org.powermock.modules.junit4.internal.impl.PowerMockJUnit47RunnerDelegateImpl$PowerMockJUnit47MethodRunner.executeTest(PowerMockJUnit47RunnerDelegateImpl.java:82)
	org.powermock.modules.junit4.internal.impl.PowerMockJUnit44RunnerDelegateImpl$PowerMockJUnit44MethodRunner.runBeforesThenTestThenAfters(PowerMockJUnit44RunnerDelegateImpl.java:298)
	org.junit.internal.runners.MethodRoadie.runTest(MethodRoadie.java:87)
	org.junit.internal.runners.MethodRoadie.run(MethodRoadie.java:50)
	org.powermock.modules.junit4.internal.impl.PowerMockJUnit44RunnerDelegateImpl.invokeTestMethod(PowerMockJUnit44RunnerDelegateImpl.java:218)
	org.powermock.modules.junit4.internal.impl.PowerMockJUnit44RunnerDelegateImpl.runMethods(PowerMockJUnit44RunnerDelegateImpl.java:160)
	org.powermock.modules.junit4.internal.impl.PowerMockJUnit44RunnerDelegateImpl$1.run(PowerMockJUnit44RunnerDelegateImpl.java:134)
	org.junit.internal.runners.ClassRoadie.runUnprotected(ClassRoadie.java:34)
	org.junit.internal.runners.ClassRoadie.runProtected(ClassRoadie.java:44)
	org.powermock.modules.junit4.internal.impl.PowerMockJUnit44RunnerDelegateImpl.run(PowerMockJUnit44RunnerDelegateImpl.java:136)
	org.powermock.modules.junit4.common.internal.impl.JUnit4TestSuiteChunkerImpl.run(JUnit4TestSuiteChunkerImpl.java:117)
	org.powermock.modules.junit4.common.internal.impl.AbstractCommonPowerMockRunner.run(AbstractCommonPowerMockRunner.java:57)
	org.powermock.modules.junit4.PowerMockRunner.run(PowerMockRunner.java:59)
	org.apache.maven.surefire.junit4.JUnit4Provider.execute(JUnit4Provider.java:365)
	org.apache.maven.surefire.junit4.JUnit4Provider.executeWithRerun(JUnit4Provider.java:290)
	org.apache.maven.surefire.junit4.JUnit4Provider.executeTestSet(JUnit4Provider.java:238)
	org.apache.maven.surefire.junit4.JUnit4Provider.invoke(JUnit4Provider.java:159)
	org.apache.maven.surefire.booter.ForkedBooter.invokeProviderInSameClassLoader(ForkedBooter.java:379)
	org.apache.maven.surefire.booter.ForkedBooter.runSuitesInProcess(ForkedBooter.java:340)
	org.apache.maven.surefire.booter.ForkedBooter.execute(ForkedBooter.java:125)
	org.apache.maven.surefire.booter.ForkedBooter.main(ForkedBooter.java:413)
#3:
	io.netty.buffer.AdvancedLeakAwareByteBuf.writeLong(AdvancedLeakAwareByteBuf.java:568)
	org.apache.bookkeeper.proto.checksum.DigestManager.computeDigestAndPackageForSending(DigestManager.java:108)
	org.apache.bookkeeper.client.ClientUtil.generatePacket(ClientUtil.java:53)
	org.apache.bookkeeper.client.ClientUtil.generatePacket(ClientUtil.java:46)
	org.apache.bookkeeper.bookie.BookieJournalTest.writeV3Journal(BookieJournalTest.java:245)
	org.apache.bookkeeper.bookie.BookieJournalTest.testPartialFileInfoPostV3Journal(BookieJournalTest.java:785)
	org.apache.bookkeeper.bookie.BookieJournalTest.testPartialFileInfoPostV3Journal1(BookieJournalTest.java:761)
	java.base/jdk.internal.reflect.NativeMethodAccessorImpl.invoke0(Native Method)
	java.base/jdk.internal.reflect.NativeMethodAccessorImpl.invoke(NativeMethodAccessorImpl.java:62)
	java.base/jdk.internal.reflect.DelegatingMethodAccessorImpl.invoke(DelegatingMethodAccessorImpl.java:43)
	java.base/java.lang.reflect.Method.invoke(Method.java:566)
	org.junit.internal.runners.TestMethod.invoke(TestMethod.java:68)
	org.powermock.modules.junit4.internal.impl.PowerMockJUnit44RunnerDelegateImpl$PowerMockJUnit44MethodRunner.runTestMethod(PowerMockJUnit44RunnerDelegateImpl.java:326)
	org.junit.internal.runners.MethodRoadie$2.run(MethodRoadie.java:89)
	org.junit.internal.runners.MethodRoadie.runBeforesThenTestThenAfters(MethodRoadie.java:97)
	org.powermock.modules.junit4.internal.impl.PowerMockJUnit44RunnerDelegateImpl$PowerMockJUnit44MethodRunner.executeTest(PowerMockJUnit44RunnerDelegateImpl.java:310)
	org.powermock.modules.junit4.internal.impl.PowerMockJUnit47RunnerDelegateImpl$PowerMockJUnit47MethodRunner.executeTestInSuper(PowerMockJUnit47RunnerDelegateImpl.java:131)
	org.powermock.modules.junit4.internal.impl.PowerMockJUnit47RunnerDelegateImpl$PowerMockJUnit47MethodRunner.access$100(PowerMockJUnit47RunnerDelegateImpl.java:59)
	org.powermock.modules.junit4.internal.impl.PowerMockJUnit47RunnerDelegateImpl$PowerMockJUnit47MethodRunner$TestExecutorStatement.evaluate(PowerMockJUnit47RunnerDelegateImpl.java:147)
	org.powermock.modules.junit4.internal.impl.PowerMockJUnit47RunnerDelegateImpl$PowerMockJUnit47MethodRunner.evaluateStatement(PowerMockJUnit47RunnerDelegateImpl.java:107)
	org.powermock.modules.junit4.internal.impl.PowerMockJUnit47RunnerDelegateImpl$PowerMockJUnit47MethodRunner.executeTest(PowerMockJUnit47RunnerDelegateImpl.java:82)
	org.powermock.modules.junit4.internal.impl.PowerMockJUnit44RunnerDelegateImpl$PowerMockJUnit44MethodRunner.runBeforesThenTestThenAfters(PowerMockJUnit44RunnerDelegateImpl.java:298)
	org.junit.internal.runners.MethodRoadie.runTest(MethodRoadie.java:87)
	org.junit.internal.runners.MethodRoadie.run(MethodRoadie.java:50)
	org.powermock.modules.junit4.internal.impl.PowerMockJUnit44RunnerDelegateImpl.invokeTestMethod(PowerMockJUnit44RunnerDelegateImpl.java:218)
	org.powermock.modules.junit4.internal.impl.PowerMockJUnit44RunnerDelegateImpl.runMethods(PowerMockJUnit44RunnerDelegateImpl.java:160)
	org.powermock.modules.junit4.internal.impl.PowerMockJUnit44RunnerDelegateImpl$1.run(PowerMockJUnit44RunnerDelegateImpl.java:134)
	org.junit.internal.runners.ClassRoadie.runUnprotected(ClassRoadie.java:34)
	org.junit.internal.runners.ClassRoadie.runProtected(ClassRoadie.java:44)
	org.powermock.modules.junit4.internal.impl.PowerMockJUnit44RunnerDelegateImpl.run(PowerMockJUnit44RunnerDelegateImpl.java:136)
	org.powermock.modules.junit4.common.internal.impl.JUnit4TestSuiteChunkerImpl.run(JUnit4TestSuiteChunkerImpl.java:117)
	org.powermock.modules.junit4.common.internal.impl.AbstractCommonPowerMockRunner.run(AbstractCommonPowerMockRunner.java:57)
	org.powermock.modules.junit4.PowerMockRunner.run(PowerMockRunner.java:59)
	org.apache.maven.surefire.junit4.JUnit4Provider.execute(JUnit4Provider.java:365)
	org.apache.maven.surefire.junit4.JUnit4Provider.executeWithRerun(JUnit4Provider.java:290)
	org.apache.maven.surefire.junit4.JUnit4Provider.executeTestSet(JUnit4Provider.java:238)
	org.apache.maven.surefire.junit4.JUnit4Provider.invoke(JUnit4Provider.java:159)
	org.apache.maven.surefire.booter.ForkedBooter.invokeProviderInSameClassLoader(ForkedBooter.java:379)
	org.apache.maven.surefire.booter.ForkedBooter.runSuitesInProcess(ForkedBooter.java:340)
	org.apache.maven.surefire.booter.ForkedBooter.execute(ForkedBooter.java:125)
	org.apache.maven.surefire.booter.ForkedBooter.main(ForkedBooter.java:413)
#4:
	io.netty.buffer.AdvancedLeakAwareByteBuf.writeLong(AdvancedLeakAwareByteBuf.java:568)
	org.apache.bookkeeper.proto.checksum.DigestManager.computeDigestAndPackageForSending(DigestManager.java:107)
	org.apache.bookkeeper.client.ClientUtil.generatePacket(ClientUtil.java:53)
	org.apache.bookkeeper.client.ClientUtil.generatePacket(ClientUtil.java:46)
	org.apache.bookkeeper.bookie.BookieJournalTest.writeV3Journal(BookieJournalTest.java:245)
	org.apache.bookkeeper.bookie.BookieJournalTest.testPartialFileInfoPostV3Journal(BookieJournalTest.java:785)
	org.apache.bookkeeper.bookie.BookieJournalTest.testPartialFileInfoPostV3Journal1(BookieJournalTest.java:761)
	java.base/jdk.internal.reflect.NativeMethodAccessorImpl.invoke0(Native Method)
	java.base/jdk.internal.reflect.NativeMethodAccessorImpl.invoke(NativeMethodAccessorImpl.java:62)
	java.base/jdk.internal.reflect.DelegatingMethodAccessorImpl.invoke(DelegatingMethodAccessorImpl.java:43)
	java.base/java.lang.reflect.Method.invoke(Method.java:566)
	org.junit.internal.runners.TestMethod.invoke(TestMethod.java:68)
	org.powermock.modules.junit4.internal.impl.PowerMockJUnit44RunnerDelegateImpl$PowerMockJUnit44MethodRunner.runTestMethod(PowerMockJUnit44RunnerDelegateImpl.java:326)
	org.junit.internal.runners.MethodRoadie$2.run(MethodRoadie.java:89)
	org.junit.internal.runners.MethodRoadie.runBeforesThenTestThenAfters(MethodRoadie.java:97)
	org.powermock.modules.junit4.internal.impl.PowerMockJUnit44RunnerDelegateImpl$PowerMockJUnit44MethodRunner.executeTest(PowerMockJUnit44RunnerDelegateImpl.java:310)
	org.powermock.modules.junit4.internal.impl.PowerMockJUnit47RunnerDelegateImpl$PowerMockJUnit47MethodRunner.executeTestInSuper(PowerMockJUnit47RunnerDelegateImpl.java:131)
	org.powermock.modules.junit4.internal.impl.PowerMockJUnit47RunnerDelegateImpl$PowerMockJUnit47MethodRunner.access$100(PowerMockJUnit47RunnerDelegateImpl.java:59)
	org.powermock.modules.junit4.internal.impl.PowerMockJUnit47RunnerDelegateImpl$PowerMockJUnit47MethodRunner$TestExecutorStatement.evaluate(PowerMockJUnit47RunnerDelegateImpl.java:147)
	org.powermock.modules.junit4.internal.impl.PowerMockJUnit47RunnerDelegateImpl$PowerMockJUnit47MethodRunner.evaluateStatement(PowerMockJUnit47RunnerDelegateImpl.java:107)
	org.powermock.modules.junit4.internal.impl.PowerMockJUnit47RunnerDelegateImpl$PowerMockJUnit47MethodRunner.executeTest(PowerMockJUnit47RunnerDelegateImpl.java:82)
	org.powermock.modules.junit4.internal.impl.PowerMockJUnit44RunnerDelegateImpl$PowerMockJUnit44MethodRunner.runBeforesThenTestThenAfters(PowerMockJUnit44RunnerDelegateImpl.java:298)
	org.junit.internal.runners.MethodRoadie.runTest(MethodRoadie.java:87)
	org.junit.internal.runners.MethodRoadie.run(MethodRoadie.java:50)
	org.powermock.modules.junit4.internal.impl.PowerMockJUnit44RunnerDelegateImpl.invokeTestMethod(PowerMockJUnit44RunnerDelegateImpl.java:218)
	org.powermock.modules.junit4.internal.impl.PowerMockJUnit44RunnerDelegateImpl.runMethods(PowerMockJUnit44RunnerDelegateImpl.java:160)
	org.powermock.modules.junit4.internal.impl.PowerMockJUnit44RunnerDelegateImpl$1.run(PowerMockJUnit44RunnerDelegateImpl.java:134)
	org.junit.internal.runners.ClassRoadie.runUnprotected(ClassRoadie.java:34)
	org.junit.internal.runners.ClassRoadie.runProtected(ClassRoadie.java:44)
	org.powermock.modules.junit4.internal.impl.PowerMockJUnit44RunnerDelegateImpl.run(PowerMockJUnit44RunnerDelegateImpl.java:136)
	org.powermock.modules.junit4.common.internal.impl.JUnit4TestSuiteChunkerImpl.run(JUnit4TestSuiteChunkerImpl.java:117)
	org.powermock.modules.junit4.common.internal.impl.AbstractCommonPowerMockRunner.run(AbstractCommonPowerMockRunner.java:57)
	org.powermock.modules.junit4.PowerMockRunner.run(PowerMockRunner.java:59)
	org.apache.maven.surefire.junit4.JUnit4Provider.execute(JUnit4Provider.java:365)
	org.apache.maven.surefire.junit4.JUnit4Provider.executeWithRerun(JUnit4Provider.java:290)
	org.apache.maven.surefire.junit4.JUnit4Provider.executeTestSet(JUnit4Provider.java:238)
	org.apache.maven.surefire.junit4.JUnit4Provider.invoke(JUnit4Provider.java:159)
	org.apache.maven.surefire.booter.ForkedBooter.invokeProviderInSameClassLoader(ForkedBooter.java:379)
	org.apache.maven.surefire.booter.ForkedBooter.runSuitesInProcess(ForkedBooter.java:340)
	org.apache.maven.surefire.booter.ForkedBooter.execute(ForkedBooter.java:125)
	org.apache.maven.surefire.booter.ForkedBooter.main(ForkedBooter.java:413)
Created at:
	io.netty.buffer.UnpooledByteBufAllocator.newDirectBuffer(UnpooledByteBufAllocator.java:96)
	io.netty.buffer.AbstractByteBufAllocator.directBuffer(AbstractByteBufAllocator.java:185)
	io.netty.buffer.AbstractByteBufAllocator.directBuffer(AbstractByteBufAllocator.java:176)
	io.netty.buffer.AbstractByteBufAllocator.buffer(AbstractByteBufAllocator.java:113)
	org.apache.bookkeeper.proto.checksum.DigestManager.computeDigestAndPackageForSending(DigestManager.java:103)
	org.apache.bookkeeper.client.ClientUtil.generatePacket(ClientUtil.java:53)
	org.apache.bookkeeper.client.ClientUtil.generatePacket(ClientUtil.java:46)
	org.apache.bookkeeper.bookie.BookieJournalTest.writeV3Journal(BookieJournalTest.java:245)
	org.apache.bookkeeper.bookie.BookieJournalTest.testPartialFileInfoPostV3Journal(BookieJournalTest.java:785)
	org.apache.bookkeeper.bookie.BookieJournalTest.testPartialFileInfoPostV3Journal1(BookieJournalTest.java:761)
	java.base/jdk.internal.reflect.NativeMethodAccessorImpl.invoke0(Native Method)
	java.base/jdk.internal.reflect.NativeMethodAccessorImpl.invoke(NativeMethodAccessorImpl.java:62)
	java.base/jdk.internal.reflect.DelegatingMethodAccessorImpl.invoke(DelegatingMethodAccessorImpl.java:43)
	java.base/java.lang.reflect.Method.invoke(Method.java:566)
	org.junit.internal.runners.TestMethod.invoke(TestMethod.java:68)
	org.powermock.modules.junit4.internal.impl.PowerMockJUnit44RunnerDelegateImpl$PowerMockJUnit44MethodRunner.runTestMethod(PowerMockJUnit44RunnerDelegateImpl.java:326)
	org.junit.internal.runners.MethodRoadie$2.run(MethodRoadie.java:89)
	org.junit.internal.runners.MethodRoadie.runBeforesThenTestThenAfters(MethodRoadie.java:97)
	org.powermock.modules.junit4.internal.impl.PowerMockJUnit44RunnerDelegateImpl$PowerMockJUnit44MethodRunner.executeTest(PowerMockJUnit44RunnerDelegateImpl.java:310)
	org.powermock.modules.junit4.internal.impl.PowerMockJUnit47RunnerDelegateImpl$PowerMockJUnit47MethodRunner.executeTestInSuper(PowerMockJUnit47RunnerDelegateImpl.java:131)
	org.powermock.modules.junit4.internal.impl.PowerMockJUnit47RunnerDelegateImpl$PowerMockJUnit47MethodRunner.access$100(PowerMockJUnit47RunnerDelegateImpl.java:59)
	org.powermock.modules.junit4.internal.impl.PowerMockJUnit47RunnerDelegateImpl$PowerMockJUnit47MethodRunner$TestExecutorStatement.evaluate(PowerMockJUnit47RunnerDelegateImpl.java:147)
	org.powermock.modules.junit4.internal.impl.PowerMockJUnit47RunnerDelegateImpl$PowerMockJUnit47MethodRunner.evaluateStatement(PowerMockJUnit47RunnerDelegateImpl.java:107)
	org.powermock.modules.junit4.internal.impl.PowerMockJUnit47RunnerDelegateImpl$PowerMockJUnit47MethodRunner.executeTest(PowerMockJUnit47RunnerDelegateImpl.java:82)
	org.powermock.modules.junit4.internal.impl.PowerMockJUnit44RunnerDelegateImpl$PowerMockJUnit44MethodRunner.runBeforesThenTestThenAfters(PowerMockJUnit44RunnerDelegateImpl.java:298)
	org.junit.internal.runners.MethodRoadie.runTest(MethodRoadie.java:87)
	org.junit.internal.runners.MethodRoadie.run(MethodRoadie.java:50)
	org.powermock.modules.junit4.internal.impl.PowerMockJUnit44RunnerDelegateImpl.invokeTestMethod(PowerMockJUnit44RunnerDelegateImpl.java:218)
	org.powermock.modules.junit4.internal.impl.PowerMockJUnit44RunnerDelegateImpl.runMethods(PowerMockJUnit44RunnerDelegateImpl.java:160)
	org.powermock.modules.junit4.internal.impl.PowerMockJUnit44RunnerDelegateImpl$1.run(PowerMockJUnit44RunnerDelegateImpl.java:134)
	org.junit.internal.runners.ClassRoadie.runUnprotected(ClassRoadie.java:34)
	org.junit.internal.runners.ClassRoadie.runProtected(ClassRoadie.java:44)
	org.powermock.modules.junit4.internal.impl.PowerMockJUnit44RunnerDelegateImpl.run(PowerMockJUnit44RunnerDelegateImpl.java:136)
	org.powermock.modules.junit4.common.internal.impl.JUnit4TestSuiteChunkerImpl.run(JUnit4TestSuiteChunkerImpl.java:117)
	org.powermock.modules.junit4.common.internal.impl.AbstractCommonPowerMockRunner.run(AbstractCommonPowerMockRunner.java:57)
	org.powermock.modules.junit4.PowerMockRunner.run(PowerMockRunner.java:59)
	org.apache.maven.surefire.junit4.JUnit4Provider.execute(JUnit4Provider.java:365)
	org.apache.maven.surefire.junit4.JUnit4Provider.executeWithRerun(JUnit4Provider.java:290)
	org.apache.maven.surefire.junit4.JUnit4Provider.executeTestSet(JUnit4Provider.java:238)
	org.apache.maven.surefire.junit4.JUnit4Provider.invoke(JUnit4Provider.java:159)
	org.apache.maven.surefire.booter.ForkedBooter.invokeProviderInSameClassLoader(ForkedBooter.java:379)
	org.apache.maven.surefire.booter.ForkedBooter.runSuitesInProcess(ForkedBooter.java:340)
	org.apache.maven.surefire.booter.ForkedBooter.execute(ForkedBooter.java:125)
	org.apache.maven.surefire.booter.ForkedBooter.main(ForkedBooter.java:413)
: 1 leak records were discarded because the leak record count is targeted to 4. Use system property io.netty.leakDetection.targetRecords to increase the limit.
2020-08-10 23:35:53,025 - ERROR - [main:ResourceLeakDetector@317] - LEAK: ByteBuf.release() was not called before it's garbage-collected. See http://netty.io/wiki/reference-counted-objects.html for more information.
Recent access records: 
#1:
	io.netty.buffer.AdvancedLeakAwareByteBuf.writeLong(AdvancedLeakAwareByteBuf.java:568)
	org.apache.bookkeeper.proto.checksum.CRC32DigestManager.populateValueAndReset(CRC32DigestManager.java:61)
	org.apache.bookkeeper.proto.checksum.DigestManager.computeDigestAndPackageForSending(DigestManager.java:114)
	org.apache.bookkeeper.client.ClientUtil.generatePacket(ClientUtil.java:53)
	org.apache.bookkeeper.client.ClientUtil.generatePacket(ClientUtil.java:46)
	org.apache.bookkeeper.bookie.BookieJournalTest.writeV3Journal(BookieJournalTest.java:245)
	org.apache.bookkeeper.bookie.BookieJournalTest.testPartialFileInfoPostV3Journal(BookieJournalTest.java:785)
	org.apache.bookkeeper.bookie.BookieJournalTest.testPartialFileInfoPostV3Journal2(BookieJournalTest.java:769)
	java.base/jdk.internal.reflect.NativeMethodAccessorImpl.invoke0(Native Method)
	java.base/jdk.internal.reflect.NativeMethodAccessorImpl.invoke(NativeMethodAccessorImpl.java:62)
	java.base/jdk.internal.reflect.DelegatingMethodAccessorImpl.invoke(DelegatingMethodAccessorImpl.java:43)
	java.base/java.lang.reflect.Method.invoke(Method.java:566)
	org.junit.internal.runners.TestMethod.invoke(TestMethod.java:68)
	org.powermock.modules.junit4.internal.impl.PowerMockJUnit44RunnerDelegateImpl$PowerMockJUnit44MethodRunner.runTestMethod(PowerMockJUnit44RunnerDelegateImpl.java:326)
	org.junit.internal.runners.MethodRoadie$2.run(MethodRoadie.java:89)
	org.junit.internal.runners.MethodRoadie.runBeforesThenTestThenAfters(MethodRoadie.java:97)
	org.powermock.modules.junit4.internal.impl.PowerMockJUnit44RunnerDelegateImpl$PowerMockJUnit44MethodRunner.executeTest(PowerMockJUnit44RunnerDelegateImpl.java:310)
	org.powermock.modules.junit4.internal.impl.PowerMockJUnit47RunnerDelegateImpl$PowerMockJUnit47MethodRunner.executeTestInSuper(PowerMockJUnit47RunnerDelegateImpl.java:131)
	org.powermock.modules.junit4.internal.impl.PowerMockJUnit47RunnerDelegateImpl$PowerMockJUnit47MethodRunner.access$100(PowerMockJUnit47RunnerDelegateImpl.java:59)
	org.powermock.modules.junit4.internal.impl.PowerMockJUnit47RunnerDelegateImpl$PowerMockJUnit47MethodRunner$TestExecutorStatement.evaluate(PowerMockJUnit47RunnerDelegateImpl.java:147)
	org.powermock.modules.junit4.internal.impl.PowerMockJUnit47RunnerDelegateImpl$PowerMockJUnit47MethodRunner.evaluateStatement(PowerMockJUnit47RunnerDelegateImpl.java:107)
	org.powermock.modules.junit4.internal.impl.PowerMockJUnit47RunnerDelegateImpl$PowerMockJUnit47MethodRunner.executeTest(PowerMockJUnit47RunnerDelegateImpl.java:82)
	org.powermock.modules.junit4.internal.impl.PowerMockJUnit44RunnerDelegateImpl$PowerMockJUnit44MethodRunner.runBeforesThenTestThenAfters(PowerMockJUnit44RunnerDelegateImpl.java:298)
	org.junit.internal.runners.MethodRoadie.runTest(MethodRoadie.java:87)
	org.junit.internal.runners.MethodRoadie.run(MethodRoadie.java:50)
	org.powermock.modules.junit4.internal.impl.PowerMockJUnit44RunnerDelegateImpl.invokeTestMethod(PowerMockJUnit44RunnerDelegateImpl.java:218)
	org.powermock.modules.junit4.internal.impl.PowerMockJUnit44RunnerDelegateImpl.runMethods(PowerMockJUnit44RunnerDelegateImpl.java:160)
	org.powermock.modules.junit4.internal.impl.PowerMockJUnit44RunnerDelegateImpl$1.run(PowerMockJUnit44RunnerDelegateImpl.java:134)
	org.junit.internal.runners.ClassRoadie.runUnprotected(ClassRoadie.java:34)
	org.junit.internal.runners.ClassRoadie.runProtected(ClassRoadie.java:44)
	org.powermock.modules.junit4.internal.impl.PowerMockJUnit44RunnerDelegateImpl.run(PowerMockJUnit44RunnerDelegateImpl.java:136)
	org.powermock.modules.junit4.common.internal.impl.JUnit4TestSuiteChunkerImpl.run(JUnit4TestSuiteChunkerImpl.java:117)
	org.powermock.modules.junit4.common.internal.impl.AbstractCommonPowerMockRunner.run(AbstractCommonPowerMockRunner.java:57)
	org.powermock.modules.junit4.PowerMockRunner.run(PowerMockRunner.java:59)
	org.apache.maven.surefire.junit4.JUnit4Provider.execute(JUnit4Provider.java:365)
	org.apache.maven.surefire.junit4.JUnit4Provider.executeWithRerun(JUnit4Provider.java:290)
	org.apache.maven.surefire.junit4.JUnit4Provider.executeTestSet(JUnit4Provider.java:238)
	org.apache.maven.surefire.junit4.JUnit4Provider.invoke(JUnit4Provider.java:159)
	org.apache.maven.surefire.booter.ForkedBooter.invokeProviderInSameClassLoader(ForkedBooter.java:379)
	org.apache.maven.surefire.booter.ForkedBooter.runSuitesInProcess(ForkedBooter.java:340)
	org.apache.maven.surefire.booter.ForkedBooter.execute(ForkedBooter.java:125)
	org.apache.maven.surefire.booter.ForkedBooter.main(ForkedBooter.java:413)
#2:
	io.netty.buffer.AdvancedLeakAwareByteBuf.writeLong(AdvancedLeakAwareByteBuf.java:568)
	org.apache.bookkeeper.proto.checksum.DigestManager.computeDigestAndPackageForSending(DigestManager.java:110)
	org.apache.bookkeeper.client.ClientUtil.generatePacket(ClientUtil.java:53)
	org.apache.bookkeeper.client.ClientUtil.generatePacket(ClientUtil.java:46)
	org.apache.bookkeeper.bookie.BookieJournalTest.writeV3Journal(BookieJournalTest.java:245)
	org.apache.bookkeeper.bookie.BookieJournalTest.testPartialFileInfoPostV3Journal(BookieJournalTest.java:785)
	org.apache.bookkeeper.bookie.BookieJournalTest.testPartialFileInfoPostV3Journal2(BookieJournalTest.java:769)
	java.base/jdk.internal.reflect.NativeMethodAccessorImpl.invoke0(Native Method)
	java.base/jdk.internal.reflect.NativeMethodAccessorImpl.invoke(NativeMethodAccessorImpl.java:62)
	java.base/jdk.internal.reflect.DelegatingMethodAccessorImpl.invoke(DelegatingMethodAccessorImpl.java:43)
	java.base/java.lang.reflect.Method.invoke(Method.java:566)
	org.junit.internal.runners.TestMethod.invoke(TestMethod.java:68)
	org.powermock.modules.junit4.internal.impl.PowerMockJUnit44RunnerDelegateImpl$PowerMockJUnit44MethodRunner.runTestMethod(PowerMockJUnit44RunnerDelegateImpl.java:326)
	org.junit.internal.runners.MethodRoadie$2.run(MethodRoadie.java:89)
	org.junit.internal.runners.MethodRoadie.runBeforesThenTestThenAfters(MethodRoadie.java:97)
	org.powermock.modules.junit4.internal.impl.PowerMockJUnit44RunnerDelegateImpl$PowerMockJUnit44MethodRunner.executeTest(PowerMockJUnit44RunnerDelegateImpl.java:310)
	org.powermock.modules.junit4.internal.impl.PowerMockJUnit47RunnerDelegateImpl$PowerMockJUnit47MethodRunner.executeTestInSuper(PowerMockJUnit47RunnerDelegateImpl.java:131)
	org.powermock.modules.junit4.internal.impl.PowerMockJUnit47RunnerDelegateImpl$PowerMockJUnit47MethodRunner.access$100(PowerMockJUnit47RunnerDelegateImpl.java:59)
	org.powermock.modules.junit4.internal.impl.PowerMockJUnit47RunnerDelegateImpl$PowerMockJUnit47MethodRunner$TestExecutorStatement.evaluate(PowerMockJUnit47RunnerDelegateImpl.java:147)
	org.powermock.modules.junit4.internal.impl.PowerMockJUnit47RunnerDelegateImpl$PowerMockJUnit47MethodRunner.evaluateStatement(PowerMockJUnit47RunnerDelegateImpl.java:107)
	org.powermock.modules.junit4.internal.impl.PowerMockJUnit47RunnerDelegateImpl$PowerMockJUnit47MethodRunner.executeTest(PowerMockJUnit47RunnerDelegateImpl.java:82)
	org.powermock.modules.junit4.internal.impl.PowerMockJUnit44RunnerDelegateImpl$PowerMockJUnit44MethodRunner.runBeforesThenTestThenAfters(PowerMockJUnit44RunnerDelegateImpl.java:298)
	org.junit.internal.runners.MethodRoadie.runTest(MethodRoadie.java:87)
	org.junit.internal.runners.MethodRoadie.run(MethodRoadie.java:50)
	org.powermock.modules.junit4.internal.impl.PowerMockJUnit44RunnerDelegateImpl.invokeTestMethod(PowerMockJUnit44RunnerDelegateImpl.java:218)
	org.powermock.modules.junit4.internal.impl.PowerMockJUnit44RunnerDelegateImpl.runMethods(PowerMockJUnit44RunnerDelegateImpl.java:160)
	org.powermock.modules.junit4.internal.impl.PowerMockJUnit44RunnerDelegateImpl$1.run(PowerMockJUnit44RunnerDelegateImpl.java:134)
	org.junit.internal.runners.ClassRoadie.runUnprotected(ClassRoadie.java:34)
	org.junit.internal.runners.ClassRoadie.runProtected(ClassRoadie.java:44)
	org.powermock.modules.junit4.internal.impl.PowerMockJUnit44RunnerDelegateImpl.run(PowerMockJUnit44RunnerDelegateImpl.java:136)
	org.powermock.modules.junit4.common.internal.impl.JUnit4TestSuiteChunkerImpl.run(JUnit4TestSuiteChunkerImpl.java:117)
	org.powermock.modules.junit4.common.internal.impl.AbstractCommonPowerMockRunner.run(AbstractCommonPowerMockRunner.java:57)
	org.powermock.modules.junit4.PowerMockRunner.run(PowerMockRunner.java:59)
	org.apache.maven.surefire.junit4.JUnit4Provider.execute(JUnit4Provider.java:365)
	org.apache.maven.surefire.junit4.JUnit4Provider.executeWithRerun(JUnit4Provider.java:290)
	org.apache.maven.surefire.junit4.JUnit4Provider.executeTestSet(JUnit4Provider.java:238)
	org.apache.maven.surefire.junit4.JUnit4Provider.invoke(JUnit4Provider.java:159)
	org.apache.maven.surefire.booter.ForkedBooter.invokeProviderInSameClassLoader(ForkedBooter.java:379)
	org.apache.maven.surefire.booter.ForkedBooter.runSuitesInProcess(ForkedBooter.java:340)
	org.apache.maven.surefire.booter.ForkedBooter.execute(ForkedBooter.java:125)
	org.apache.maven.surefire.booter.ForkedBooter.main(ForkedBooter.java:413)
#3:
	io.netty.buffer.AdvancedLeakAwareByteBuf.writeLong(AdvancedLeakAwareByteBuf.java:568)
	org.apache.bookkeeper.proto.checksum.DigestManager.computeDigestAndPackageForSending(DigestManager.java:109)
	org.apache.bookkeeper.client.ClientUtil.generatePacket(ClientUtil.java:53)
	org.apache.bookkeeper.client.ClientUtil.generatePacket(ClientUtil.java:46)
	org.apache.bookkeeper.bookie.BookieJournalTest.writeV3Journal(BookieJournalTest.java:245)
	org.apache.bookkeeper.bookie.BookieJournalTest.testPartialFileInfoPostV3Journal(BookieJournalTest.java:785)
	org.apache.bookkeeper.bookie.BookieJournalTest.testPartialFileInfoPostV3Journal2(BookieJournalTest.java:769)
	java.base/jdk.internal.reflect.NativeMethodAccessorImpl.invoke0(Native Method)
	java.base/jdk.internal.reflect.NativeMethodAccessorImpl.invoke(NativeMethodAccessorImpl.java:62)
	java.base/jdk.internal.reflect.DelegatingMethodAccessorImpl.invoke(DelegatingMethodAccessorImpl.java:43)
	java.base/java.lang.reflect.Method.invoke(Method.java:566)
	org.junit.internal.runners.TestMethod.invoke(TestMethod.java:68)
	org.powermock.modules.junit4.internal.impl.PowerMockJUnit44RunnerDelegateImpl$PowerMockJUnit44MethodRunner.runTestMethod(PowerMockJUnit44RunnerDelegateImpl.java:326)
	org.junit.internal.runners.MethodRoadie$2.run(MethodRoadie.java:89)
	org.junit.internal.runners.MethodRoadie.runBeforesThenTestThenAfters(MethodRoadie.java:97)
	org.powermock.modules.junit4.internal.impl.PowerMockJUnit44RunnerDelegateImpl$PowerMockJUnit44MethodRunner.executeTest(PowerMockJUnit44RunnerDelegateImpl.java:310)
	org.powermock.modules.junit4.internal.impl.PowerMockJUnit47RunnerDelegateImpl$PowerMockJUnit47MethodRunner.executeTestInSuper(PowerMockJUnit47RunnerDelegateImpl.java:131)
	org.powermock.modules.junit4.internal.impl.PowerMockJUnit47RunnerDelegateImpl$PowerMockJUnit47MethodRunner.access$100(PowerMockJUnit47RunnerDelegateImpl.java:59)
	org.powermock.modules.junit4.internal.impl.PowerMockJUnit47RunnerDelegateImpl$PowerMockJUnit47MethodRunner$TestExecutorStatement.evaluate(PowerMockJUnit47RunnerDelegateImpl.java:147)
	org.powermock.modules.junit4.internal.impl.PowerMockJUnit47RunnerDelegateImpl$PowerMockJUnit47MethodRunner.evaluateStatement(PowerMockJUnit47RunnerDelegateImpl.java:107)
	org.powermock.modules.junit4.internal.impl.PowerMockJUnit47RunnerDelegateImpl$PowerMockJUnit47MethodRunner.executeTest(PowerMockJUnit47RunnerDelegateImpl.java:82)
	org.powermock.modules.junit4.internal.impl.PowerMockJUnit44RunnerDelegateImpl$PowerMockJUnit44MethodRunner.runBeforesThenTestThenAfters(PowerMockJUnit44RunnerDelegateImpl.java:298)
	org.junit.internal.runners.MethodRoadie.runTest(MethodRoadie.java:87)
	org.junit.internal.runners.MethodRoadie.run(MethodRoadie.java:50)
	org.powermock.modules.junit4.internal.impl.PowerMockJUnit44RunnerDelegateImpl.invokeTestMethod(PowerMockJUnit44RunnerDelegateImpl.java:218)
	org.powermock.modules.junit4.internal.impl.PowerMockJUnit44RunnerDelegateImpl.runMethods(PowerMockJUnit44RunnerDelegateImpl.java:160)
	org.powermock.modules.junit4.internal.impl.PowerMockJUnit44RunnerDelegateImpl$1.run(PowerMockJUnit44RunnerDelegateImpl.java:134)
	org.junit.internal.runners.ClassRoadie.runUnprotected(ClassRoadie.java:34)
	org.junit.internal.runners.ClassRoadie.runProtected(ClassRoadie.java:44)
	org.powermock.modules.junit4.internal.impl.PowerMockJUnit44RunnerDelegateImpl.run(PowerMockJUnit44RunnerDelegateImpl.java:136)
	org.powermock.modules.junit4.common.internal.impl.JUnit4TestSuiteChunkerImpl.run(JUnit4TestSuiteChunkerImpl.java:117)
	org.powermock.modules.junit4.common.internal.impl.AbstractCommonPowerMockRunner.run(AbstractCommonPowerMockRunner.java:57)
	org.powermock.modules.junit4.PowerMockRunner.run(PowerMockRunner.java:59)
	org.apache.maven.surefire.junit4.JUnit4Provider.execute(JUnit4Provider.java:365)
	org.apache.maven.surefire.junit4.JUnit4Provider.executeWithRerun(JUnit4Provider.java:290)
	org.apache.maven.surefire.junit4.JUnit4Provider.executeTestSet(JUnit4Provider.java:238)
	org.apache.maven.surefire.junit4.JUnit4Provider.invoke(JUnit4Provider.java:159)
	org.apache.maven.surefire.booter.ForkedBooter.invokeProviderInSameClassLoader(ForkedBooter.java:379)
	org.apache.maven.surefire.booter.ForkedBooter.runSuitesInProcess(ForkedBooter.java:340)
	org.apache.maven.surefire.booter.ForkedBooter.execute(ForkedBooter.java:125)
	org.apache.maven.surefire.booter.ForkedBooter.main(ForkedBooter.java:413)
#4:
	io.netty.buffer.AdvancedLeakAwareByteBuf.writeLong(AdvancedLeakAwareByteBuf.java:568)
	org.apache.bookkeeper.proto.checksum.DigestManager.computeDigestAndPackageForSending(DigestManager.java:108)
	org.apache.bookkeeper.client.ClientUtil.generatePacket(ClientUtil.java:53)
	org.apache.bookkeeper.client.ClientUtil.generatePacket(ClientUtil.java:46)
	org.apache.bookkeeper.bookie.BookieJournalTest.writeV3Journal(BookieJournalTest.java:245)
	org.apache.bookkeeper.bookie.BookieJournalTest.testPartialFileInfoPostV3Journal(BookieJournalTest.java:785)
	org.apache.bookkeeper.bookie.BookieJournalTest.testPartialFileInfoPostV3Journal2(BookieJournalTest.java:769)
	java.base/jdk.internal.reflect.NativeMethodAccessorImpl.invoke0(Native Method)
	java.base/jdk.internal.reflect.NativeMethodAccessorImpl.invoke(NativeMethodAccessorImpl.java:62)
	java.base/jdk.internal.reflect.DelegatingMethodAccessorImpl.invoke(DelegatingMethodAccessorImpl.java:43)
	java.base/java.lang.reflect.Method.invoke(Method.java:566)
	org.junit.internal.runners.TestMethod.invoke(TestMethod.java:68)
	org.powermock.modules.junit4.internal.impl.PowerMockJUnit44RunnerDelegateImpl$PowerMockJUnit44MethodRunner.runTestMethod(PowerMockJUnit44RunnerDelegateImpl.java:326)
	org.junit.internal.runners.MethodRoadie$2.run(MethodRoadie.java:89)
	org.junit.internal.runners.MethodRoadie.runBeforesThenTestThenAfters(MethodRoadie.java:97)
	org.powermock.modules.junit4.internal.impl.PowerMockJUnit44RunnerDelegateImpl$PowerMockJUnit44MethodRunner.executeTest(PowerMockJUnit44RunnerDelegateImpl.java:310)
	org.powermock.modules.junit4.internal.impl.PowerMockJUnit47RunnerDelegateImpl$PowerMockJUnit47MethodRunner.executeTestInSuper(PowerMockJUnit47RunnerDelegateImpl.java:131)
	org.powermock.modules.junit4.internal.impl.PowerMockJUnit47RunnerDelegateImpl$PowerMockJUnit47MethodRunner.access$100(PowerMockJUnit47RunnerDelegateImpl.java:59)
	org.powermock.modules.junit4.internal.impl.PowerMockJUnit47RunnerDelegateImpl$PowerMockJUnit47MethodRunner$TestExecutorStatement.evaluate(PowerMockJUnit47RunnerDelegateImpl.java:147)
	org.powermock.modules.junit4.internal.impl.PowerMockJUnit47RunnerDelegateImpl$PowerMockJUnit47MethodRunner.evaluateStatement(PowerMockJUnit47RunnerDelegateImpl.java:107)
	org.powermock.modules.junit4.internal.impl.PowerMockJUnit47RunnerDelegateImpl$PowerMockJUnit47MethodRunner.executeTest(PowerMockJUnit47RunnerDelegateImpl.java:82)
	org.powermock.modules.junit4.internal.impl.PowerMockJUnit44RunnerDelegateImpl$PowerMockJUnit44MethodRunner.runBeforesThenTestThenAfters(PowerMockJUnit44RunnerDelegateImpl.java:298)
	org.junit.internal.runners.MethodRoadie.runTest(MethodRoadie.java:87)
	org.junit.internal.runners.MethodRoadie.run(MethodRoadie.java:50)
	org.powermock.modules.junit4.internal.impl.PowerMockJUnit44RunnerDelegateImpl.invokeTestMethod(PowerMockJUnit44RunnerDelegateImpl.java:218)
	org.powermock.modules.junit4.internal.impl.PowerMockJUnit44RunnerDelegateImpl.runMethods(PowerMockJUnit44RunnerDelegateImpl.java:160)
	org.powermock.modules.junit4.internal.impl.PowerMockJUnit44RunnerDelegateImpl$1.run(PowerMockJUnit44RunnerDelegateImpl.java:134)
	org.junit.internal.runners.ClassRoadie.runUnprotected(ClassRoadie.java:34)
	org.junit.internal.runners.ClassRoadie.runProtected(ClassRoadie.java:44)
	org.powermock.modules.junit4.internal.impl.PowerMockJUnit44RunnerDelegateImpl.run(PowerMockJUnit44RunnerDelegateImpl.java:136)
	org.powermock.modules.junit4.common.internal.impl.JUnit4TestSuiteChunkerImpl.run(JUnit4TestSuiteChunkerImpl.java:117)
	org.powermock.modules.junit4.common.internal.impl.AbstractCommonPowerMockRunner.run(AbstractCommonPowerMockRunner.java:57)
	org.powermock.modules.junit4.PowerMockRunner.run(PowerMockRunner.java:59)
	org.apache.maven.surefire.junit4.JUnit4Provider.execute(JUnit4Provider.java:365)
	org.apache.maven.surefire.junit4.JUnit4Provider.executeWithRerun(JUnit4Provider.java:290)
	org.apache.maven.surefire.junit4.JUnit4Provider.executeTestSet(JUnit4Provider.java:238)
	org.apache.maven.surefire.junit4.JUnit4Provider.invoke(JUnit4Provider.java:159)
	org.apache.maven.surefire.booter.ForkedBooter.invokeProviderInSameClassLoader(ForkedBooter.java:379)
	org.apache.maven.surefire.booter.ForkedBooter.runSuitesInProcess(ForkedBooter.java:340)
	org.apache.maven.surefire.booter.ForkedBooter.execute(ForkedBooter.java:125)
	org.apache.maven.surefire.booter.ForkedBooter.main(ForkedBooter.java:413)
#5:
	io.netty.buffer.AdvancedLeakAwareByteBuf.writeLong(AdvancedLeakAwareByteBuf.java:568)
	org.apache.bookkeeper.proto.checksum.DigestManager.computeDigestAndPackageForSending(DigestManager.java:107)
	org.apache.bookkeeper.client.ClientUtil.generatePacket(ClientUtil.java:53)
	org.apache.bookkeeper.client.ClientUtil.generatePacket(ClientUtil.java:46)
	org.apache.bookkeeper.bookie.BookieJournalTest.writeV3Journal(BookieJournalTest.java:245)
	org.apache.bookkeeper.bookie.BookieJournalTest.testPartialFileInfoPostV3Journal(BookieJournalTest.java:785)
	org.apache.bookkeeper.bookie.BookieJournalTest.testPartialFileInfoPostV3Journal2(BookieJournalTest.java:769)
	java.base/jdk.internal.reflect.NativeMethodAccessorImpl.invoke0(Native Method)
	java.base/jdk.internal.reflect.NativeMethodAccessorImpl.invoke(NativeMethodAccessorImpl.java:62)
	java.base/jdk.internal.reflect.DelegatingMethodAccessorImpl.invoke(DelegatingMethodAccessorImpl.java:43)
	java.base/java.lang.reflect.Method.invoke(Method.java:566)
	org.junit.internal.runners.TestMethod.invoke(TestMethod.java:68)
	org.powermock.modules.junit4.internal.impl.PowerMockJUnit44RunnerDelegateImpl$PowerMockJUnit44MethodRunner.runTestMethod(PowerMockJUnit44RunnerDelegateImpl.java:326)
	org.junit.internal.runners.MethodRoadie$2.run(MethodRoadie.java:89)
	org.junit.internal.runners.MethodRoadie.runBeforesThenTestThenAfters(MethodRoadie.java:97)
	org.powermock.modules.junit4.internal.impl.PowerMockJUnit44RunnerDelegateImpl$PowerMockJUnit44MethodRunner.executeTest(PowerMockJUnit44RunnerDelegateImpl.java:310)
	org.powermock.modules.junit4.internal.impl.PowerMockJUnit47RunnerDelegateImpl$PowerMockJUnit47MethodRunner.executeTestInSuper(PowerMockJUnit47RunnerDelegateImpl.java:131)
	org.powermock.modules.junit4.internal.impl.PowerMockJUnit47RunnerDelegateImpl$PowerMockJUnit47MethodRunner.access$100(PowerMockJUnit47RunnerDelegateImpl.java:59)
	org.powermock.modules.junit4.internal.impl.PowerMockJUnit47RunnerDelegateImpl$PowerMockJUnit47MethodRunner$TestExecutorStatement.evaluate(PowerMockJUnit47RunnerDelegateImpl.java:147)
	org.powermock.modules.junit4.internal.impl.PowerMockJUnit47RunnerDelegateImpl$PowerMockJUnit47MethodRunner.evaluateStatement(PowerMockJUnit47RunnerDelegateImpl.java:107)
	org.powermock.modules.junit4.internal.impl.PowerMockJUnit47RunnerDelegateImpl$PowerMockJUnit47MethodRunner.executeTest(PowerMockJUnit47RunnerDelegateImpl.java:82)
	org.powermock.modules.junit4.internal.impl.PowerMockJUnit44RunnerDelegateImpl$PowerMockJUnit44MethodRunner.runBeforesThenTestThenAfters(PowerMockJUnit44RunnerDelegateImpl.java:298)
	org.junit.internal.runners.MethodRoadie.runTest(MethodRoadie.java:87)
	org.junit.internal.runners.MethodRoadie.run(MethodRoadie.java:50)
	org.powermock.modules.junit4.internal.impl.PowerMockJUnit44RunnerDelegateImpl.invokeTestMethod(PowerMockJUnit44RunnerDelegateImpl.java:218)
	org.powermock.modules.junit4.internal.impl.PowerMockJUnit44RunnerDelegateImpl.runMethods(PowerMockJUnit44RunnerDelegateImpl.java:160)
	org.powermock.modules.junit4.internal.impl.PowerMockJUnit44RunnerDelegateImpl$1.run(PowerMockJUnit44RunnerDelegateImpl.java:134)
	org.junit.internal.runners.ClassRoadie.runUnprotected(ClassRoadie.java:34)
	org.junit.internal.runners.ClassRoadie.runProtected(ClassRoadie.java:44)
	org.powermock.modules.junit4.internal.impl.PowerMockJUnit44RunnerDelegateImpl.run(PowerMockJUnit44RunnerDelegateImpl.java:136)
	org.powermock.modules.junit4.common.internal.impl.JUnit4TestSuiteChunkerImpl.run(JUnit4TestSuiteChunkerImpl.java:117)
	org.powermock.modules.junit4.common.internal.impl.AbstractCommonPowerMockRunner.run(AbstractCommonPowerMockRunner.java:57)
	org.powermock.modules.junit4.PowerMockRunner.run(PowerMockRunner.java:59)
	org.apache.maven.surefire.junit4.JUnit4Provider.execute(JUnit4Provider.java:365)
	org.apache.maven.surefire.junit4.JUnit4Provider.executeWithRerun(JUnit4Provider.java:290)
	org.apache.maven.surefire.junit4.JUnit4Provider.executeTestSet(JUnit4Provider.java:238)
	org.apache.maven.surefire.junit4.JUnit4Provider.invoke(JUnit4Provider.java:159)
	org.apache.maven.surefire.booter.ForkedBooter.invokeProviderInSameClassLoader(ForkedBooter.java:379)
	org.apache.maven.surefire.booter.ForkedBooter.runSuitesInProcess(ForkedBooter.java:340)
	org.apache.maven.surefire.booter.ForkedBooter.execute(ForkedBooter.java:125)
	org.apache.maven.surefire.booter.ForkedBooter.main(ForkedBooter.java:413)
Created at:
	io.netty.buffer.UnpooledByteBufAllocator.newDirectBuffer(UnpooledByteBufAllocator.java:96)
	io.netty.buffer.AbstractByteBufAllocator.directBuffer(AbstractByteBufAllocator.java:185)
	io.netty.buffer.AbstractByteBufAllocator.directBuffer(AbstractByteBufAllocator.java:176)
	io.netty.buffer.AbstractByteBufAllocator.buffer(AbstractByteBufAllocator.java:113)
	org.apache.bookkeeper.proto.checksum.DigestManager.computeDigestAndPackageForSending(DigestManager.java:103)
	org.apache.bookkeeper.client.ClientUtil.generatePacket(ClientUtil.java:53)
	org.apache.bookkeeper.client.ClientUtil.generatePacket(ClientUtil.java:46)
	org.apache.bookkeeper.bookie.BookieJournalTest.writeV3Journal(BookieJournalTest.java:245)
	org.apache.bookkeeper.bookie.BookieJournalTest.testPartialFileInfoPostV3Journal(BookieJournalTest.java:785)
	org.apache.bookkeeper.bookie.BookieJournalTest.testPartialFileInfoPostV3Journal2(BookieJournalTest.java:769)
	java.base/jdk.internal.reflect.NativeMethodAccessorImpl.invoke0(Native Method)
	java.base/jdk.internal.reflect.NativeMethodAccessorImpl.invoke(NativeMethodAccessorImpl.java:62)
	java.base/jdk.internal.reflect.DelegatingMethodAccessorImpl.invoke(DelegatingMethodAccessorImpl.java:43)
	java.base/java.lang.reflect.Method.invoke(Method.java:566)
	org.junit.internal.runners.TestMethod.invoke(TestMethod.java:68)
	org.powermock.modules.junit4.internal.impl.PowerMockJUnit44RunnerDelegateImpl$PowerMockJUnit44MethodRunner.runTestMethod(PowerMockJUnit44RunnerDelegateImpl.java:326)
	org.junit.internal.runners.MethodRoadie$2.run(MethodRoadie.java:89)
	org.junit.internal.runners.MethodRoadie.runBeforesThenTestThenAfters(MethodRoadie.java:97)
	org.powermock.modules.junit4.internal.impl.PowerMockJUnit44RunnerDelegateImpl$PowerMockJUnit44MethodRunner.executeTest(PowerMockJUnit44RunnerDelegateImpl.java:310)
	org.powermock.modules.junit4.internal.impl.PowerMockJUnit47RunnerDelegateImpl$PowerMockJUnit47MethodRunner.executeTestInSuper(PowerMockJUnit47RunnerDelegateImpl.java:131)
	org.powermock.modules.junit4.internal.impl.PowerMockJUnit47RunnerDelegateImpl$PowerMockJUnit47MethodRunner.access$100(PowerMockJUnit47RunnerDelegateImpl.java:59)
	org.powermock.modules.junit4.internal.impl.PowerMockJUnit47RunnerDelegateImpl$PowerMockJUnit47MethodRunner$TestExecutorStatement.evaluate(PowerMockJUnit47RunnerDelegateImpl.java:147)
	org.powermock.modules.junit4.internal.impl.PowerMockJUnit47RunnerDelegateImpl$PowerMockJUnit47MethodRunner.evaluateStatement(PowerMockJUnit47RunnerDelegateImpl.java:107)
	org.powermock.modules.junit4.internal.impl.PowerMockJUnit47RunnerDelegateImpl$PowerMockJUnit47MethodRunner.executeTest(PowerMockJUnit47RunnerDelegateImpl.java:82)
	org.powermock.modules.junit4.internal.impl.PowerMockJUnit44RunnerDelegateImpl$PowerMockJUnit44MethodRunner.runBeforesThenTestThenAfters(PowerMockJUnit44RunnerDelegateImpl.java:298)
	org.junit.internal.runners.MethodRoadie.runTest(MethodRoadie.java:87)
	org.junit.internal.runners.MethodRoadie.run(MethodRoadie.java:50)
	org.powermock.modules.junit4.internal.impl.PowerMockJUnit44RunnerDelegateImpl.invokeTestMethod(PowerMockJUnit44RunnerDelegateImpl.java:218)
	org.powermock.modules.junit4.internal.impl.PowerMockJUnit44RunnerDelegateImpl.runMethods(PowerMockJUnit44RunnerDelegateImpl.java:160)
	org.powermock.modules.junit4.internal.impl.PowerMockJUnit44RunnerDelegateImpl$1.run(PowerMockJUnit44RunnerDelegateImpl.java:134)
	org.junit.internal.runners.ClassRoadie.runUnprotected(ClassRoadie.java:34)
	org.junit.internal.runners.ClassRoadie.runProtected(ClassRoadie.java:44)
	org.powermock.modules.junit4.internal.impl.PowerMockJUnit44RunnerDelegateImpl.run(PowerMockJUnit44RunnerDelegateImpl.java:136)
	org.powermock.modules.junit4.common.internal.impl.JUnit4TestSuiteChunkerImpl.run(JUnit4TestSuiteChunkerImpl.java:117)
	org.powermock.modules.junit4.common.internal.impl.AbstractCommonPowerMockRunner.run(AbstractCommonPowerMockRunner.java:57)
	org.powermock.modules.junit4.PowerMockRunner.run(PowerMockRunner.java:59)
	org.apache.maven.surefire.junit4.JUnit4Provider.execute(JUnit4Provider.java:365)
	org.apache.maven.surefire.junit4.JUnit4Provider.executeWithRerun(JUnit4Provider.java:290)
	org.apache.maven.surefire.junit4.JUnit4Provider.executeTestSet(JUnit4Provider.java:238)
	org.apache.maven.surefire.junit4.JUnit4Provider.invoke(JUnit4Provider.java:159)
	org.apache.maven.surefire.booter.ForkedBooter.invokeProviderInSameClassLoader(ForkedBooter.java:379)
	org.apache.maven.surefire.booter.ForkedBooter.runSuitesInProcess(ForkedBooter.java:340)
	org.apache.maven.surefire.booter.ForkedBooter.execute(ForkedBooter.java:125)
	org.apache.maven.surefire.booter.ForkedBooter.main(ForkedBooter.java:413)
2020-08-10 23:35:53,029 - ERROR - [main:ResourceLeakDetector@317] - LEAK: ByteBuf.release() was not called before it's garbage-collected. See http://netty.io/wiki/reference-counted-objects.html for more information.
Recent access records: 
#1:
	io.netty.buffer.AdvancedLeakAwareByteBuf.writeLong(AdvancedLeakAwareByteBuf.java:568)
	org.apache.bookkeeper.proto.checksum.CRC32DigestManager.populateValueAndReset(CRC32DigestManager.java:61)
	org.apache.bookkeeper.proto.checksum.DigestManager.computeDigestAndPackageForSending(DigestManager.java:114)
	org.apache.bookkeeper.client.ClientUtil.generatePacket(ClientUtil.java:53)
	org.apache.bookkeeper.client.ClientUtil.generatePacket(ClientUtil.java:46)
	org.apache.bookkeeper.bookie.BookieJournalTest.writePreV2Journal(BookieJournalTest.java:168)
	org.apache.bookkeeper.bookie.BookieJournalTest.testPartialFileInfoPreV3Journal(BookieJournalTest.java:727)
	org.apache.bookkeeper.bookie.BookieJournalTest.testPartialFileInfoPreV3Journal2(BookieJournalTest.java:713)
	java.base/jdk.internal.reflect.NativeMethodAccessorImpl.invoke0(Native Method)
	java.base/jdk.internal.reflect.NativeMethodAccessorImpl.invoke(NativeMethodAccessorImpl.java:62)
	java.base/jdk.internal.reflect.DelegatingMethodAccessorImpl.invoke(DelegatingMethodAccessorImpl.java:43)
	java.base/java.lang.reflect.Method.invoke(Method.java:566)
	org.junit.internal.runners.TestMethod.invoke(TestMethod.java:68)
	org.powermock.modules.junit4.internal.impl.PowerMockJUnit44RunnerDelegateImpl$PowerMockJUnit44MethodRunner.runTestMethod(PowerMockJUnit44RunnerDelegateImpl.java:326)
	org.junit.internal.runners.MethodRoadie$2.run(MethodRoadie.java:89)
	org.junit.internal.runners.MethodRoadie.runBeforesThenTestThenAfters(MethodRoadie.java:97)
	org.powermock.modules.junit4.internal.impl.PowerMockJUnit44RunnerDelegateImpl$PowerMockJUnit44MethodRunner.executeTest(PowerMockJUnit44RunnerDelegateImpl.java:310)
	org.powermock.modules.junit4.internal.impl.PowerMockJUnit47RunnerDelegateImpl$PowerMockJUnit47MethodRunner.executeTestInSuper(PowerMockJUnit47RunnerDelegateImpl.java:131)
	org.powermock.modules.junit4.internal.impl.PowerMockJUnit47RunnerDelegateImpl$PowerMockJUnit47MethodRunner.access$100(PowerMockJUnit47RunnerDelegateImpl.java:59)
	org.powermock.modules.junit4.internal.impl.PowerMockJUnit47RunnerDelegateImpl$PowerMockJUnit47MethodRunner$TestExecutorStatement.evaluate(PowerMockJUnit47RunnerDelegateImpl.java:147)
	org.powermock.modules.junit4.internal.impl.PowerMockJUnit47RunnerDelegateImpl$PowerMockJUnit47MethodRunner.evaluateStatement(PowerMockJUnit47RunnerDelegateImpl.java:107)
	org.powermock.modules.junit4.internal.impl.PowerMockJUnit47RunnerDelegateImpl$PowerMockJUnit47MethodRunner.executeTest(PowerMockJUnit47RunnerDelegateImpl.java:82)
	org.powermock.modules.junit4.internal.impl.PowerMockJUnit44RunnerDelegateImpl$PowerMockJUnit44MethodRunner.runBeforesThenTestThenAfters(PowerMockJUnit44RunnerDelegateImpl.java:298)
	org.junit.internal.runners.MethodRoadie.runTest(MethodRoadie.java:87)
	org.junit.internal.runners.MethodRoadie.run(MethodRoadie.java:50)
	org.powermock.modules.junit4.internal.impl.PowerMockJUnit44RunnerDelegateImpl.invokeTestMethod(PowerMockJUnit44RunnerDelegateImpl.java:218)
	org.powermock.modules.junit4.internal.impl.PowerMockJUnit44RunnerDelegateImpl.runMethods(PowerMockJUnit44RunnerDelegateImpl.java:160)
	org.powermock.modules.junit4.internal.impl.PowerMockJUnit44RunnerDelegateImpl$1.run(PowerMockJUnit44RunnerDelegateImpl.java:134)
	org.junit.internal.runners.ClassRoadie.runUnprotected(ClassRoadie.java:34)
	org.junit.internal.runners.ClassRoadie.runProtected(ClassRoadie.java:44)
	org.powermock.modules.junit4.internal.impl.PowerMockJUnit44RunnerDelegateImpl.run(PowerMockJUnit44RunnerDelegateImpl.java:136)
	org.powermock.modules.junit4.common.internal.impl.JUnit4TestSuiteChunkerImpl.run(JUnit4TestSuiteChunkerImpl.java:117)
	org.powermock.modules.junit4.common.internal.impl.AbstractCommonPowerMockRunner.run(AbstractCommonPowerMockRunner.java:57)
	org.powermock.modules.junit4.PowerMockRunner.run(PowerMockRunner.java:59)
	org.apache.maven.surefire.junit4.JUnit4Provider.execute(JUnit4Provider.java:365)
	org.apache.maven.surefire.junit4.JUnit4Provider.executeWithRerun(JUnit4Provider.java:290)
	org.apache.maven.surefire.junit4.JUnit4Provider.executeTestSet(JUnit4Provider.java:238)
	org.apache.maven.surefire.junit4.JUnit4Provider.invoke(JUnit4Provider.java:159)
	org.apache.maven.surefire.booter.ForkedBooter.invokeProviderInSameClassLoader(ForkedBooter.java:379)
	org.apache.maven.surefire.booter.ForkedBooter.runSuitesInProcess(ForkedBooter.java:340)
	org.apache.maven.surefire.booter.ForkedBooter.execute(ForkedBooter.java:125)
	org.apache.maven.surefire.booter.ForkedBooter.main(ForkedBooter.java:413)
#2:
	io.netty.buffer.AdvancedLeakAwareByteBuf.writeLong(AdvancedLeakAwareByteBuf.java:568)
	org.apache.bookkeeper.proto.checksum.DigestManager.computeDigestAndPackageForSending(DigestManager.java:109)
	org.apache.bookkeeper.client.ClientUtil.generatePacket(ClientUtil.java:53)
	org.apache.bookkeeper.client.ClientUtil.generatePacket(ClientUtil.java:46)
	org.apache.bookkeeper.bookie.BookieJournalTest.writePreV2Journal(BookieJournalTest.java:168)
	org.apache.bookkeeper.bookie.BookieJournalTest.testPartialFileInfoPreV3Journal(BookieJournalTest.java:727)
	org.apache.bookkeeper.bookie.BookieJournalTest.testPartialFileInfoPreV3Journal2(BookieJournalTest.java:713)
	java.base/jdk.internal.reflect.NativeMethodAccessorImpl.invoke0(Native Method)
	java.base/jdk.internal.reflect.NativeMethodAccessorImpl.invoke(NativeMethodAccessorImpl.java:62)
	java.base/jdk.internal.reflect.DelegatingMethodAccessorImpl.invoke(DelegatingMethodAccessorImpl.java:43)
	java.base/java.lang.reflect.Method.invoke(Method.java:566)
	org.junit.internal.runners.TestMethod.invoke(TestMethod.java:68)
	org.powermock.modules.junit4.internal.impl.PowerMockJUnit44RunnerDelegateImpl$PowerMockJUnit44MethodRunner.runTestMethod(PowerMockJUnit44RunnerDelegateImpl.java:326)
	org.junit.internal.runners.MethodRoadie$2.run(MethodRoadie.java:89)
	org.junit.internal.runners.MethodRoadie.runBeforesThenTestThenAfters(MethodRoadie.java:97)
	org.powermock.modules.junit4.internal.impl.PowerMockJUnit44RunnerDelegateImpl$PowerMockJUnit44MethodRunner.executeTest(PowerMockJUnit44RunnerDelegateImpl.java:310)
	org.powermock.modules.junit4.internal.impl.PowerMockJUnit47RunnerDelegateImpl$PowerMockJUnit47MethodRunner.executeTestInSuper(PowerMockJUnit47RunnerDelegateImpl.java:131)
	org.powermock.modules.junit4.internal.impl.PowerMockJUnit47RunnerDelegateImpl$PowerMockJUnit47MethodRunner.access$100(PowerMockJUnit47RunnerDelegateImpl.java:59)
	org.powermock.modules.junit4.internal.impl.PowerMockJUnit47RunnerDelegateImpl$PowerMockJUnit47MethodRunner$TestExecutorStatement.evaluate(PowerMockJUnit47RunnerDelegateImpl.java:147)
	org.powermock.modules.junit4.internal.impl.PowerMockJUnit47RunnerDelegateImpl$PowerMockJUnit47MethodRunner.evaluateStatement(PowerMockJUnit47RunnerDelegateImpl.java:107)
	org.powermock.modules.junit4.internal.impl.PowerMockJUnit47RunnerDelegateImpl$PowerMockJUnit47MethodRunner.executeTest(PowerMockJUnit47RunnerDelegateImpl.java:82)
	org.powermock.modules.junit4.internal.impl.PowerMockJUnit44RunnerDelegateImpl$PowerMockJUnit44MethodRunner.runBeforesThenTestThenAfters(PowerMockJUnit44RunnerDelegateImpl.java:298)
	org.junit.internal.runners.MethodRoadie.runTest(MethodRoadie.java:87)
	org.junit.internal.runners.MethodRoadie.run(MethodRoadie.java:50)
	org.powermock.modules.junit4.internal.impl.PowerMockJUnit44RunnerDelegateImpl.invokeTestMethod(PowerMockJUnit44RunnerDelegateImpl.java:218)
	org.powermock.modules.junit4.internal.impl.PowerMockJUnit44RunnerDelegateImpl.runMethods(PowerMockJUnit44RunnerDelegateImpl.java:160)
	org.powermock.modules.junit4.internal.impl.PowerMockJUnit44RunnerDelegateImpl$1.run(PowerMockJUnit44RunnerDelegateImpl.java:134)
	org.junit.internal.runners.ClassRoadie.runUnprotected(ClassRoadie.java:34)
	org.junit.internal.runners.ClassRoadie.runProtected(ClassRoadie.java:44)
	org.powermock.modules.junit4.internal.impl.PowerMockJUnit44RunnerDelegateImpl.run(PowerMockJUnit44RunnerDelegateImpl.java:136)
	org.powermock.modules.junit4.common.internal.impl.JUnit4TestSuiteChunkerImpl.run(JUnit4TestSuiteChunkerImpl.java:117)
	org.powermock.modules.junit4.common.internal.impl.AbstractCommonPowerMockRunner.run(AbstractCommonPowerMockRunner.java:57)
	org.powermock.modules.junit4.PowerMockRunner.run(PowerMockRunner.java:59)
	org.apache.maven.surefire.junit4.JUnit4Provider.execute(JUnit4Provider.java:365)
	org.apache.maven.surefire.junit4.JUnit4Provider.executeWithRerun(JUnit4Provider.java:290)
	org.apache.maven.surefire.junit4.JUnit4Provider.executeTestSet(JUnit4Provider.java:238)
	org.apache.maven.surefire.junit4.JUnit4Provider.invoke(JUnit4Provider.java:159)
	org.apache.maven.surefire.booter.ForkedBooter.invokeProviderInSameClassLoader(ForkedBooter.java:379)
	org.apache.maven.surefire.booter.ForkedBooter.runSuitesInProcess(ForkedBooter.java:340)
	org.apache.maven.surefire.booter.ForkedBooter.execute(ForkedBooter.java:125)
	org.apache.maven.surefire.booter.ForkedBooter.main(ForkedBooter.java:413)
#3:
	io.netty.buffer.AdvancedLeakAwareByteBuf.writeLong(AdvancedLeakAwareByteBuf.java:568)
	org.apache.bookkeeper.proto.checksum.DigestManager.computeDigestAndPackageForSending(DigestManager.java:108)
	org.apache.bookkeeper.client.ClientUtil.generatePacket(ClientUtil.java:53)
	org.apache.bookkeeper.client.ClientUtil.generatePacket(ClientUtil.java:46)
	org.apache.bookkeeper.bookie.BookieJournalTest.writePreV2Journal(BookieJournalTest.java:168)
	org.apache.bookkeeper.bookie.BookieJournalTest.testPartialFileInfoPreV3Journal(BookieJournalTest.java:727)
	org.apache.bookkeeper.bookie.BookieJournalTest.testPartialFileInfoPreV3Journal2(BookieJournalTest.java:713)
	java.base/jdk.internal.reflect.NativeMethodAccessorImpl.invoke0(Native Method)
	java.base/jdk.internal.reflect.NativeMethodAccessorImpl.invoke(NativeMethodAccessorImpl.java:62)
	java.base/jdk.internal.reflect.DelegatingMethodAccessorImpl.invoke(DelegatingMethodAccessorImpl.java:43)
	java.base/java.lang.reflect.Method.invoke(Method.java:566)
	org.junit.internal.runners.TestMethod.invoke(TestMethod.java:68)
	org.powermock.modules.junit4.internal.impl.PowerMockJUnit44RunnerDelegateImpl$PowerMockJUnit44MethodRunner.runTestMethod(PowerMockJUnit44RunnerDelegateImpl.java:326)
	org.junit.internal.runners.MethodRoadie$2.run(MethodRoadie.java:89)
	org.junit.internal.runners.MethodRoadie.runBeforesThenTestThenAfters(MethodRoadie.java:97)
	org.powermock.modules.junit4.internal.impl.PowerMockJUnit44RunnerDelegateImpl$PowerMockJUnit44MethodRunner.executeTest(PowerMockJUnit44RunnerDelegateImpl.java:310)
	org.powermock.modules.junit4.internal.impl.PowerMockJUnit47RunnerDelegateImpl$PowerMockJUnit47MethodRunner.executeTestInSuper(PowerMockJUnit47RunnerDelegateImpl.java:131)
	org.powermock.modules.junit4.internal.impl.PowerMockJUnit47RunnerDelegateImpl$PowerMockJUnit47MethodRunner.access$100(PowerMockJUnit47RunnerDelegateImpl.java:59)
	org.powermock.modules.junit4.internal.impl.PowerMockJUnit47RunnerDelegateImpl$PowerMockJUnit47MethodRunner$TestExecutorStatement.evaluate(PowerMockJUnit47RunnerDelegateImpl.java:147)
	org.powermock.modules.junit4.internal.impl.PowerMockJUnit47RunnerDelegateImpl$PowerMockJUnit47MethodRunner.evaluateStatement(PowerMockJUnit47RunnerDelegateImpl.java:107)
	org.powermock.modules.junit4.internal.impl.PowerMockJUnit47RunnerDelegateImpl$PowerMockJUnit47MethodRunner.executeTest(PowerMockJUnit47RunnerDelegateImpl.java:82)
	org.powermock.modules.junit4.internal.impl.PowerMockJUnit44RunnerDelegateImpl$PowerMockJUnit44MethodRunner.runBeforesThenTestThenAfters(PowerMockJUnit44RunnerDelegateImpl.java:298)
	org.junit.internal.runners.MethodRoadie.runTest(MethodRoadie.java:87)
	org.junit.internal.runners.MethodRoadie.run(MethodRoadie.java:50)
	org.powermock.modules.junit4.internal.impl.PowerMockJUnit44RunnerDelegateImpl.invokeTestMethod(PowerMockJUnit44RunnerDelegateImpl.java:218)
	org.powermock.modules.junit4.internal.impl.PowerMockJUnit44RunnerDelegateImpl.runMethods(PowerMockJUnit44RunnerDelegateImpl.java:160)
	org.powermock.modules.junit4.internal.impl.PowerMockJUnit44RunnerDelegateImpl$1.run(PowerMockJUnit44RunnerDelegateImpl.java:134)
	org.junit.internal.runners.ClassRoadie.runUnprotected(ClassRoadie.java:34)
	org.junit.internal.runners.ClassRoadie.runProtected(ClassRoadie.java:44)
	org.powermock.modules.junit4.internal.impl.PowerMockJUnit44RunnerDelegateImpl.run(PowerMockJUnit44RunnerDelegateImpl.java:136)
	org.powermock.modules.junit4.common.internal.impl.JUnit4TestSuiteChunkerImpl.run(JUnit4TestSuiteChunkerImpl.java:117)
	org.powermock.modules.junit4.common.internal.impl.AbstractCommonPowerMockRunner.run(AbstractCommonPowerMockRunner.java:57)
	org.powermock.modules.junit4.PowerMockRunner.run(PowerMockRunner.java:59)
	org.apache.maven.surefire.junit4.JUnit4Provider.execute(JUnit4Provider.java:365)
	org.apache.maven.surefire.junit4.JUnit4Provider.executeWithRerun(JUnit4Provider.java:290)
	org.apache.maven.surefire.junit4.JUnit4Provider.executeTestSet(JUnit4Provider.java:238)
	org.apache.maven.surefire.junit4.JUnit4Provider.invoke(JUnit4Provider.java:159)
	org.apache.maven.surefire.booter.ForkedBooter.invokeProviderInSameClassLoader(ForkedBooter.java:379)
	org.apache.maven.surefire.booter.ForkedBooter.runSuitesInProcess(ForkedBooter.java:340)
	org.apache.maven.surefire.booter.ForkedBooter.execute(ForkedBooter.java:125)
	org.apache.maven.surefire.booter.ForkedBooter.main(ForkedBooter.java:413)
#4:
	io.netty.buffer.AdvancedLeakAwareByteBuf.writeLong(AdvancedLeakAwareByteBuf.java:568)
	org.apache.bookkeeper.proto.checksum.DigestManager.computeDigestAndPackageForSending(DigestManager.java:107)
	org.apache.bookkeeper.client.ClientUtil.generatePacket(ClientUtil.java:53)
	org.apache.bookkeeper.client.ClientUtil.generatePacket(ClientUtil.java:46)
	org.apache.bookkeeper.bookie.BookieJournalTest.writePreV2Journal(BookieJournalTest.java:168)
	org.apache.bookkeeper.bookie.BookieJournalTest.testPartialFileInfoPreV3Journal(BookieJournalTest.java:727)
	org.apache.bookkeeper.bookie.BookieJournalTest.testPartialFileInfoPreV3Journal2(BookieJournalTest.java:713)
	java.base/jdk.internal.reflect.NativeMethodAccessorImpl.invoke0(Native Method)
	java.base/jdk.internal.reflect.NativeMethodAccessorImpl.invoke(NativeMethodAccessorImpl.java:62)
	java.base/jdk.internal.reflect.DelegatingMethodAccessorImpl.invoke(DelegatingMethodAccessorImpl.java:43)
	java.base/java.lang.reflect.Method.invoke(Method.java:566)
	org.junit.internal.runners.TestMethod.invoke(TestMethod.java:68)
	org.powermock.modules.junit4.internal.impl.PowerMockJUnit44RunnerDelegateImpl$PowerMockJUnit44MethodRunner.runTestMethod(PowerMockJUnit44RunnerDelegateImpl.java:326)
	org.junit.internal.runners.MethodRoadie$2.run(MethodRoadie.java:89)
	org.junit.internal.runners.MethodRoadie.runBeforesThenTestThenAfters(MethodRoadie.java:97)
	org.powermock.modules.junit4.internal.impl.PowerMockJUnit44RunnerDelegateImpl$PowerMockJUnit44MethodRunner.executeTest(PowerMockJUnit44RunnerDelegateImpl.java:310)
	org.powermock.modules.junit4.internal.impl.PowerMockJUnit47RunnerDelegateImpl$PowerMockJUnit47MethodRunner.executeTestInSuper(PowerMockJUnit47RunnerDelegateImpl.java:131)
	org.powermock.modules.junit4.internal.impl.PowerMockJUnit47RunnerDelegateImpl$PowerMockJUnit47MethodRunner.access$100(PowerMockJUnit47RunnerDelegateImpl.java:59)
	org.powermock.modules.junit4.internal.impl.PowerMockJUnit47RunnerDelegateImpl$PowerMockJUnit47MethodRunner$TestExecutorStatement.evaluate(PowerMockJUnit47RunnerDelegateImpl.java:147)
	org.powermock.modules.junit4.internal.impl.PowerMockJUnit47RunnerDelegateImpl$PowerMockJUnit47MethodRunner.evaluateStatement(PowerMockJUnit47RunnerDelegateImpl.java:107)
	org.powermock.modules.junit4.internal.impl.PowerMockJUnit47RunnerDelegateImpl$PowerMockJUnit47MethodRunner.executeTest(PowerMockJUnit47RunnerDelegateImpl.java:82)
	org.powermock.modules.junit4.internal.impl.PowerMockJUnit44RunnerDelegateImpl$PowerMockJUnit44MethodRunner.runBeforesThenTestThenAfters(PowerMockJUnit44RunnerDelegateImpl.java:298)
	org.junit.internal.runners.MethodRoadie.runTest(MethodRoadie.java:87)
	org.junit.internal.runners.MethodRoadie.run(MethodRoadie.java:50)
	org.powermock.modules.junit4.internal.impl.PowerMockJUnit44RunnerDelegateImpl.invokeTestMethod(PowerMockJUnit44RunnerDelegateImpl.java:218)
	org.powermock.modules.junit4.internal.impl.PowerMockJUnit44RunnerDelegateImpl.runMethods(PowerMockJUnit44RunnerDelegateImpl.java:160)
	org.powermock.modules.junit4.internal.impl.PowerMockJUnit44RunnerDelegateImpl$1.run(PowerMockJUnit44RunnerDelegateImpl.java:134)
	org.junit.internal.runners.ClassRoadie.runUnprotected(ClassRoadie.java:34)
	org.junit.internal.runners.ClassRoadie.runProtected(ClassRoadie.java:44)
	org.powermock.modules.junit4.internal.impl.PowerMockJUnit44RunnerDelegateImpl.run(PowerMockJUnit44RunnerDelegateImpl.java:136)
	org.powermock.modules.junit4.common.internal.impl.JUnit4TestSuiteChunkerImpl.run(JUnit4TestSuiteChunkerImpl.java:117)
	org.powermock.modules.junit4.common.internal.impl.AbstractCommonPowerMockRunner.run(AbstractCommonPowerMockRunner.java:57)
	org.powermock.modules.junit4.PowerMockRunner.run(PowerMockRunner.java:59)
	org.apache.maven.surefire.junit4.JUnit4Provider.execute(JUnit4Provider.java:365)
	org.apache.maven.surefire.junit4.JUnit4Provider.executeWithRerun(JUnit4Provider.java:290)
	org.apache.maven.surefire.junit4.JUnit4Provider.executeTestSet(JUnit4Provider.java:238)
	org.apache.maven.surefire.junit4.JUnit4Provider.invoke(JUnit4Provider.java:159)
	org.apache.maven.surefire.booter.ForkedBooter.invokeProviderInSameClassLoader(ForkedBooter.java:379)
	org.apache.maven.surefire.booter.ForkedBooter.runSuitesInProcess(ForkedBooter.java:340)
	org.apache.maven.surefire.booter.ForkedBooter.execute(ForkedBooter.java:125)
	org.apache.maven.surefire.booter.ForkedBooter.main(ForkedBooter.java:413)
Created at:
	io.netty.buffer.UnpooledByteBufAllocator.newDirectBuffer(UnpooledByteBufAllocator.java:96)
	io.netty.buffer.AbstractByteBufAllocator.directBuffer(AbstractByteBufAllocator.java:185)
	io.netty.buffer.AbstractByteBufAllocator.directBuffer(AbstractByteBufAllocator.java:176)
	io.netty.buffer.AbstractByteBufAllocator.buffer(AbstractByteBufAllocator.java:113)
	org.apache.bookkeeper.proto.checksum.DigestManager.computeDigestAndPackageForSending(DigestManager.java:103)
	org.apache.bookkeeper.client.ClientUtil.generatePacket(ClientUtil.java:53)
	org.apache.bookkeeper.client.ClientUtil.generatePacket(ClientUtil.java:46)
	org.apache.bookkeeper.bookie.BookieJournalTest.writePreV2Journal(BookieJournalTest.java:168)
	org.apache.bookkeeper.bookie.BookieJournalTest.testPartialFileInfoPreV3Journal(BookieJournalTest.java:727)
	org.apache.bookkeeper.bookie.BookieJournalTest.testPartialFileInfoPreV3Journal2(BookieJournalTest.java:713)
	java.base/jdk.internal.reflect.NativeMethodAccessorImpl.invoke0(Native Method)
	java.base/jdk.internal.reflect.NativeMethodAccessorImpl.invoke(NativeMethodAccessorImpl.java:62)
	java.base/jdk.internal.reflect.DelegatingMethodAccessorImpl.invoke(DelegatingMethodAccessorImpl.java:43)
	java.base/java.lang.reflect.Method.invoke(Method.java:566)
	org.junit.internal.runners.TestMethod.invoke(TestMethod.java:68)
	org.powermock.modules.junit4.internal.impl.PowerMockJUnit44RunnerDelegateImpl$PowerMockJUnit44MethodRunner.runTestMethod(PowerMockJUnit44RunnerDelegateImpl.java:326)
	org.junit.internal.runners.MethodRoadie$2.run(MethodRoadie.java:89)
	org.junit.internal.runners.MethodRoadie.runBeforesThenTestThenAfters(MethodRoadie.java:97)
	org.powermock.modules.junit4.internal.impl.PowerMockJUnit44RunnerDelegateImpl$PowerMockJUnit44MethodRunner.executeTest(PowerMockJUnit44RunnerDelegateImpl.java:310)
	org.powermock.modules.junit4.internal.impl.PowerMockJUnit47RunnerDelegateImpl$PowerMockJUnit47MethodRunner.executeTestInSuper(PowerMockJUnit47RunnerDelegateImpl.java:131)
	org.powermock.modules.junit4.internal.impl.PowerMockJUnit47RunnerDelegateImpl$PowerMockJUnit47MethodRunner.access$100(PowerMockJUnit47RunnerDelegateImpl.java:59)
	org.powermock.modules.junit4.internal.impl.PowerMockJUnit47RunnerDelegateImpl$PowerMockJUnit47MethodRunner$TestExecutorStatement.evaluate(PowerMockJUnit47RunnerDelegateImpl.java:147)
	org.powermock.modules.junit4.internal.impl.PowerMockJUnit47RunnerDelegateImpl$PowerMockJUnit47MethodRunner.evaluateStatement(PowerMockJUnit47RunnerDelegateImpl.java:107)
	org.powermock.modules.junit4.internal.impl.PowerMockJUnit47RunnerDelegateImpl$PowerMockJUnit47MethodRunner.executeTest(PowerMockJUnit47RunnerDelegateImpl.java:82)
	org.powermock.modules.junit4.internal.impl.PowerMockJUnit44RunnerDelegateImpl$PowerMockJUnit44MethodRunner.runBeforesThenTestThenAfters(PowerMockJUnit44RunnerDelegateImpl.java:298)
	org.junit.internal.runners.MethodRoadie.runTest(MethodRoadie.java:87)
	org.junit.internal.runners.MethodRoadie.run(MethodRoadie.java:50)
	org.powermock.modules.junit4.internal.impl.PowerMockJUnit44RunnerDelegateImpl.invokeTestMethod(PowerMockJUnit44RunnerDelegateImpl.java:218)
	org.powermock.modules.junit4.internal.impl.PowerMockJUnit44RunnerDelegateImpl.runMethods(PowerMockJUnit44RunnerDelegateImpl.java:160)
	org.powermock.modules.junit4.internal.impl.PowerMockJUnit44RunnerDelegateImpl$1.run(PowerMockJUnit44RunnerDelegateImpl.java:134)
	org.junit.internal.runners.ClassRoadie.runUnprotected(ClassRoadie.java:34)
	org.junit.internal.runners.ClassRoadie.runProtected(ClassRoadie.java:44)
	org.powermock.modules.junit4.internal.impl.PowerMockJUnit44RunnerDelegateImpl.run(PowerMockJUnit44RunnerDelegateImpl.java:136)
	org.powermock.modules.junit4.common.internal.impl.JUnit4TestSuiteChunkerImpl.run(JUnit4TestSuiteChunkerImpl.java:117)
	org.powermock.modules.junit4.common.internal.impl.AbstractCommonPowerMockRunner.run(AbstractCommonPowerMockRunner.java:57)
	org.powermock.modules.junit4.PowerMockRunner.run(PowerMockRunner.java:59)
	org.apache.maven.surefire.junit4.JUnit4Provider.execute(JUnit4Provider.java:365)
	org.apache.maven.surefire.junit4.JUnit4Provider.executeWithRerun(JUnit4Provider.java:290)
	org.apache.maven.surefire.junit4.JUnit4Provider.executeTestSet(JUnit4Provider.java:238)
	org.apache.maven.surefire.junit4.JUnit4Provider.invoke(JUnit4Provider.java:159)
	org.apache.maven.surefire.booter.ForkedBooter.invokeProviderInSameClassLoader(ForkedBooter.java:379)
	org.apache.maven.surefire.booter.ForkedBooter.runSuitesInProcess(ForkedBooter.java:340)
	org.apache.maven.surefire.booter.ForkedBooter.execute(ForkedBooter.java:125)
	org.apache.maven.surefire.booter.ForkedBooter.main(ForkedBooter.java:413)
: 1 leak records were discarded because the leak record count is targeted to 4. Use system property io.netty.leakDetection.targetRecords to increase the limit.
2020-08-10 23:35:53,055 - ERROR - [main:ResourceLeakDetector@317] - LEAK: ByteBuf.release() was not called before it's garbage-collected. See http://netty.io/wiki/reference-counted-objects.html for more information.
Recent access records: 
#1:
	io.netty.buffer.AdvancedLeakAwareByteBuf.writeLong(AdvancedLeakAwareByteBuf.java:568)
	org.apache.bookkeeper.proto.checksum.CRC32DigestManager.populateValueAndReset(CRC32DigestManager.java:61)
	org.apache.bookkeeper.proto.checksum.DigestManager.computeDigestAndPackageForSending(DigestManager.java:114)
	org.apache.bookkeeper.client.ClientUtil.generatePacket(ClientUtil.java:53)
	org.apache.bookkeeper.client.ClientUtil.generatePacket(ClientUtil.java:46)
	org.apache.bookkeeper.bookie.BookieJournalTest.writeV3Journal(BookieJournalTest.java:245)
	org.apache.bookkeeper.bookie.BookieJournalTest.testPartialFileInfoPostV3Journal(BookieJournalTest.java:785)
	org.apache.bookkeeper.bookie.BookieJournalTest.testPartialFileInfoPostV3Journal2(BookieJournalTest.java:769)
	java.base/jdk.internal.reflect.NativeMethodAccessorImpl.invoke0(Native Method)
	java.base/jdk.internal.reflect.NativeMethodAccessorImpl.invoke(NativeMethodAccessorImpl.java:62)
	java.base/jdk.internal.reflect.DelegatingMethodAccessorImpl.invoke(DelegatingMethodAccessorImpl.java:43)
	java.base/java.lang.reflect.Method.invoke(Method.java:566)
	org.junit.internal.runners.TestMethod.invoke(TestMethod.java:68)
	org.powermock.modules.junit4.internal.impl.PowerMockJUnit44RunnerDelegateImpl$PowerMockJUnit44MethodRunner.runTestMethod(PowerMockJUnit44RunnerDelegateImpl.java:326)
	org.junit.internal.runners.MethodRoadie$2.run(MethodRoadie.java:89)
	org.junit.internal.runners.MethodRoadie.runBeforesThenTestThenAfters(MethodRoadie.java:97)
	org.powermock.modules.junit4.internal.impl.PowerMockJUnit44RunnerDelegateImpl$PowerMockJUnit44MethodRunner.executeTest(PowerMockJUnit44RunnerDelegateImpl.java:310)
	org.powermock.modules.junit4.internal.impl.PowerMockJUnit47RunnerDelegateImpl$PowerMockJUnit47MethodRunner.executeTestInSuper(PowerMockJUnit47RunnerDelegateImpl.java:131)
	org.powermock.modules.junit4.internal.impl.PowerMockJUnit47RunnerDelegateImpl$PowerMockJUnit47MethodRunner.access$100(PowerMockJUnit47RunnerDelegateImpl.java:59)
	org.powermock.modules.junit4.internal.impl.PowerMockJUnit47RunnerDelegateImpl$PowerMockJUnit47MethodRunner$TestExecutorStatement.evaluate(PowerMockJUnit47RunnerDelegateImpl.java:147)
	org.powermock.modules.junit4.internal.impl.PowerMockJUnit47RunnerDelegateImpl$PowerMockJUnit47MethodRunner.evaluateStatement(PowerMockJUnit47RunnerDelegateImpl.java:107)
	org.powermock.modules.junit4.internal.impl.PowerMockJUnit47RunnerDelegateImpl$PowerMockJUnit47MethodRunner.executeTest(PowerMockJUnit47RunnerDelegateImpl.java:82)
	org.powermock.modules.junit4.internal.impl.PowerMockJUnit44RunnerDelegateImpl$PowerMockJUnit44MethodRunner.runBeforesThenTestThenAfters(PowerMockJUnit44RunnerDelegateImpl.java:298)
	org.junit.internal.runners.MethodRoadie.runTest(MethodRoadie.java:87)
	org.junit.internal.runners.MethodRoadie.run(MethodRoadie.java:50)
	org.powermock.modules.junit4.internal.impl.PowerMockJUnit44RunnerDelegateImpl.invokeTestMethod(PowerMockJUnit44RunnerDelegateImpl.java:218)
	org.powermock.modules.junit4.internal.impl.PowerMockJUnit44RunnerDelegateImpl.runMethods(PowerMockJUnit44RunnerDelegateImpl.java:160)
	org.powermock.modules.junit4.internal.impl.PowerMockJUnit44RunnerDelegateImpl$1.run(PowerMockJUnit44RunnerDelegateImpl.java:134)
	org.junit.internal.runners.ClassRoadie.runUnprotected(ClassRoadie.java:34)
	org.junit.internal.runners.ClassRoadie.runProtected(ClassRoadie.java:44)
	org.powermock.modules.junit4.internal.impl.PowerMockJUnit44RunnerDelegateImpl.run(PowerMockJUnit44RunnerDelegateImpl.java:136)
	org.powermock.modules.junit4.common.internal.impl.JUnit4TestSuiteChunkerImpl.run(JUnit4TestSuiteChunkerImpl.java:117)
	org.powermock.modules.junit4.common.internal.impl.AbstractCommonPowerMockRunner.run(AbstractCommonPowerMockRunner.java:57)
	org.powermock.modules.junit4.PowerMockRunner.run(PowerMockRunner.java:59)
	org.apache.maven.surefire.junit4.JUnit4Provider.execute(JUnit4Provider.java:365)
	org.apache.maven.surefire.junit4.JUnit4Provider.executeWithRerun(JUnit4Provider.java:290)
	org.apache.maven.surefire.junit4.JUnit4Provider.executeTestSet(JUnit4Provider.java:238)
	org.apache.maven.surefire.junit4.JUnit4Provider.invoke(JUnit4Provider.java:159)
	org.apache.maven.surefire.booter.ForkedBooter.invokeProviderInSameClassLoader(ForkedBooter.java:379)
	org.apache.maven.surefire.booter.ForkedBooter.runSuitesInProcess(ForkedBooter.java:340)
	org.apache.maven.surefire.booter.ForkedBooter.execute(ForkedBooter.java:125)
	org.apache.maven.surefire.booter.ForkedBooter.main(ForkedBooter.java:413)
#2:
	io.netty.buffer.AdvancedLeakAwareByteBuf.writeLong(AdvancedLeakAwareByteBuf.java:568)
	org.apache.bookkeeper.proto.checksum.DigestManager.computeDigestAndPackageForSending(DigestManager.java:109)
	org.apache.bookkeeper.client.ClientUtil.generatePacket(ClientUtil.java:53)
	org.apache.bookkeeper.client.ClientUtil.generatePacket(ClientUtil.java:46)
	org.apache.bookkeeper.bookie.BookieJournalTest.writeV3Journal(BookieJournalTest.java:245)
	org.apache.bookkeeper.bookie.BookieJournalTest.testPartialFileInfoPostV3Journal(BookieJournalTest.java:785)
	org.apache.bookkeeper.bookie.BookieJournalTest.testPartialFileInfoPostV3Journal2(BookieJournalTest.java:769)
	java.base/jdk.internal.reflect.NativeMethodAccessorImpl.invoke0(Native Method)
	java.base/jdk.internal.reflect.NativeMethodAccessorImpl.invoke(NativeMethodAccessorImpl.java:62)
	java.base/jdk.internal.reflect.DelegatingMethodAccessorImpl.invoke(DelegatingMethodAccessorImpl.java:43)
	java.base/java.lang.reflect.Method.invoke(Method.java:566)
	org.junit.internal.runners.TestMethod.invoke(TestMethod.java:68)
	org.powermock.modules.junit4.internal.impl.PowerMockJUnit44RunnerDelegateImpl$PowerMockJUnit44MethodRunner.runTestMethod(PowerMockJUnit44RunnerDelegateImpl.java:326)
	org.junit.internal.runners.MethodRoadie$2.run(MethodRoadie.java:89)
	org.junit.internal.runners.MethodRoadie.runBeforesThenTestThenAfters(MethodRoadie.java:97)
	org.powermock.modules.junit4.internal.impl.PowerMockJUnit44RunnerDelegateImpl$PowerMockJUnit44MethodRunner.executeTest(PowerMockJUnit44RunnerDelegateImpl.java:310)
	org.powermock.modules.junit4.internal.impl.PowerMockJUnit47RunnerDelegateImpl$PowerMockJUnit47MethodRunner.executeTestInSuper(PowerMockJUnit47RunnerDelegateImpl.java:131)
	org.powermock.modules.junit4.internal.impl.PowerMockJUnit47RunnerDelegateImpl$PowerMockJUnit47MethodRunner.access$100(PowerMockJUnit47RunnerDelegateImpl.java:59)
	org.powermock.modules.junit4.internal.impl.PowerMockJUnit47RunnerDelegateImpl$PowerMockJUnit47MethodRunner$TestExecutorStatement.evaluate(PowerMockJUnit47RunnerDelegateImpl.java:147)
	org.powermock.modules.junit4.internal.impl.PowerMockJUnit47RunnerDelegateImpl$PowerMockJUnit47MethodRunner.evaluateStatement(PowerMockJUnit47RunnerDelegateImpl.java:107)
	org.powermock.modules.junit4.internal.impl.PowerMockJUnit47RunnerDelegateImpl$PowerMockJUnit47MethodRunner.executeTest(PowerMockJUnit47RunnerDelegateImpl.java:82)
	org.powermock.modules.junit4.internal.impl.PowerMockJUnit44RunnerDelegateImpl$PowerMockJUnit44MethodRunner.runBeforesThenTestThenAfters(PowerMockJUnit44RunnerDelegateImpl.java:298)
	org.junit.internal.runners.MethodRoadie.runTest(MethodRoadie.java:87)
	org.junit.internal.runners.MethodRoadie.run(MethodRoadie.java:50)
	org.powermock.modules.junit4.internal.impl.PowerMockJUnit44RunnerDelegateImpl.invokeTestMethod(PowerMockJUnit44RunnerDelegateImpl.java:218)
	org.powermock.modules.junit4.internal.impl.PowerMockJUnit44RunnerDelegateImpl.runMethods(PowerMockJUnit44RunnerDelegateImpl.java:160)
	org.powermock.modules.junit4.internal.impl.PowerMockJUnit44RunnerDelegateImpl$1.run(PowerMockJUnit44RunnerDelegateImpl.java:134)
	org.junit.internal.runners.ClassRoadie.runUnprotected(ClassRoadie.java:34)
	org.junit.internal.runners.ClassRoadie.runProtected(ClassRoadie.java:44)
	org.powermock.modules.junit4.internal.impl.PowerMockJUnit44RunnerDelegateImpl.run(PowerMockJUnit44RunnerDelegateImpl.java:136)
	org.powermock.modules.junit4.common.internal.impl.JUnit4TestSuiteChunkerImpl.run(JUnit4TestSuiteChunkerImpl.java:117)
	org.powermock.modules.junit4.common.internal.impl.AbstractCommonPowerMockRunner.run(AbstractCommonPowerMockRunner.java:57)
	org.powermock.modules.junit4.PowerMockRunner.run(PowerMockRunner.java:59)
	org.apache.maven.surefire.junit4.JUnit4Provider.execute(JUnit4Provider.java:365)
	org.apache.maven.surefire.junit4.JUnit4Provider.executeWithRerun(JUnit4Provider.java:290)
	org.apache.maven.surefire.junit4.JUnit4Provider.executeTestSet(JUnit4Provider.java:238)
	org.apache.maven.surefire.junit4.JUnit4Provider.invoke(JUnit4Provider.java:159)
	org.apache.maven.surefire.booter.ForkedBooter.invokeProviderInSameClassLoader(ForkedBooter.java:379)
	org.apache.maven.surefire.booter.ForkedBooter.runSuitesInProcess(ForkedBooter.java:340)
	org.apache.maven.surefire.booter.ForkedBooter.execute(ForkedBooter.java:125)
	org.apache.maven.surefire.booter.ForkedBooter.main(ForkedBooter.java:413)
#3:
	io.netty.buffer.AdvancedLeakAwareByteBuf.writeLong(AdvancedLeakAwareByteBuf.java:568)
	org.apache.bookkeeper.proto.checksum.DigestManager.computeDigestAndPackageForSending(DigestManager.java:108)
	org.apache.bookkeeper.client.ClientUtil.generatePacket(ClientUtil.java:53)
	org.apache.bookkeeper.client.ClientUtil.generatePacket(ClientUtil.java:46)
	org.apache.bookkeeper.bookie.BookieJournalTest.writeV3Journal(BookieJournalTest.java:245)
	org.apache.bookkeeper.bookie.BookieJournalTest.testPartialFileInfoPostV3Journal(BookieJournalTest.java:785)
	org.apache.bookkeeper.bookie.BookieJournalTest.testPartialFileInfoPostV3Journal2(BookieJournalTest.java:769)
	java.base/jdk.internal.reflect.NativeMethodAccessorImpl.invoke0(Native Method)
	java.base/jdk.internal.reflect.NativeMethodAccessorImpl.invoke(NativeMethodAccessorImpl.java:62)
	java.base/jdk.internal.reflect.DelegatingMethodAccessorImpl.invoke(DelegatingMethodAccessorImpl.java:43)
	java.base/java.lang.reflect.Method.invoke(Method.java:566)
	org.junit.internal.runners.TestMethod.invoke(TestMethod.java:68)
	org.powermock.modules.junit4.internal.impl.PowerMockJUnit44RunnerDelegateImpl$PowerMockJUnit44MethodRunner.runTestMethod(PowerMockJUnit44RunnerDelegateImpl.java:326)
	org.junit.internal.runners.MethodRoadie$2.run(MethodRoadie.java:89)
	org.junit.internal.runners.MethodRoadie.runBeforesThenTestThenAfters(MethodRoadie.java:97)
	org.powermock.modules.junit4.internal.impl.PowerMockJUnit44RunnerDelegateImpl$PowerMockJUnit44MethodRunner.executeTest(PowerMockJUnit44RunnerDelegateImpl.java:310)
	org.powermock.modules.junit4.internal.impl.PowerMockJUnit47RunnerDelegateImpl$PowerMockJUnit47MethodRunner.executeTestInSuper(PowerMockJUnit47RunnerDelegateImpl.java:131)
	org.powermock.modules.junit4.internal.impl.PowerMockJUnit47RunnerDelegateImpl$PowerMockJUnit47MethodRunner.access$100(PowerMockJUnit47RunnerDelegateImpl.java:59)
	org.powermock.modules.junit4.internal.impl.PowerMockJUnit47RunnerDelegateImpl$PowerMockJUnit47MethodRunner$TestExecutorStatement.evaluate(PowerMockJUnit47RunnerDelegateImpl.java:147)
	org.powermock.modules.junit4.internal.impl.PowerMockJUnit47RunnerDelegateImpl$PowerMockJUnit47MethodRunner.evaluateStatement(PowerMockJUnit47RunnerDelegateImpl.java:107)
	org.powermock.modules.junit4.internal.impl.PowerMockJUnit47RunnerDelegateImpl$PowerMockJUnit47MethodRunner.executeTest(PowerMockJUnit47RunnerDelegateImpl.java:82)
	org.powermock.modules.junit4.internal.impl.PowerMockJUnit44RunnerDelegateImpl$PowerMockJUnit44MethodRunner.runBeforesThenTestThenAfters(PowerMockJUnit44RunnerDelegateImpl.java:298)
	org.junit.internal.runners.MethodRoadie.runTest(MethodRoadie.java:87)
	org.junit.internal.runners.MethodRoadie.run(MethodRoadie.java:50)
	org.powermock.modules.junit4.internal.impl.PowerMockJUnit44RunnerDelegateImpl.invokeTestMethod(PowerMockJUnit44RunnerDelegateImpl.java:218)
	org.powermock.modules.junit4.internal.impl.PowerMockJUnit44RunnerDelegateImpl.runMethods(PowerMockJUnit44RunnerDelegateImpl.java:160)
	org.powermock.modules.junit4.internal.impl.PowerMockJUnit44RunnerDelegateImpl$1.run(PowerMockJUnit44RunnerDelegateImpl.java:134)
	org.junit.internal.runners.ClassRoadie.runUnprotected(ClassRoadie.java:34)
	org.junit.internal.runners.ClassRoadie.runProtected(ClassRoadie.java:44)
	org.powermock.modules.junit4.internal.impl.PowerMockJUnit44RunnerDelegateImpl.run(PowerMockJUnit44RunnerDelegateImpl.java:136)
	org.powermock.modules.junit4.common.internal.impl.JUnit4TestSuiteChunkerImpl.run(JUnit4TestSuiteChunkerImpl.java:117)
	org.powermock.modules.junit4.common.internal.impl.AbstractCommonPowerMockRunner.run(AbstractCommonPowerMockRunner.java:57)
	org.powermock.modules.junit4.PowerMockRunner.run(PowerMockRunner.java:59)
	org.apache.maven.surefire.junit4.JUnit4Provider.execute(JUnit4Provider.java:365)
	org.apache.maven.surefire.junit4.JUnit4Provider.executeWithRerun(JUnit4Provider.java:290)
	org.apache.maven.surefire.junit4.JUnit4Provider.executeTestSet(JUnit4Provider.java:238)
	org.apache.maven.surefire.junit4.JUnit4Provider.invoke(JUnit4Provider.java:159)
	org.apache.maven.surefire.booter.ForkedBooter.invokeProviderInSameClassLoader(ForkedBooter.java:379)
	org.apache.maven.surefire.booter.ForkedBooter.runSuitesInProcess(ForkedBooter.java:340)
	org.apache.maven.surefire.booter.ForkedBooter.execute(ForkedBooter.java:125)
	org.apache.maven.surefire.booter.ForkedBooter.main(ForkedBooter.java:413)
#4:
	io.netty.buffer.AdvancedLeakAwareByteBuf.writeLong(AdvancedLeakAwareByteBuf.java:568)
	org.apache.bookkeeper.proto.checksum.DigestManager.computeDigestAndPackageForSending(DigestManager.java:107)
	org.apache.bookkeeper.client.ClientUtil.generatePacket(ClientUtil.java:53)
	org.apache.bookkeeper.client.ClientUtil.generatePacket(ClientUtil.java:46)
	org.apache.bookkeeper.bookie.BookieJournalTest.writeV3Journal(BookieJournalTest.java:245)
	org.apache.bookkeeper.bookie.BookieJournalTest.testPartialFileInfoPostV3Journal(BookieJournalTest.java:785)
	org.apache.bookkeeper.bookie.BookieJournalTest.testPartialFileInfoPostV3Journal2(BookieJournalTest.java:769)
	java.base/jdk.internal.reflect.NativeMethodAccessorImpl.invoke0(Native Method)
	java.base/jdk.internal.reflect.NativeMethodAccessorImpl.invoke(NativeMethodAccessorImpl.java:62)
	java.base/jdk.internal.reflect.DelegatingMethodAccessorImpl.invoke(DelegatingMethodAccessorImpl.java:43)
	java.base/java.lang.reflect.Method.invoke(Method.java:566)
	org.junit.internal.runners.TestMethod.invoke(TestMethod.java:68)
	org.powermock.modules.junit4.internal.impl.PowerMockJUnit44RunnerDelegateImpl$PowerMockJUnit44MethodRunner.runTestMethod(PowerMockJUnit44RunnerDelegateImpl.java:326)
	org.junit.internal.runners.MethodRoadie$2.run(MethodRoadie.java:89)
	org.junit.internal.runners.MethodRoadie.runBeforesThenTestThenAfters(MethodRoadie.java:97)
	org.powermock.modules.junit4.internal.impl.PowerMockJUnit44RunnerDelegateImpl$PowerMockJUnit44MethodRunner.executeTest(PowerMockJUnit44RunnerDelegateImpl.java:310)
	org.powermock.modules.junit4.internal.impl.PowerMockJUnit47RunnerDelegateImpl$PowerMockJUnit47MethodRunner.executeTestInSuper(PowerMockJUnit47RunnerDelegateImpl.java:131)
	org.powermock.modules.junit4.internal.impl.PowerMockJUnit47RunnerDelegateImpl$PowerMockJUnit47MethodRunner.access$100(PowerMockJUnit47RunnerDelegateImpl.java:59)
	org.powermock.modules.junit4.internal.impl.PowerMockJUnit47RunnerDelegateImpl$PowerMockJUnit47MethodRunner$TestExecutorStatement.evaluate(PowerMockJUnit47RunnerDelegateImpl.java:147)
	org.powermock.modules.junit4.internal.impl.PowerMockJUnit47RunnerDelegateImpl$PowerMockJUnit47MethodRunner.evaluateStatement(PowerMockJUnit47RunnerDelegateImpl.java:107)
	org.powermock.modules.junit4.internal.impl.PowerMockJUnit47RunnerDelegateImpl$PowerMockJUnit47MethodRunner.executeTest(PowerMockJUnit47RunnerDelegateImpl.java:82)
	org.powermock.modules.junit4.internal.impl.PowerMockJUnit44RunnerDelegateImpl$PowerMockJUnit44MethodRunner.runBeforesThenTestThenAfters(PowerMockJUnit44RunnerDelegateImpl.java:298)
	org.junit.internal.runners.MethodRoadie.runTest(MethodRoadie.java:87)
	org.junit.internal.runners.MethodRoadie.run(MethodRoadie.java:50)
	org.powermock.modules.junit4.internal.impl.PowerMockJUnit44RunnerDelegateImpl.invokeTestMethod(PowerMockJUnit44RunnerDelegateImpl.java:218)
	org.powermock.modules.junit4.internal.impl.PowerMockJUnit44RunnerDelegateImpl.runMethods(PowerMockJUnit44RunnerDelegateImpl.java:160)
	org.powermock.modules.junit4.internal.impl.PowerMockJUnit44RunnerDelegateImpl$1.run(PowerMockJUnit44RunnerDelegateImpl.java:134)
	org.junit.internal.runners.ClassRoadie.runUnprotected(ClassRoadie.java:34)
	org.junit.internal.runners.ClassRoadie.runProtected(ClassRoadie.java:44)
	org.powermock.modules.junit4.internal.impl.PowerMockJUnit44RunnerDelegateImpl.run(PowerMockJUnit44RunnerDelegateImpl.java:136)
	org.powermock.modules.junit4.common.internal.impl.JUnit4TestSuiteChunkerImpl.run(JUnit4TestSuiteChunkerImpl.java:117)
	org.powermock.modules.junit4.common.internal.impl.AbstractCommonPowerMockRunner.run(AbstractCommonPowerMockRunner.java:57)
	org.powermock.modules.junit4.PowerMockRunner.run(PowerMockRunner.java:59)
	org.apache.maven.surefire.junit4.JUnit4Provider.execute(JUnit4Provider.java:365)
	org.apache.maven.surefire.junit4.JUnit4Provider.executeWithRerun(JUnit4Provider.java:290)
	org.apache.maven.surefire.junit4.JUnit4Provider.executeTestSet(JUnit4Provider.java:238)
	org.apache.maven.surefire.junit4.JUnit4Provider.invoke(JUnit4Provider.java:159)
	org.apache.maven.surefire.booter.ForkedBooter.invokeProviderInSameClassLoader(ForkedBooter.java:379)
	org.apache.maven.surefire.booter.ForkedBooter.runSuitesInProcess(ForkedBooter.java:340)
	org.apache.maven.surefire.booter.ForkedBooter.execute(ForkedBooter.java:125)
	org.apache.maven.surefire.booter.ForkedBooter.main(ForkedBooter.java:413)
Created at:
	io.netty.buffer.UnpooledByteBufAllocator.newDirectBuffer(UnpooledByteBufAllocator.java:96)
	io.netty.buffer.AbstractByteBufAllocator.directBuffer(AbstractByteBufAllocator.java:185)
	io.netty.buffer.AbstractByteBufAllocator.directBuffer(AbstractByteBufAllocator.java:176)
	io.netty.buffer.AbstractByteBufAllocator.buffer(AbstractByteBufAllocator.java:113)
	org.apache.bookkeeper.proto.checksum.DigestManager.computeDigestAndPackageForSending(DigestManager.java:103)
	org.apache.bookkeeper.client.ClientUtil.generatePacket(ClientUtil.java:53)
	org.apache.bookkeeper.client.ClientUtil.generatePacket(ClientUtil.java:46)
	org.apache.bookkeeper.bookie.BookieJournalTest.writeV3Journal(BookieJournalTest.java:245)
	org.apache.bookkeeper.bookie.BookieJournalTest.testPartialFileInfoPostV3Journal(BookieJournalTest.java:785)
	org.apache.bookkeeper.bookie.BookieJournalTest.testPartialFileInfoPostV3Journal2(BookieJournalTest.java:769)
	java.base/jdk.internal.reflect.NativeMethodAccessorImpl.invoke0(Native Method)
	java.base/jdk.internal.reflect.NativeMethodAccessorImpl.invoke(NativeMethodAccessorImpl.java:62)
	java.base/jdk.internal.reflect.DelegatingMethodAccessorImpl.invoke(DelegatingMethodAccessorImpl.java:43)
	java.base/java.lang.reflect.Method.invoke(Method.java:566)
	org.junit.internal.runners.TestMethod.invoke(TestMethod.java:68)
	org.powermock.modules.junit4.internal.impl.PowerMockJUnit44RunnerDelegateImpl$PowerMockJUnit44MethodRunner.runTestMethod(PowerMockJUnit44RunnerDelegateImpl.java:326)
	org.junit.internal.runners.MethodRoadie$2.run(MethodRoadie.java:89)
	org.junit.internal.runners.MethodRoadie.runBeforesThenTestThenAfters(MethodRoadie.java:97)
	org.powermock.modules.junit4.internal.impl.PowerMockJUnit44RunnerDelegateImpl$PowerMockJUnit44MethodRunner.executeTest(PowerMockJUnit44RunnerDelegateImpl.java:310)
	org.powermock.modules.junit4.internal.impl.PowerMockJUnit47RunnerDelegateImpl$PowerMockJUnit47MethodRunner.executeTestInSuper(PowerMockJUnit47RunnerDelegateImpl.java:131)
	org.powermock.modules.junit4.internal.impl.PowerMockJUnit47RunnerDelegateImpl$PowerMockJUnit47MethodRunner.access$100(PowerMockJUnit47RunnerDelegateImpl.java:59)
	org.powermock.modules.junit4.internal.impl.PowerMockJUnit47RunnerDelegateImpl$PowerMockJUnit47MethodRunner$TestExecutorStatement.evaluate(PowerMockJUnit47RunnerDelegateImpl.java:147)
	org.powermock.modules.junit4.internal.impl.PowerMockJUnit47RunnerDelegateImpl$PowerMockJUnit47MethodRunner.evaluateStatement(PowerMockJUnit47RunnerDelegateImpl.java:107)
	org.powermock.modules.junit4.internal.impl.PowerMockJUnit47RunnerDelegateImpl$PowerMockJUnit47MethodRunner.executeTest(PowerMockJUnit47RunnerDelegateImpl.java:82)
	org.powermock.modules.junit4.internal.impl.PowerMockJUnit44RunnerDelegateImpl$PowerMockJUnit44MethodRunner.runBeforesThenTestThenAfters(PowerMockJUnit44RunnerDelegateImpl.java:298)
	org.junit.internal.runners.MethodRoadie.runTest(MethodRoadie.java:87)
	org.junit.internal.runners.MethodRoadie.run(MethodRoadie.java:50)
	org.powermock.modules.junit4.internal.impl.PowerMockJUnit44RunnerDelegateImpl.invokeTestMethod(PowerMockJUnit44RunnerDelegateImpl.java:218)
	org.powermock.modules.junit4.internal.impl.PowerMockJUnit44RunnerDelegateImpl.runMethods(PowerMockJUnit44RunnerDelegateImpl.java:160)
	org.powermock.modules.junit4.internal.impl.PowerMockJUnit44RunnerDelegateImpl$1.run(PowerMockJUnit44RunnerDelegateImpl.java:134)
	org.junit.internal.runners.ClassRoadie.runUnprotected(ClassRoadie.java:34)
	org.junit.internal.runners.ClassRoadie.runProtected(ClassRoadie.java:44)
	org.powermock.modules.junit4.internal.impl.PowerMockJUnit44RunnerDelegateImpl.run(PowerMockJUnit44RunnerDelegateImpl.java:136)
	org.powermock.modules.junit4.common.internal.impl.JUnit4TestSuiteChunkerImpl.run(JUnit4TestSuiteChunkerImpl.java:117)
	org.powermock.modules.junit4.common.internal.impl.AbstractCommonPowerMockRunner.run(AbstractCommonPowerMockRunner.java:57)
	org.powermock.modules.junit4.PowerMockRunner.run(PowerMockRunner.java:59)
	org.apache.maven.surefire.junit4.JUnit4Provider.execute(JUnit4Provider.java:365)
	org.apache.maven.surefire.junit4.JUnit4Provider.executeWithRerun(JUnit4Provider.java:290)
	org.apache.maven.surefire.junit4.JUnit4Provider.executeTestSet(JUnit4Provider.java:238)
	org.apache.maven.surefire.junit4.JUnit4Provider.invoke(JUnit4Provider.java:159)
	org.apache.maven.surefire.booter.ForkedBooter.invokeProviderInSameClassLoader(ForkedBooter.java:379)
	org.apache.maven.surefire.booter.ForkedBooter.runSuitesInProcess(ForkedBooter.java:340)
	org.apache.maven.surefire.booter.ForkedBooter.execute(ForkedBooter.java:125)
	org.apache.maven.surefire.booter.ForkedBooter.main(ForkedBooter.java:413)
: 1 leak records were discarded because the leak record count is targeted to 4. Use system property io.netty.leakDetection.targetRecords to increase the limit.
2020-08-10 23:35:53,257 - ERROR - [main:ResourceLeakDetector@317] - LEAK: ByteBuf.release() was not called before it's garbage-collected. See http://netty.io/wiki/reference-counted-objects.html for more information.
Recent access records: 
#1:
	io.netty.buffer.AdvancedLeakAwareByteBuf.internalNioBuffer(AdvancedLeakAwareByteBuf.java:736)
	org.apache.bookkeeper.bookie.BufferedChannel.flush(BufferedChannel.java:192)
	org.apache.bookkeeper.bookie.BufferedChannel.flushAndForceWrite(BufferedChannel.java:166)
	org.apache.bookkeeper.bookie.BookieJournalTest.writeV2Journal(BookieJournalTest.java:222)
	org.apache.bookkeeper.bookie.BookieJournalTest.testTruncatedInLenJournal(BookieJournalTest.java:572)
	java.base/jdk.internal.reflect.NativeMethodAccessorImpl.invoke0(Native Method)
	java.base/jdk.internal.reflect.NativeMethodAccessorImpl.invoke(NativeMethodAccessorImpl.java:62)
	java.base/jdk.internal.reflect.DelegatingMethodAccessorImpl.invoke(DelegatingMethodAccessorImpl.java:43)
	java.base/java.lang.reflect.Method.invoke(Method.java:566)
	org.junit.internal.runners.TestMethod.invoke(TestMethod.java:68)
	org.powermock.modules.junit4.internal.impl.PowerMockJUnit44RunnerDelegateImpl$PowerMockJUnit44MethodRunner.runTestMethod(PowerMockJUnit44RunnerDelegateImpl.java:326)
	org.junit.internal.runners.MethodRoadie$2.run(MethodRoadie.java:89)
	org.junit.internal.runners.MethodRoadie.runBeforesThenTestThenAfters(MethodRoadie.java:97)
	org.powermock.modules.junit4.internal.impl.PowerMockJUnit44RunnerDelegateImpl$PowerMockJUnit44MethodRunner.executeTest(PowerMockJUnit44RunnerDelegateImpl.java:310)
	org.powermock.modules.junit4.internal.impl.PowerMockJUnit47RunnerDelegateImpl$PowerMockJUnit47MethodRunner.executeTestInSuper(PowerMockJUnit47RunnerDelegateImpl.java:131)
	org.powermock.modules.junit4.internal.impl.PowerMockJUnit47RunnerDelegateImpl$PowerMockJUnit47MethodRunner.access$100(PowerMockJUnit47RunnerDelegateImpl.java:59)
	org.powermock.modules.junit4.internal.impl.PowerMockJUnit47RunnerDelegateImpl$PowerMockJUnit47MethodRunner$TestExecutorStatement.evaluate(PowerMockJUnit47RunnerDelegateImpl.java:147)
	org.powermock.modules.junit4.internal.impl.PowerMockJUnit47RunnerDelegateImpl$PowerMockJUnit47MethodRunner.evaluateStatement(PowerMockJUnit47RunnerDelegateImpl.java:107)
	org.powermock.modules.junit4.internal.impl.PowerMockJUnit47RunnerDelegateImpl$PowerMockJUnit47MethodRunner.executeTest(PowerMockJUnit47RunnerDelegateImpl.java:82)
	org.powermock.modules.junit4.internal.impl.PowerMockJUnit44RunnerDelegateImpl$PowerMockJUnit44MethodRunner.runBeforesThenTestThenAfters(PowerMockJUnit44RunnerDelegateImpl.java:298)
	org.junit.internal.runners.MethodRoadie.runTest(MethodRoadie.java:87)
	org.junit.internal.runners.MethodRoadie.run(MethodRoadie.java:50)
	org.powermock.modules.junit4.internal.impl.PowerMockJUnit44RunnerDelegateImpl.invokeTestMethod(PowerMockJUnit44RunnerDelegateImpl.java:218)
	org.powermock.modules.junit4.internal.impl.PowerMockJUnit44RunnerDelegateImpl.runMethods(PowerMockJUnit44RunnerDelegateImpl.java:160)
	org.powermock.modules.junit4.internal.impl.PowerMockJUnit44RunnerDelegateImpl$1.run(PowerMockJUnit44RunnerDelegateImpl.java:134)
	org.junit.internal.runners.ClassRoadie.runUnprotected(ClassRoadie.java:34)
	org.junit.internal.runners.ClassRoadie.runProtected(ClassRoadie.java:44)
	org.powermock.modules.junit4.internal.impl.PowerMockJUnit44RunnerDelegateImpl.run(PowerMockJUnit44RunnerDelegateImpl.java:136)
	org.powermock.modules.junit4.common.internal.impl.JUnit4TestSuiteChunkerImpl.run(JUnit4TestSuiteChunkerImpl.java:117)
	org.powermock.modules.junit4.common.internal.impl.AbstractCommonPowerMockRunner.run(AbstractCommonPowerMockRunner.java:57)
	org.powermock.modules.junit4.PowerMockRunner.run(PowerMockRunner.java:59)
	org.apache.maven.surefire.junit4.JUnit4Provider.execute(JUnit4Provider.java:365)
	org.apache.maven.surefire.junit4.JUnit4Provider.executeWithRerun(JUnit4Provider.java:290)
	org.apache.maven.surefire.junit4.JUnit4Provider.executeTestSet(JUnit4Provider.java:238)
	org.apache.maven.surefire.junit4.JUnit4Provider.invoke(JUnit4Provider.java:159)
	org.apache.maven.surefire.booter.ForkedBooter.invokeProviderInSameClassLoader(ForkedBooter.java:379)
	org.apache.maven.surefire.booter.ForkedBooter.runSuitesInProcess(ForkedBooter.java:340)
	org.apache.maven.surefire.booter.ForkedBooter.execute(ForkedBooter.java:125)
	org.apache.maven.surefire.booter.ForkedBooter.main(ForkedBooter.java:413)
#2:
	io.netty.buffer.AdvancedLeakAwareByteBuf.writeBytes(AdvancedLeakAwareByteBuf.java:604)
	org.apache.bookkeeper.bookie.BufferedChannel.write(BufferedChannel.java:117)
	org.apache.bookkeeper.bookie.BookieJournalTest.writeV2Journal(BookieJournalTest.java:218)
	org.apache.bookkeeper.bookie.BookieJournalTest.testTruncatedInLenJournal(BookieJournalTest.java:572)
	java.base/jdk.internal.reflect.NativeMethodAccessorImpl.invoke0(Native Method)
	java.base/jdk.internal.reflect.NativeMethodAccessorImpl.invoke(NativeMethodAccessorImpl.java:62)
	java.base/jdk.internal.reflect.DelegatingMethodAccessorImpl.invoke(DelegatingMethodAccessorImpl.java:43)
	java.base/java.lang.reflect.Method.invoke(Method.java:566)
	org.junit.internal.runners.TestMethod.invoke(TestMethod.java:68)
	org.powermock.modules.junit4.internal.impl.PowerMockJUnit44RunnerDelegateImpl$PowerMockJUnit44MethodRunner.runTestMethod(PowerMockJUnit44RunnerDelegateImpl.java:326)
	org.junit.internal.runners.MethodRoadie$2.run(MethodRoadie.java:89)
	org.junit.internal.runners.MethodRoadie.runBeforesThenTestThenAfters(MethodRoadie.java:97)
	org.powermock.modules.junit4.internal.impl.PowerMockJUnit44RunnerDelegateImpl$PowerMockJUnit44MethodRunner.executeTest(PowerMockJUnit44RunnerDelegateImpl.java:310)
	org.powermock.modules.junit4.internal.impl.PowerMockJUnit47RunnerDelegateImpl$PowerMockJUnit47MethodRunner.executeTestInSuper(PowerMockJUnit47RunnerDelegateImpl.java:131)
	org.powermock.modules.junit4.internal.impl.PowerMockJUnit47RunnerDelegateImpl$PowerMockJUnit47MethodRunner.access$100(PowerMockJUnit47RunnerDelegateImpl.java:59)
	org.powermock.modules.junit4.internal.impl.PowerMockJUnit47RunnerDelegateImpl$PowerMockJUnit47MethodRunner$TestExecutorStatement.evaluate(PowerMockJUnit47RunnerDelegateImpl.java:147)
	org.powermock.modules.junit4.internal.impl.PowerMockJUnit47RunnerDelegateImpl$PowerMockJUnit47MethodRunner.evaluateStatement(PowerMockJUnit47RunnerDelegateImpl.java:107)
	org.powermock.modules.junit4.internal.impl.PowerMockJUnit47RunnerDelegateImpl$PowerMockJUnit47MethodRunner.executeTest(PowerMockJUnit47RunnerDelegateImpl.java:82)
	org.powermock.modules.junit4.internal.impl.PowerMockJUnit44RunnerDelegateImpl$PowerMockJUnit44MethodRunner.runBeforesThenTestThenAfters(PowerMockJUnit44RunnerDelegateImpl.java:298)
	org.junit.internal.runners.MethodRoadie.runTest(MethodRoadie.java:87)
	org.junit.internal.runners.MethodRoadie.run(MethodRoadie.java:50)
	org.powermock.modules.junit4.internal.impl.PowerMockJUnit44RunnerDelegateImpl.invokeTestMethod(PowerMockJUnit44RunnerDelegateImpl.java:218)
	org.powermock.modules.junit4.internal.impl.PowerMockJUnit44RunnerDelegateImpl.runMethods(PowerMockJUnit44RunnerDelegateImpl.java:160)
	org.powermock.modules.junit4.internal.impl.PowerMockJUnit44RunnerDelegateImpl$1.run(PowerMockJUnit44RunnerDelegateImpl.java:134)
	org.junit.internal.runners.ClassRoadie.runUnprotected(ClassRoadie.java:34)
	org.junit.internal.runners.ClassRoadie.runProtected(ClassRoadie.java:44)
	org.powermock.modules.junit4.internal.impl.PowerMockJUnit44RunnerDelegateImpl.run(PowerMockJUnit44RunnerDelegateImpl.java:136)
	org.powermock.modules.junit4.common.internal.impl.JUnit4TestSuiteChunkerImpl.run(JUnit4TestSuiteChunkerImpl.java:117)
	org.powermock.modules.junit4.common.internal.impl.AbstractCommonPowerMockRunner.run(AbstractCommonPowerMockRunner.java:57)
	org.powermock.modules.junit4.PowerMockRunner.run(PowerMockRunner.java:59)
	org.apache.maven.surefire.junit4.JUnit4Provider.execute(JUnit4Provider.java:365)
	org.apache.maven.surefire.junit4.JUnit4Provider.executeWithRerun(JUnit4Provider.java:290)
	org.apache.maven.surefire.junit4.JUnit4Provider.executeTestSet(JUnit4Provider.java:238)
	org.apache.maven.surefire.junit4.JUnit4Provider.invoke(JUnit4Provider.java:159)
	org.apache.maven.surefire.booter.ForkedBooter.invokeProviderInSameClassLoader(ForkedBooter.java:379)
	org.apache.maven.surefire.booter.ForkedBooter.runSuitesInProcess(ForkedBooter.java:340)
	org.apache.maven.surefire.booter.ForkedBooter.execute(ForkedBooter.java:125)
	org.apache.maven.surefire.booter.ForkedBooter.main(ForkedBooter.java:413)
#3:
	io.netty.buffer.AdvancedLeakAwareByteBuf.writeBytes(AdvancedLeakAwareByteBuf.java:604)
	org.apache.bookkeeper.bookie.BufferedChannel.write(BufferedChannel.java:117)
	org.apache.bookkeeper.bookie.BookieJournalTest.writeV2Journal(BookieJournalTest.java:219)
	org.apache.bookkeeper.bookie.BookieJournalTest.testTruncatedInLenJournal(BookieJournalTest.java:572)
	java.base/jdk.internal.reflect.NativeMethodAccessorImpl.invoke0(Native Method)
	java.base/jdk.internal.reflect.NativeMethodAccessorImpl.invoke(NativeMethodAccessorImpl.java:62)
	java.base/jdk.internal.reflect.DelegatingMethodAccessorImpl.invoke(DelegatingMethodAccessorImpl.java:43)
	java.base/java.lang.reflect.Method.invoke(Method.java:566)
	org.junit.internal.runners.TestMethod.invoke(TestMethod.java:68)
	org.powermock.modules.junit4.internal.impl.PowerMockJUnit44RunnerDelegateImpl$PowerMockJUnit44MethodRunner.runTestMethod(PowerMockJUnit44RunnerDelegateImpl.java:326)
	org.junit.internal.runners.MethodRoadie$2.run(MethodRoadie.java:89)
	org.junit.internal.runners.MethodRoadie.runBeforesThenTestThenAfters(MethodRoadie.java:97)
	org.powermock.modules.junit4.internal.impl.PowerMockJUnit44RunnerDelegateImpl$PowerMockJUnit44MethodRunner.executeTest(PowerMockJUnit44RunnerDelegateImpl.java:310)
	org.powermock.modules.junit4.internal.impl.PowerMockJUnit47RunnerDelegateImpl$PowerMockJUnit47MethodRunner.executeTestInSuper(PowerMockJUnit47RunnerDelegateImpl.java:131)
	org.powermock.modules.junit4.internal.impl.PowerMockJUnit47RunnerDelegateImpl$PowerMockJUnit47MethodRunner.access$100(PowerMockJUnit47RunnerDelegateImpl.java:59)
	org.powermock.modules.junit4.internal.impl.PowerMockJUnit47RunnerDelegateImpl$PowerMockJUnit47MethodRunner$TestExecutorStatement.evaluate(PowerMockJUnit47RunnerDelegateImpl.java:147)
	org.powermock.modules.junit4.internal.impl.PowerMockJUnit47RunnerDelegateImpl$PowerMockJUnit47MethodRunner.evaluateStatement(PowerMockJUnit47RunnerDelegateImpl.java:107)
	org.powermock.modules.junit4.internal.impl.PowerMockJUnit47RunnerDelegateImpl$PowerMockJUnit47MethodRunner.executeTest(PowerMockJUnit47RunnerDelegateImpl.java:82)
	org.powermock.modules.junit4.internal.impl.PowerMockJUnit44RunnerDelegateImpl$PowerMockJUnit44MethodRunner.runBeforesThenTestThenAfters(PowerMockJUnit44RunnerDelegateImpl.java:298)
	org.junit.internal.runners.MethodRoadie.runTest(MethodRoadie.java:87)
	org.junit.internal.runners.MethodRoadie.run(MethodRoadie.java:50)
	org.powermock.modules.junit4.internal.impl.PowerMockJUnit44RunnerDelegateImpl.invokeTestMethod(PowerMockJUnit44RunnerDelegateImpl.java:218)
	org.powermock.modules.junit4.internal.impl.PowerMockJUnit44RunnerDelegateImpl.runMethods(PowerMockJUnit44RunnerDelegateImpl.java:160)
	org.powermock.modules.junit4.internal.impl.PowerMockJUnit44RunnerDelegateImpl$1.run(PowerMockJUnit44RunnerDelegateImpl.java:134)
	org.junit.internal.runners.ClassRoadie.runUnprotected(ClassRoadie.java:34)
	org.junit.internal.runners.ClassRoadie.runProtected(ClassRoadie.java:44)
	org.powermock.modules.junit4.internal.impl.PowerMockJUnit44RunnerDelegateImpl.run(PowerMockJUnit44RunnerDelegateImpl.java:136)
	org.powermock.modules.junit4.common.internal.impl.JUnit4TestSuiteChunkerImpl.run(JUnit4TestSuiteChunkerImpl.java:117)
	org.powermock.modules.junit4.common.internal.impl.AbstractCommonPowerMockRunner.run(AbstractCommonPowerMockRunner.java:57)
	org.powermock.modules.junit4.PowerMockRunner.run(PowerMockRunner.java:59)
	org.apache.maven.surefire.junit4.JUnit4Provider.execute(JUnit4Provider.java:365)
	org.apache.maven.surefire.junit4.JUnit4Provider.executeWithRerun(JUnit4Provider.java:290)
	org.apache.maven.surefire.junit4.JUnit4Provider.executeTestSet(JUnit4Provider.java:238)
	org.apache.maven.surefire.junit4.JUnit4Provider.invoke(JUnit4Provider.java:159)
	org.apache.maven.surefire.booter.ForkedBooter.invokeProviderInSameClassLoader(ForkedBooter.java:379)
	org.apache.maven.surefire.booter.ForkedBooter.runSuitesInProcess(ForkedBooter.java:340)
	org.apache.maven.surefire.booter.ForkedBooter.execute(ForkedBooter.java:125)
	org.apache.maven.surefire.booter.ForkedBooter.main(ForkedBooter.java:413)
Created at:
	io.netty.buffer.UnpooledByteBufAllocator.newDirectBuffer(UnpooledByteBufAllocator.java:96)
	io.netty.buffer.AbstractByteBufAllocator.directBuffer(AbstractByteBufAllocator.java:185)
	io.netty.buffer.AbstractByteBufAllocator.directBuffer(AbstractByteBufAllocator.java:176)
	org.apache.bookkeeper.bookie.BufferedChannel.<init>(BufferedChannel.java:86)
	org.apache.bookkeeper.bookie.BufferedChannel.<init>(BufferedChannel.java:77)
	org.apache.bookkeeper.bookie.BufferedChannel.<init>(BufferedChannel.java:71)
	org.apache.bookkeeper.bookie.Journal$BufferedChannelBuilder.lambda$static$0(Journal.java:91)
	org.apache.bookkeeper.bookie.JournalChannel.<init>(JournalChannel.java:178)
	org.apache.bookkeeper.bookie.JournalChannel.<init>(JournalChannel.java:101)
	org.apache.bookkeeper.bookie.JournalChannel.<init>(JournalChannel.java:90)
	org.apache.bookkeeper.bookie.BookieJournalTest.writeV2Journal(BookieJournalTest.java:202)
	org.apache.bookkeeper.bookie.BookieJournalTest.testTruncatedInLenJournal(BookieJournalTest.java:572)
	java.base/jdk.internal.reflect.NativeMethodAccessorImpl.invoke0(Native Method)
	java.base/jdk.internal.reflect.NativeMethodAccessorImpl.invoke(NativeMethodAccessorImpl.java:62)
	java.base/jdk.internal.reflect.DelegatingMethodAccessorImpl.invoke(DelegatingMethodAccessorImpl.java:43)
	java.base/java.lang.reflect.Method.invoke(Method.java:566)
	org.junit.internal.runners.TestMethod.invoke(TestMethod.java:68)
	org.powermock.modules.junit4.internal.impl.PowerMockJUnit44RunnerDelegateImpl$PowerMockJUnit44MethodRunner.runTestMethod(PowerMockJUnit44RunnerDelegateImpl.java:326)
	org.junit.internal.runners.MethodRoadie$2.run(MethodRoadie.java:89)
	org.junit.internal.runners.MethodRoadie.runBeforesThenTestThenAfters(MethodRoadie.java:97)
	org.powermock.modules.junit4.internal.impl.PowerMockJUnit44RunnerDelegateImpl$PowerMockJUnit44MethodRunner.executeTest(PowerMockJUnit44RunnerDelegateImpl.java:310)
	org.powermock.modules.junit4.internal.impl.PowerMockJUnit47RunnerDelegateImpl$PowerMockJUnit47MethodRunner.executeTestInSuper(PowerMockJUnit47RunnerDelegateImpl.java:131)
	org.powermock.modules.junit4.internal.impl.PowerMockJUnit47RunnerDelegateImpl$PowerMockJUnit47MethodRunner.access$100(PowerMockJUnit47RunnerDelegateImpl.java:59)
	org.powermock.modules.junit4.internal.impl.PowerMockJUnit47RunnerDelegateImpl$PowerMockJUnit47MethodRunner$TestExecutorStatement.evaluate(PowerMockJUnit47RunnerDelegateImpl.java:147)
	org.powermock.modules.junit4.internal.impl.PowerMockJUnit47RunnerDelegateImpl$PowerMockJUnit47MethodRunner.evaluateStatement(PowerMockJUnit47RunnerDelegateImpl.java:107)
	org.powermock.modules.junit4.internal.impl.PowerMockJUnit47RunnerDelegateImpl$PowerMockJUnit47MethodRunner.executeTest(PowerMockJUnit47RunnerDelegateImpl.java:82)
	org.powermock.modules.junit4.internal.impl.PowerMockJUnit44RunnerDelegateImpl$PowerMockJUnit44MethodRunner.runBeforesThenTestThenAfters(PowerMockJUnit44RunnerDelegateImpl.java:298)
	org.junit.internal.runners.MethodRoadie.runTest(MethodRoadie.java:87)
	org.junit.internal.runners.MethodRoadie.run(MethodRoadie.java:50)
	org.powermock.modules.junit4.internal.impl.PowerMockJUnit44RunnerDelegateImpl.invokeTestMethod(PowerMockJUnit44RunnerDelegateImpl.java:218)
	org.powermock.modules.junit4.internal.impl.PowerMockJUnit44RunnerDelegateImpl.runMethods(PowerMockJUnit44RunnerDelegateImpl.java:160)
	org.powermock.modules.junit4.internal.impl.PowerMockJUnit44RunnerDelegateImpl$1.run(PowerMockJUnit44RunnerDelegateImpl.java:134)
	org.junit.internal.runners.ClassRoadie.runUnprotected(ClassRoadie.java:34)
	org.junit.internal.runners.ClassRoadie.runProtected(ClassRoadie.java:44)
	org.powermock.modules.junit4.internal.impl.PowerMockJUnit44RunnerDelegateImpl.run(PowerMockJUnit44RunnerDelegateImpl.java:136)
	org.powermock.modules.junit4.common.internal.impl.JUnit4TestSuiteChunkerImpl.run(JUnit4TestSuiteChunkerImpl.java:117)
	org.powermock.modules.junit4.common.internal.impl.AbstractCommonPowerMockRunner.run(AbstractCommonPowerMockRunner.java:57)
	org.powermock.modules.junit4.PowerMockRunner.run(PowerMockRunner.java:59)
	org.apache.maven.surefire.junit4.JUnit4Provider.execute(JUnit4Provider.java:365)
	org.apache.maven.surefire.junit4.JUnit4Provider.executeWithRerun(JUnit4Provider.java:290)
	org.apache.maven.surefire.junit4.JUnit4Provider.executeTestSet(JUnit4Provider.java:238)
	org.apache.maven.surefire.junit4.JUnit4Provider.invoke(JUnit4Provider.java:159)
	org.apache.maven.surefire.booter.ForkedBooter.invokeProviderInSameClassLoader(ForkedBooter.java:379)
	org.apache.maven.surefire.booter.ForkedBooter.runSuitesInProcess(ForkedBooter.java:340)
	org.apache.maven.surefire.booter.ForkedBooter.execute(ForkedBooter.java:125)
	org.apache.maven.surefire.booter.ForkedBooter.main(ForkedBooter.java:413)
: 7 leak records were discarded because they were duplicates
: 193 leak records were discarded because the leak record count is targeted to 4. Use system property io.netty.leakDetection.targetRecords to increase the limit.
2020-08-10 23:35:53,477 - ERROR - [main:ResourceLeakDetector@317] - LEAK: ByteBuf.release() was not called before it's garbage-collected. See http://netty.io/wiki/reference-counted-objects.html for more information.
Recent access records: 
#1:
	io.netty.buffer.AdvancedLeakAwareByteBuf.internalNioBuffer(AdvancedLeakAwareByteBuf.java:736)
	org.apache.bookkeeper.bookie.BufferedChannel.flush(BufferedChannel.java:192)
	org.apache.bookkeeper.bookie.BufferedChannel.flushAndForceWrite(BufferedChannel.java:166)
	org.apache.bookkeeper.bookie.BookieJournalTest.writeV2Journal(BookieJournalTest.java:222)
	org.apache.bookkeeper.bookie.BookieJournalTest.testHeaderOnlyJournal(BookieJournalTest.java:515)
	java.base/jdk.internal.reflect.NativeMethodAccessorImpl.invoke0(Native Method)
	java.base/jdk.internal.reflect.NativeMethodAccessorImpl.invoke(NativeMethodAccessorImpl.java:62)
	java.base/jdk.internal.reflect.DelegatingMethodAccessorImpl.invoke(DelegatingMethodAccessorImpl.java:43)
	java.base/java.lang.reflect.Method.invoke(Method.java:566)
	org.junit.internal.runners.TestMethod.invoke(TestMethod.java:68)
	org.powermock.modules.junit4.internal.impl.PowerMockJUnit44RunnerDelegateImpl$PowerMockJUnit44MethodRunner.runTestMethod(PowerMockJUnit44RunnerDelegateImpl.java:326)
	org.junit.internal.runners.MethodRoadie$2.run(MethodRoadie.java:89)
	org.junit.internal.runners.MethodRoadie.runBeforesThenTestThenAfters(MethodRoadie.java:97)
	org.powermock.modules.junit4.internal.impl.PowerMockJUnit44RunnerDelegateImpl$PowerMockJUnit44MethodRunner.executeTest(PowerMockJUnit44RunnerDelegateImpl.java:310)
	org.powermock.modules.junit4.internal.impl.PowerMockJUnit47RunnerDelegateImpl$PowerMockJUnit47MethodRunner.executeTestInSuper(PowerMockJUnit47RunnerDelegateImpl.java:131)
	org.powermock.modules.junit4.internal.impl.PowerMockJUnit47RunnerDelegateImpl$PowerMockJUnit47MethodRunner.access$100(PowerMockJUnit47RunnerDelegateImpl.java:59)
	org.powermock.modules.junit4.internal.impl.PowerMockJUnit47RunnerDelegateImpl$PowerMockJUnit47MethodRunner$TestExecutorStatement.evaluate(PowerMockJUnit47RunnerDelegateImpl.java:147)
	org.powermock.modules.junit4.internal.impl.PowerMockJUnit47RunnerDelegateImpl$PowerMockJUnit47MethodRunner.evaluateStatement(PowerMockJUnit47RunnerDelegateImpl.java:107)
	org.powermock.modules.junit4.internal.impl.PowerMockJUnit47RunnerDelegateImpl$PowerMockJUnit47MethodRunner.executeTest(PowerMockJUnit47RunnerDelegateImpl.java:82)
	org.powermock.modules.junit4.internal.impl.PowerMockJUnit44RunnerDelegateImpl$PowerMockJUnit44MethodRunner.runBeforesThenTestThenAfters(PowerMockJUnit44RunnerDelegateImpl.java:298)
	org.junit.internal.runners.MethodRoadie.runTest(MethodRoadie.java:87)
	org.junit.internal.runners.MethodRoadie.run(MethodRoadie.java:50)
	org.powermock.modules.junit4.internal.impl.PowerMockJUnit44RunnerDelegateImpl.invokeTestMethod(PowerMockJUnit44RunnerDelegateImpl.java:218)
	org.powermock.modules.junit4.internal.impl.PowerMockJUnit44RunnerDelegateImpl.runMethods(PowerMockJUnit44RunnerDelegateImpl.java:160)
	org.powermock.modules.junit4.internal.impl.PowerMockJUnit44RunnerDelegateImpl$1.run(PowerMockJUnit44RunnerDelegateImpl.java:134)
	org.junit.internal.runners.ClassRoadie.runUnprotected(ClassRoadie.java:34)
	org.junit.internal.runners.ClassRoadie.runProtected(ClassRoadie.java:44)
	org.powermock.modules.junit4.internal.impl.PowerMockJUnit44RunnerDelegateImpl.run(PowerMockJUnit44RunnerDelegateImpl.java:136)
	org.powermock.modules.junit4.common.internal.impl.JUnit4TestSuiteChunkerImpl.run(JUnit4TestSuiteChunkerImpl.java:117)
	org.powermock.modules.junit4.common.internal.impl.AbstractCommonPowerMockRunner.run(AbstractCommonPowerMockRunner.java:57)
	org.powermock.modules.junit4.PowerMockRunner.run(PowerMockRunner.java:59)
	org.apache.maven.surefire.junit4.JUnit4Provider.execute(JUnit4Provider.java:365)
	org.apache.maven.surefire.junit4.JUnit4Provider.executeWithRerun(JUnit4Provider.java:290)
	org.apache.maven.surefire.junit4.JUnit4Provider.executeTestSet(JUnit4Provider.java:238)
	org.apache.maven.surefire.junit4.JUnit4Provider.invoke(JUnit4Provider.java:159)
	org.apache.maven.surefire.booter.ForkedBooter.invokeProviderInSameClassLoader(ForkedBooter.java:379)
	org.apache.maven.surefire.booter.ForkedBooter.runSuitesInProcess(ForkedBooter.java:340)
	org.apache.maven.surefire.booter.ForkedBooter.execute(ForkedBooter.java:125)
	org.apache.maven.surefire.booter.ForkedBooter.main(ForkedBooter.java:413)
Created at:
	io.netty.buffer.UnpooledByteBufAllocator.newDirectBuffer(UnpooledByteBufAllocator.java:96)
	io.netty.buffer.AbstractByteBufAllocator.directBuffer(AbstractByteBufAllocator.java:185)
	io.netty.buffer.AbstractByteBufAllocator.directBuffer(AbstractByteBufAllocator.java:176)
	org.apache.bookkeeper.bookie.BufferedChannel.<init>(BufferedChannel.java:86)
	org.apache.bookkeeper.bookie.BufferedChannel.<init>(BufferedChannel.java:77)
	org.apache.bookkeeper.bookie.BufferedChannel.<init>(BufferedChannel.java:71)
	org.apache.bookkeeper.bookie.Journal$BufferedChannelBuilder.lambda$static$0(Journal.java:91)
	org.apache.bookkeeper.bookie.JournalChannel.<init>(JournalChannel.java:178)
	org.apache.bookkeeper.bookie.JournalChannel.<init>(JournalChannel.java:101)
	org.apache.bookkeeper.bookie.JournalChannel.<init>(JournalChannel.java:90)
	org.apache.bookkeeper.bookie.BookieJournalTest.writeV2Journal(BookieJournalTest.java:202)
	org.apache.bookkeeper.bookie.BookieJournalTest.testHeaderOnlyJournal(BookieJournalTest.java:515)
	java.base/jdk.internal.reflect.NativeMethodAccessorImpl.invoke0(Native Method)
	java.base/jdk.internal.reflect.NativeMethodAccessorImpl.invoke(NativeMethodAccessorImpl.java:62)
	java.base/jdk.internal.reflect.DelegatingMethodAccessorImpl.invoke(DelegatingMethodAccessorImpl.java:43)
	java.base/java.lang.reflect.Method.invoke(Method.java:566)
	org.junit.internal.runners.TestMethod.invoke(TestMethod.java:68)
	org.powermock.modules.junit4.internal.impl.PowerMockJUnit44RunnerDelegateImpl$PowerMockJUnit44MethodRunner.runTestMethod(PowerMockJUnit44RunnerDelegateImpl.java:326)
	org.junit.internal.runners.MethodRoadie$2.run(MethodRoadie.java:89)
	org.junit.internal.runners.MethodRoadie.runBeforesThenTestThenAfters(MethodRoadie.java:97)
	org.powermock.modules.junit4.internal.impl.PowerMockJUnit44RunnerDelegateImpl$PowerMockJUnit44MethodRunner.executeTest(PowerMockJUnit44RunnerDelegateImpl.java:310)
	org.powermock.modules.junit4.internal.impl.PowerMockJUnit47RunnerDelegateImpl$PowerMockJUnit47MethodRunner.executeTestInSuper(PowerMockJUnit47RunnerDelegateImpl.java:131)
	org.powermock.modules.junit4.internal.impl.PowerMockJUnit47RunnerDelegateImpl$PowerMockJUnit47MethodRunner.access$100(PowerMockJUnit47RunnerDelegateImpl.java:59)
	org.powermock.modules.junit4.internal.impl.PowerMockJUnit47RunnerDelegateImpl$PowerMockJUnit47MethodRunner$TestExecutorStatement.evaluate(PowerMockJUnit47RunnerDelegateImpl.java:147)
	org.powermock.modules.junit4.internal.impl.PowerMockJUnit47RunnerDelegateImpl$PowerMockJUnit47MethodRunner.evaluateStatement(PowerMockJUnit47RunnerDelegateImpl.java:107)
	org.powermock.modules.junit4.internal.impl.PowerMockJUnit47RunnerDelegateImpl$PowerMockJUnit47MethodRunner.executeTest(PowerMockJUnit47RunnerDelegateImpl.java:82)
	org.powermock.modules.junit4.internal.impl.PowerMockJUnit44RunnerDelegateImpl$PowerMockJUnit44MethodRunner.runBeforesThenTestThenAfters(PowerMockJUnit44RunnerDelegateImpl.java:298)
	org.junit.internal.runners.MethodRoadie.runTest(MethodRoadie.java:87)
	org.junit.internal.runners.MethodRoadie.run(MethodRoadie.java:50)
	org.powermock.modules.junit4.internal.impl.PowerMockJUnit44RunnerDelegateImpl.invokeTestMethod(PowerMockJUnit44RunnerDelegateImpl.java:218)
	org.powermock.modules.junit4.internal.impl.PowerMockJUnit44RunnerDelegateImpl.runMethods(PowerMockJUnit44RunnerDelegateImpl.java:160)
	org.powermock.modules.junit4.internal.impl.PowerMockJUnit44RunnerDelegateImpl$1.run(PowerMockJUnit44RunnerDelegateImpl.java:134)
	org.junit.internal.runners.ClassRoadie.runUnprotected(ClassRoadie.java:34)
	org.junit.internal.runners.ClassRoadie.runProtected(ClassRoadie.java:44)
	org.powermock.modules.junit4.internal.impl.PowerMockJUnit44RunnerDelegateImpl.run(PowerMockJUnit44RunnerDelegateImpl.java:136)
	org.powermock.modules.junit4.common.internal.impl.JUnit4TestSuiteChunkerImpl.run(JUnit4TestSuiteChunkerImpl.java:117)
	org.powermock.modules.junit4.common.internal.impl.AbstractCommonPowerMockRunner.run(AbstractCommonPowerMockRunner.java:57)
	org.powermock.modules.junit4.PowerMockRunner.run(PowerMockRunner.java:59)
	org.apache.maven.surefire.junit4.JUnit4Provider.execute(JUnit4Provider.java:365)
	org.apache.maven.surefire.junit4.JUnit4Provider.executeWithRerun(JUnit4Provider.java:290)
	org.apache.maven.surefire.junit4.JUnit4Provider.executeTestSet(JUnit4Provider.java:238)
	org.apache.maven.surefire.junit4.JUnit4Provider.invoke(JUnit4Provider.java:159)
	org.apache.maven.surefire.booter.ForkedBooter.invokeProviderInSameClassLoader(ForkedBooter.java:379)
	org.apache.maven.surefire.booter.ForkedBooter.runSuitesInProcess(ForkedBooter.java:340)
	org.apache.maven.surefire.booter.ForkedBooter.execute(ForkedBooter.java:125)
	org.apache.maven.surefire.booter.ForkedBooter.main(ForkedBooter.java:413)
2020-08-10 23:35:53,640 - ERROR - [main:ResourceLeakDetector@317] - LEAK: ByteBuf.release() was not called before it's garbage-collected. See http://netty.io/wiki/reference-counted-objects.html for more information.
Recent access records: 
#1:
	io.netty.buffer.AdvancedLeakAwareByteBuf.internalNioBuffer(AdvancedLeakAwareByteBuf.java:736)
	org.apache.bookkeeper.bookie.BufferedChannel.flush(BufferedChannel.java:192)
	org.apache.bookkeeper.bookie.BufferedChannel.flushAndForceWrite(BufferedChannel.java:166)
	org.apache.bookkeeper.bookie.BookieJournalTest.writeV2Journal(BookieJournalTest.java:222)
	org.apache.bookkeeper.bookie.BookieJournalTest.testSortedLedgerStorageReplayWithSmallMaxArenaSize(BookieJournalTest.java:679)
	java.base/jdk.internal.reflect.NativeMethodAccessorImpl.invoke0(Native Method)
	java.base/jdk.internal.reflect.NativeMethodAccessorImpl.invoke(NativeMethodAccessorImpl.java:62)
	java.base/jdk.internal.reflect.DelegatingMethodAccessorImpl.invoke(DelegatingMethodAccessorImpl.java:43)
	java.base/java.lang.reflect.Method.invoke(Method.java:566)
	org.junit.internal.runners.TestMethod.invoke(TestMethod.java:68)
	org.powermock.modules.junit4.internal.impl.PowerMockJUnit44RunnerDelegateImpl$PowerMockJUnit44MethodRunner.runTestMethod(PowerMockJUnit44RunnerDelegateImpl.java:326)
	org.junit.internal.runners.MethodRoadie$2.run(MethodRoadie.java:89)
	org.junit.internal.runners.MethodRoadie.runBeforesThenTestThenAfters(MethodRoadie.java:97)
	org.powermock.modules.junit4.internal.impl.PowerMockJUnit44RunnerDelegateImpl$PowerMockJUnit44MethodRunner.executeTest(PowerMockJUnit44RunnerDelegateImpl.java:310)
	org.powermock.modules.junit4.internal.impl.PowerMockJUnit47RunnerDelegateImpl$PowerMockJUnit47MethodRunner.executeTestInSuper(PowerMockJUnit47RunnerDelegateImpl.java:131)
	org.powermock.modules.junit4.internal.impl.PowerMockJUnit47RunnerDelegateImpl$PowerMockJUnit47MethodRunner.access$100(PowerMockJUnit47RunnerDelegateImpl.java:59)
	org.powermock.modules.junit4.internal.impl.PowerMockJUnit47RunnerDelegateImpl$PowerMockJUnit47MethodRunner$TestExecutorStatement.evaluate(PowerMockJUnit47RunnerDelegateImpl.java:147)
	org.powermock.modules.junit4.internal.impl.PowerMockJUnit47RunnerDelegateImpl$PowerMockJUnit47MethodRunner.evaluateStatement(PowerMockJUnit47RunnerDelegateImpl.java:107)
	org.powermock.modules.junit4.internal.impl.PowerMockJUnit47RunnerDelegateImpl$PowerMockJUnit47MethodRunner.executeTest(PowerMockJUnit47RunnerDelegateImpl.java:82)
	org.powermock.modules.junit4.internal.impl.PowerMockJUnit44RunnerDelegateImpl$PowerMockJUnit44MethodRunner.runBeforesThenTestThenAfters(PowerMockJUnit44RunnerDelegateImpl.java:298)
	org.junit.internal.runners.MethodRoadie.runTest(MethodRoadie.java:87)
	org.junit.internal.runners.MethodRoadie.run(MethodRoadie.java:50)
	org.powermock.modules.junit4.internal.impl.PowerMockJUnit44RunnerDelegateImpl.invokeTestMethod(PowerMockJUnit44RunnerDelegateImpl.java:218)
	org.powermock.modules.junit4.internal.impl.PowerMockJUnit44RunnerDelegateImpl.runMethods(PowerMockJUnit44RunnerDelegateImpl.java:160)
	org.powermock.modules.junit4.internal.impl.PowerMockJUnit44RunnerDelegateImpl$1.run(PowerMockJUnit44RunnerDelegateImpl.java:134)
	org.junit.internal.runners.ClassRoadie.runUnprotected(ClassRoadie.java:34)
	org.junit.internal.runners.ClassRoadie.runProtected(ClassRoadie.java:44)
	org.powermock.modules.junit4.internal.impl.PowerMockJUnit44RunnerDelegateImpl.run(PowerMockJUnit44RunnerDelegateImpl.java:136)
	org.powermock.modules.junit4.common.internal.impl.JUnit4TestSuiteChunkerImpl.run(JUnit4TestSuiteChunkerImpl.java:117)
	org.powermock.modules.junit4.common.internal.impl.AbstractCommonPowerMockRunner.run(AbstractCommonPowerMockRunner.java:57)
	org.powermock.modules.junit4.PowerMockRunner.run(PowerMockRunner.java:59)
	org.apache.maven.surefire.junit4.JUnit4Provider.execute(JUnit4Provider.java:365)
	org.apache.maven.surefire.junit4.JUnit4Provider.executeWithRerun(JUnit4Provider.java:290)
	org.apache.maven.surefire.junit4.JUnit4Provider.executeTestSet(JUnit4Provider.java:238)
	org.apache.maven.surefire.junit4.JUnit4Provider.invoke(JUnit4Provider.java:159)
	org.apache.maven.surefire.booter.ForkedBooter.invokeProviderInSameClassLoader(ForkedBooter.java:379)
	org.apache.maven.surefire.booter.ForkedBooter.runSuitesInProcess(ForkedBooter.java:340)
	org.apache.maven.surefire.booter.ForkedBooter.execute(ForkedBooter.java:125)
	org.apache.maven.surefire.booter.ForkedBooter.main(ForkedBooter.java:413)
#2:
	io.netty.buffer.AdvancedLeakAwareByteBuf.writeBytes(AdvancedLeakAwareByteBuf.java:604)
	org.apache.bookkeeper.bookie.BufferedChannel.write(BufferedChannel.java:117)
	org.apache.bookkeeper.bookie.BookieJournalTest.writeV2Journal(BookieJournalTest.java:219)
	org.apache.bookkeeper.bookie.BookieJournalTest.testSortedLedgerStorageReplayWithSmallMaxArenaSize(BookieJournalTest.java:679)
	java.base/jdk.internal.reflect.NativeMethodAccessorImpl.invoke0(Native Method)
	java.base/jdk.internal.reflect.NativeMethodAccessorImpl.invoke(NativeMethodAccessorImpl.java:62)
	java.base/jdk.internal.reflect.DelegatingMethodAccessorImpl.invoke(DelegatingMethodAccessorImpl.java:43)
	java.base/java.lang.reflect.Method.invoke(Method.java:566)
	org.junit.internal.runners.TestMethod.invoke(TestMethod.java:68)
	org.powermock.modules.junit4.internal.impl.PowerMockJUnit44RunnerDelegateImpl$PowerMockJUnit44MethodRunner.runTestMethod(PowerMockJUnit44RunnerDelegateImpl.java:326)
	org.junit.internal.runners.MethodRoadie$2.run(MethodRoadie.java:89)
	org.junit.internal.runners.MethodRoadie.runBeforesThenTestThenAfters(MethodRoadie.java:97)
	org.powermock.modules.junit4.internal.impl.PowerMockJUnit44RunnerDelegateImpl$PowerMockJUnit44MethodRunner.executeTest(PowerMockJUnit44RunnerDelegateImpl.java:310)
	org.powermock.modules.junit4.internal.impl.PowerMockJUnit47RunnerDelegateImpl$PowerMockJUnit47MethodRunner.executeTestInSuper(PowerMockJUnit47RunnerDelegateImpl.java:131)
	org.powermock.modules.junit4.internal.impl.PowerMockJUnit47RunnerDelegateImpl$PowerMockJUnit47MethodRunner.access$100(PowerMockJUnit47RunnerDelegateImpl.java:59)
	org.powermock.modules.junit4.internal.impl.PowerMockJUnit47RunnerDelegateImpl$PowerMockJUnit47MethodRunner$TestExecutorStatement.evaluate(PowerMockJUnit47RunnerDelegateImpl.java:147)
	org.powermock.modules.junit4.internal.impl.PowerMockJUnit47RunnerDelegateImpl$PowerMockJUnit47MethodRunner.evaluateStatement(PowerMockJUnit47RunnerDelegateImpl.java:107)
	org.powermock.modules.junit4.internal.impl.PowerMockJUnit47RunnerDelegateImpl$PowerMockJUnit47MethodRunner.executeTest(PowerMockJUnit47RunnerDelegateImpl.java:82)
	org.powermock.modules.junit4.internal.impl.PowerMockJUnit44RunnerDelegateImpl$PowerMockJUnit44MethodRunner.runBeforesThenTestThenAfters(PowerMockJUnit44RunnerDelegateImpl.java:298)
	org.junit.internal.runners.MethodRoadie.runTest(MethodRoadie.java:87)
	org.junit.internal.runners.MethodRoadie.run(MethodRoadie.java:50)
	org.powermock.modules.junit4.internal.impl.PowerMockJUnit44RunnerDelegateImpl.invokeTestMethod(PowerMockJUnit44RunnerDelegateImpl.java:218)
	org.powermock.modules.junit4.internal.impl.PowerMockJUnit44RunnerDelegateImpl.runMethods(PowerMockJUnit44RunnerDelegateImpl.java:160)
	org.powermock.modules.junit4.internal.impl.PowerMockJUnit44RunnerDelegateImpl$1.run(PowerMockJUnit44RunnerDelegateImpl.java:134)
	org.junit.internal.runners.ClassRoadie.runUnprotected(ClassRoadie.java:34)
	org.junit.internal.runners.ClassRoadie.runProtected(ClassRoadie.java:44)
	org.powermock.modules.junit4.internal.impl.PowerMockJUnit44RunnerDelegateImpl.run(PowerMockJUnit44RunnerDelegateImpl.java:136)
	org.powermock.modules.junit4.common.internal.impl.JUnit4TestSuiteChunkerImpl.run(JUnit4TestSuiteChunkerImpl.java:117)
	org.powermock.modules.junit4.common.internal.impl.AbstractCommonPowerMockRunner.run(AbstractCommonPowerMockRunner.java:57)
	org.powermock.modules.junit4.PowerMockRunner.run(PowerMockRunner.java:59)
	org.apache.maven.surefire.junit4.JUnit4Provider.execute(JUnit4Provider.java:365)
	org.apache.maven.surefire.junit4.JUnit4Provider.executeWithRerun(JUnit4Provider.java:290)
	org.apache.maven.surefire.junit4.JUnit4Provider.executeTestSet(JUnit4Provider.java:238)
	org.apache.maven.surefire.junit4.JUnit4Provider.invoke(JUnit4Provider.java:159)
	org.apache.maven.surefire.booter.ForkedBooter.invokeProviderInSameClassLoader(ForkedBooter.java:379)
	org.apache.maven.surefire.booter.ForkedBooter.runSuitesInProcess(ForkedBooter.java:340)
	org.apache.maven.surefire.booter.ForkedBooter.execute(ForkedBooter.java:125)
	org.apache.maven.surefire.booter.ForkedBooter.main(ForkedBooter.java:413)
#3:
	io.netty.buffer.AdvancedLeakAwareByteBuf.writeBytes(AdvancedLeakAwareByteBuf.java:604)
	org.apache.bookkeeper.bookie.BufferedChannel.write(BufferedChannel.java:117)
	org.apache.bookkeeper.bookie.BookieJournalTest.writeV2Journal(BookieJournalTest.java:218)
	org.apache.bookkeeper.bookie.BookieJournalTest.testSortedLedgerStorageReplayWithSmallMaxArenaSize(BookieJournalTest.java:679)
	java.base/jdk.internal.reflect.NativeMethodAccessorImpl.invoke0(Native Method)
	java.base/jdk.internal.reflect.NativeMethodAccessorImpl.invoke(NativeMethodAccessorImpl.java:62)
	java.base/jdk.internal.reflect.DelegatingMethodAccessorImpl.invoke(DelegatingMethodAccessorImpl.java:43)
	java.base/java.lang.reflect.Method.invoke(Method.java:566)
	org.junit.internal.runners.TestMethod.invoke(TestMethod.java:68)
	org.powermock.modules.junit4.internal.impl.PowerMockJUnit44RunnerDelegateImpl$PowerMockJUnit44MethodRunner.runTestMethod(PowerMockJUnit44RunnerDelegateImpl.java:326)
	org.junit.internal.runners.MethodRoadie$2.run(MethodRoadie.java:89)
	org.junit.internal.runners.MethodRoadie.runBeforesThenTestThenAfters(MethodRoadie.java:97)
	org.powermock.modules.junit4.internal.impl.PowerMockJUnit44RunnerDelegateImpl$PowerMockJUnit44MethodRunner.executeTest(PowerMockJUnit44RunnerDelegateImpl.java:310)
	org.powermock.modules.junit4.internal.impl.PowerMockJUnit47RunnerDelegateImpl$PowerMockJUnit47MethodRunner.executeTestInSuper(PowerMockJUnit47RunnerDelegateImpl.java:131)
	org.powermock.modules.junit4.internal.impl.PowerMockJUnit47RunnerDelegateImpl$PowerMockJUnit47MethodRunner.access$100(PowerMockJUnit47RunnerDelegateImpl.java:59)
	org.powermock.modules.junit4.internal.impl.PowerMockJUnit47RunnerDelegateImpl$PowerMockJUnit47MethodRunner$TestExecutorStatement.evaluate(PowerMockJUnit47RunnerDelegateImpl.java:147)
	org.powermock.modules.junit4.internal.impl.PowerMockJUnit47RunnerDelegateImpl$PowerMockJUnit47MethodRunner.evaluateStatement(PowerMockJUnit47RunnerDelegateImpl.java:107)
	org.powermock.modules.junit4.internal.impl.PowerMockJUnit47RunnerDelegateImpl$PowerMockJUnit47MethodRunner.executeTest(PowerMockJUnit47RunnerDelegateImpl.java:82)
	org.powermock.modules.junit4.internal.impl.PowerMockJUnit44RunnerDelegateImpl$PowerMockJUnit44MethodRunner.runBeforesThenTestThenAfters(PowerMockJUnit44RunnerDelegateImpl.java:298)
	org.junit.internal.runners.MethodRoadie.runTest(MethodRoadie.java:87)
	org.junit.internal.runners.MethodRoadie.run(MethodRoadie.java:50)
	org.powermock.modules.junit4.internal.impl.PowerMockJUnit44RunnerDelegateImpl.invokeTestMethod(PowerMockJUnit44RunnerDelegateImpl.java:218)
	org.powermock.modules.junit4.internal.impl.PowerMockJUnit44RunnerDelegateImpl.runMethods(PowerMockJUnit44RunnerDelegateImpl.java:160)
	org.powermock.modules.junit4.internal.impl.PowerMockJUnit44RunnerDelegateImpl$1.run(PowerMockJUnit44RunnerDelegateImpl.java:134)
	org.junit.internal.runners.ClassRoadie.runUnprotected(ClassRoadie.java:34)
	org.junit.internal.runners.ClassRoadie.runProtected(ClassRoadie.java:44)
	org.powermock.modules.junit4.internal.impl.PowerMockJUnit44RunnerDelegateImpl.run(PowerMockJUnit44RunnerDelegateImpl.java:136)
	org.powermock.modules.junit4.common.internal.impl.JUnit4TestSuiteChunkerImpl.run(JUnit4TestSuiteChunkerImpl.java:117)
	org.powermock.modules.junit4.common.internal.impl.AbstractCommonPowerMockRunner.run(AbstractCommonPowerMockRunner.java:57)
	org.powermock.modules.junit4.PowerMockRunner.run(PowerMockRunner.java:59)
	org.apache.maven.surefire.junit4.JUnit4Provider.execute(JUnit4Provider.java:365)
	org.apache.maven.surefire.junit4.JUnit4Provider.executeWithRerun(JUnit4Provider.java:290)
	org.apache.maven.surefire.junit4.JUnit4Provider.executeTestSet(JUnit4Provider.java:238)
	org.apache.maven.surefire.junit4.JUnit4Provider.invoke(JUnit4Provider.java:159)
	org.apache.maven.surefire.booter.ForkedBooter.invokeProviderInSameClassLoader(ForkedBooter.java:379)
	org.apache.maven.surefire.booter.ForkedBooter.runSuitesInProcess(ForkedBooter.java:340)
	org.apache.maven.surefire.booter.ForkedBooter.execute(ForkedBooter.java:125)
	org.apache.maven.surefire.booter.ForkedBooter.main(ForkedBooter.java:413)
Created at:
	io.netty.buffer.UnpooledByteBufAllocator.newDirectBuffer(UnpooledByteBufAllocator.java:96)
	io.netty.buffer.AbstractByteBufAllocator.directBuffer(AbstractByteBufAllocator.java:185)
	io.netty.buffer.AbstractByteBufAllocator.directBuffer(AbstractByteBufAllocator.java:176)
	org.apache.bookkeeper.bookie.BufferedChannel.<init>(BufferedChannel.java:86)
	org.apache.bookkeeper.bookie.BufferedChannel.<init>(BufferedChannel.java:77)
	org.apache.bookkeeper.bookie.BufferedChannel.<init>(BufferedChannel.java:71)
	org.apache.bookkeeper.bookie.Journal$BufferedChannelBuilder.lambda$static$0(Journal.java:91)
	org.apache.bookkeeper.bookie.JournalChannel.<init>(JournalChannel.java:178)
	org.apache.bookkeeper.bookie.JournalChannel.<init>(JournalChannel.java:101)
	org.apache.bookkeeper.bookie.JournalChannel.<init>(JournalChannel.java:90)
	org.apache.bookkeeper.bookie.BookieJournalTest.writeV2Journal(BookieJournalTest.java:202)
	org.apache.bookkeeper.bookie.BookieJournalTest.testSortedLedgerStorageReplayWithSmallMaxArenaSize(BookieJournalTest.java:679)
	java.base/jdk.internal.reflect.NativeMethodAccessorImpl.invoke0(Native Method)
	java.base/jdk.internal.reflect.NativeMethodAccessorImpl.invoke(NativeMethodAccessorImpl.java:62)
	java.base/jdk.internal.reflect.DelegatingMethodAccessorImpl.invoke(DelegatingMethodAccessorImpl.java:43)
	java.base/java.lang.reflect.Method.invoke(Method.java:566)
	org.junit.internal.runners.TestMethod.invoke(TestMethod.java:68)
	org.powermock.modules.junit4.internal.impl.PowerMockJUnit44RunnerDelegateImpl$PowerMockJUnit44MethodRunner.runTestMethod(PowerMockJUnit44RunnerDelegateImpl.java:326)
	org.junit.internal.runners.MethodRoadie$2.run(MethodRoadie.java:89)
	org.junit.internal.runners.MethodRoadie.runBeforesThenTestThenAfters(MethodRoadie.java:97)
	org.powermock.modules.junit4.internal.impl.PowerMockJUnit44RunnerDelegateImpl$PowerMockJUnit44MethodRunner.executeTest(PowerMockJUnit44RunnerDelegateImpl.java:310)
	org.powermock.modules.junit4.internal.impl.PowerMockJUnit47RunnerDelegateImpl$PowerMockJUnit47MethodRunner.executeTestInSuper(PowerMockJUnit47RunnerDelegateImpl.java:131)
	org.powermock.modules.junit4.internal.impl.PowerMockJUnit47RunnerDelegateImpl$PowerMockJUnit47MethodRunner.access$100(PowerMockJUnit47RunnerDelegateImpl.java:59)
	org.powermock.modules.junit4.internal.impl.PowerMockJUnit47RunnerDelegateImpl$PowerMockJUnit47MethodRunner$TestExecutorStatement.evaluate(PowerMockJUnit47RunnerDelegateImpl.java:147)
	org.powermock.modules.junit4.internal.impl.PowerMockJUnit47RunnerDelegateImpl$PowerMockJUnit47MethodRunner.evaluateStatement(PowerMockJUnit47RunnerDelegateImpl.java:107)
	org.powermock.modules.junit4.internal.impl.PowerMockJUnit47RunnerDelegateImpl$PowerMockJUnit47MethodRunner.executeTest(PowerMockJUnit47RunnerDelegateImpl.java:82)
	org.powermock.modules.junit4.internal.impl.PowerMockJUnit44RunnerDelegateImpl$PowerMockJUnit44MethodRunner.runBeforesThenTestThenAfters(PowerMockJUnit44RunnerDelegateImpl.java:298)
	org.junit.internal.runners.MethodRoadie.runTest(MethodRoadie.java:87)
	org.junit.internal.runners.MethodRoadie.run(MethodRoadie.java:50)
	org.powermock.modules.junit4.internal.impl.PowerMockJUnit44RunnerDelegateImpl.invokeTestMethod(PowerMockJUnit44RunnerDelegateImpl.java:218)
	org.powermock.modules.junit4.internal.impl.PowerMockJUnit44RunnerDelegateImpl.runMethods(PowerMockJUnit44RunnerDelegateImpl.java:160)
	org.powermock.modules.junit4.internal.impl.PowerMockJUnit44RunnerDelegateImpl$1.run(PowerMockJUnit44RunnerDelegateImpl.java:134)
	org.junit.internal.runners.ClassRoadie.runUnprotected(ClassRoadie.java:34)
	org.junit.internal.runners.ClassRoadie.runProtected(ClassRoadie.java:44)
	org.powermock.modules.junit4.internal.impl.PowerMockJUnit44RunnerDelegateImpl.run(PowerMockJUnit44RunnerDelegateImpl.java:136)
	org.powermock.modules.junit4.common.internal.impl.JUnit4TestSuiteChunkerImpl.run(JUnit4TestSuiteChunkerImpl.java:117)
	org.powermock.modules.junit4.common.internal.impl.AbstractCommonPowerMockRunner.run(AbstractCommonPowerMockRunner.java:57)
	org.powermock.modules.junit4.PowerMockRunner.run(PowerMockRunner.java:59)
	org.apache.maven.surefire.junit4.JUnit4Provider.execute(JUnit4Provider.java:365)
	org.apache.maven.surefire.junit4.JUnit4Provider.executeWithRerun(JUnit4Provider.java:290)
	org.apache.maven.surefire.junit4.JUnit4Provider.executeTestSet(JUnit4Provider.java:238)
	org.apache.maven.surefire.junit4.JUnit4Provider.invoke(JUnit4Provider.java:159)
	org.apache.maven.surefire.booter.ForkedBooter.invokeProviderInSameClassLoader(ForkedBooter.java:379)
	org.apache.maven.surefire.booter.ForkedBooter.runSuitesInProcess(ForkedBooter.java:340)
	org.apache.maven.surefire.booter.ForkedBooter.execute(ForkedBooter.java:125)
	org.apache.maven.surefire.booter.ForkedBooter.main(ForkedBooter.java:413)
: 8 leak records were discarded because they were duplicates
: 192 leak records were discarded because the leak record count is targeted to 4. Use system property io.netty.leakDetection.targetRecords to increase the limit.
2020-08-10 23:35:53,656 - ERROR - [main:ResourceLeakDetector@317] - LEAK: ByteBuf.release() was not called before it's garbage-collected. See http://netty.io/wiki/reference-counted-objects.html for more information.
Recent access records: 
#1:
	io.netty.buffer.AdvancedLeakAwareByteBuf.internalNioBuffer(AdvancedLeakAwareByteBuf.java:736)
	org.apache.bookkeeper.bookie.BufferedChannel.flush(BufferedChannel.java:192)
	org.apache.bookkeeper.bookie.BufferedChannel.flushAndForceWrite(BufferedChannel.java:166)
	org.apache.bookkeeper.bookie.BookieJournalTest.writeV3Journal(BookieJournalTest.java:256)
	org.apache.bookkeeper.bookie.BookieJournalTest.testPartialFileInfoPostV3Journal(BookieJournalTest.java:785)
	org.apache.bookkeeper.bookie.BookieJournalTest.testPartialFileInfoPostV3Journal1(BookieJournalTest.java:761)
	java.base/jdk.internal.reflect.NativeMethodAccessorImpl.invoke0(Native Method)
	java.base/jdk.internal.reflect.NativeMethodAccessorImpl.invoke(NativeMethodAccessorImpl.java:62)
	java.base/jdk.internal.reflect.DelegatingMethodAccessorImpl.invoke(DelegatingMethodAccessorImpl.java:43)
	java.base/java.lang.reflect.Method.invoke(Method.java:566)
	org.junit.internal.runners.TestMethod.invoke(TestMethod.java:68)
	org.powermock.modules.junit4.internal.impl.PowerMockJUnit44RunnerDelegateImpl$PowerMockJUnit44MethodRunner.runTestMethod(PowerMockJUnit44RunnerDelegateImpl.java:326)
	org.junit.internal.runners.MethodRoadie$2.run(MethodRoadie.java:89)
	org.junit.internal.runners.MethodRoadie.runBeforesThenTestThenAfters(MethodRoadie.java:97)
	org.powermock.modules.junit4.internal.impl.PowerMockJUnit44RunnerDelegateImpl$PowerMockJUnit44MethodRunner.executeTest(PowerMockJUnit44RunnerDelegateImpl.java:310)
	org.powermock.modules.junit4.internal.impl.PowerMockJUnit47RunnerDelegateImpl$PowerMockJUnit47MethodRunner.executeTestInSuper(PowerMockJUnit47RunnerDelegateImpl.java:131)
	org.powermock.modules.junit4.internal.impl.PowerMockJUnit47RunnerDelegateImpl$PowerMockJUnit47MethodRunner.access$100(PowerMockJUnit47RunnerDelegateImpl.java:59)
	org.powermock.modules.junit4.internal.impl.PowerMockJUnit47RunnerDelegateImpl$PowerMockJUnit47MethodRunner$TestExecutorStatement.evaluate(PowerMockJUnit47RunnerDelegateImpl.java:147)
	org.powermock.modules.junit4.internal.impl.PowerMockJUnit47RunnerDelegateImpl$PowerMockJUnit47MethodRunner.evaluateStatement(PowerMockJUnit47RunnerDelegateImpl.java:107)
	org.powermock.modules.junit4.internal.impl.PowerMockJUnit47RunnerDelegateImpl$PowerMockJUnit47MethodRunner.executeTest(PowerMockJUnit47RunnerDelegateImpl.java:82)
	org.powermock.modules.junit4.internal.impl.PowerMockJUnit44RunnerDelegateImpl$PowerMockJUnit44MethodRunner.runBeforesThenTestThenAfters(PowerMockJUnit44RunnerDelegateImpl.java:298)
	org.junit.internal.runners.MethodRoadie.runTest(MethodRoadie.java:87)
	org.junit.internal.runners.MethodRoadie.run(MethodRoadie.java:50)
	org.powermock.modules.junit4.internal.impl.PowerMockJUnit44RunnerDelegateImpl.invokeTestMethod(PowerMockJUnit44RunnerDelegateImpl.java:218)
	org.powermock.modules.junit4.internal.impl.PowerMockJUnit44RunnerDelegateImpl.runMethods(PowerMockJUnit44RunnerDelegateImpl.java:160)
	org.powermock.modules.junit4.internal.impl.PowerMockJUnit44RunnerDelegateImpl$1.run(PowerMockJUnit44RunnerDelegateImpl.java:134)
	org.junit.internal.runners.ClassRoadie.runUnprotected(ClassRoadie.java:34)
	org.junit.internal.runners.ClassRoadie.runProtected(ClassRoadie.java:44)
	org.powermock.modules.junit4.internal.impl.PowerMockJUnit44RunnerDelegateImpl.run(PowerMockJUnit44RunnerDelegateImpl.java:136)
	org.powermock.modules.junit4.common.internal.impl.JUnit4TestSuiteChunkerImpl.run(JUnit4TestSuiteChunkerImpl.java:117)
	org.powermock.modules.junit4.common.internal.impl.AbstractCommonPowerMockRunner.run(AbstractCommonPowerMockRunner.java:57)
	org.powermock.modules.junit4.PowerMockRunner.run(PowerMockRunner.java:59)
	org.apache.maven.surefire.junit4.JUnit4Provider.execute(JUnit4Provider.java:365)
	org.apache.maven.surefire.junit4.JUnit4Provider.executeWithRerun(JUnit4Provider.java:290)
	org.apache.maven.surefire.junit4.JUnit4Provider.executeTestSet(JUnit4Provider.java:238)
	org.apache.maven.surefire.junit4.JUnit4Provider.invoke(JUnit4Provider.java:159)
	org.apache.maven.surefire.booter.ForkedBooter.invokeProviderInSameClassLoader(ForkedBooter.java:379)
	org.apache.maven.surefire.booter.ForkedBooter.runSuitesInProcess(ForkedBooter.java:340)
	org.apache.maven.surefire.booter.ForkedBooter.execute(ForkedBooter.java:125)
	org.apache.maven.surefire.booter.ForkedBooter.main(ForkedBooter.java:413)
#2:
	io.netty.buffer.AdvancedLeakAwareByteBuf.writeBytes(AdvancedLeakAwareByteBuf.java:604)
	org.apache.bookkeeper.bookie.BufferedChannel.write(BufferedChannel.java:117)
	org.apache.bookkeeper.bookie.BookieJournalTest.writeV3Journal(BookieJournalTest.java:253)
	org.apache.bookkeeper.bookie.BookieJournalTest.testPartialFileInfoPostV3Journal(BookieJournalTest.java:785)
	org.apache.bookkeeper.bookie.BookieJournalTest.testPartialFileInfoPostV3Journal1(BookieJournalTest.java:761)
	java.base/jdk.internal.reflect.NativeMethodAccessorImpl.invoke0(Native Method)
	java.base/jdk.internal.reflect.NativeMethodAccessorImpl.invoke(NativeMethodAccessorImpl.java:62)
	java.base/jdk.internal.reflect.DelegatingMethodAccessorImpl.invoke(DelegatingMethodAccessorImpl.java:43)
	java.base/java.lang.reflect.Method.invoke(Method.java:566)
	org.junit.internal.runners.TestMethod.invoke(TestMethod.java:68)
	org.powermock.modules.junit4.internal.impl.PowerMockJUnit44RunnerDelegateImpl$PowerMockJUnit44MethodRunner.runTestMethod(PowerMockJUnit44RunnerDelegateImpl.java:326)
	org.junit.internal.runners.MethodRoadie$2.run(MethodRoadie.java:89)
	org.junit.internal.runners.MethodRoadie.runBeforesThenTestThenAfters(MethodRoadie.java:97)
	org.powermock.modules.junit4.internal.impl.PowerMockJUnit44RunnerDelegateImpl$PowerMockJUnit44MethodRunner.executeTest(PowerMockJUnit44RunnerDelegateImpl.java:310)
	org.powermock.modules.junit4.internal.impl.PowerMockJUnit47RunnerDelegateImpl$PowerMockJUnit47MethodRunner.executeTestInSuper(PowerMockJUnit47RunnerDelegateImpl.java:131)
	org.powermock.modules.junit4.internal.impl.PowerMockJUnit47RunnerDelegateImpl$PowerMockJUnit47MethodRunner.access$100(PowerMockJUnit47RunnerDelegateImpl.java:59)
	org.powermock.modules.junit4.internal.impl.PowerMockJUnit47RunnerDelegateImpl$PowerMockJUnit47MethodRunner$TestExecutorStatement.evaluate(PowerMockJUnit47RunnerDelegateImpl.java:147)
	org.powermock.modules.junit4.internal.impl.PowerMockJUnit47RunnerDelegateImpl$PowerMockJUnit47MethodRunner.evaluateStatement(PowerMockJUnit47RunnerDelegateImpl.java:107)
	org.powermock.modules.junit4.internal.impl.PowerMockJUnit47RunnerDelegateImpl$PowerMockJUnit47MethodRunner.executeTest(PowerMockJUnit47RunnerDelegateImpl.java:82)
	org.powermock.modules.junit4.internal.impl.PowerMockJUnit44RunnerDelegateImpl$PowerMockJUnit44MethodRunner.runBeforesThenTestThenAfters(PowerMockJUnit44RunnerDelegateImpl.java:298)
	org.junit.internal.runners.MethodRoadie.runTest(MethodRoadie.java:87)
	org.junit.internal.runners.MethodRoadie.run(MethodRoadie.java:50)
	org.powermock.modules.junit4.internal.impl.PowerMockJUnit44RunnerDelegateImpl.invokeTestMethod(PowerMockJUnit44RunnerDelegateImpl.java:218)
	org.powermock.modules.junit4.internal.impl.PowerMockJUnit44RunnerDelegateImpl.runMethods(PowerMockJUnit44RunnerDelegateImpl.java:160)
	org.powermock.modules.junit4.internal.impl.PowerMockJUnit44RunnerDelegateImpl$1.run(PowerMockJUnit44RunnerDelegateImpl.java:134)
	org.junit.internal.runners.ClassRoadie.runUnprotected(ClassRoadie.java:34)
	org.junit.internal.runners.ClassRoadie.runProtected(ClassRoadie.java:44)
	org.powermock.modules.junit4.internal.impl.PowerMockJUnit44RunnerDelegateImpl.run(PowerMockJUnit44RunnerDelegateImpl.java:136)
	org.powermock.modules.junit4.common.internal.impl.JUnit4TestSuiteChunkerImpl.run(JUnit4TestSuiteChunkerImpl.java:117)
	org.powermock.modules.junit4.common.internal.impl.AbstractCommonPowerMockRunner.run(AbstractCommonPowerMockRunner.java:57)
	org.powermock.modules.junit4.PowerMockRunner.run(PowerMockRunner.java:59)
	org.apache.maven.surefire.junit4.JUnit4Provider.execute(JUnit4Provider.java:365)
	org.apache.maven.surefire.junit4.JUnit4Provider.executeWithRerun(JUnit4Provider.java:290)
	org.apache.maven.surefire.junit4.JUnit4Provider.executeTestSet(JUnit4Provider.java:238)
	org.apache.maven.surefire.junit4.JUnit4Provider.invoke(JUnit4Provider.java:159)
	org.apache.maven.surefire.booter.ForkedBooter.invokeProviderInSameClassLoader(ForkedBooter.java:379)
	org.apache.maven.surefire.booter.ForkedBooter.runSuitesInProcess(ForkedBooter.java:340)
	org.apache.maven.surefire.booter.ForkedBooter.execute(ForkedBooter.java:125)
	org.apache.maven.surefire.booter.ForkedBooter.main(ForkedBooter.java:413)
#3:
	io.netty.buffer.AdvancedLeakAwareByteBuf.writeBytes(AdvancedLeakAwareByteBuf.java:604)
	org.apache.bookkeeper.bookie.BufferedChannel.write(BufferedChannel.java:117)
	org.apache.bookkeeper.bookie.BookieJournalTest.writeV3Journal(BookieJournalTest.java:252)
	org.apache.bookkeeper.bookie.BookieJournalTest.testPartialFileInfoPostV3Journal(BookieJournalTest.java:785)
	org.apache.bookkeeper.bookie.BookieJournalTest.testPartialFileInfoPostV3Journal1(BookieJournalTest.java:761)
	java.base/jdk.internal.reflect.NativeMethodAccessorImpl.invoke0(Native Method)
	java.base/jdk.internal.reflect.NativeMethodAccessorImpl.invoke(NativeMethodAccessorImpl.java:62)
	java.base/jdk.internal.reflect.DelegatingMethodAccessorImpl.invoke(DelegatingMethodAccessorImpl.java:43)
	java.base/java.lang.reflect.Method.invoke(Method.java:566)
	org.junit.internal.runners.TestMethod.invoke(TestMethod.java:68)
	org.powermock.modules.junit4.internal.impl.PowerMockJUnit44RunnerDelegateImpl$PowerMockJUnit44MethodRunner.runTestMethod(PowerMockJUnit44RunnerDelegateImpl.java:326)
	org.junit.internal.runners.MethodRoadie$2.run(MethodRoadie.java:89)
	org.junit.internal.runners.MethodRoadie.runBeforesThenTestThenAfters(MethodRoadie.java:97)
	org.powermock.modules.junit4.internal.impl.PowerMockJUnit44RunnerDelegateImpl$PowerMockJUnit44MethodRunner.executeTest(PowerMockJUnit44RunnerDelegateImpl.java:310)
	org.powermock.modules.junit4.internal.impl.PowerMockJUnit47RunnerDelegateImpl$PowerMockJUnit47MethodRunner.executeTestInSuper(PowerMockJUnit47RunnerDelegateImpl.java:131)
	org.powermock.modules.junit4.internal.impl.PowerMockJUnit47RunnerDelegateImpl$PowerMockJUnit47MethodRunner.access$100(PowerMockJUnit47RunnerDelegateImpl.java:59)
	org.powermock.modules.junit4.internal.impl.PowerMockJUnit47RunnerDelegateImpl$PowerMockJUnit47MethodRunner$TestExecutorStatement.evaluate(PowerMockJUnit47RunnerDelegateImpl.java:147)
	org.powermock.modules.junit4.internal.impl.PowerMockJUnit47RunnerDelegateImpl$PowerMockJUnit47MethodRunner.evaluateStatement(PowerMockJUnit47RunnerDelegateImpl.java:107)
	org.powermock.modules.junit4.internal.impl.PowerMockJUnit47RunnerDelegateImpl$PowerMockJUnit47MethodRunner.executeTest(PowerMockJUnit47RunnerDelegateImpl.java:82)
	org.powermock.modules.junit4.internal.impl.PowerMockJUnit44RunnerDelegateImpl$PowerMockJUnit44MethodRunner.runBeforesThenTestThenAfters(PowerMockJUnit44RunnerDelegateImpl.java:298)
	org.junit.internal.runners.MethodRoadie.runTest(MethodRoadie.java:87)
	org.junit.internal.runners.MethodRoadie.run(MethodRoadie.java:50)
	org.powermock.modules.junit4.internal.impl.PowerMockJUnit44RunnerDelegateImpl.invokeTestMethod(PowerMockJUnit44RunnerDelegateImpl.java:218)
	org.powermock.modules.junit4.internal.impl.PowerMockJUnit44RunnerDelegateImpl.runMethods(PowerMockJUnit44RunnerDelegateImpl.java:160)
	org.powermock.modules.junit4.internal.impl.PowerMockJUnit44RunnerDelegateImpl$1.run(PowerMockJUnit44RunnerDelegateImpl.java:134)
	org.junit.internal.runners.ClassRoadie.runUnprotected(ClassRoadie.java:34)
	org.junit.internal.runners.ClassRoadie.runProtected(ClassRoadie.java:44)
	org.powermock.modules.junit4.internal.impl.PowerMockJUnit44RunnerDelegateImpl.run(PowerMockJUnit44RunnerDelegateImpl.java:136)
	org.powermock.modules.junit4.common.internal.impl.JUnit4TestSuiteChunkerImpl.run(JUnit4TestSuiteChunkerImpl.java:117)
	org.powermock.modules.junit4.common.internal.impl.AbstractCommonPowerMockRunner.run(AbstractCommonPowerMockRunner.java:57)
	org.powermock.modules.junit4.PowerMockRunner.run(PowerMockRunner.java:59)
	org.apache.maven.surefire.junit4.JUnit4Provider.execute(JUnit4Provider.java:365)
	org.apache.maven.surefire.junit4.JUnit4Provider.executeWithRerun(JUnit4Provider.java:290)
	org.apache.maven.surefire.junit4.JUnit4Provider.executeTestSet(JUnit4Provider.java:238)
	org.apache.maven.surefire.junit4.JUnit4Provider.invoke(JUnit4Provider.java:159)
	org.apache.maven.surefire.booter.ForkedBooter.invokeProviderInSameClassLoader(ForkedBooter.java:379)
	org.apache.maven.surefire.booter.ForkedBooter.runSuitesInProcess(ForkedBooter.java:340)
	org.apache.maven.surefire.booter.ForkedBooter.execute(ForkedBooter.java:125)
	org.apache.maven.surefire.booter.ForkedBooter.main(ForkedBooter.java:413)
Created at:
	io.netty.buffer.UnpooledByteBufAllocator.newDirectBuffer(UnpooledByteBufAllocator.java:96)
	io.netty.buffer.AbstractByteBufAllocator.directBuffer(AbstractByteBufAllocator.java:185)
	io.netty.buffer.AbstractByteBufAllocator.directBuffer(AbstractByteBufAllocator.java:176)
	org.apache.bookkeeper.bookie.BufferedChannel.<init>(BufferedChannel.java:86)
	org.apache.bookkeeper.bookie.BufferedChannel.<init>(BufferedChannel.java:77)
	org.apache.bookkeeper.bookie.BufferedChannel.<init>(BufferedChannel.java:71)
	org.apache.bookkeeper.bookie.Journal$BufferedChannelBuilder.lambda$static$0(Journal.java:91)
	org.apache.bookkeeper.bookie.JournalChannel.<init>(JournalChannel.java:178)
	org.apache.bookkeeper.bookie.JournalChannel.<init>(JournalChannel.java:101)
	org.apache.bookkeeper.bookie.JournalChannel.<init>(JournalChannel.java:90)
	org.apache.bookkeeper.bookie.BookieJournalTest.writeV3Journal(BookieJournalTest.java:231)
	org.apache.bookkeeper.bookie.BookieJournalTest.testPartialFileInfoPostV3Journal(BookieJournalTest.java:785)
	org.apache.bookkeeper.bookie.BookieJournalTest.testPartialFileInfoPostV3Journal1(BookieJournalTest.java:761)
	java.base/jdk.internal.reflect.NativeMethodAccessorImpl.invoke0(Native Method)
	java.base/jdk.internal.reflect.NativeMethodAccessorImpl.invoke(NativeMethodAccessorImpl.java:62)
	java.base/jdk.internal.reflect.DelegatingMethodAccessorImpl.invoke(DelegatingMethodAccessorImpl.java:43)
	java.base/java.lang.reflect.Method.invoke(Method.java:566)
	org.junit.internal.runners.TestMethod.invoke(TestMethod.java:68)
	org.powermock.modules.junit4.internal.impl.PowerMockJUnit44RunnerDelegateImpl$PowerMockJUnit44MethodRunner.runTestMethod(PowerMockJUnit44RunnerDelegateImpl.java:326)
	org.junit.internal.runners.MethodRoadie$2.run(MethodRoadie.java:89)
	org.junit.internal.runners.MethodRoadie.runBeforesThenTestThenAfters(MethodRoadie.java:97)
	org.powermock.modules.junit4.internal.impl.PowerMockJUnit44RunnerDelegateImpl$PowerMockJUnit44MethodRunner.executeTest(PowerMockJUnit44RunnerDelegateImpl.java:310)
	org.powermock.modules.junit4.internal.impl.PowerMockJUnit47RunnerDelegateImpl$PowerMockJUnit47MethodRunner.executeTestInSuper(PowerMockJUnit47RunnerDelegateImpl.java:131)
	org.powermock.modules.junit4.internal.impl.PowerMockJUnit47RunnerDelegateImpl$PowerMockJUnit47MethodRunner.access$100(PowerMockJUnit47RunnerDelegateImpl.java:59)
	org.powermock.modules.junit4.internal.impl.PowerMockJUnit47RunnerDelegateImpl$PowerMockJUnit47MethodRunner$TestExecutorStatement.evaluate(PowerMockJUnit47RunnerDelegateImpl.java:147)
	org.powermock.modules.junit4.internal.impl.PowerMockJUnit47RunnerDelegateImpl$PowerMockJUnit47MethodRunner.evaluateStatement(PowerMockJUnit47RunnerDelegateImpl.java:107)
	org.powermock.modules.junit4.internal.impl.PowerMockJUnit47RunnerDelegateImpl$PowerMockJUnit47MethodRunner.executeTest(PowerMockJUnit47RunnerDelegateImpl.java:82)
	org.powermock.modules.junit4.internal.impl.PowerMockJUnit44RunnerDelegateImpl$PowerMockJUnit44MethodRunner.runBeforesThenTestThenAfters(PowerMockJUnit44RunnerDelegateImpl.java:298)
	org.junit.internal.runners.MethodRoadie.runTest(MethodRoadie.java:87)
	org.junit.internal.runners.MethodRoadie.run(MethodRoadie.java:50)
	org.powermock.modules.junit4.internal.impl.PowerMockJUnit44RunnerDelegateImpl.invokeTestMethod(PowerMockJUnit44RunnerDelegateImpl.java:218)
	org.powermock.modules.junit4.internal.impl.PowerMockJUnit44RunnerDelegateImpl.runMethods(PowerMockJUnit44RunnerDelegateImpl.java:160)
	org.powermock.modules.junit4.internal.impl.PowerMockJUnit44RunnerDelegateImpl$1.run(PowerMockJUnit44RunnerDelegateImpl.java:134)
	org.junit.internal.runners.ClassRoadie.runUnprotected(ClassRoadie.java:34)
	org.junit.internal.runners.ClassRoadie.runProtected(ClassRoadie.java:44)
	org.powermock.modules.junit4.internal.impl.PowerMockJUnit44RunnerDelegateImpl.run(PowerMockJUnit44RunnerDelegateImpl.java:136)
	org.powermock.modules.junit4.common.internal.impl.JUnit4TestSuiteChunkerImpl.run(JUnit4TestSuiteChunkerImpl.java:117)
	org.powermock.modules.junit4.common.internal.impl.AbstractCommonPowerMockRunner.run(AbstractCommonPowerMockRunner.java:57)
	org.powermock.modules.junit4.PowerMockRunner.run(PowerMockRunner.java:59)
	org.apache.maven.surefire.junit4.JUnit4Provider.execute(JUnit4Provider.java:365)
	org.apache.maven.surefire.junit4.JUnit4Provider.executeWithRerun(JUnit4Provider.java:290)
	org.apache.maven.surefire.junit4.JUnit4Provider.executeTestSet(JUnit4Provider.java:238)
	org.apache.maven.surefire.junit4.JUnit4Provider.invoke(JUnit4Provider.java:159)
	org.apache.maven.surefire.booter.ForkedBooter.invokeProviderInSameClassLoader(ForkedBooter.java:379)
	org.apache.maven.surefire.booter.ForkedBooter.runSuitesInProcess(ForkedBooter.java:340)
	org.apache.maven.surefire.booter.ForkedBooter.execute(ForkedBooter.java:125)
	org.apache.maven.surefire.booter.ForkedBooter.main(ForkedBooter.java:413)
: 8 leak records were discarded because they were duplicates
: 194 leak records were discarded because the leak record count is targeted to 4. Use system property io.netty.leakDetection.targetRecords to increase the limit.
2020-08-10 23:35:53,681 - ERROR - [main:ResourceLeakDetector@317] - LEAK: ByteBuf.release() was not called before it's garbage-collected. See http://netty.io/wiki/reference-counted-objects.html for more information.
Recent access records: 
#1:
	io.netty.buffer.AdvancedLeakAwareByteBuf.internalNioBuffer(AdvancedLeakAwareByteBuf.java:736)
	org.apache.bookkeeper.bookie.BufferedChannel.flush(BufferedChannel.java:192)
	org.apache.bookkeeper.bookie.BufferedChannel.flushAndForceWrite(BufferedChannel.java:166)
	org.apache.bookkeeper.bookie.BookieJournalTest.writeV2Journal(BookieJournalTest.java:222)
	org.apache.bookkeeper.bookie.BookieJournalTest.testTruncatedInEntryJournal(BookieJournalTest.java:615)
	java.base/jdk.internal.reflect.NativeMethodAccessorImpl.invoke0(Native Method)
	java.base/jdk.internal.reflect.NativeMethodAccessorImpl.invoke(NativeMethodAccessorImpl.java:62)
	java.base/jdk.internal.reflect.DelegatingMethodAccessorImpl.invoke(DelegatingMethodAccessorImpl.java:43)
	java.base/java.lang.reflect.Method.invoke(Method.java:566)
	org.junit.internal.runners.TestMethod.invoke(TestMethod.java:68)
	org.powermock.modules.junit4.internal.impl.PowerMockJUnit44RunnerDelegateImpl$PowerMockJUnit44MethodRunner.runTestMethod(PowerMockJUnit44RunnerDelegateImpl.java:326)
	org.junit.internal.runners.MethodRoadie$2.run(MethodRoadie.java:89)
	org.junit.internal.runners.MethodRoadie.runBeforesThenTestThenAfters(MethodRoadie.java:97)
	org.powermock.modules.junit4.internal.impl.PowerMockJUnit44RunnerDelegateImpl$PowerMockJUnit44MethodRunner.executeTest(PowerMockJUnit44RunnerDelegateImpl.java:310)
	org.powermock.modules.junit4.internal.impl.PowerMockJUnit47RunnerDelegateImpl$PowerMockJUnit47MethodRunner.executeTestInSuper(PowerMockJUnit47RunnerDelegateImpl.java:131)
	org.powermock.modules.junit4.internal.impl.PowerMockJUnit47RunnerDelegateImpl$PowerMockJUnit47MethodRunner.access$100(PowerMockJUnit47RunnerDelegateImpl.java:59)
	org.powermock.modules.junit4.internal.impl.PowerMockJUnit47RunnerDelegateImpl$PowerMockJUnit47MethodRunner$TestExecutorStatement.evaluate(PowerMockJUnit47RunnerDelegateImpl.java:147)
	org.powermock.modules.junit4.internal.impl.PowerMockJUnit47RunnerDelegateImpl$PowerMockJUnit47MethodRunner.evaluateStatement(PowerMockJUnit47RunnerDelegateImpl.java:107)
	org.powermock.modules.junit4.internal.impl.PowerMockJUnit47RunnerDelegateImpl$PowerMockJUnit47MethodRunner.executeTest(PowerMockJUnit47RunnerDelegateImpl.java:82)
	org.powermock.modules.junit4.internal.impl.PowerMockJUnit44RunnerDelegateImpl$PowerMockJUnit44MethodRunner.runBeforesThenTestThenAfters(PowerMockJUnit44RunnerDelegateImpl.java:298)
	org.junit.internal.runners.MethodRoadie.runTest(MethodRoadie.java:87)
	org.junit.internal.runners.MethodRoadie.run(MethodRoadie.java:50)
	org.powermock.modules.junit4.internal.impl.PowerMockJUnit44RunnerDelegateImpl.invokeTestMethod(PowerMockJUnit44RunnerDelegateImpl.java:218)
	org.powermock.modules.junit4.internal.impl.PowerMockJUnit44RunnerDelegateImpl.runMethods(PowerMockJUnit44RunnerDelegateImpl.java:160)
	org.powermock.modules.junit4.internal.impl.PowerMockJUnit44RunnerDelegateImpl$1.run(PowerMockJUnit44RunnerDelegateImpl.java:134)
	org.junit.internal.runners.ClassRoadie.runUnprotected(ClassRoadie.java:34)
	org.junit.internal.runners.ClassRoadie.runProtected(ClassRoadie.java:44)
	org.powermock.modules.junit4.internal.impl.PowerMockJUnit44RunnerDelegateImpl.run(PowerMockJUnit44RunnerDelegateImpl.java:136)
	org.powermock.modules.junit4.common.internal.impl.JUnit4TestSuiteChunkerImpl.run(JUnit4TestSuiteChunkerImpl.java:117)
	org.powermock.modules.junit4.common.internal.impl.AbstractCommonPowerMockRunner.run(AbstractCommonPowerMockRunner.java:57)
	org.powermock.modules.junit4.PowerMockRunner.run(PowerMockRunner.java:59)
	org.apache.maven.surefire.junit4.JUnit4Provider.execute(JUnit4Provider.java:365)
	org.apache.maven.surefire.junit4.JUnit4Provider.executeWithRerun(JUnit4Provider.java:290)
	org.apache.maven.surefire.junit4.JUnit4Provider.executeTestSet(JUnit4Provider.java:238)
	org.apache.maven.surefire.junit4.JUnit4Provider.invoke(JUnit4Provider.java:159)
	org.apache.maven.surefire.booter.ForkedBooter.invokeProviderInSameClassLoader(ForkedBooter.java:379)
	org.apache.maven.surefire.booter.ForkedBooter.runSuitesInProcess(ForkedBooter.java:340)
	org.apache.maven.surefire.booter.ForkedBooter.execute(ForkedBooter.java:125)
	org.apache.maven.surefire.booter.ForkedBooter.main(ForkedBooter.java:413)
#2:
	io.netty.buffer.AdvancedLeakAwareByteBuf.writeBytes(AdvancedLeakAwareByteBuf.java:604)
	org.apache.bookkeeper.bookie.BufferedChannel.write(BufferedChannel.java:117)
	org.apache.bookkeeper.bookie.BookieJournalTest.writeV2Journal(BookieJournalTest.java:218)
	org.apache.bookkeeper.bookie.BookieJournalTest.testTruncatedInEntryJournal(BookieJournalTest.java:615)
	java.base/jdk.internal.reflect.NativeMethodAccessorImpl.invoke0(Native Method)
	java.base/jdk.internal.reflect.NativeMethodAccessorImpl.invoke(NativeMethodAccessorImpl.java:62)
	java.base/jdk.internal.reflect.DelegatingMethodAccessorImpl.invoke(DelegatingMethodAccessorImpl.java:43)
	java.base/java.lang.reflect.Method.invoke(Method.java:566)
	org.junit.internal.runners.TestMethod.invoke(TestMethod.java:68)
	org.powermock.modules.junit4.internal.impl.PowerMockJUnit44RunnerDelegateImpl$PowerMockJUnit44MethodRunner.runTestMethod(PowerMockJUnit44RunnerDelegateImpl.java:326)
	org.junit.internal.runners.MethodRoadie$2.run(MethodRoadie.java:89)
	org.junit.internal.runners.MethodRoadie.runBeforesThenTestThenAfters(MethodRoadie.java:97)
	org.powermock.modules.junit4.internal.impl.PowerMockJUnit44RunnerDelegateImpl$PowerMockJUnit44MethodRunner.executeTest(PowerMockJUnit44RunnerDelegateImpl.java:310)
	org.powermock.modules.junit4.internal.impl.PowerMockJUnit47RunnerDelegateImpl$PowerMockJUnit47MethodRunner.executeTestInSuper(PowerMockJUnit47RunnerDelegateImpl.java:131)
	org.powermock.modules.junit4.internal.impl.PowerMockJUnit47RunnerDelegateImpl$PowerMockJUnit47MethodRunner.access$100(PowerMockJUnit47RunnerDelegateImpl.java:59)
	org.powermock.modules.junit4.internal.impl.PowerMockJUnit47RunnerDelegateImpl$PowerMockJUnit47MethodRunner$TestExecutorStatement.evaluate(PowerMockJUnit47RunnerDelegateImpl.java:147)
	org.powermock.modules.junit4.internal.impl.PowerMockJUnit47RunnerDelegateImpl$PowerMockJUnit47MethodRunner.evaluateStatement(PowerMockJUnit47RunnerDelegateImpl.java:107)
	org.powermock.modules.junit4.internal.impl.PowerMockJUnit47RunnerDelegateImpl$PowerMockJUnit47MethodRunner.executeTest(PowerMockJUnit47RunnerDelegateImpl.java:82)
	org.powermock.modules.junit4.internal.impl.PowerMockJUnit44RunnerDelegateImpl$PowerMockJUnit44MethodRunner.runBeforesThenTestThenAfters(PowerMockJUnit44RunnerDelegateImpl.java:298)
	org.junit.internal.runners.MethodRoadie.runTest(MethodRoadie.java:87)
	org.junit.internal.runners.MethodRoadie.run(MethodRoadie.java:50)
	org.powermock.modules.junit4.internal.impl.PowerMockJUnit44RunnerDelegateImpl.invokeTestMethod(PowerMockJUnit44RunnerDelegateImpl.java:218)
	org.powermock.modules.junit4.internal.impl.PowerMockJUnit44RunnerDelegateImpl.runMethods(PowerMockJUnit44RunnerDelegateImpl.java:160)
	org.powermock.modules.junit4.internal.impl.PowerMockJUnit44RunnerDelegateImpl$1.run(PowerMockJUnit44RunnerDelegateImpl.java:134)
	org.junit.internal.runners.ClassRoadie.runUnprotected(ClassRoadie.java:34)
	org.junit.internal.runners.ClassRoadie.runProtected(ClassRoadie.java:44)
	org.powermock.modules.junit4.internal.impl.PowerMockJUnit44RunnerDelegateImpl.run(PowerMockJUnit44RunnerDelegateImpl.java:136)
	org.powermock.modules.junit4.common.internal.impl.JUnit4TestSuiteChunkerImpl.run(JUnit4TestSuiteChunkerImpl.java:117)
	org.powermock.modules.junit4.common.internal.impl.AbstractCommonPowerMockRunner.run(AbstractCommonPowerMockRunner.java:57)
	org.powermock.modules.junit4.PowerMockRunner.run(PowerMockRunner.java:59)
	org.apache.maven.surefire.junit4.JUnit4Provider.execute(JUnit4Provider.java:365)
	org.apache.maven.surefire.junit4.JUnit4Provider.executeWithRerun(JUnit4Provider.java:290)
	org.apache.maven.surefire.junit4.JUnit4Provider.executeTestSet(JUnit4Provider.java:238)
	org.apache.maven.surefire.junit4.JUnit4Provider.invoke(JUnit4Provider.java:159)
	org.apache.maven.surefire.booter.ForkedBooter.invokeProviderInSameClassLoader(ForkedBooter.java:379)
	org.apache.maven.surefire.booter.ForkedBooter.runSuitesInProcess(ForkedBooter.java:340)
	org.apache.maven.surefire.booter.ForkedBooter.execute(ForkedBooter.java:125)
	org.apache.maven.surefire.booter.ForkedBooter.main(ForkedBooter.java:413)
#3:
	io.netty.buffer.AdvancedLeakAwareByteBuf.writeBytes(AdvancedLeakAwareByteBuf.java:604)
	org.apache.bookkeeper.bookie.BufferedChannel.write(BufferedChannel.java:117)
	org.apache.bookkeeper.bookie.BookieJournalTest.writeV2Journal(BookieJournalTest.java:219)
	org.apache.bookkeeper.bookie.BookieJournalTest.testTruncatedInEntryJournal(BookieJournalTest.java:615)
	java.base/jdk.internal.reflect.NativeMethodAccessorImpl.invoke0(Native Method)
	java.base/jdk.internal.reflect.NativeMethodAccessorImpl.invoke(NativeMethodAccessorImpl.java:62)
	java.base/jdk.internal.reflect.DelegatingMethodAccessorImpl.invoke(DelegatingMethodAccessorImpl.java:43)
	java.base/java.lang.reflect.Method.invoke(Method.java:566)
	org.junit.internal.runners.TestMethod.invoke(TestMethod.java:68)
	org.powermock.modules.junit4.internal.impl.PowerMockJUnit44RunnerDelegateImpl$PowerMockJUnit44MethodRunner.runTestMethod(PowerMockJUnit44RunnerDelegateImpl.java:326)
	org.junit.internal.runners.MethodRoadie$2.run(MethodRoadie.java:89)
	org.junit.internal.runners.MethodRoadie.runBeforesThenTestThenAfters(MethodRoadie.java:97)
	org.powermock.modules.junit4.internal.impl.PowerMockJUnit44RunnerDelegateImpl$PowerMockJUnit44MethodRunner.executeTest(PowerMockJUnit44RunnerDelegateImpl.java:310)
	org.powermock.modules.junit4.internal.impl.PowerMockJUnit47RunnerDelegateImpl$PowerMockJUnit47MethodRunner.executeTestInSuper(PowerMockJUnit47RunnerDelegateImpl.java:131)
	org.powermock.modules.junit4.internal.impl.PowerMockJUnit47RunnerDelegateImpl$PowerMockJUnit47MethodRunner.access$100(PowerMockJUnit47RunnerDelegateImpl.java:59)
	org.powermock.modules.junit4.internal.impl.PowerMockJUnit47RunnerDelegateImpl$PowerMockJUnit47MethodRunner$TestExecutorStatement.evaluate(PowerMockJUnit47RunnerDelegateImpl.java:147)
	org.powermock.modules.junit4.internal.impl.PowerMockJUnit47RunnerDelegateImpl$PowerMockJUnit47MethodRunner.evaluateStatement(PowerMockJUnit47RunnerDelegateImpl.java:107)
	org.powermock.modules.junit4.internal.impl.PowerMockJUnit47RunnerDelegateImpl$PowerMockJUnit47MethodRunner.executeTest(PowerMockJUnit47RunnerDelegateImpl.java:82)
	org.powermock.modules.junit4.internal.impl.PowerMockJUnit44RunnerDelegateImpl$PowerMockJUnit44MethodRunner.runBeforesThenTestThenAfters(PowerMockJUnit44RunnerDelegateImpl.java:298)
	org.junit.internal.runners.MethodRoadie.runTest(MethodRoadie.java:87)
	org.junit.internal.runners.MethodRoadie.run(MethodRoadie.java:50)
	org.powermock.modules.junit4.internal.impl.PowerMockJUnit44RunnerDelegateImpl.invokeTestMethod(PowerMockJUnit44RunnerDelegateImpl.java:218)
	org.powermock.modules.junit4.internal.impl.PowerMockJUnit44RunnerDelegateImpl.runMethods(PowerMockJUnit44RunnerDelegateImpl.java:160)
	org.powermock.modules.junit4.internal.impl.PowerMockJUnit44RunnerDelegateImpl$1.run(PowerMockJUnit44RunnerDelegateImpl.java:134)
	org.junit.internal.runners.ClassRoadie.runUnprotected(ClassRoadie.java:34)
	org.junit.internal.runners.ClassRoadie.runProtected(ClassRoadie.java:44)
	org.powermock.modules.junit4.internal.impl.PowerMockJUnit44RunnerDelegateImpl.run(PowerMockJUnit44RunnerDelegateImpl.java:136)
	org.powermock.modules.junit4.common.internal.impl.JUnit4TestSuiteChunkerImpl.run(JUnit4TestSuiteChunkerImpl.java:117)
	org.powermock.modules.junit4.common.internal.impl.AbstractCommonPowerMockRunner.run(AbstractCommonPowerMockRunner.java:57)
	org.powermock.modules.junit4.PowerMockRunner.run(PowerMockRunner.java:59)
	org.apache.maven.surefire.junit4.JUnit4Provider.execute(JUnit4Provider.java:365)
	org.apache.maven.surefire.junit4.JUnit4Provider.executeWithRerun(JUnit4Provider.java:290)
	org.apache.maven.surefire.junit4.JUnit4Provider.executeTestSet(JUnit4Provider.java:238)
	org.apache.maven.surefire.junit4.JUnit4Provider.invoke(JUnit4Provider.java:159)
	org.apache.maven.surefire.booter.ForkedBooter.invokeProviderInSameClassLoader(ForkedBooter.java:379)
	org.apache.maven.surefire.booter.ForkedBooter.runSuitesInProcess(ForkedBooter.java:340)
	org.apache.maven.surefire.booter.ForkedBooter.execute(ForkedBooter.java:125)
	org.apache.maven.surefire.booter.ForkedBooter.main(ForkedBooter.java:413)
Created at:
	io.netty.buffer.UnpooledByteBufAllocator.newDirectBuffer(UnpooledByteBufAllocator.java:96)
	io.netty.buffer.AbstractByteBufAllocator.directBuffer(AbstractByteBufAllocator.java:185)
	io.netty.buffer.AbstractByteBufAllocator.directBuffer(AbstractByteBufAllocator.java:176)
	org.apache.bookkeeper.bookie.BufferedChannel.<init>(BufferedChannel.java:86)
	org.apache.bookkeeper.bookie.BufferedChannel.<init>(BufferedChannel.java:77)
	org.apache.bookkeeper.bookie.BufferedChannel.<init>(BufferedChannel.java:71)
	org.apache.bookkeeper.bookie.Journal$BufferedChannelBuilder.lambda$static$0(Journal.java:91)
	org.apache.bookkeeper.bookie.JournalChannel.<init>(JournalChannel.java:178)
	org.apache.bookkeeper.bookie.JournalChannel.<init>(JournalChannel.java:101)
	org.apache.bookkeeper.bookie.JournalChannel.<init>(JournalChannel.java:90)
	org.apache.bookkeeper.bookie.BookieJournalTest.writeV2Journal(BookieJournalTest.java:202)
	org.apache.bookkeeper.bookie.BookieJournalTest.testTruncatedInEntryJournal(BookieJournalTest.java:615)
	java.base/jdk.internal.reflect.NativeMethodAccessorImpl.invoke0(Native Method)
	java.base/jdk.internal.reflect.NativeMethodAccessorImpl.invoke(NativeMethodAccessorImpl.java:62)
	java.base/jdk.internal.reflect.DelegatingMethodAccessorImpl.invoke(DelegatingMethodAccessorImpl.java:43)
	java.base/java.lang.reflect.Method.invoke(Method.java:566)
	org.junit.internal.runners.TestMethod.invoke(TestMethod.java:68)
	org.powermock.modules.junit4.internal.impl.PowerMockJUnit44RunnerDelegateImpl$PowerMockJUnit44MethodRunner.runTestMethod(PowerMockJUnit44RunnerDelegateImpl.java:326)
	org.junit.internal.runners.MethodRoadie$2.run(MethodRoadie.java:89)
	org.junit.internal.runners.MethodRoadie.runBeforesThenTestThenAfters(MethodRoadie.java:97)
	org.powermock.modules.junit4.internal.impl.PowerMockJUnit44RunnerDelegateImpl$PowerMockJUnit44MethodRunner.executeTest(PowerMockJUnit44RunnerDelegateImpl.java:310)
	org.powermock.modules.junit4.internal.impl.PowerMockJUnit47RunnerDelegateImpl$PowerMockJUnit47MethodRunner.executeTestInSuper(PowerMockJUnit47RunnerDelegateImpl.java:131)
	org.powermock.modules.junit4.internal.impl.PowerMockJUnit47RunnerDelegateImpl$PowerMockJUnit47MethodRunner.access$100(PowerMockJUnit47RunnerDelegateImpl.java:59)
	org.powermock.modules.junit4.internal.impl.PowerMockJUnit47RunnerDelegateImpl$PowerMockJUnit47MethodRunner$TestExecutorStatement.evaluate(PowerMockJUnit47RunnerDelegateImpl.java:147)
	org.powermock.modules.junit4.internal.impl.PowerMockJUnit47RunnerDelegateImpl$PowerMockJUnit47MethodRunner.evaluateStatement(PowerMockJUnit47RunnerDelegateImpl.java:107)
	org.powermock.modules.junit4.internal.impl.PowerMockJUnit47RunnerDelegateImpl$PowerMockJUnit47MethodRunner.executeTest(PowerMockJUnit47RunnerDelegateImpl.java:82)
	org.powermock.modules.junit4.internal.impl.PowerMockJUnit44RunnerDelegateImpl$PowerMockJUnit44MethodRunner.runBeforesThenTestThenAfters(PowerMockJUnit44RunnerDelegateImpl.java:298)
	org.junit.internal.runners.MethodRoadie.runTest(MethodRoadie.java:87)
	org.junit.internal.runners.MethodRoadie.run(MethodRoadie.java:50)
	org.powermock.modules.junit4.internal.impl.PowerMockJUnit44RunnerDelegateImpl.invokeTestMethod(PowerMockJUnit44RunnerDelegateImpl.java:218)
	org.powermock.modules.junit4.internal.impl.PowerMockJUnit44RunnerDelegateImpl.runMethods(PowerMockJUnit44RunnerDelegateImpl.java:160)
	org.powermock.modules.junit4.internal.impl.PowerMockJUnit44RunnerDelegateImpl$1.run(PowerMockJUnit44RunnerDelegateImpl.java:134)
	org.junit.internal.runners.ClassRoadie.runUnprotected(ClassRoadie.java:34)
	org.junit.internal.runners.ClassRoadie.runProtected(ClassRoadie.java:44)
	org.powermock.modules.junit4.internal.impl.PowerMockJUnit44RunnerDelegateImpl.run(PowerMockJUnit44RunnerDelegateImpl.java:136)
	org.powermock.modules.junit4.common.internal.impl.JUnit4TestSuiteChunkerImpl.run(JUnit4TestSuiteChunkerImpl.java:117)
	org.powermock.modules.junit4.common.internal.impl.AbstractCommonPowerMockRunner.run(AbstractCommonPowerMockRunner.java:57)
	org.powermock.modules.junit4.PowerMockRunner.run(PowerMockRunner.java:59)
	org.apache.maven.surefire.junit4.JUnit4Provider.execute(JUnit4Provider.java:365)
	org.apache.maven.surefire.junit4.JUnit4Provider.executeWithRerun(JUnit4Provider.java:290)
	org.apache.maven.surefire.junit4.JUnit4Provider.executeTestSet(JUnit4Provider.java:238)
	org.apache.maven.surefire.junit4.JUnit4Provider.invoke(JUnit4Provider.java:159)
	org.apache.maven.surefire.booter.ForkedBooter.invokeProviderInSameClassLoader(ForkedBooter.java:379)
	org.apache.maven.surefire.booter.ForkedBooter.runSuitesInProcess(ForkedBooter.java:340)
	org.apache.maven.surefire.booter.ForkedBooter.execute(ForkedBooter.java:125)
	org.apache.maven.surefire.booter.ForkedBooter.main(ForkedBooter.java:413)
: 7 leak records were discarded because they were duplicates
: 193 leak records were discarded because the leak record count is targeted to 4. Use system property io.netty.leakDetection.targetRecords to increase the limit.
2020-08-10 23:35:53,716 - ERROR - [main:ResourceLeakDetector@317] - LEAK: ByteBuf.release() was not called before it's garbage-collected. See http://netty.io/wiki/reference-counted-objects.html for more information.
Recent access records: 
#1:
	io.netty.buffer.AdvancedLeakAwareByteBuf.internalNioBuffer(AdvancedLeakAwareByteBuf.java:736)
	org.apache.bookkeeper.bookie.BufferedChannel.flush(BufferedChannel.java:192)
	org.apache.bookkeeper.bookie.BufferedChannel.flushAndForceWrite(BufferedChannel.java:166)
	org.apache.bookkeeper.bookie.BookieJournalTest.writeV4Journal(BookieJournalTest.java:295)
	org.apache.bookkeeper.bookie.BookieJournalTest.testV4Journal(BookieJournalTest.java:392)
	java.base/jdk.internal.reflect.NativeMethodAccessorImpl.invoke0(Native Method)
	java.base/jdk.internal.reflect.NativeMethodAccessorImpl.invoke(NativeMethodAccessorImpl.java:62)
	java.base/jdk.internal.reflect.DelegatingMethodAccessorImpl.invoke(DelegatingMethodAccessorImpl.java:43)
	java.base/java.lang.reflect.Method.invoke(Method.java:566)
	org.junit.internal.runners.TestMethod.invoke(TestMethod.java:68)
	org.powermock.modules.junit4.internal.impl.PowerMockJUnit44RunnerDelegateImpl$PowerMockJUnit44MethodRunner.runTestMethod(PowerMockJUnit44RunnerDelegateImpl.java:326)
	org.junit.internal.runners.MethodRoadie$2.run(MethodRoadie.java:89)
	org.junit.internal.runners.MethodRoadie.runBeforesThenTestThenAfters(MethodRoadie.java:97)
	org.powermock.modules.junit4.internal.impl.PowerMockJUnit44RunnerDelegateImpl$PowerMockJUnit44MethodRunner.executeTest(PowerMockJUnit44RunnerDelegateImpl.java:310)
	org.powermock.modules.junit4.internal.impl.PowerMockJUnit47RunnerDelegateImpl$PowerMockJUnit47MethodRunner.executeTestInSuper(PowerMockJUnit47RunnerDelegateImpl.java:131)
	org.powermock.modules.junit4.internal.impl.PowerMockJUnit47RunnerDelegateImpl$PowerMockJUnit47MethodRunner.access$100(PowerMockJUnit47RunnerDelegateImpl.java:59)
	org.powermock.modules.junit4.internal.impl.PowerMockJUnit47RunnerDelegateImpl$PowerMockJUnit47MethodRunner$TestExecutorStatement.evaluate(PowerMockJUnit47RunnerDelegateImpl.java:147)
	org.powermock.modules.junit4.internal.impl.PowerMockJUnit47RunnerDelegateImpl$PowerMockJUnit47MethodRunner.evaluateStatement(PowerMockJUnit47RunnerDelegateImpl.java:107)
	org.powermock.modules.junit4.internal.impl.PowerMockJUnit47RunnerDelegateImpl$PowerMockJUnit47MethodRunner.executeTest(PowerMockJUnit47RunnerDelegateImpl.java:82)
	org.powermock.modules.junit4.internal.impl.PowerMockJUnit44RunnerDelegateImpl$PowerMockJUnit44MethodRunner.runBeforesThenTestThenAfters(PowerMockJUnit44RunnerDelegateImpl.java:298)
	org.junit.internal.runners.MethodRoadie.runTest(MethodRoadie.java:87)
	org.junit.internal.runners.MethodRoadie.run(MethodRoadie.java:50)
	org.powermock.modules.junit4.internal.impl.PowerMockJUnit44RunnerDelegateImpl.invokeTestMethod(PowerMockJUnit44RunnerDelegateImpl.java:218)
	org.powermock.modules.junit4.internal.impl.PowerMockJUnit44RunnerDelegateImpl.runMethods(PowerMockJUnit44RunnerDelegateImpl.java:160)
	org.powermock.modules.junit4.internal.impl.PowerMockJUnit44RunnerDelegateImpl$1.run(PowerMockJUnit44RunnerDelegateImpl.java:134)
	org.junit.internal.runners.ClassRoadie.runUnprotected(ClassRoadie.java:34)
	org.junit.internal.runners.ClassRoadie.runProtected(ClassRoadie.java:44)
	org.powermock.modules.junit4.internal.impl.PowerMockJUnit44RunnerDelegateImpl.run(PowerMockJUnit44RunnerDelegateImpl.java:136)
	org.powermock.modules.junit4.common.internal.impl.JUnit4TestSuiteChunkerImpl.run(JUnit4TestSuiteChunkerImpl.java:117)
	org.powermock.modules.junit4.common.internal.impl.AbstractCommonPowerMockRunner.run(AbstractCommonPowerMockRunner.java:57)
	org.powermock.modules.junit4.PowerMockRunner.run(PowerMockRunner.java:59)
	org.apache.maven.surefire.junit4.JUnit4Provider.execute(JUnit4Provider.java:365)
	org.apache.maven.surefire.junit4.JUnit4Provider.executeWithRerun(JUnit4Provider.java:290)
	org.apache.maven.surefire.junit4.JUnit4Provider.executeTestSet(JUnit4Provider.java:238)
	org.apache.maven.surefire.junit4.JUnit4Provider.invoke(JUnit4Provider.java:159)
	org.apache.maven.surefire.booter.ForkedBooter.invokeProviderInSameClassLoader(ForkedBooter.java:379)
	org.apache.maven.surefire.booter.ForkedBooter.runSuitesInProcess(ForkedBooter.java:340)
	org.apache.maven.surefire.booter.ForkedBooter.execute(ForkedBooter.java:125)
	org.apache.maven.surefire.booter.ForkedBooter.main(ForkedBooter.java:413)
#2:
	io.netty.buffer.AdvancedLeakAwareByteBuf.writeBytes(AdvancedLeakAwareByteBuf.java:604)
	org.apache.bookkeeper.bookie.BufferedChannel.write(BufferedChannel.java:117)
	org.apache.bookkeeper.bookie.BookieJournalTest.writeV4Journal(BookieJournalTest.java:286)
	org.apache.bookkeeper.bookie.BookieJournalTest.testV4Journal(BookieJournalTest.java:392)
	java.base/jdk.internal.reflect.NativeMethodAccessorImpl.invoke0(Native Method)
	java.base/jdk.internal.reflect.NativeMethodAccessorImpl.invoke(NativeMethodAccessorImpl.java:62)
	java.base/jdk.internal.reflect.DelegatingMethodAccessorImpl.invoke(DelegatingMethodAccessorImpl.java:43)
	java.base/java.lang.reflect.Method.invoke(Method.java:566)
	org.junit.internal.runners.TestMethod.invoke(TestMethod.java:68)
	org.powermock.modules.junit4.internal.impl.PowerMockJUnit44RunnerDelegateImpl$PowerMockJUnit44MethodRunner.runTestMethod(PowerMockJUnit44RunnerDelegateImpl.java:326)
	org.junit.internal.runners.MethodRoadie$2.run(MethodRoadie.java:89)
	org.junit.internal.runners.MethodRoadie.runBeforesThenTestThenAfters(MethodRoadie.java:97)
	org.powermock.modules.junit4.internal.impl.PowerMockJUnit44RunnerDelegateImpl$PowerMockJUnit44MethodRunner.executeTest(PowerMockJUnit44RunnerDelegateImpl.java:310)
	org.powermock.modules.junit4.internal.impl.PowerMockJUnit47RunnerDelegateImpl$PowerMockJUnit47MethodRunner.executeTestInSuper(PowerMockJUnit47RunnerDelegateImpl.java:131)
	org.powermock.modules.junit4.internal.impl.PowerMockJUnit47RunnerDelegateImpl$PowerMockJUnit47MethodRunner.access$100(PowerMockJUnit47RunnerDelegateImpl.java:59)
	org.powermock.modules.junit4.internal.impl.PowerMockJUnit47RunnerDelegateImpl$PowerMockJUnit47MethodRunner$TestExecutorStatement.evaluate(PowerMockJUnit47RunnerDelegateImpl.java:147)
	org.powermock.modules.junit4.internal.impl.PowerMockJUnit47RunnerDelegateImpl$PowerMockJUnit47MethodRunner.evaluateStatement(PowerMockJUnit47RunnerDelegateImpl.java:107)
	org.powermock.modules.junit4.internal.impl.PowerMockJUnit47RunnerDelegateImpl$PowerMockJUnit47MethodRunner.executeTest(PowerMockJUnit47RunnerDelegateImpl.java:82)
	org.powermock.modules.junit4.internal.impl.PowerMockJUnit44RunnerDelegateImpl$PowerMockJUnit44MethodRunner.runBeforesThenTestThenAfters(PowerMockJUnit44RunnerDelegateImpl.java:298)
	org.junit.internal.runners.MethodRoadie.runTest(MethodRoadie.java:87)
	org.junit.internal.runners.MethodRoadie.run(MethodRoadie.java:50)
	org.powermock.modules.junit4.internal.impl.PowerMockJUnit44RunnerDelegateImpl.invokeTestMethod(PowerMockJUnit44RunnerDelegateImpl.java:218)
	org.powermock.modules.junit4.internal.impl.PowerMockJUnit44RunnerDelegateImpl.runMethods(PowerMockJUnit44RunnerDelegateImpl.java:160)
	org.powermock.modules.junit4.internal.impl.PowerMockJUnit44RunnerDelegateImpl$1.run(PowerMockJUnit44RunnerDelegateImpl.java:134)
	org.junit.internal.runners.ClassRoadie.runUnprotected(ClassRoadie.java:34)
	org.junit.internal.runners.ClassRoadie.runProtected(ClassRoadie.java:44)
	org.powermock.modules.junit4.internal.impl.PowerMockJUnit44RunnerDelegateImpl.run(PowerMockJUnit44RunnerDelegateImpl.java:136)
	org.powermock.modules.junit4.common.internal.impl.JUnit4TestSuiteChunkerImpl.run(JUnit4TestSuiteChunkerImpl.java:117)
	org.powermock.modules.junit4.common.internal.impl.AbstractCommonPowerMockRunner.run(AbstractCommonPowerMockRunner.java:57)
	org.powermock.modules.junit4.PowerMockRunner.run(PowerMockRunner.java:59)
	org.apache.maven.surefire.junit4.JUnit4Provider.execute(JUnit4Provider.java:365)
	org.apache.maven.surefire.junit4.JUnit4Provider.executeWithRerun(JUnit4Provider.java:290)
	org.apache.maven.surefire.junit4.JUnit4Provider.executeTestSet(JUnit4Provider.java:238)
	org.apache.maven.surefire.junit4.JUnit4Provider.invoke(JUnit4Provider.java:159)
	org.apache.maven.surefire.booter.ForkedBooter.invokeProviderInSameClassLoader(ForkedBooter.java:379)
	org.apache.maven.surefire.booter.ForkedBooter.runSuitesInProcess(ForkedBooter.java:340)
	org.apache.maven.surefire.booter.ForkedBooter.execute(ForkedBooter.java:125)
	org.apache.maven.surefire.booter.ForkedBooter.main(ForkedBooter.java:413)
#3:
	io.netty.buffer.AdvancedLeakAwareByteBuf.writeBytes(AdvancedLeakAwareByteBuf.java:604)
	org.apache.bookkeeper.bookie.BufferedChannel.write(BufferedChannel.java:117)
	org.apache.bookkeeper.bookie.BookieJournalTest.writeV4Journal(BookieJournalTest.java:285)
	org.apache.bookkeeper.bookie.BookieJournalTest.testV4Journal(BookieJournalTest.java:392)
	java.base/jdk.internal.reflect.NativeMethodAccessorImpl.invoke0(Native Method)
	java.base/jdk.internal.reflect.NativeMethodAccessorImpl.invoke(NativeMethodAccessorImpl.java:62)
	java.base/jdk.internal.reflect.DelegatingMethodAccessorImpl.invoke(DelegatingMethodAccessorImpl.java:43)
	java.base/java.lang.reflect.Method.invoke(Method.java:566)
	org.junit.internal.runners.TestMethod.invoke(TestMethod.java:68)
	org.powermock.modules.junit4.internal.impl.PowerMockJUnit44RunnerDelegateImpl$PowerMockJUnit44MethodRunner.runTestMethod(PowerMockJUnit44RunnerDelegateImpl.java:326)
	org.junit.internal.runners.MethodRoadie$2.run(MethodRoadie.java:89)
	org.junit.internal.runners.MethodRoadie.runBeforesThenTestThenAfters(MethodRoadie.java:97)
	org.powermock.modules.junit4.internal.impl.PowerMockJUnit44RunnerDelegateImpl$PowerMockJUnit44MethodRunner.executeTest(PowerMockJUnit44RunnerDelegateImpl.java:310)
	org.powermock.modules.junit4.internal.impl.PowerMockJUnit47RunnerDelegateImpl$PowerMockJUnit47MethodRunner.executeTestInSuper(PowerMockJUnit47RunnerDelegateImpl.java:131)
	org.powermock.modules.junit4.internal.impl.PowerMockJUnit47RunnerDelegateImpl$PowerMockJUnit47MethodRunner.access$100(PowerMockJUnit47RunnerDelegateImpl.java:59)
	org.powermock.modules.junit4.internal.impl.PowerMockJUnit47RunnerDelegateImpl$PowerMockJUnit47MethodRunner$TestExecutorStatement.evaluate(PowerMockJUnit47RunnerDelegateImpl.java:147)
	org.powermock.modules.junit4.internal.impl.PowerMockJUnit47RunnerDelegateImpl$PowerMockJUnit47MethodRunner.evaluateStatement(PowerMockJUnit47RunnerDelegateImpl.java:107)
	org.powermock.modules.junit4.internal.impl.PowerMockJUnit47RunnerDelegateImpl$PowerMockJUnit47MethodRunner.executeTest(PowerMockJUnit47RunnerDelegateImpl.java:82)
	org.powermock.modules.junit4.internal.impl.PowerMockJUnit44RunnerDelegateImpl$PowerMockJUnit44MethodRunner.runBeforesThenTestThenAfters(PowerMockJUnit44RunnerDelegateImpl.java:298)
	org.junit.internal.runners.MethodRoadie.runTest(MethodRoadie.java:87)
	org.junit.internal.runners.MethodRoadie.run(MethodRoadie.java:50)
	org.powermock.modules.junit4.internal.impl.PowerMockJUnit44RunnerDelegateImpl.invokeTestMethod(PowerMockJUnit44RunnerDelegateImpl.java:218)
	org.powermock.modules.junit4.internal.impl.PowerMockJUnit44RunnerDelegateImpl.runMethods(PowerMockJUnit44RunnerDelegateImpl.java:160)
	org.powermock.modules.junit4.internal.impl.PowerMockJUnit44RunnerDelegateImpl$1.run(PowerMockJUnit44RunnerDelegateImpl.java:134)
	org.junit.internal.runners.ClassRoadie.runUnprotected(ClassRoadie.java:34)
	org.junit.internal.runners.ClassRoadie.runProtected(ClassRoadie.java:44)
	org.powermock.modules.junit4.internal.impl.PowerMockJUnit44RunnerDelegateImpl.run(PowerMockJUnit44RunnerDelegateImpl.java:136)
	org.powermock.modules.junit4.common.internal.impl.JUnit4TestSuiteChunkerImpl.run(JUnit4TestSuiteChunkerImpl.java:117)
	org.powermock.modules.junit4.common.internal.impl.AbstractCommonPowerMockRunner.run(AbstractCommonPowerMockRunner.java:57)
	org.powermock.modules.junit4.PowerMockRunner.run(PowerMockRunner.java:59)
	org.apache.maven.surefire.junit4.JUnit4Provider.execute(JUnit4Provider.java:365)
	org.apache.maven.surefire.junit4.JUnit4Provider.executeWithRerun(JUnit4Provider.java:290)
	org.apache.maven.surefire.junit4.JUnit4Provider.executeTestSet(JUnit4Provider.java:238)
	org.apache.maven.surefire.junit4.JUnit4Provider.invoke(JUnit4Provider.java:159)
	org.apache.maven.surefire.booter.ForkedBooter.invokeProviderInSameClassLoader(ForkedBooter.java:379)
	org.apache.maven.surefire.booter.ForkedBooter.runSuitesInProcess(ForkedBooter.java:340)
	org.apache.maven.surefire.booter.ForkedBooter.execute(ForkedBooter.java:125)
	org.apache.maven.surefire.booter.ForkedBooter.main(ForkedBooter.java:413)
Created at:
	io.netty.buffer.UnpooledByteBufAllocator.newDirectBuffer(UnpooledByteBufAllocator.java:96)
	io.netty.buffer.AbstractByteBufAllocator.directBuffer(AbstractByteBufAllocator.java:185)
	io.netty.buffer.AbstractByteBufAllocator.directBuffer(AbstractByteBufAllocator.java:176)
	org.apache.bookkeeper.bookie.BufferedChannel.<init>(BufferedChannel.java:86)
	org.apache.bookkeeper.bookie.BufferedChannel.<init>(BufferedChannel.java:77)
	org.apache.bookkeeper.bookie.BufferedChannel.<init>(BufferedChannel.java:71)
	org.apache.bookkeeper.bookie.Journal$BufferedChannelBuilder.lambda$static$0(Journal.java:91)
	org.apache.bookkeeper.bookie.JournalChannel.<init>(JournalChannel.java:178)
	org.apache.bookkeeper.bookie.JournalChannel.<init>(JournalChannel.java:101)
	org.apache.bookkeeper.bookie.JournalChannel.<init>(JournalChannel.java:90)
	org.apache.bookkeeper.bookie.BookieJournalTest.writeV4Journal(BookieJournalTest.java:265)
	org.apache.bookkeeper.bookie.BookieJournalTest.testV4Journal(BookieJournalTest.java:392)
	java.base/jdk.internal.reflect.NativeMethodAccessorImpl.invoke0(Native Method)
	java.base/jdk.internal.reflect.NativeMethodAccessorImpl.invoke(NativeMethodAccessorImpl.java:62)
	java.base/jdk.internal.reflect.DelegatingMethodAccessorImpl.invoke(DelegatingMethodAccessorImpl.java:43)
	java.base/java.lang.reflect.Method.invoke(Method.java:566)
	org.junit.internal.runners.TestMethod.invoke(TestMethod.java:68)
	org.powermock.modules.junit4.internal.impl.PowerMockJUnit44RunnerDelegateImpl$PowerMockJUnit44MethodRunner.runTestMethod(PowerMockJUnit44RunnerDelegateImpl.java:326)
	org.junit.internal.runners.MethodRoadie$2.run(MethodRoadie.java:89)
	org.junit.internal.runners.MethodRoadie.runBeforesThenTestThenAfters(MethodRoadie.java:97)
	org.powermock.modules.junit4.internal.impl.PowerMockJUnit44RunnerDelegateImpl$PowerMockJUnit44MethodRunner.executeTest(PowerMockJUnit44RunnerDelegateImpl.java:310)
	org.powermock.modules.junit4.internal.impl.PowerMockJUnit47RunnerDelegateImpl$PowerMockJUnit47MethodRunner.executeTestInSuper(PowerMockJUnit47RunnerDelegateImpl.java:131)
	org.powermock.modules.junit4.internal.impl.PowerMockJUnit47RunnerDelegateImpl$PowerMockJUnit47MethodRunner.access$100(PowerMockJUnit47RunnerDelegateImpl.java:59)
	org.powermock.modules.junit4.internal.impl.PowerMockJUnit47RunnerDelegateImpl$PowerMockJUnit47MethodRunner$TestExecutorStatement.evaluate(PowerMockJUnit47RunnerDelegateImpl.java:147)
	org.powermock.modules.junit4.internal.impl.PowerMockJUnit47RunnerDelegateImpl$PowerMockJUnit47MethodRunner.evaluateStatement(PowerMockJUnit47RunnerDelegateImpl.java:107)
	org.powermock.modules.junit4.internal.impl.PowerMockJUnit47RunnerDelegateImpl$PowerMockJUnit47MethodRunner.executeTest(PowerMockJUnit47RunnerDelegateImpl.java:82)
	org.powermock.modules.junit4.internal.impl.PowerMockJUnit44RunnerDelegateImpl$PowerMockJUnit44MethodRunner.runBeforesThenTestThenAfters(PowerMockJUnit44RunnerDelegateImpl.java:298)
	org.junit.internal.runners.MethodRoadie.runTest(MethodRoadie.java:87)
	org.junit.internal.runners.MethodRoadie.run(MethodRoadie.java:50)
	org.powermock.modules.junit4.internal.impl.PowerMockJUnit44RunnerDelegateImpl.invokeTestMethod(PowerMockJUnit44RunnerDelegateImpl.java:218)
	org.powermock.modules.junit4.internal.impl.PowerMockJUnit44RunnerDelegateImpl.runMethods(PowerMockJUnit44RunnerDelegateImpl.java:160)
	org.powermock.modules.junit4.internal.impl.PowerMockJUnit44RunnerDelegateImpl$1.run(PowerMockJUnit44RunnerDelegateImpl.java:134)
	org.junit.internal.runners.ClassRoadie.runUnprotected(ClassRoadie.java:34)
	org.junit.internal.runners.ClassRoadie.runProtected(ClassRoadie.java:44)
	org.powermock.modules.junit4.internal.impl.PowerMockJUnit44RunnerDelegateImpl.run(PowerMockJUnit44RunnerDelegateImpl.java:136)
	org.powermock.modules.junit4.common.internal.impl.JUnit4TestSuiteChunkerImpl.run(JUnit4TestSuiteChunkerImpl.java:117)
	org.powermock.modules.junit4.common.internal.impl.AbstractCommonPowerMockRunner.run(AbstractCommonPowerMockRunner.java:57)
	org.powermock.modules.junit4.PowerMockRunner.run(PowerMockRunner.java:59)
	org.apache.maven.surefire.junit4.JUnit4Provider.execute(JUnit4Provider.java:365)
	org.apache.maven.surefire.junit4.JUnit4Provider.executeWithRerun(JUnit4Provider.java:290)
	org.apache.maven.surefire.junit4.JUnit4Provider.executeTestSet(JUnit4Provider.java:238)
	org.apache.maven.surefire.junit4.JUnit4Provider.invoke(JUnit4Provider.java:159)
	org.apache.maven.surefire.booter.ForkedBooter.invokeProviderInSameClassLoader(ForkedBooter.java:379)
	org.apache.maven.surefire.booter.ForkedBooter.runSuitesInProcess(ForkedBooter.java:340)
	org.apache.maven.surefire.booter.ForkedBooter.execute(ForkedBooter.java:125)
	org.apache.maven.surefire.booter.ForkedBooter.main(ForkedBooter.java:413)
: 8 leak records were discarded because they were duplicates
: 196 leak records were discarded because the leak record count is targeted to 4. Use system property io.netty.leakDetection.targetRecords to increase the limit.
2020-08-10 23:35:53,779 - ERROR - [main:ResourceLeakDetector@317] - LEAK: ByteBuf.release() was not called before it's garbage-collected. See http://netty.io/wiki/reference-counted-objects.html for more information.
Recent access records: 
#1:
	io.netty.buffer.AdvancedLeakAwareByteBuf.internalNioBuffer(AdvancedLeakAwareByteBuf.java:736)
	org.apache.bookkeeper.bookie.BufferedChannel.flush(BufferedChannel.java:192)
	org.apache.bookkeeper.bookie.BufferedChannel.flushAndForceWrite(BufferedChannel.java:166)
	org.apache.bookkeeper.bookie.BookieJournalTest.writeV5Journal(BookieJournalTest.java:345)
	org.apache.bookkeeper.bookie.BookieJournalTest.writeV5Journal(BookieJournalTest.java:302)
	org.apache.bookkeeper.bookie.BookieJournalTest.testV5Journal(BookieJournalTest.java:421)
	java.base/jdk.internal.reflect.NativeMethodAccessorImpl.invoke0(Native Method)
	java.base/jdk.internal.reflect.NativeMethodAccessorImpl.invoke(NativeMethodAccessorImpl.java:62)
	java.base/jdk.internal.reflect.DelegatingMethodAccessorImpl.invoke(DelegatingMethodAccessorImpl.java:43)
	java.base/java.lang.reflect.Method.invoke(Method.java:566)
	org.junit.internal.runners.TestMethod.invoke(TestMethod.java:68)
	org.powermock.modules.junit4.internal.impl.PowerMockJUnit44RunnerDelegateImpl$PowerMockJUnit44MethodRunner.runTestMethod(PowerMockJUnit44RunnerDelegateImpl.java:326)
	org.junit.internal.runners.MethodRoadie$2.run(MethodRoadie.java:89)
	org.junit.internal.runners.MethodRoadie.runBeforesThenTestThenAfters(MethodRoadie.java:97)
	org.powermock.modules.junit4.internal.impl.PowerMockJUnit44RunnerDelegateImpl$PowerMockJUnit44MethodRunner.executeTest(PowerMockJUnit44RunnerDelegateImpl.java:310)
	org.powermock.modules.junit4.internal.impl.PowerMockJUnit47RunnerDelegateImpl$PowerMockJUnit47MethodRunner.executeTestInSuper(PowerMockJUnit47RunnerDelegateImpl.java:131)
	org.powermock.modules.junit4.internal.impl.PowerMockJUnit47RunnerDelegateImpl$PowerMockJUnit47MethodRunner.access$100(PowerMockJUnit47RunnerDelegateImpl.java:59)
	org.powermock.modules.junit4.internal.impl.PowerMockJUnit47RunnerDelegateImpl$PowerMockJUnit47MethodRunner$TestExecutorStatement.evaluate(PowerMockJUnit47RunnerDelegateImpl.java:147)
	org.powermock.modules.junit4.internal.impl.PowerMockJUnit47RunnerDelegateImpl$PowerMockJUnit47MethodRunner.evaluateStatement(PowerMockJUnit47RunnerDelegateImpl.java:107)
	org.powermock.modules.junit4.internal.impl.PowerMockJUnit47RunnerDelegateImpl$PowerMockJUnit47MethodRunner.executeTest(PowerMockJUnit47RunnerDelegateImpl.java:82)
	org.powermock.modules.junit4.internal.impl.PowerMockJUnit44RunnerDelegateImpl$PowerMockJUnit44MethodRunner.runBeforesThenTestThenAfters(PowerMockJUnit44RunnerDelegateImpl.java:298)
	org.junit.internal.runners.MethodRoadie.runTest(MethodRoadie.java:87)
	org.junit.internal.runners.MethodRoadie.run(MethodRoadie.java:50)
	org.powermock.modules.junit4.internal.impl.PowerMockJUnit44RunnerDelegateImpl.invokeTestMethod(PowerMockJUnit44RunnerDelegateImpl.java:218)
	org.powermock.modules.junit4.internal.impl.PowerMockJUnit44RunnerDelegateImpl.runMethods(PowerMockJUnit44RunnerDelegateImpl.java:160)
	org.powermock.modules.junit4.internal.impl.PowerMockJUnit44RunnerDelegateImpl$1.run(PowerMockJUnit44RunnerDelegateImpl.java:134)
	org.junit.internal.runners.ClassRoadie.runUnprotected(ClassRoadie.java:34)
	org.junit.internal.runners.ClassRoadie.runProtected(ClassRoadie.java:44)
	org.powermock.modules.junit4.internal.impl.PowerMockJUnit44RunnerDelegateImpl.run(PowerMockJUnit44RunnerDelegateImpl.java:136)
	org.powermock.modules.junit4.common.internal.impl.JUnit4TestSuiteChunkerImpl.run(JUnit4TestSuiteChunkerImpl.java:117)
	org.powermock.modules.junit4.common.internal.impl.AbstractCommonPowerMockRunner.run(AbstractCommonPowerMockRunner.java:57)
	org.powermock.modules.junit4.PowerMockRunner.run(PowerMockRunner.java:59)
	org.apache.maven.surefire.junit4.JUnit4Provider.execute(JUnit4Provider.java:365)
	org.apache.maven.surefire.junit4.JUnit4Provider.executeWithRerun(JUnit4Provider.java:290)
	org.apache.maven.surefire.junit4.JUnit4Provider.executeTestSet(JUnit4Provider.java:238)
	org.apache.maven.surefire.junit4.JUnit4Provider.invoke(JUnit4Provider.java:159)
	org.apache.maven.surefire.booter.ForkedBooter.invokeProviderInSameClassLoader(ForkedBooter.java:379)
	org.apache.maven.surefire.booter.ForkedBooter.runSuitesInProcess(ForkedBooter.java:340)
	org.apache.maven.surefire.booter.ForkedBooter.execute(ForkedBooter.java:125)
	org.apache.maven.surefire.booter.ForkedBooter.main(ForkedBooter.java:413)
#2:
	io.netty.buffer.AdvancedLeakAwareByteBuf.writeBytes(AdvancedLeakAwareByteBuf.java:604)
	org.apache.bookkeeper.bookie.BufferedChannel.write(BufferedChannel.java:117)
	org.apache.bookkeeper.bookie.BookieJournalTest.writeV5Journal(BookieJournalTest.java:334)
	org.apache.bookkeeper.bookie.BookieJournalTest.writeV5Journal(BookieJournalTest.java:302)
	org.apache.bookkeeper.bookie.BookieJournalTest.testV5Journal(BookieJournalTest.java:421)
	java.base/jdk.internal.reflect.NativeMethodAccessorImpl.invoke0(Native Method)
	java.base/jdk.internal.reflect.NativeMethodAccessorImpl.invoke(NativeMethodAccessorImpl.java:62)
	java.base/jdk.internal.reflect.DelegatingMethodAccessorImpl.invoke(DelegatingMethodAccessorImpl.java:43)
	java.base/java.lang.reflect.Method.invoke(Method.java:566)
	org.junit.internal.runners.TestMethod.invoke(TestMethod.java:68)
	org.powermock.modules.junit4.internal.impl.PowerMockJUnit44RunnerDelegateImpl$PowerMockJUnit44MethodRunner.runTestMethod(PowerMockJUnit44RunnerDelegateImpl.java:326)
	org.junit.internal.runners.MethodRoadie$2.run(MethodRoadie.java:89)
	org.junit.internal.runners.MethodRoadie.runBeforesThenTestThenAfters(MethodRoadie.java:97)
	org.powermock.modules.junit4.internal.impl.PowerMockJUnit44RunnerDelegateImpl$PowerMockJUnit44MethodRunner.executeTest(PowerMockJUnit44RunnerDelegateImpl.java:310)
	org.powermock.modules.junit4.internal.impl.PowerMockJUnit47RunnerDelegateImpl$PowerMockJUnit47MethodRunner.executeTestInSuper(PowerMockJUnit47RunnerDelegateImpl.java:131)
	org.powermock.modules.junit4.internal.impl.PowerMockJUnit47RunnerDelegateImpl$PowerMockJUnit47MethodRunner.access$100(PowerMockJUnit47RunnerDelegateImpl.java:59)
	org.powermock.modules.junit4.internal.impl.PowerMockJUnit47RunnerDelegateImpl$PowerMockJUnit47MethodRunner$TestExecutorStatement.evaluate(PowerMockJUnit47RunnerDelegateImpl.java:147)
	org.powermock.modules.junit4.internal.impl.PowerMockJUnit47RunnerDelegateImpl$PowerMockJUnit47MethodRunner.evaluateStatement(PowerMockJUnit47RunnerDelegateImpl.java:107)
	org.powermock.modules.junit4.internal.impl.PowerMockJUnit47RunnerDelegateImpl$PowerMockJUnit47MethodRunner.executeTest(PowerMockJUnit47RunnerDelegateImpl.java:82)
	org.powermock.modules.junit4.internal.impl.PowerMockJUnit44RunnerDelegateImpl$PowerMockJUnit44MethodRunner.runBeforesThenTestThenAfters(PowerMockJUnit44RunnerDelegateImpl.java:298)
	org.junit.internal.runners.MethodRoadie.runTest(MethodRoadie.java:87)
	org.junit.internal.runners.MethodRoadie.run(MethodRoadie.java:50)
	org.powermock.modules.junit4.internal.impl.PowerMockJUnit44RunnerDelegateImpl.invokeTestMethod(PowerMockJUnit44RunnerDelegateImpl.java:218)
	org.powermock.modules.junit4.internal.impl.PowerMockJUnit44RunnerDelegateImpl.runMethods(PowerMockJUnit44RunnerDelegateImpl.java:160)
	org.powermock.modules.junit4.internal.impl.PowerMockJUnit44RunnerDelegateImpl$1.run(PowerMockJUnit44RunnerDelegateImpl.java:134)
	org.junit.internal.runners.ClassRoadie.runUnprotected(ClassRoadie.java:34)
	org.junit.internal.runners.ClassRoadie.runProtected(ClassRoadie.java:44)
	org.powermock.modules.junit4.internal.impl.PowerMockJUnit44RunnerDelegateImpl.run(PowerMockJUnit44RunnerDelegateImpl.java:136)
	org.powermock.modules.junit4.common.internal.impl.JUnit4TestSuiteChunkerImpl.run(JUnit4TestSuiteChunkerImpl.java:117)
	org.powermock.modules.junit4.common.internal.impl.AbstractCommonPowerMockRunner.run(AbstractCommonPowerMockRunner.java:57)
	org.powermock.modules.junit4.PowerMockRunner.run(PowerMockRunner.java:59)
	org.apache.maven.surefire.junit4.JUnit4Provider.execute(JUnit4Provider.java:365)
	org.apache.maven.surefire.junit4.JUnit4Provider.executeWithRerun(JUnit4Provider.java:290)
	org.apache.maven.surefire.junit4.JUnit4Provider.executeTestSet(JUnit4Provider.java:238)
	org.apache.maven.surefire.junit4.JUnit4Provider.invoke(JUnit4Provider.java:159)
	org.apache.maven.surefire.booter.ForkedBooter.invokeProviderInSameClassLoader(ForkedBooter.java:379)
	org.apache.maven.surefire.booter.ForkedBooter.runSuitesInProcess(ForkedBooter.java:340)
	org.apache.maven.surefire.booter.ForkedBooter.execute(ForkedBooter.java:125)
	org.apache.maven.surefire.booter.ForkedBooter.main(ForkedBooter.java:413)
#3:
	io.netty.buffer.AdvancedLeakAwareByteBuf.writeBytes(AdvancedLeakAwareByteBuf.java:604)
	org.apache.bookkeeper.bookie.BufferedChannel.write(BufferedChannel.java:117)
	org.apache.bookkeeper.bookie.BookieJournalTest.writeV5Journal(BookieJournalTest.java:333)
	org.apache.bookkeeper.bookie.BookieJournalTest.writeV5Journal(BookieJournalTest.java:302)
	org.apache.bookkeeper.bookie.BookieJournalTest.testV5Journal(BookieJournalTest.java:421)
	java.base/jdk.internal.reflect.NativeMethodAccessorImpl.invoke0(Native Method)
	java.base/jdk.internal.reflect.NativeMethodAccessorImpl.invoke(NativeMethodAccessorImpl.java:62)
	java.base/jdk.internal.reflect.DelegatingMethodAccessorImpl.invoke(DelegatingMethodAccessorImpl.java:43)
	java.base/java.lang.reflect.Method.invoke(Method.java:566)
	org.junit.internal.runners.TestMethod.invoke(TestMethod.java:68)
	org.powermock.modules.junit4.internal.impl.PowerMockJUnit44RunnerDelegateImpl$PowerMockJUnit44MethodRunner.runTestMethod(PowerMockJUnit44RunnerDelegateImpl.java:326)
	org.junit.internal.runners.MethodRoadie$2.run(MethodRoadie.java:89)
	org.junit.internal.runners.MethodRoadie.runBeforesThenTestThenAfters(MethodRoadie.java:97)
	org.powermock.modules.junit4.internal.impl.PowerMockJUnit44RunnerDelegateImpl$PowerMockJUnit44MethodRunner.executeTest(PowerMockJUnit44RunnerDelegateImpl.java:310)
	org.powermock.modules.junit4.internal.impl.PowerMockJUnit47RunnerDelegateImpl$PowerMockJUnit47MethodRunner.executeTestInSuper(PowerMockJUnit47RunnerDelegateImpl.java:131)
	org.powermock.modules.junit4.internal.impl.PowerMockJUnit47RunnerDelegateImpl$PowerMockJUnit47MethodRunner.access$100(PowerMockJUnit47RunnerDelegateImpl.java:59)
	org.powermock.modules.junit4.internal.impl.PowerMockJUnit47RunnerDelegateImpl$PowerMockJUnit47MethodRunner$TestExecutorStatement.evaluate(PowerMockJUnit47RunnerDelegateImpl.java:147)
	org.powermock.modules.junit4.internal.impl.PowerMockJUnit47RunnerDelegateImpl$PowerMockJUnit47MethodRunner.evaluateStatement(PowerMockJUnit47RunnerDelegateImpl.java:107)
	org.powermock.modules.junit4.internal.impl.PowerMockJUnit47RunnerDelegateImpl$PowerMockJUnit47MethodRunner.executeTest(PowerMockJUnit47RunnerDelegateImpl.java:82)
	org.powermock.modules.junit4.internal.impl.PowerMockJUnit44RunnerDelegateImpl$PowerMockJUnit44MethodRunner.runBeforesThenTestThenAfters(PowerMockJUnit44RunnerDelegateImpl.java:298)
	org.junit.internal.runners.MethodRoadie.runTest(MethodRoadie.java:87)
	org.junit.internal.runners.MethodRoadie.run(MethodRoadie.java:50)
	org.powermock.modules.junit4.internal.impl.PowerMockJUnit44RunnerDelegateImpl.invokeTestMethod(PowerMockJUnit44RunnerDelegateImpl.java:218)
	org.powermock.modules.junit4.internal.impl.PowerMockJUnit44RunnerDelegateImpl.runMethods(PowerMockJUnit44RunnerDelegateImpl.java:160)
	org.powermock.modules.junit4.internal.impl.PowerMockJUnit44RunnerDelegateImpl$1.run(PowerMockJUnit44RunnerDelegateImpl.java:134)
	org.junit.internal.runners.ClassRoadie.runUnprotected(ClassRoadie.java:34)
	org.junit.internal.runners.ClassRoadie.runProtected(ClassRoadie.java:44)
	org.powermock.modules.junit4.internal.impl.PowerMockJUnit44RunnerDelegateImpl.run(PowerMockJUnit44RunnerDelegateImpl.java:136)
	org.powermock.modules.junit4.common.internal.impl.JUnit4TestSuiteChunkerImpl.run(JUnit4TestSuiteChunkerImpl.java:117)
	org.powermock.modules.junit4.common.internal.impl.AbstractCommonPowerMockRunner.run(AbstractCommonPowerMockRunner.java:57)
	org.powermock.modules.junit4.PowerMockRunner.run(PowerMockRunner.java:59)
	org.apache.maven.surefire.junit4.JUnit4Provider.execute(JUnit4Provider.java:365)
	org.apache.maven.surefire.junit4.JUnit4Provider.executeWithRerun(JUnit4Provider.java:290)
	org.apache.maven.surefire.junit4.JUnit4Provider.executeTestSet(JUnit4Provider.java:238)
	org.apache.maven.surefire.junit4.JUnit4Provider.invoke(JUnit4Provider.java:159)
	org.apache.maven.surefire.booter.ForkedBooter.invokeProviderInSameClassLoader(ForkedBooter.java:379)
	org.apache.maven.surefire.booter.ForkedBooter.runSuitesInProcess(ForkedBooter.java:340)
	org.apache.maven.surefire.booter.ForkedBooter.execute(ForkedBooter.java:125)
	org.apache.maven.surefire.booter.ForkedBooter.main(ForkedBooter.java:413)
#4:
	io.netty.buffer.AdvancedLeakAwareByteBuf.writeBytes(AdvancedLeakAwareByteBuf.java:604)
	org.apache.bookkeeper.bookie.BufferedChannel.write(BufferedChannel.java:117)
	org.apache.bookkeeper.bookie.Journal.writePaddingBytes(Journal.java:581)
	org.apache.bookkeeper.bookie.BookieJournalTest.writeV5Journal(BookieJournalTest.java:336)
	org.apache.bookkeeper.bookie.BookieJournalTest.writeV5Journal(BookieJournalTest.java:302)
	org.apache.bookkeeper.bookie.BookieJournalTest.testV5Journal(BookieJournalTest.java:421)
	java.base/jdk.internal.reflect.NativeMethodAccessorImpl.invoke0(Native Method)
	java.base/jdk.internal.reflect.NativeMethodAccessorImpl.invoke(NativeMethodAccessorImpl.java:62)
	java.base/jdk.internal.reflect.DelegatingMethodAccessorImpl.invoke(DelegatingMethodAccessorImpl.java:43)
	java.base/java.lang.reflect.Method.invoke(Method.java:566)
	org.junit.internal.runners.TestMethod.invoke(TestMethod.java:68)
	org.powermock.modules.junit4.internal.impl.PowerMockJUnit44RunnerDelegateImpl$PowerMockJUnit44MethodRunner.runTestMethod(PowerMockJUnit44RunnerDelegateImpl.java:326)
	org.junit.internal.runners.MethodRoadie$2.run(MethodRoadie.java:89)
	org.junit.internal.runners.MethodRoadie.runBeforesThenTestThenAfters(MethodRoadie.java:97)
	org.powermock.modules.junit4.internal.impl.PowerMockJUnit44RunnerDelegateImpl$PowerMockJUnit44MethodRunner.executeTest(PowerMockJUnit44RunnerDelegateImpl.java:310)
	org.powermock.modules.junit4.internal.impl.PowerMockJUnit47RunnerDelegateImpl$PowerMockJUnit47MethodRunner.executeTestInSuper(PowerMockJUnit47RunnerDelegateImpl.java:131)
	org.powermock.modules.junit4.internal.impl.PowerMockJUnit47RunnerDelegateImpl$PowerMockJUnit47MethodRunner.access$100(PowerMockJUnit47RunnerDelegateImpl.java:59)
	org.powermock.modules.junit4.internal.impl.PowerMockJUnit47RunnerDelegateImpl$PowerMockJUnit47MethodRunner$TestExecutorStatement.evaluate(PowerMockJUnit47RunnerDelegateImpl.java:147)
	org.powermock.modules.junit4.internal.impl.PowerMockJUnit47RunnerDelegateImpl$PowerMockJUnit47MethodRunner.evaluateStatement(PowerMockJUnit47RunnerDelegateImpl.java:107)
	org.powermock.modules.junit4.internal.impl.PowerMockJUnit47RunnerDelegateImpl$PowerMockJUnit47MethodRunner.executeTest(PowerMockJUnit47RunnerDelegateImpl.java:82)
	org.powermock.modules.junit4.internal.impl.PowerMockJUnit44RunnerDelegateImpl$PowerMockJUnit44MethodRunner.runBeforesThenTestThenAfters(PowerMockJUnit44RunnerDelegateImpl.java:298)
	org.junit.internal.runners.MethodRoadie.runTest(MethodRoadie.java:87)
	org.junit.internal.runners.MethodRoadie.run(MethodRoadie.java:50)
	org.powermock.modules.junit4.internal.impl.PowerMockJUnit44RunnerDelegateImpl.invokeTestMethod(PowerMockJUnit44RunnerDelegateImpl.java:218)
	org.powermock.modules.junit4.internal.impl.PowerMockJUnit44RunnerDelegateImpl.runMethods(PowerMockJUnit44RunnerDelegateImpl.java:160)
	org.powermock.modules.junit4.internal.impl.PowerMockJUnit44RunnerDelegateImpl$1.run(PowerMockJUnit44RunnerDelegateImpl.java:134)
	org.junit.internal.runners.ClassRoadie.runUnprotected(ClassRoadie.java:34)
	org.junit.internal.runners.ClassRoadie.runProtected(ClassRoadie.java:44)
	org.powermock.modules.junit4.internal.impl.PowerMockJUnit44RunnerDelegateImpl.run(PowerMockJUnit44RunnerDelegateImpl.java:136)
	org.powermock.modules.junit4.common.internal.impl.JUnit4TestSuiteChunkerImpl.run(JUnit4TestSuiteChunkerImpl.java:117)
	org.powermock.modules.junit4.common.internal.impl.AbstractCommonPowerMockRunner.run(AbstractCommonPowerMockRunner.java:57)
	org.powermock.modules.junit4.PowerMockRunner.run(PowerMockRunner.java:59)
	org.apache.maven.surefire.junit4.JUnit4Provider.execute(JUnit4Provider.java:365)
	org.apache.maven.surefire.junit4.JUnit4Provider.executeWithRerun(JUnit4Provider.java:290)
	org.apache.maven.surefire.junit4.JUnit4Provider.executeTestSet(JUnit4Provider.java:238)
	org.apache.maven.surefire.junit4.JUnit4Provider.invoke(JUnit4Provider.java:159)
	org.apache.maven.surefire.booter.ForkedBooter.invokeProviderInSameClassLoader(ForkedBooter.java:379)
	org.apache.maven.surefire.booter.ForkedBooter.runSuitesInProcess(ForkedBooter.java:340)
	org.apache.maven.surefire.booter.ForkedBooter.execute(ForkedBooter.java:125)
	org.apache.maven.surefire.booter.ForkedBooter.main(ForkedBooter.java:413)
Created at:
	io.netty.buffer.UnpooledByteBufAllocator.newDirectBuffer(UnpooledByteBufAllocator.java:96)
	io.netty.buffer.AbstractByteBufAllocator.directBuffer(AbstractByteBufAllocator.java:185)
	io.netty.buffer.AbstractByteBufAllocator.directBuffer(AbstractByteBufAllocator.java:176)
	org.apache.bookkeeper.bookie.BufferedChannel.<init>(BufferedChannel.java:86)
	org.apache.bookkeeper.bookie.BufferedChannel.<init>(BufferedChannel.java:77)
	org.apache.bookkeeper.bookie.BufferedChannel.<init>(BufferedChannel.java:71)
	org.apache.bookkeeper.bookie.Journal$BufferedChannelBuilder.lambda$static$0(Journal.java:91)
	org.apache.bookkeeper.bookie.JournalChannel.<init>(JournalChannel.java:178)
	org.apache.bookkeeper.bookie.JournalChannel.<init>(JournalChannel.java:101)
	org.apache.bookkeeper.bookie.JournalChannel.<init>(JournalChannel.java:90)
	org.apache.bookkeeper.bookie.BookieJournalTest.writeV5Journal(BookieJournalTest.java:308)
	org.apache.bookkeeper.bookie.BookieJournalTest.writeV5Journal(BookieJournalTest.java:302)
	org.apache.bookkeeper.bookie.BookieJournalTest.testV5Journal(BookieJournalTest.java:421)
	java.base/jdk.internal.reflect.NativeMethodAccessorImpl.invoke0(Native Method)
	java.base/jdk.internal.reflect.NativeMethodAccessorImpl.invoke(NativeMethodAccessorImpl.java:62)
	java.base/jdk.internal.reflect.DelegatingMethodAccessorImpl.invoke(DelegatingMethodAccessorImpl.java:43)
	java.base/java.lang.reflect.Method.invoke(Method.java:566)
	org.junit.internal.runners.TestMethod.invoke(TestMethod.java:68)
	org.powermock.modules.junit4.internal.impl.PowerMockJUnit44RunnerDelegateImpl$PowerMockJUnit44MethodRunner.runTestMethod(PowerMockJUnit44RunnerDelegateImpl.java:326)
	org.junit.internal.runners.MethodRoadie$2.run(MethodRoadie.java:89)
	org.junit.internal.runners.MethodRoadie.runBeforesThenTestThenAfters(MethodRoadie.java:97)
	org.powermock.modules.junit4.internal.impl.PowerMockJUnit44RunnerDelegateImpl$PowerMockJUnit44MethodRunner.executeTest(PowerMockJUnit44RunnerDelegateImpl.java:310)
	org.powermock.modules.junit4.internal.impl.PowerMockJUnit47RunnerDelegateImpl$PowerMockJUnit47MethodRunner.executeTestInSuper(PowerMockJUnit47RunnerDelegateImpl.java:131)
	org.powermock.modules.junit4.internal.impl.PowerMockJUnit47RunnerDelegateImpl$PowerMockJUnit47MethodRunner.access$100(PowerMockJUnit47RunnerDelegateImpl.java:59)
	org.powermock.modules.junit4.internal.impl.PowerMockJUnit47RunnerDelegateImpl$PowerMockJUnit47MethodRunner$TestExecutorStatement.evaluate(PowerMockJUnit47RunnerDelegateImpl.java:147)
	org.powermock.modules.junit4.internal.impl.PowerMockJUnit47RunnerDelegateImpl$PowerMockJUnit47MethodRunner.evaluateStatement(PowerMockJUnit47RunnerDelegateImpl.java:107)
	org.powermock.modules.junit4.internal.impl.PowerMockJUnit47RunnerDelegateImpl$PowerMockJUnit47MethodRunner.executeTest(PowerMockJUnit47RunnerDelegateImpl.java:82)
	org.powermock.modules.junit4.internal.impl.PowerMockJUnit44RunnerDelegateImpl$PowerMockJUnit44MethodRunner.runBeforesThenTestThenAfters(PowerMockJUnit44RunnerDelegateImpl.java:298)
	org.junit.internal.runners.MethodRoadie.runTest(MethodRoadie.java:87)
	org.junit.internal.runners.MethodRoadie.run(MethodRoadie.java:50)
	org.powermock.modules.junit4.internal.impl.PowerMockJUnit44RunnerDelegateImpl.invokeTestMethod(PowerMockJUnit44RunnerDelegateImpl.java:218)
	org.powermock.modules.junit4.internal.impl.PowerMockJUnit44RunnerDelegateImpl.runMethods(PowerMockJUnit44RunnerDelegateImpl.java:160)
	org.powermock.modules.junit4.internal.impl.PowerMockJUnit44RunnerDelegateImpl$1.run(PowerMockJUnit44RunnerDelegateImpl.java:134)
	org.junit.internal.runners.ClassRoadie.runUnprotected(ClassRoadie.java:34)
	org.junit.internal.runners.ClassRoadie.runProtected(ClassRoadie.java:44)
	org.powermock.modules.junit4.internal.impl.PowerMockJUnit44RunnerDelegateImpl.run(PowerMockJUnit44RunnerDelegateImpl.java:136)
	org.powermock.modules.junit4.common.internal.impl.JUnit4TestSuiteChunkerImpl.run(JUnit4TestSuiteChunkerImpl.java:117)
	org.powermock.modules.junit4.common.internal.impl.AbstractCommonPowerMockRunner.run(AbstractCommonPowerMockRunner.java:57)
	org.powermock.modules.junit4.PowerMockRunner.run(PowerMockRunner.java:59)
	org.apache.maven.surefire.junit4.JUnit4Provider.execute(JUnit4Provider.java:365)
	org.apache.maven.surefire.junit4.JUnit4Provider.executeWithRerun(JUnit4Provider.java:290)
	org.apache.maven.surefire.junit4.JUnit4Provider.executeTestSet(JUnit4Provider.java:238)
	org.apache.maven.surefire.junit4.JUnit4Provider.invoke(JUnit4Provider.java:159)
	org.apache.maven.surefire.booter.ForkedBooter.invokeProviderInSameClassLoader(ForkedBooter.java:379)
	org.apache.maven.surefire.booter.ForkedBooter.runSuitesInProcess(ForkedBooter.java:340)
	org.apache.maven.surefire.booter.ForkedBooter.execute(ForkedBooter.java:125)
	org.apache.maven.surefire.booter.ForkedBooter.main(ForkedBooter.java:413)
: 10 leak records were discarded because they were duplicates
: 3076 leak records were discarded because the leak record count is targeted to 4. Use system property io.netty.leakDetection.targetRecords to increase the limit.
2020-08-10 23:35:53,786 - ERROR - [main:ResourceLeakDetector@317] - LEAK: ByteBuf.release() was not called before it's garbage-collected. See http://netty.io/wiki/reference-counted-objects.html for more information.
Recent access records: 
#1:
	io.netty.buffer.AdvancedLeakAwareByteBuf.internalNioBuffer(AdvancedLeakAwareByteBuf.java:736)
	org.apache.bookkeeper.bookie.BufferedChannel.flush(BufferedChannel.java:192)
	org.apache.bookkeeper.bookie.BufferedChannel.flushAndForceWrite(BufferedChannel.java:166)
	org.apache.bookkeeper.bookie.BookieJournalTest.writeV3Journal(BookieJournalTest.java:256)
	org.apache.bookkeeper.bookie.BookieJournalTest.testPartialFileInfoPostV3Journal(BookieJournalTest.java:785)
	org.apache.bookkeeper.bookie.BookieJournalTest.testPartialFileInfoPostV3Journal2(BookieJournalTest.java:769)
	java.base/jdk.internal.reflect.NativeMethodAccessorImpl.invoke0(Native Method)
	java.base/jdk.internal.reflect.NativeMethodAccessorImpl.invoke(NativeMethodAccessorImpl.java:62)
	java.base/jdk.internal.reflect.DelegatingMethodAccessorImpl.invoke(DelegatingMethodAccessorImpl.java:43)
	java.base/java.lang.reflect.Method.invoke(Method.java:566)
	org.junit.internal.runners.TestMethod.invoke(TestMethod.java:68)
	org.powermock.modules.junit4.internal.impl.PowerMockJUnit44RunnerDelegateImpl$PowerMockJUnit44MethodRunner.runTestMethod(PowerMockJUnit44RunnerDelegateImpl.java:326)
	org.junit.internal.runners.MethodRoadie$2.run(MethodRoadie.java:89)
	org.junit.internal.runners.MethodRoadie.runBeforesThenTestThenAfters(MethodRoadie.java:97)
	org.powermock.modules.junit4.internal.impl.PowerMockJUnit44RunnerDelegateImpl$PowerMockJUnit44MethodRunner.executeTest(PowerMockJUnit44RunnerDelegateImpl.java:310)
	org.powermock.modules.junit4.internal.impl.PowerMockJUnit47RunnerDelegateImpl$PowerMockJUnit47MethodRunner.executeTestInSuper(PowerMockJUnit47RunnerDelegateImpl.java:131)
	org.powermock.modules.junit4.internal.impl.PowerMockJUnit47RunnerDelegateImpl$PowerMockJUnit47MethodRunner.access$100(PowerMockJUnit47RunnerDelegateImpl.java:59)
	org.powermock.modules.junit4.internal.impl.PowerMockJUnit47RunnerDelegateImpl$PowerMockJUnit47MethodRunner$TestExecutorStatement.evaluate(PowerMockJUnit47RunnerDelegateImpl.java:147)
	org.powermock.modules.junit4.internal.impl.PowerMockJUnit47RunnerDelegateImpl$PowerMockJUnit47MethodRunner.evaluateStatement(PowerMockJUnit47RunnerDelegateImpl.java:107)
	org.powermock.modules.junit4.internal.impl.PowerMockJUnit47RunnerDelegateImpl$PowerMockJUnit47MethodRunner.executeTest(PowerMockJUnit47RunnerDelegateImpl.java:82)
	org.powermock.modules.junit4.internal.impl.PowerMockJUnit44RunnerDelegateImpl$PowerMockJUnit44MethodRunner.runBeforesThenTestThenAfters(PowerMockJUnit44RunnerDelegateImpl.java:298)
	org.junit.internal.runners.MethodRoadie.runTest(MethodRoadie.java:87)
	org.junit.internal.runners.MethodRoadie.run(MethodRoadie.java:50)
	org.powermock.modules.junit4.internal.impl.PowerMockJUnit44RunnerDelegateImpl.invokeTestMethod(PowerMockJUnit44RunnerDelegateImpl.java:218)
	org.powermock.modules.junit4.internal.impl.PowerMockJUnit44RunnerDelegateImpl.runMethods(PowerMockJUnit44RunnerDelegateImpl.java:160)
	org.powermock.modules.junit4.internal.impl.PowerMockJUnit44RunnerDelegateImpl$1.run(PowerMockJUnit44RunnerDelegateImpl.java:134)
	org.junit.internal.runners.ClassRoadie.runUnprotected(ClassRoadie.java:34)
	org.junit.internal.runners.ClassRoadie.runProtected(ClassRoadie.java:44)
	org.powermock.modules.junit4.internal.impl.PowerMockJUnit44RunnerDelegateImpl.run(PowerMockJUnit44RunnerDelegateImpl.java:136)
	org.powermock.modules.junit4.common.internal.impl.JUnit4TestSuiteChunkerImpl.run(JUnit4TestSuiteChunkerImpl.java:117)
	org.powermock.modules.junit4.common.internal.impl.AbstractCommonPowerMockRunner.run(AbstractCommonPowerMockRunner.java:57)
	org.powermock.modules.junit4.PowerMockRunner.run(PowerMockRunner.java:59)
	org.apache.maven.surefire.junit4.JUnit4Provider.execute(JUnit4Provider.java:365)
	org.apache.maven.surefire.junit4.JUnit4Provider.executeWithRerun(JUnit4Provider.java:290)
	org.apache.maven.surefire.junit4.JUnit4Provider.executeTestSet(JUnit4Provider.java:238)
	org.apache.maven.surefire.junit4.JUnit4Provider.invoke(JUnit4Provider.java:159)
	org.apache.maven.surefire.booter.ForkedBooter.invokeProviderInSameClassLoader(ForkedBooter.java:379)
	org.apache.maven.surefire.booter.ForkedBooter.runSuitesInProcess(ForkedBooter.java:340)
	org.apache.maven.surefire.booter.ForkedBooter.execute(ForkedBooter.java:125)
	org.apache.maven.surefire.booter.ForkedBooter.main(ForkedBooter.java:413)
#2:
	io.netty.buffer.AdvancedLeakAwareByteBuf.writeBytes(AdvancedLeakAwareByteBuf.java:604)
	org.apache.bookkeeper.bookie.BufferedChannel.write(BufferedChannel.java:117)
	org.apache.bookkeeper.bookie.BookieJournalTest.writeV3Journal(BookieJournalTest.java:253)
	org.apache.bookkeeper.bookie.BookieJournalTest.testPartialFileInfoPostV3Journal(BookieJournalTest.java:785)
	org.apache.bookkeeper.bookie.BookieJournalTest.testPartialFileInfoPostV3Journal2(BookieJournalTest.java:769)
	java.base/jdk.internal.reflect.NativeMethodAccessorImpl.invoke0(Native Method)
	java.base/jdk.internal.reflect.NativeMethodAccessorImpl.invoke(NativeMethodAccessorImpl.java:62)
	java.base/jdk.internal.reflect.DelegatingMethodAccessorImpl.invoke(DelegatingMethodAccessorImpl.java:43)
	java.base/java.lang.reflect.Method.invoke(Method.java:566)
	org.junit.internal.runners.TestMethod.invoke(TestMethod.java:68)
	org.powermock.modules.junit4.internal.impl.PowerMockJUnit44RunnerDelegateImpl$PowerMockJUnit44MethodRunner.runTestMethod(PowerMockJUnit44RunnerDelegateImpl.java:326)
	org.junit.internal.runners.MethodRoadie$2.run(MethodRoadie.java:89)
	org.junit.internal.runners.MethodRoadie.runBeforesThenTestThenAfters(MethodRoadie.java:97)
	org.powermock.modules.junit4.internal.impl.PowerMockJUnit44RunnerDelegateImpl$PowerMockJUnit44MethodRunner.executeTest(PowerMockJUnit44RunnerDelegateImpl.java:310)
	org.powermock.modules.junit4.internal.impl.PowerMockJUnit47RunnerDelegateImpl$PowerMockJUnit47MethodRunner.executeTestInSuper(PowerMockJUnit47RunnerDelegateImpl.java:131)
	org.powermock.modules.junit4.internal.impl.PowerMockJUnit47RunnerDelegateImpl$PowerMockJUnit47MethodRunner.access$100(PowerMockJUnit47RunnerDelegateImpl.java:59)
	org.powermock.modules.junit4.internal.impl.PowerMockJUnit47RunnerDelegateImpl$PowerMockJUnit47MethodRunner$TestExecutorStatement.evaluate(PowerMockJUnit47RunnerDelegateImpl.java:147)
	org.powermock.modules.junit4.internal.impl.PowerMockJUnit47RunnerDelegateImpl$PowerMockJUnit47MethodRunner.evaluateStatement(PowerMockJUnit47RunnerDelegateImpl.java:107)
	org.powermock.modules.junit4.internal.impl.PowerMockJUnit47RunnerDelegateImpl$PowerMockJUnit47MethodRunner.executeTest(PowerMockJUnit47RunnerDelegateImpl.java:82)
	org.powermock.modules.junit4.internal.impl.PowerMockJUnit44RunnerDelegateImpl$PowerMockJUnit44MethodRunner.runBeforesThenTestThenAfters(PowerMockJUnit44RunnerDelegateImpl.java:298)
	org.junit.internal.runners.MethodRoadie.runTest(MethodRoadie.java:87)
	org.junit.internal.runners.MethodRoadie.run(MethodRoadie.java:50)
	org.powermock.modules.junit4.internal.impl.PowerMockJUnit44RunnerDelegateImpl.invokeTestMethod(PowerMockJUnit44RunnerDelegateImpl.java:218)
	org.powermock.modules.junit4.internal.impl.PowerMockJUnit44RunnerDelegateImpl.runMethods(PowerMockJUnit44RunnerDelegateImpl.java:160)
	org.powermock.modules.junit4.internal.impl.PowerMockJUnit44RunnerDelegateImpl$1.run(PowerMockJUnit44RunnerDelegateImpl.java:134)
	org.junit.internal.runners.ClassRoadie.runUnprotected(ClassRoadie.java:34)
	org.junit.internal.runners.ClassRoadie.runProtected(ClassRoadie.java:44)
	org.powermock.modules.junit4.internal.impl.PowerMockJUnit44RunnerDelegateImpl.run(PowerMockJUnit44RunnerDelegateImpl.java:136)
	org.powermock.modules.junit4.common.internal.impl.JUnit4TestSuiteChunkerImpl.run(JUnit4TestSuiteChunkerImpl.java:117)
	org.powermock.modules.junit4.common.internal.impl.AbstractCommonPowerMockRunner.run(AbstractCommonPowerMockRunner.java:57)
	org.powermock.modules.junit4.PowerMockRunner.run(PowerMockRunner.java:59)
	org.apache.maven.surefire.junit4.JUnit4Provider.execute(JUnit4Provider.java:365)
	org.apache.maven.surefire.junit4.JUnit4Provider.executeWithRerun(JUnit4Provider.java:290)
	org.apache.maven.surefire.junit4.JUnit4Provider.executeTestSet(JUnit4Provider.java:238)
	org.apache.maven.surefire.junit4.JUnit4Provider.invoke(JUnit4Provider.java:159)
	org.apache.maven.surefire.booter.ForkedBooter.invokeProviderInSameClassLoader(ForkedBooter.java:379)
	org.apache.maven.surefire.booter.ForkedBooter.runSuitesInProcess(ForkedBooter.java:340)
	org.apache.maven.surefire.booter.ForkedBooter.execute(ForkedBooter.java:125)
	org.apache.maven.surefire.booter.ForkedBooter.main(ForkedBooter.java:413)
#3:
	io.netty.buffer.AdvancedLeakAwareByteBuf.writeBytes(AdvancedLeakAwareByteBuf.java:604)
	org.apache.bookkeeper.bookie.BufferedChannel.write(BufferedChannel.java:117)
	org.apache.bookkeeper.bookie.BookieJournalTest.writeV3Journal(BookieJournalTest.java:252)
	org.apache.bookkeeper.bookie.BookieJournalTest.testPartialFileInfoPostV3Journal(BookieJournalTest.java:785)
	org.apache.bookkeeper.bookie.BookieJournalTest.testPartialFileInfoPostV3Journal2(BookieJournalTest.java:769)
	java.base/jdk.internal.reflect.NativeMethodAccessorImpl.invoke0(Native Method)
	java.base/jdk.internal.reflect.NativeMethodAccessorImpl.invoke(NativeMethodAccessorImpl.java:62)
	java.base/jdk.internal.reflect.DelegatingMethodAccessorImpl.invoke(DelegatingMethodAccessorImpl.java:43)
	java.base/java.lang.reflect.Method.invoke(Method.java:566)
	org.junit.internal.runners.TestMethod.invoke(TestMethod.java:68)
	org.powermock.modules.junit4.internal.impl.PowerMockJUnit44RunnerDelegateImpl$PowerMockJUnit44MethodRunner.runTestMethod(PowerMockJUnit44RunnerDelegateImpl.java:326)
	org.junit.internal.runners.MethodRoadie$2.run(MethodRoadie.java:89)
	org.junit.internal.runners.MethodRoadie.runBeforesThenTestThenAfters(MethodRoadie.java:97)
	org.powermock.modules.junit4.internal.impl.PowerMockJUnit44RunnerDelegateImpl$PowerMockJUnit44MethodRunner.executeTest(PowerMockJUnit44RunnerDelegateImpl.java:310)
	org.powermock.modules.junit4.internal.impl.PowerMockJUnit47RunnerDelegateImpl$PowerMockJUnit47MethodRunner.executeTestInSuper(PowerMockJUnit47RunnerDelegateImpl.java:131)
	org.powermock.modules.junit4.internal.impl.PowerMockJUnit47RunnerDelegateImpl$PowerMockJUnit47MethodRunner.access$100(PowerMockJUnit47RunnerDelegateImpl.java:59)
	org.powermock.modules.junit4.internal.impl.PowerMockJUnit47RunnerDelegateImpl$PowerMockJUnit47MethodRunner$TestExecutorStatement.evaluate(PowerMockJUnit47RunnerDelegateImpl.java:147)
	org.powermock.modules.junit4.internal.impl.PowerMockJUnit47RunnerDelegateImpl$PowerMockJUnit47MethodRunner.evaluateStatement(PowerMockJUnit47RunnerDelegateImpl.java:107)
	org.powermock.modules.junit4.internal.impl.PowerMockJUnit47RunnerDelegateImpl$PowerMockJUnit47MethodRunner.executeTest(PowerMockJUnit47RunnerDelegateImpl.java:82)
	org.powermock.modules.junit4.internal.impl.PowerMockJUnit44RunnerDelegateImpl$PowerMockJUnit44MethodRunner.runBeforesThenTestThenAfters(PowerMockJUnit44RunnerDelegateImpl.java:298)
	org.junit.internal.runners.MethodRoadie.runTest(MethodRoadie.java:87)
	org.junit.internal.runners.MethodRoadie.run(MethodRoadie.java:50)
	org.powermock.modules.junit4.internal.impl.PowerMockJUnit44RunnerDelegateImpl.invokeTestMethod(PowerMockJUnit44RunnerDelegateImpl.java:218)
	org.powermock.modules.junit4.internal.impl.PowerMockJUnit44RunnerDelegateImpl.runMethods(PowerMockJUnit44RunnerDelegateImpl.java:160)
	org.powermock.modules.junit4.internal.impl.PowerMockJUnit44RunnerDelegateImpl$1.run(PowerMockJUnit44RunnerDelegateImpl.java:134)
	org.junit.internal.runners.ClassRoadie.runUnprotected(ClassRoadie.java:34)
	org.junit.internal.runners.ClassRoadie.runProtected(ClassRoadie.java:44)
	org.powermock.modules.junit4.internal.impl.PowerMockJUnit44RunnerDelegateImpl.run(PowerMockJUnit44RunnerDelegateImpl.java:136)
	org.powermock.modules.junit4.common.internal.impl.JUnit4TestSuiteChunkerImpl.run(JUnit4TestSuiteChunkerImpl.java:117)
	org.powermock.modules.junit4.common.internal.impl.AbstractCommonPowerMockRunner.run(AbstractCommonPowerMockRunner.java:57)
	org.powermock.modules.junit4.PowerMockRunner.run(PowerMockRunner.java:59)
	org.apache.maven.surefire.junit4.JUnit4Provider.execute(JUnit4Provider.java:365)
	org.apache.maven.surefire.junit4.JUnit4Provider.executeWithRerun(JUnit4Provider.java:290)
	org.apache.maven.surefire.junit4.JUnit4Provider.executeTestSet(JUnit4Provider.java:238)
	org.apache.maven.surefire.junit4.JUnit4Provider.invoke(JUnit4Provider.java:159)
	org.apache.maven.surefire.booter.ForkedBooter.invokeProviderInSameClassLoader(ForkedBooter.java:379)
	org.apache.maven.surefire.booter.ForkedBooter.runSuitesInProcess(ForkedBooter.java:340)
	org.apache.maven.surefire.booter.ForkedBooter.execute(ForkedBooter.java:125)
	org.apache.maven.surefire.booter.ForkedBooter.main(ForkedBooter.java:413)
Created at:
	io.netty.buffer.UnpooledByteBufAllocator.newDirectBuffer(UnpooledByteBufAllocator.java:96)
	io.netty.buffer.AbstractByteBufAllocator.directBuffer(AbstractByteBufAllocator.java:185)
	io.netty.buffer.AbstractByteBufAllocator.directBuffer(AbstractByteBufAllocator.java:176)
	org.apache.bookkeeper.bookie.BufferedChannel.<init>(BufferedChannel.java:86)
	org.apache.bookkeeper.bookie.BufferedChannel.<init>(BufferedChannel.java:77)
	org.apache.bookkeeper.bookie.BufferedChannel.<init>(BufferedChannel.java:71)
	org.apache.bookkeeper.bookie.Journal$BufferedChannelBuilder.lambda$static$0(Journal.java:91)
	org.apache.bookkeeper.bookie.JournalChannel.<init>(JournalChannel.java:178)
	org.apache.bookkeeper.bookie.JournalChannel.<init>(JournalChannel.java:101)
	org.apache.bookkeeper.bookie.JournalChannel.<init>(JournalChannel.java:90)
	org.apache.bookkeeper.bookie.BookieJournalTest.writeV3Journal(BookieJournalTest.java:231)
	org.apache.bookkeeper.bookie.BookieJournalTest.testPartialFileInfoPostV3Journal(BookieJournalTest.java:785)
	org.apache.bookkeeper.bookie.BookieJournalTest.testPartialFileInfoPostV3Journal2(BookieJournalTest.java:769)
	java.base/jdk.internal.reflect.NativeMethodAccessorImpl.invoke0(Native Method)
	java.base/jdk.internal.reflect.NativeMethodAccessorImpl.invoke(NativeMethodAccessorImpl.java:62)
	java.base/jdk.internal.reflect.DelegatingMethodAccessorImpl.invoke(DelegatingMethodAccessorImpl.java:43)
	java.base/java.lang.reflect.Method.invoke(Method.java:566)
	org.junit.internal.runners.TestMethod.invoke(TestMethod.java:68)
	org.powermock.modules.junit4.internal.impl.PowerMockJUnit44RunnerDelegateImpl$PowerMockJUnit44MethodRunner.runTestMethod(PowerMockJUnit44RunnerDelegateImpl.java:326)
	org.junit.internal.runners.MethodRoadie$2.run(MethodRoadie.java:89)
	org.junit.internal.runners.MethodRoadie.runBeforesThenTestThenAfters(MethodRoadie.java:97)
	org.powermock.modules.junit4.internal.impl.PowerMockJUnit44RunnerDelegateImpl$PowerMockJUnit44MethodRunner.executeTest(PowerMockJUnit44RunnerDelegateImpl.java:310)
	org.powermock.modules.junit4.internal.impl.PowerMockJUnit47RunnerDelegateImpl$PowerMockJUnit47MethodRunner.executeTestInSuper(PowerMockJUnit47RunnerDelegateImpl.java:131)
	org.powermock.modules.junit4.internal.impl.PowerMockJUnit47RunnerDelegateImpl$PowerMockJUnit47MethodRunner.access$100(PowerMockJUnit47RunnerDelegateImpl.java:59)
	org.powermock.modules.junit4.internal.impl.PowerMockJUnit47RunnerDelegateImpl$PowerMockJUnit47MethodRunner$TestExecutorStatement.evaluate(PowerMockJUnit47RunnerDelegateImpl.java:147)
	org.powermock.modules.junit4.internal.impl.PowerMockJUnit47RunnerDelegateImpl$PowerMockJUnit47MethodRunner.evaluateStatement(PowerMockJUnit47RunnerDelegateImpl.java:107)
	org.powermock.modules.junit4.internal.impl.PowerMockJUnit47RunnerDelegateImpl$PowerMockJUnit47MethodRunner.executeTest(PowerMockJUnit47RunnerDelegateImpl.java:82)
	org.powermock.modules.junit4.internal.impl.PowerMockJUnit44RunnerDelegateImpl$PowerMockJUnit44MethodRunner.runBeforesThenTestThenAfters(PowerMockJUnit44RunnerDelegateImpl.java:298)
	org.junit.internal.runners.MethodRoadie.runTest(MethodRoadie.java:87)
	org.junit.internal.runners.MethodRoadie.run(MethodRoadie.java:50)
	org.powermock.modules.junit4.internal.impl.PowerMockJUnit44RunnerDelegateImpl.invokeTestMethod(PowerMockJUnit44RunnerDelegateImpl.java:218)
	org.powermock.modules.junit4.internal.impl.PowerMockJUnit44RunnerDelegateImpl.runMethods(PowerMockJUnit44RunnerDelegateImpl.java:160)
	org.powermock.modules.junit4.internal.impl.PowerMockJUnit44RunnerDelegateImpl$1.run(PowerMockJUnit44RunnerDelegateImpl.java:134)
	org.junit.internal.runners.ClassRoadie.runUnprotected(ClassRoadie.java:34)
	org.junit.internal.runners.ClassRoadie.runProtected(ClassRoadie.java:44)
	org.powermock.modules.junit4.internal.impl.PowerMockJUnit44RunnerDelegateImpl.run(PowerMockJUnit44RunnerDelegateImpl.java:136)
	org.powermock.modules.junit4.common.internal.impl.JUnit4TestSuiteChunkerImpl.run(JUnit4TestSuiteChunkerImpl.java:117)
	org.powermock.modules.junit4.common.internal.impl.AbstractCommonPowerMockRunner.run(AbstractCommonPowerMockRunner.java:57)
	org.powermock.modules.junit4.PowerMockRunner.run(PowerMockRunner.java:59)
	org.apache.maven.surefire.junit4.JUnit4Provider.execute(JUnit4Provider.java:365)
	org.apache.maven.surefire.junit4.JUnit4Provider.executeWithRerun(JUnit4Provider.java:290)
	org.apache.maven.surefire.junit4.JUnit4Provider.executeTestSet(JUnit4Provider.java:238)
	org.apache.maven.surefire.junit4.JUnit4Provider.invoke(JUnit4Provider.java:159)
	org.apache.maven.surefire.booter.ForkedBooter.invokeProviderInSameClassLoader(ForkedBooter.java:379)
	org.apache.maven.surefire.booter.ForkedBooter.runSuitesInProcess(ForkedBooter.java:340)
	org.apache.maven.surefire.booter.ForkedBooter.execute(ForkedBooter.java:125)
	org.apache.maven.surefire.booter.ForkedBooter.main(ForkedBooter.java:413)
: 8 leak records were discarded because they were duplicates
: 194 leak records were discarded because the leak record count is targeted to 4. Use system property io.netty.leakDetection.targetRecords to increase the limit.
]]></system-out>
    </rerunError>
    <rerunError message="Could not initialize class javax.naming.spi.NamingManager" type="java.lang.NoClassDefFoundError">java.lang.NoClassDefFoundError: Could not initialize class javax.naming.spi.NamingManager
	at org.apache.bookkeeper.bookie.BookieJournalTest.testJournalScanIOException(BookieJournalTest.java:832)

      <system-out><![CDATA[2020-08-10 23:35:56,111 - INFO  - [main:JournalChannel@157] - Opening journal /tmp/bookie14357616241019624405journal/current/173da4d26cf.txn
]]></system-out>
    </rerunError>
  </testcase>
</testsuite>