<?xml version="1.0" encoding="UTF-8"?>
<testsuite xmlns:xsi="http://www.w3.org/2001/XMLSchema-instance" xsi:noNamespaceSchemaLocation="https://maven.apache.org/surefire/maven-surefire-plugin/xsd/surefire-test-report.xsd" name="org.apache.bookkeeper.common.util.TestSharedResourceManager" time="0.614" tests="4" errors="0" skipped="0" failures="0">
  <properties>
    <property name="sun.desktop" value="gnome"/>
    <property name="awt.toolkit" value="sun.awt.X11.XToolkit"/>
    <property name="java.specification.version" value="11"/>
    <property name="sun.cpu.isalist" value=""/>
    <property name="sun.jnu.encoding" value="UTF-8"/>
    <property name="java.class.path" value="/home/cecbazinga/Desktop/Deangelis/bookkeeper1/bookkeeper-common/target/test-classes:/home/cecbazinga/Desktop/Deangelis/bookkeeper1/bookkeeper-common/target/classes:/home/cecbazinga/Desktop/Deangelis/bookkeeper1/bookkeeper-stats/target/bookkeeper-stats-api-4.12.0-SNAPSHOT.jar:/home/cecbazinga/Desktop/Deangelis/bookkeeper1/cpu-affinity/target/cpu-affinity-4.12.0-SNAPSHOT.jar:/home/cecbazinga/.m2/repository/com/google/guava/guava/21.0/guava-21.0.jar:/home/cecbazinga/.m2/repository/io/netty/netty-common/4.1.32.Final/netty-common-4.1.32.Final.jar:/home/cecbazinga/.m2/repository/com/fasterxml/jackson/core/jackson-core/2.11.0/jackson-core-2.11.0.jar:/home/cecbazinga/.m2/repository/com/fasterxml/jackson/core/jackson-databind/2.11.0/jackson-databind-2.11.0.jar:/home/cecbazinga/.m2/repository/com/fasterxml/jackson/core/jackson-annotations/2.11.0/jackson-annotations-2.11.0.jar:/home/cecbazinga/.m2/repository/org/jctools/jctools-core/2.1.2/jctools-core-2.1.2.jar:/home/cecbazinga/.m2/repository/com/google/code/findbugs/jsr305/3.0.2/jsr305-3.0.2.jar:/home/cecbazinga/.m2/repository/com/google/errorprone/error_prone_annotations/2.1.2/error_prone_annotations-2.1.2.jar:/home/cecbazinga/.m2/repository/org/apache/commons/commons-lang3/3.6/commons-lang3-3.6.jar:/home/cecbazinga/.m2/repository/org/projectlombok/lombok/1.18.10/lombok-1.18.10.jar:/home/cecbazinga/.m2/repository/com/github/spotbugs/spotbugs-annotations/3.1.8/spotbugs-annotations-3.1.8.jar:/home/cecbazinga/.m2/repository/org/slf4j/slf4j-api/1.7.25/slf4j-api-1.7.25.jar:/home/cecbazinga/.m2/repository/commons-configuration/commons-configuration/1.10/commons-configuration-1.10.jar:/home/cecbazinga/.m2/repository/commons-lang/commons-lang/2.6/commons-lang-2.6.jar:/home/cecbazinga/.m2/repository/commons-logging/commons-logging/1.1.1/commons-logging-1.1.1.jar:/home/cecbazinga/.m2/repository/junit/junit/4.12/junit-4.12.jar:/home/cecbazinga/.m2/repository/org/hamcrest/hamcrest-core/1.3/hamcrest-core-1.3.jar:/home/cecbazinga/.m2/repository/org/hamcrest/hamcrest-all/1.3/hamcrest-all-1.3.jar:/home/cecbazinga/.m2/repository/org/slf4j/slf4j-log4j12/1.7.25/slf4j-log4j12-1.7.25.jar:/home/cecbazinga/.m2/repository/log4j/log4j/1.2.17/log4j-1.2.17.jar:/home/cecbazinga/.m2/repository/org/mockito/mockito-core/3.0.0/mockito-core-3.0.0.jar:/home/cecbazinga/.m2/repository/net/bytebuddy/byte-buddy/1.9.10/byte-buddy-1.9.10.jar:/home/cecbazinga/.m2/repository/net/bytebuddy/byte-buddy-agent/1.9.10/byte-buddy-agent-1.9.10.jar:/home/cecbazinga/.m2/repository/org/objenesis/objenesis/2.6/objenesis-2.6.jar:/home/cecbazinga/.m2/repository/org/powermock/powermock-api-mockito2/2.0.2/powermock-api-mockito2-2.0.2.jar:/home/cecbazinga/.m2/repository/org/powermock/powermock-api-support/2.0.2/powermock-api-support-2.0.2.jar:/home/cecbazinga/.m2/repository/org/powermock/powermock-reflect/2.0.2/powermock-reflect-2.0.2.jar:/home/cecbazinga/.m2/repository/org/powermock/powermock-core/2.0.2/powermock-core-2.0.2.jar:/home/cecbazinga/.m2/repository/org/javassist/javassist/3.24.0-GA/javassist-3.24.0-GA.jar:/home/cecbazinga/.m2/repository/org/powermock/powermock-module-junit4/2.0.2/powermock-module-junit4-2.0.2.jar:/home/cecbazinga/.m2/repository/org/powermock/powermock-module-junit4-common/2.0.2/powermock-module-junit4-common-2.0.2.jar:"/>
    <property name="java.vm.vendor" value="Ubuntu"/>
    <property name="sun.arch.data.model" value="64"/>
    <property name="java.vendor.url" value="https://ubuntu.com/"/>
    <property name="user.timezone" value=""/>
    <property name="io.netty.leakDetection.level" value="paranoid"/>
    <property name="java.vm.specification.version" value="11"/>
    <property name="os.name" value="Linux"/>
    <property name="sun.java.launcher" value="SUN_STANDARD"/>
    <property name="user.country" value="US"/>
    <property name="sun.boot.library.path" value="/usr/lib/jvm/java-11-openjdk-amd64/lib"/>
    <property name="sun.java.command" value="/home/cecbazinga/Desktop/Deangelis/bookkeeper1/bookkeeper-common/target/surefire/surefirebooter1896161613447578121.jar /home/cecbazinga/Desktop/Deangelis/bookkeeper1/bookkeeper-common/target/surefire 2020-08-10T23-15-42_690-jvmRun1 surefire6637544927268378596tmp surefire_183878825189155398105tmp"/>
    <property name="jdk.debug" value="release"/>
    <property name="surefire.test.class.path" value="/home/cecbazinga/Desktop/Deangelis/bookkeeper1/bookkeeper-common/target/test-classes:/home/cecbazinga/Desktop/Deangelis/bookkeeper1/bookkeeper-common/target/classes:/home/cecbazinga/Desktop/Deangelis/bookkeeper1/bookkeeper-stats/target/bookkeeper-stats-api-4.12.0-SNAPSHOT.jar:/home/cecbazinga/Desktop/Deangelis/bookkeeper1/cpu-affinity/target/cpu-affinity-4.12.0-SNAPSHOT.jar:/home/cecbazinga/.m2/repository/com/google/guava/guava/21.0/guava-21.0.jar:/home/cecbazinga/.m2/repository/io/netty/netty-common/4.1.32.Final/netty-common-4.1.32.Final.jar:/home/cecbazinga/.m2/repository/com/fasterxml/jackson/core/jackson-core/2.11.0/jackson-core-2.11.0.jar:/home/cecbazinga/.m2/repository/com/fasterxml/jackson/core/jackson-databind/2.11.0/jackson-databind-2.11.0.jar:/home/cecbazinga/.m2/repository/com/fasterxml/jackson/core/jackson-annotations/2.11.0/jackson-annotations-2.11.0.jar:/home/cecbazinga/.m2/repository/org/jctools/jctools-core/2.1.2/jctools-core-2.1.2.jar:/home/cecbazinga/.m2/repository/com/google/code/findbugs/jsr305/3.0.2/jsr305-3.0.2.jar:/home/cecbazinga/.m2/repository/com/google/errorprone/error_prone_annotations/2.1.2/error_prone_annotations-2.1.2.jar:/home/cecbazinga/.m2/repository/org/apache/commons/commons-lang3/3.6/commons-lang3-3.6.jar:/home/cecbazinga/.m2/repository/org/projectlombok/lombok/1.18.10/lombok-1.18.10.jar:/home/cecbazinga/.m2/repository/com/github/spotbugs/spotbugs-annotations/3.1.8/spotbugs-annotations-3.1.8.jar:/home/cecbazinga/.m2/repository/org/slf4j/slf4j-api/1.7.25/slf4j-api-1.7.25.jar:/home/cecbazinga/.m2/repository/commons-configuration/commons-configuration/1.10/commons-configuration-1.10.jar:/home/cecbazinga/.m2/repository/commons-lang/commons-lang/2.6/commons-lang-2.6.jar:/home/cecbazinga/.m2/repository/commons-logging/commons-logging/1.1.1/commons-logging-1.1.1.jar:/home/cecbazinga/.m2/repository/junit/junit/4.12/junit-4.12.jar:/home/cecbazinga/.m2/repository/org/hamcrest/hamcrest-core/1.3/hamcrest-core-1.3.jar:/home/cecbazinga/.m2/repository/org/hamcrest/hamcrest-all/1.3/hamcrest-all-1.3.jar:/home/cecbazinga/.m2/repository/org/slf4j/slf4j-log4j12/1.7.25/slf4j-log4j12-1.7.25.jar:/home/cecbazinga/.m2/repository/log4j/log4j/1.2.17/log4j-1.2.17.jar:/home/cecbazinga/.m2/repository/org/mockito/mockito-core/3.0.0/mockito-core-3.0.0.jar:/home/cecbazinga/.m2/repository/net/bytebuddy/byte-buddy/1.9.10/byte-buddy-1.9.10.jar:/home/cecbazinga/.m2/repository/net/bytebuddy/byte-buddy-agent/1.9.10/byte-buddy-agent-1.9.10.jar:/home/cecbazinga/.m2/repository/org/objenesis/objenesis/2.6/objenesis-2.6.jar:/home/cecbazinga/.m2/repository/org/powermock/powermock-api-mockito2/2.0.2/powermock-api-mockito2-2.0.2.jar:/home/cecbazinga/.m2/repository/org/powermock/powermock-api-support/2.0.2/powermock-api-support-2.0.2.jar:/home/cecbazinga/.m2/repository/org/powermock/powermock-reflect/2.0.2/powermock-reflect-2.0.2.jar:/home/cecbazinga/.m2/repository/org/powermock/powermock-core/2.0.2/powermock-core-2.0.2.jar:/home/cecbazinga/.m2/repository/org/javassist/javassist/3.24.0-GA/javassist-3.24.0-GA.jar:/home/cecbazinga/.m2/repository/org/powermock/powermock-module-junit4/2.0.2/powermock-module-junit4-2.0.2.jar:/home/cecbazinga/.m2/repository/org/powermock/powermock-module-junit4-common/2.0.2/powermock-module-junit4-common-2.0.2.jar:"/>
    <property name="sun.cpu.endian" value="little"/>
    <property name="user.home" value="/home/cecbazinga"/>
    <property name="user.language" value="en"/>
    <property name="java.specification.vendor" value="Oracle Corporation"/>
    <property name="java.version.date" value="2020-07-14"/>
    <property name="java.home" value="/usr/lib/jvm/java-11-openjdk-amd64"/>
    <property name="file.separator" value="/"/>
    <property name="basedir" value="/home/cecbazinga/Desktop/Deangelis/bookkeeper1/bookkeeper-common"/>
    <property name="java.vm.compressedOopsMode" value="32-bit"/>
    <property name="line.separator" value="&#10;"/>
    <property name="java.specification.name" value="Java Platform API Specification"/>
    <property name="java.vm.specification.vendor" value="Oracle Corporation"/>
    <property name="java.awt.graphicsenv" value="sun.awt.X11GraphicsEnvironment"/>
    <property name="surefire.real.class.path" value="/home/cecbazinga/Desktop/Deangelis/bookkeeper1/bookkeeper-common/target/surefire/surefirebooter1896161613447578121.jar"/>
    <property name="sun.management.compiler" value="HotSpot 64-Bit Tiered Compilers"/>
    <property name="java.runtime.version" value="11.0.8+10-post-Ubuntu-0ubuntu118.04.1"/>
    <property name="user.name" value="cecbazinga"/>
    <property name="java.net.preferIPv4Stack" value="true"/>
    <property name="path.separator" value=":"/>
    <property name="os.version" value="4.15.0-112-generic"/>
    <property name="java.runtime.name" value="OpenJDK Runtime Environment"/>
    <property name="file.encoding" value="UTF-8"/>
    <property name="java.vm.name" value="OpenJDK 64-Bit Server VM"/>
    <property name="localRepository" value="/home/cecbazinga/.m2/repository"/>
    <property name="java.vendor.url.bug" value="https://bugs.launchpad.net/ubuntu/+source/openjdk-lts"/>
    <property name="java.io.tmpdir" value="/tmp"/>
    <property name="idea.version" value="2020.2"/>
    <property name="java.version" value="11.0.8"/>
    <property name="user.dir" value="/home/cecbazinga/Desktop/Deangelis/bookkeeper1/bookkeeper-common"/>
    <property name="os.arch" value="amd64"/>
    <property name="java.vm.specification.name" value="Java Virtual Machine Specification"/>
    <property name="java.awt.printerjob" value="sun.print.PSPrinterJob"/>
    <property name="sun.os.patch.level" value="unknown"/>
    <property name="java.library.path" value="/usr/java/packages/lib:/usr/lib/x86_64-linux-gnu/jni:/lib/x86_64-linux-gnu:/usr/lib/x86_64-linux-gnu:/usr/lib/jni:/lib:/usr/lib"/>
    <property name="java.vm.info" value="mixed mode, sharing"/>
    <property name="java.vendor" value="Ubuntu"/>
    <property name="java.vm.version" value="11.0.8+10-post-Ubuntu-0ubuntu118.04.1"/>
    <property name="sun.io.unicode.encoding" value="UnicodeLittle"/>
    <property name="java.class.version" value="55.0"/>
  </properties>
  <testcase name="overreleaseInstance" classname="org.apache.bookkeeper.common.util.TestSharedResourceManager" time="0.557"/>
  <testcase name="releaseWrongInstance" classname="org.apache.bookkeeper.common.util.TestSharedResourceManager" time="0.001"/>
  <testcase name="cancelDestroyTask" classname="org.apache.bookkeeper.common.util.TestSharedResourceManager" time="0.002"/>
  <testcase name="destroyResourceWhenRefCountReachesZero" classname="org.apache.bookkeeper.common.util.TestSharedResourceManager" time="0.001"/>
</testsuite>