<?xml version="1.0" encoding="UTF-8" ?>
<testsuite tests="4" failures="0" name="com.scurrilous.circe.impl.AbstractStatelessIntHashTest" time="0.558" errors="0" skipped="0">
  <properties>
    <property name="java.runtime.name" value="OpenJDK Runtime Environment"/>
    <property name="java.vm.version" value="11.0.8+10-post-Ubuntu-0ubuntu118.04.1"/>
    <property name="sun.boot.library.path" value="/usr/lib/jvm/java-11-openjdk-amd64/lib"/>
    <property name="java.vm.vendor" value="Ubuntu"/>
    <property name="java.vendor.url" value="https://ubuntu.com/"/>
    <property name="path.separator" value=":"/>
    <property name="java.vm.name" value="OpenJDK 64-Bit Server VM"/>
    <property name="sun.os.patch.level" value="unknown"/>
    <property name="user.country" value="US"/>
    <property name="sun.java.launcher" value="SUN_STANDARD"/>
    <property name="java.vm.specification.name" value="Java Virtual Machine Specification"/>
    <property name="user.dir" value="/home/cecbazinga/Desktop/Deangelis/bookkeeper1/circe-checksum"/>
    <property name="java.vm.compressedOopsMode" value="Zero based"/>
    <property name="java.runtime.version" value="11.0.8+10-post-Ubuntu-0ubuntu118.04.1"/>
    <property name="java.awt.graphicsenv" value="sun.awt.X11GraphicsEnvironment"/>
    <property name="basedir" value="/home/cecbazinga/Desktop/Deangelis/bookkeeper1/circe-checksum"/>
    <property name="os.arch" value="amd64"/>
    <property name="java.io.tmpdir" value="/tmp"/>
    <property name="line.separator" value="
"/>
    <property name="java.vm.specification.vendor" value="Oracle Corporation"/>
    <property name="os.name" value="Linux"/>
    <property name="sun.jnu.encoding" value="UTF-8"/>
    <property name="java.library.path" value="/home/cecbazinga/Desktop/Deangelis/bookkeeper1/circe-checksum/target/nar/circe-checksum-4.12.0-SNAPSHOT-amd64-Linux-gpp-jni/lib/amd64-Linux-gpp/jni:/usr/java/packages/lib:/usr/lib/x86_64-linux-gnu/jni:/lib/x86_64-linux-gnu:/usr/lib/x86_64-linux-gnu:/usr/lib/jni:/lib:/usr/lib"/>
    <property name="jdk.debug" value="release"/>
    <property name="java.class.version" value="55.0"/>
    <property name="java.specification.name" value="Java Platform API Specification"/>
    <property name="sun.management.compiler" value="HotSpot 64-Bit Tiered Compilers"/>
    <property name="os.version" value="4.15.0-112-generic"/>
    <property name="user.home" value="/home/cecbazinga"/>
    <property name="user.timezone" value=""/>
    <property name="java.awt.printerjob" value="sun.print.PSPrinterJob"/>
    <property name="file.encoding" value="UTF-8"/>
    <property name="java.specification.version" value="11"/>
    <property name="user.name" value="cecbazinga"/>
    <property name="java.class.path" value="/tmp/surefirebooter4462831460005432019.jar"/>
    <property name="java.vm.specification.version" value="11"/>
    <property name="sun.arch.data.model" value="64"/>
    <property name="sun.java.command" value="/tmp/surefirebooter4462831460005432019.jar /tmp/surefire1194021985039519841tmp /tmp/surefire6357633163392563126tmp"/>
    <property name="java.home" value="/usr/lib/jvm/java-11-openjdk-amd64"/>
    <property name="user.language" value="en"/>
    <property name="java.specification.vendor" value="Oracle Corporation"/>
    <property name="awt.toolkit" value="sun.awt.X11.XToolkit"/>
    <property name="java.vm.info" value="mixed mode, sharing"/>
    <property name="java.version" value="11.0.8"/>
    <property name="java.vendor" value="Ubuntu"/>
    <property name="localRepository" value="/home/cecbazinga/.m2/repository"/>
    <property name="file.separator" value="/"/>
    <property name="java.version.date" value="2020-07-14"/>
    <property name="java.vendor.url.bug" value="https://bugs.launchpad.net/ubuntu/+source/openjdk-lts"/>
    <property name="sun.io.unicode.encoding" value="UnicodeLittle"/>
    <property name="sun.cpu.endian" value="little"/>
    <property name="sun.desktop" value="gnome"/>
    <property name="sun.cpu.isalist" value=""/>
  </properties>
  <testcase classname="com.scurrilous.circe.impl.AbstractStatelessIntHashTest" name="testCalculateReadOnlyByteBuffer" time="0.471"/>
  <testcase classname="com.scurrilous.circe.impl.AbstractStatelessIntHashTest" name="testCalculateByteArray" time="0.002"/>
  <testcase classname="com.scurrilous.circe.impl.AbstractStatelessIntHashTest" name="testCalculateByteBuffer" time="0.001"/>
  <testcase classname="com.scurrilous.circe.impl.AbstractStatelessIntHashTest" name="testCalculateByteArrayIntInt" time="0.001"/>
</testsuite>